#
# A fatal error has been detected by the Java Runtime Environment:
#
#  EXCEPTION_ACCESS_VIOLATION (0xc0000005) at pc=0x000000006ee76520, pid=15120, tid=14312
#
# JRE version: Java(TM) SE Runtime Environment 18.9 (11.0.11+9) (build 11.0.11+9-LTS-194)
# Java VM: Java HotSpot(TM) 64-Bit Server VM 18.9 (11.0.11+9-LTS-194, mixed mode, tiered, compressed oops, g1 gc, windows-amd64)
# Problematic frame:
# C  0x000000006ee76520
#
# No core dump will be written. Minidumps are not enabled by default on client versions of Windows
#
# If you would like to submit a bug report, please visit:
#   https://bugreport.java.com/bugreport/crash.jsp
# The crash happened outside the Java Virtual Machine in native code.
# See problematic frame for where to report the bug.
#

---------------  S U M M A R Y ------------

Command Line: -javaagent:D:\SoftWare\WorkTool\IDEA\IntelliJ IDEA 2020.3.2\lib\idea_rt.jar=9068:D:\SoftWare\WorkTool\IDEA\IntelliJ IDEA 2020.3.2\bin -Dfile.encoding=UTF-8 cn.mypro.swing.StartGUIApp

Host: Intel(R) Core(TM) i5-10400 CPU @ 2.90GHz, 12 cores, 31G,  Windows 10 , 64 bit Build 19041 (10.0.19041.1023)
Time: Fri Jul  9 20:01:19 2021 中国标准时间 elapsed time: 169.591976 seconds (0d 0h 2m 49s)

---------------  T H R E A D  ---------------

Current thread (0x00000236dc889800):  JavaThread "AWT-EventQueue-0" [_thread_in_native, id=14312, stack(0x0000005345c00000,0x0000005345d00000)]

Stack: [0x0000005345c00000,0x0000005345d00000],  sp=0x0000005345cee6d0,  free space=953k
Native frames: (J=compiled Java code, j=interpreted, Vv=VM code, C=native code)
C  0x000000006ee76520

Java frames: (J=compiled Java code, j=interpreted, Vv=VM code)
j  com.xuggle.xuggler.XugglerJNI.IContainer_open__SWIG_0(JLcom/xuggle/xuggler/IContainer;Ljava/lang/String;IJLcom/xuggle/xuggler/IContainerFormat;)I+0
j  com.xuggle.xuggler.IContainer.open(Ljava/lang/String;Lcom/xuggle/xuggler/IContainer$Type;Lcom/xuggle/xuggler/IContainerFormat;)I+15
j  cn.mypro.swing.childtab.childview.HVAJapanAVMView$34.actionPerformed(Ljava/awt/event/ActionEvent;)V+81
j  javax.swing.AbstractButton.fireActionPerformed(Ljava/awt/event/ActionEvent;)V+83 java.desktop@11.0.11
j  javax.swing.AbstractButton$Handler.actionPerformed(Ljava/awt/event/ActionEvent;)V+5 java.desktop@11.0.11
j  javax.swing.DefaultButtonModel.fireActionPerformed(Ljava/awt/event/ActionEvent;)V+34 java.desktop@11.0.11
j  javax.swing.DefaultButtonModel.setPressed(Z)V+117 java.desktop@11.0.11
j  javax.swing.plaf.basic.BasicButtonListener.mouseReleased(Ljava/awt/event/MouseEvent;)V+35 java.desktop@11.0.11
J 3456 c1 java.awt.Component.processMouseEvent(Ljava/awt/event/MouseEvent;)V java.desktop@11.0.11 (100 bytes) @ 0x00000236b6052d1c [0x00000236b60528a0+0x000000000000047c]
J 3473 c1 javax.swing.JComponent.processMouseEvent(Ljava/awt/event/MouseEvent;)V java.desktop@11.0.11 (27 bytes) @ 0x00000236b60575f4 [0x00000236b60573e0+0x0000000000000214]
J 3756 c2 java.awt.Container.processEvent(Ljava/awt/AWTEvent;)V java.desktop@11.0.11 (22 bytes) @ 0x00000236bd069f74 [0x00000236bd069e20+0x0000000000000154]
J 4175 c2 java.awt.Component.dispatchEventImpl(Ljava/awt/AWTEvent;)V java.desktop@11.0.11 (777 bytes) @ 0x00000236bd0d2444 [0x00000236bd0d1ba0+0x00000000000008a4]
J 4126 c2 java.awt.Container.dispatchEventImpl(Ljava/awt/AWTEvent;)V java.desktop@11.0.11 (129 bytes) @ 0x00000236bd0c4978 [0x00000236bd0c4280+0x00000000000006f8]
J 4172 c2 java.awt.LightweightDispatcher.retargetMouseEvent(Ljava/awt/Component;ILjava/awt/event/MouseEvent;)V java.desktop@11.0.11 (372 bytes) @ 0x00000236bd0d04c8 [0x00000236bd0d0180+0x0000000000000348]
J 4126 c2 java.awt.Container.dispatchEventImpl(Ljava/awt/AWTEvent;)V java.desktop@11.0.11 (129 bytes) @ 0x00000236bd0c4ec4 [0x00000236bd0c4280+0x0000000000000c44]
J 4129 c2 java.awt.Window.dispatchEventImpl(Ljava/awt/AWTEvent;)V java.desktop@11.0.11 (23 bytes) @ 0x00000236bd0c7330 [0x00000236bd0c72e0+0x0000000000000050]
J 2861 c1 java.awt.EventQueue.dispatchEventImpl(Ljava/awt/AWTEvent;Ljava/lang/Object;)V java.desktop@11.0.11 (136 bytes) @ 0x00000236b5ee108c [0x00000236b5ee0ba0+0x00000000000004ec]
J 2860 c1 java.awt.EventQueue$4.run()Ljava/lang/Void; java.desktop@11.0.11 (60 bytes) @ 0x00000236b5ee04c4 [0x00000236b5ee0380+0x0000000000000144]
J 4330 c1 java.awt.EventQueue$4.run()Ljava/lang/Object; java.desktop@11.0.11 (5 bytes) @ 0x00000236b6264034 [0x00000236b6263fc0+0x0000000000000074]
v  ~StubRoutines::call_stub
J 2225  java.security.AccessController.doPrivileged(Ljava/security/PrivilegedAction;Ljava/security/AccessControlContext;)Ljava/lang/Object; java.base@11.0.11 (0 bytes) @ 0x00000236bcf34c36 [0x00000236bcf34bc0+0x0000000000000076]
J 3475 c2 java.awt.EventQueue$5.run()Ljava/lang/Object; java.desktop@11.0.11 (5 bytes) @ 0x00000236bd005360 [0x00000236bd004f80+0x00000000000003e0]
v  ~StubRoutines::call_stub
J 2225  java.security.AccessController.doPrivileged(Ljava/security/PrivilegedAction;Ljava/security/AccessControlContext;)Ljava/lang/Object; java.base@11.0.11 (0 bytes) @ 0x00000236bcf34c36 [0x00000236bcf34bc0+0x0000000000000076]
J 3308 c2 java.awt.EventQueue.dispatchEvent(Ljava/awt/AWTEvent;)V java.desktop@11.0.11 (80 bytes) @ 0x00000236bcfc152c [0x00000236bcfc0fe0+0x000000000000054c]
J 4072 c2 java.awt.EventDispatchThread.pumpOneEventForFilters(I)V java.desktop@11.0.11 (113 bytes) @ 0x00000236bd0ba460 [0x00000236bd0ba000+0x0000000000000460]
j  java.awt.EventDispatchThread.pumpEventsForFilter(ILjava/awt/Conditional;Ljava/awt/EventFilter;)V+35 java.desktop@11.0.11
j  java.awt.EventDispatchThread.pumpEventsForFilter(Ljava/awt/Conditional;Ljava/awt/EventFilter;)V+4 java.desktop@11.0.11
j  java.awt.WaitDispatchSupport$2.run()V+59 java.desktop@11.0.11
j  java.awt.WaitDispatchSupport$4.run()Ljava/lang/Void;+4 java.desktop@11.0.11
j  java.awt.WaitDispatchSupport$4.run()Ljava/lang/Object;+1 java.desktop@11.0.11
v  ~StubRoutines::call_stub
J 747  java.security.AccessController.doPrivileged(Ljava/security/PrivilegedAction;)Ljava/lang/Object; java.base@11.0.11 (0 bytes) @ 0x00000236bcea7a22 [0x00000236bcea79c0+0x0000000000000062]
j  java.awt.WaitDispatchSupport.enter()Z+260 java.desktop@11.0.11
j  java.awt.Dialog.show()V+224 java.desktop@11.0.11
j  java.awt.Component.show(Z)V+5 java.desktop@11.0.11
j  java.awt.Component.setVisible(Z)V+2 java.desktop@11.0.11
j  java.awt.Window.setVisible(Z)V+2 java.desktop@11.0.11
j  java.awt.Dialog.setVisible(Z)V+2 java.desktop@11.0.11
j  cn.mypro.swing.childtab.childview.HVAJapanAVMView.showSourcesAddDialog()V+930
j  cn.mypro.swing.childtab.childview.HVAJapanAVMView$30.actionPerformed(Ljava/awt/event/ActionEvent;)V+4
j  javax.swing.AbstractButton.fireActionPerformed(Ljava/awt/event/ActionEvent;)V+83 java.desktop@11.0.11
j  javax.swing.AbstractButton$Handler.actionPerformed(Ljava/awt/event/ActionEvent;)V+5 java.desktop@11.0.11
j  javax.swing.DefaultButtonModel.fireActionPerformed(Ljava/awt/event/ActionEvent;)V+34 java.desktop@11.0.11
j  javax.swing.DefaultButtonModel.setPressed(Z)V+117 java.desktop@11.0.11
j  javax.swing.plaf.basic.BasicButtonListener.mouseReleased(Ljava/awt/event/MouseEvent;)V+35 java.desktop@11.0.11
J 3456 c1 java.awt.Component.processMouseEvent(Ljava/awt/event/MouseEvent;)V java.desktop@11.0.11 (100 bytes) @ 0x00000236b6052d1c [0x00000236b60528a0+0x000000000000047c]
J 3473 c1 javax.swing.JComponent.processMouseEvent(Ljava/awt/event/MouseEvent;)V java.desktop@11.0.11 (27 bytes) @ 0x00000236b60575f4 [0x00000236b60573e0+0x0000000000000214]
J 3756 c2 java.awt.Container.processEvent(Ljava/awt/AWTEvent;)V java.desktop@11.0.11 (22 bytes) @ 0x00000236bd069f74 [0x00000236bd069e20+0x0000000000000154]
J 4175 c2 java.awt.Component.dispatchEventImpl(Ljava/awt/AWTEvent;)V java.desktop@11.0.11 (777 bytes) @ 0x00000236bd0d2444 [0x00000236bd0d1ba0+0x00000000000008a4]
J 4126 c2 java.awt.Container.dispatchEventImpl(Ljava/awt/AWTEvent;)V java.desktop@11.0.11 (129 bytes) @ 0x00000236bd0c4978 [0x00000236bd0c4280+0x00000000000006f8]
J 4172 c2 java.awt.LightweightDispatcher.retargetMouseEvent(Ljava/awt/Component;ILjava/awt/event/MouseEvent;)V java.desktop@11.0.11 (372 bytes) @ 0x00000236bd0d04c8 [0x00000236bd0d0180+0x0000000000000348]
J 4126 c2 java.awt.Container.dispatchEventImpl(Ljava/awt/AWTEvent;)V java.desktop@11.0.11 (129 bytes) @ 0x00000236bd0c4ec4 [0x00000236bd0c4280+0x0000000000000c44]
J 4129 c2 java.awt.Window.dispatchEventImpl(Ljava/awt/AWTEvent;)V java.desktop@11.0.11 (23 bytes) @ 0x00000236bd0c7330 [0x00000236bd0c72e0+0x0000000000000050]
J 2861 c1 java.awt.EventQueue.dispatchEventImpl(Ljava/awt/AWTEvent;Ljava/lang/Object;)V java.desktop@11.0.11 (136 bytes) @ 0x00000236b5ee108c [0x00000236b5ee0ba0+0x00000000000004ec]
J 2860 c1 java.awt.EventQueue$4.run()Ljava/lang/Void; java.desktop@11.0.11 (60 bytes) @ 0x00000236b5ee04c4 [0x00000236b5ee0380+0x0000000000000144]
J 4330 c1 java.awt.EventQueue$4.run()Ljava/lang/Object; java.desktop@11.0.11 (5 bytes) @ 0x00000236b6264034 [0x00000236b6263fc0+0x0000000000000074]
v  ~StubRoutines::call_stub
J 2225  java.security.AccessController.doPrivileged(Ljava/security/PrivilegedAction;Ljava/security/AccessControlContext;)Ljava/lang/Object; java.base@11.0.11 (0 bytes) @ 0x00000236bcf34c36 [0x00000236bcf34bc0+0x0000000000000076]
J 3475 c2 java.awt.EventQueue$5.run()Ljava/lang/Object; java.desktop@11.0.11 (5 bytes) @ 0x00000236bd005360 [0x00000236bd004f80+0x00000000000003e0]
v  ~StubRoutines::call_stub
J 2225  java.security.AccessController.doPrivileged(Ljava/security/PrivilegedAction;Ljava/security/AccessControlContext;)Ljava/lang/Object; java.base@11.0.11 (0 bytes) @ 0x00000236bcf34c36 [0x00000236bcf34bc0+0x0000000000000076]
J 3308 c2 java.awt.EventQueue.dispatchEvent(Ljava/awt/AWTEvent;)V java.desktop@11.0.11 (80 bytes) @ 0x00000236bcfc152c [0x00000236bcfc0fe0+0x000000000000054c]
J 4072 c2 java.awt.EventDispatchThread.pumpOneEventForFilters(I)V java.desktop@11.0.11 (113 bytes) @ 0x00000236bd0ba460 [0x00000236bd0ba000+0x0000000000000460]
j  java.awt.EventDispatchThread.pumpEventsForFilter(ILjava/awt/Conditional;Ljava/awt/EventFilter;)V+35 java.desktop@11.0.11
j  java.awt.EventDispatchThread.pumpEventsForFilter(Ljava/awt/Conditional;Ljava/awt/EventFilter;)V+4 java.desktop@11.0.11
j  java.awt.WaitDispatchSupport$2.run()V+59 java.desktop@11.0.11
j  java.awt.WaitDispatchSupport$4.run()Ljava/lang/Void;+4 java.desktop@11.0.11
j  java.awt.WaitDispatchSupport$4.run()Ljava/lang/Object;+1 java.desktop@11.0.11
v  ~StubRoutines::call_stub
J 747  java.security.AccessController.doPrivileged(Ljava/security/PrivilegedAction;)Ljava/lang/Object; java.base@11.0.11 (0 bytes) @ 0x00000236bcea7a22 [0x00000236bcea79c0+0x0000000000000062]
j  java.awt.WaitDispatchSupport.enter()Z+260 java.desktop@11.0.11
j  java.awt.Dialog.show()V+224 java.desktop@11.0.11
j  java.awt.Component.show(Z)V+5 java.desktop@11.0.11
j  java.awt.Component.setVisible(Z)V+2 java.desktop@11.0.11
j  java.awt.Window.setVisible(Z)V+2 java.desktop@11.0.11
j  java.awt.Dialog.setVisible(Z)V+2 java.desktop@11.0.11
j  cn.mypro.swing.childtab.childview.HVAJapanAVMView.showSourcesDialog()V+375
j  cn.mypro.swing.childtab.childview.HVAJapanAVMView$15.actionPerformed(Ljava/awt/event/ActionEvent;)V+4
j  javax.swing.AbstractButton.fireActionPerformed(Ljava/awt/event/ActionEvent;)V+83 java.desktop@11.0.11
j  javax.swing.AbstractButton$Handler.actionPerformed(Ljava/awt/event/ActionEvent;)V+5 java.desktop@11.0.11
j  javax.swing.DefaultButtonModel.fireActionPerformed(Ljava/awt/event/ActionEvent;)V+34 java.desktop@11.0.11
j  javax.swing.DefaultButtonModel.setPressed(Z)V+117 java.desktop@11.0.11
j  javax.swing.plaf.basic.BasicButtonListener.mouseReleased(Ljava/awt/event/MouseEvent;)V+35 java.desktop@11.0.11
J 3456 c1 java.awt.Component.processMouseEvent(Ljava/awt/event/MouseEvent;)V java.desktop@11.0.11 (100 bytes) @ 0x00000236b6052d1c [0x00000236b60528a0+0x000000000000047c]
J 3473 c1 javax.swing.JComponent.processMouseEvent(Ljava/awt/event/MouseEvent;)V java.desktop@11.0.11 (27 bytes) @ 0x00000236b60575f4 [0x00000236b60573e0+0x0000000000000214]
J 3756 c2 java.awt.Container.processEvent(Ljava/awt/AWTEvent;)V java.desktop@11.0.11 (22 bytes) @ 0x00000236bd069f74 [0x00000236bd069e20+0x0000000000000154]
J 4175 c2 java.awt.Component.dispatchEventImpl(Ljava/awt/AWTEvent;)V java.desktop@11.0.11 (777 bytes) @ 0x00000236bd0d2444 [0x00000236bd0d1ba0+0x00000000000008a4]
J 4126 c2 java.awt.Container.dispatchEventImpl(Ljava/awt/AWTEvent;)V java.desktop@11.0.11 (129 bytes) @ 0x00000236bd0c4978 [0x00000236bd0c4280+0x00000000000006f8]
J 4172 c2 java.awt.LightweightDispatcher.retargetMouseEvent(Ljava/awt/Component;ILjava/awt/event/MouseEvent;)V java.desktop@11.0.11 (372 bytes) @ 0x00000236bd0d04c8 [0x00000236bd0d0180+0x0000000000000348]
J 4126 c2 java.awt.Container.dispatchEventImpl(Ljava/awt/AWTEvent;)V java.desktop@11.0.11 (129 bytes) @ 0x00000236bd0c4ec4 [0x00000236bd0c4280+0x0000000000000c44]
J 4129 c2 java.awt.Window.dispatchEventImpl(Ljava/awt/AWTEvent;)V java.desktop@11.0.11 (23 bytes) @ 0x00000236bd0c7330 [0x00000236bd0c72e0+0x0000000000000050]
J 2861 c1 java.awt.EventQueue.dispatchEventImpl(Ljava/awt/AWTEvent;Ljava/lang/Object;)V java.desktop@11.0.11 (136 bytes) @ 0x00000236b5ee108c [0x00000236b5ee0ba0+0x00000000000004ec]
J 2860 c1 java.awt.EventQueue$4.run()Ljava/lang/Void; java.desktop@11.0.11 (60 bytes) @ 0x00000236b5ee04c4 [0x00000236b5ee0380+0x0000000000000144]
J 4330 c1 java.awt.EventQueue$4.run()Ljava/lang/Object; java.desktop@11.0.11 (5 bytes) @ 0x00000236b6264034 [0x00000236b6263fc0+0x0000000000000074]
v  ~StubRoutines::call_stub
J 2225  java.security.AccessController.doPrivileged(Ljava/security/PrivilegedAction;Ljava/security/AccessControlContext;)Ljava/lang/Object; java.base@11.0.11 (0 bytes) @ 0x00000236bcf34c36 [0x00000236bcf34bc0+0x0000000000000076]
J 3475 c2 java.awt.EventQueue$5.run()Ljava/lang/Object; java.desktop@11.0.11 (5 bytes) @ 0x00000236bd005360 [0x00000236bd004f80+0x00000000000003e0]
v  ~StubRoutines::call_stub
J 2225  java.security.AccessController.doPrivileged(Ljava/security/PrivilegedAction;Ljava/security/AccessControlContext;)Ljava/lang/Object; java.base@11.0.11 (0 bytes) @ 0x00000236bcf34c36 [0x00000236bcf34bc0+0x0000000000000076]
J 3308 c2 java.awt.EventQueue.dispatchEvent(Ljava/awt/AWTEvent;)V java.desktop@11.0.11 (80 bytes) @ 0x00000236bcfc152c [0x00000236bcfc0fe0+0x000000000000054c]
J 4072 c2 java.awt.EventDispatchThread.pumpOneEventForFilters(I)V java.desktop@11.0.11 (113 bytes) @ 0x00000236bd0ba460 [0x00000236bd0ba000+0x0000000000000460]
j  java.awt.EventDispatchThread.pumpEventsForFilter(ILjava/awt/Conditional;Ljava/awt/EventFilter;)V+35 java.desktop@11.0.11
j  java.awt.EventDispatchThread.pumpEventsForHierarchy(ILjava/awt/Conditional;Ljava/awt/Component;)V+11 java.desktop@11.0.11
j  java.awt.EventDispatchThread.pumpEvents(ILjava/awt/Conditional;)V+4 java.desktop@11.0.11
j  java.awt.EventDispatchThread.pumpEvents(Ljava/awt/Conditional;)V+3 java.desktop@11.0.11
j  java.awt.EventDispatchThread.run()V+9 java.desktop@11.0.11
v  ~StubRoutines::call_stub

siginfo: EXCEPTION_ACCESS_VIOLATION (0xc0000005), reading address 0xffffffffffffffff


Register to memory mapping:

RIP=0x000000006ee76520 points into unknown readable memory: c5 fc 28 51 40 c5 fc 28
RAX=0x00000236e1159c50 points into unknown readable memory: 00 00 00 00 00 00 00 80
RBX=0x00000236eedc6ff0 points into unknown readable memory: 00 00 00 00 00 00 00 00
RCX=0x00000236e1159c50 points into unknown readable memory: 00 00 00 00 00 00 00 80
RDX=0x0000000000000009 is an unknown value
RSP=0x0000005345cee6d0 is pointing into the stack for thread: 0x00000236dc889800
RBP=0x00000236e1159390 points into unknown readable memory: 90 05 64 ee 36 02 00 00
RSI=0x00000236e115ac50 points into unknown readable memory: 09 00 00 00 01 00 00 00
RDI=0x0000000000000004 is an unknown value
R8 =0x000000006ee77580 points into unknown readable memory: e8 bb ff ff ff 48 81 c1
R9 =0x000000006ee76490 points into unknown readable memory: c5 fc 28 01 c5 fc 28 49
R10=0x00000236ee94c210 points into unknown readable memory: 04 00 84 01 c4 00 64 01
R11=0x00000236edea34c0 points into unknown readable memory: 2d f3 b4 bc bb 64 b4 bc
R12=0x00000236edea3cc0 points into unknown readable memory: b8 16 b5 bc 9e a4 b5 bc
R13=0x0000000000000004 is an unknown value
R14=0x0000000000000184 is an unknown value
R15=0x000000006fab8f20 points into unknown readable memory: 88 0f c9 3b b6 c9 96 3c


Registers:
RAX=0x00000236e1159c50, RBX=0x00000236eedc6ff0, RCX=0x00000236e1159c50, RDX=0x0000000000000009
RSP=0x0000005345cee6d0, RBP=0x00000236e1159390, RSI=0x00000236e115ac50, RDI=0x0000000000000004
R8 =0x000000006ee77580, R9 =0x000000006ee76490, R10=0x00000236ee94c210, R11=0x00000236edea34c0
R12=0x00000236edea3cc0, R13=0x0000000000000004, R14=0x0000000000000184, R15=0x000000006fab8f20
RIP=0x000000006ee76520, EFLAGS=0x0000000000010202

Top of Stack: (sp=0x0000005345cee6d0)
0x0000005345cee6d0:   000000006ee76665 000000006ee774c5
0x0000005345cee6e0:   000000006ee77505 000000006ee77545
0x0000005345cee6f0:   000000006ee77585 000000006ee79426
0x0000005345cee700:   000000006fa67a80 00000236e1159c50
0x0000005345cee710:   00000236eedc94b0 000000061f82f430
0x0000005345cee720:   3fe0000000000000 0000000000000000
0x0000005345cee730:   40c7760000000000 0000000000000000
0x0000005345cee740:   3fe0000000000000 0000000000000001
0x0000005345cee750:   00000236eedca4b0 000000006ea45d24
0x0000005345cee760:   3f40624dd2f1a9fc 0000000000000000
0x0000005345cee770:   0000000000000000 0000000000000000
0x0000005345cee780:   00000000c0541959 0000000000000000
0x0000005345cee790:   00000236eedd33b0 000000006fab7320
0x0000005345cee7a0:   0000000000000000 00000236eedc6f50
0x0000005345cee7b0:   0000000000000001 00000236e1159390
0x0000005345cee7c0:   00000236e1159410 0000000000000000 

Instructions: (pc=0x000000006ee76520)
0x000000006ee76500:   c4 e3 5d 0c c0 55 c5 e4 5c c8 c5 e4 58 c0 c5 fc
0x000000006ee76510:   29 01 c5 fc 29 49 20 c3 0f 1f 84 00 00 00 00 00
0x000000006ee76520:   c5 fc 28 51 40 c5 fc 28 59 60 c5 ec 5c fb c5 ec
0x000000006ee76530:   58 d3 c5 c4 57 3d 26 41 84 00 c5 ec c6 df be c5 


Stack slot to memory mapping:
stack at sp + 0 slots: 0x000000006ee76665 points into unknown readable memory: c5 fc 28
stack at sp + 1 slots: 0x000000006ee774c5 points into unknown readable memory: 48 81 c1
stack at sp + 2 slots: 0x000000006ee77505 points into unknown readable memory: 48 81 c1
stack at sp + 3 slots: 0x000000006ee77545 points into unknown readable memory: 48 81 c1
stack at sp + 4 slots: 0x000000006ee77585 points into unknown readable memory: 48 81 c1
stack at sp + 5 slots: 0x000000006ee79426 points into unknown readable memory: 8b 4e
stack at sp + 6 slots: 0x000000006fa67a80 points into unknown readable memory: 47 b1 37 38 89 e0 f8 38
stack at sp + 7 slots: 0x00000236e1159c50 points into unknown readable memory: 00 00 00 00 00 00 00 80


---------------  P R O C E S S  ---------------

Threads class SMR info:
_java_thread_list=0x00000236dc5880c0, length=19, elements={
0x00000236dae5b800, 0x00000236dae7d800, 0x00000236daee9800, 0x00000236daeec000,
0x00000236daeed000, 0x00000236daef2800, 0x00000236daefb800, 0x00000236da539000,
0x00000236db383800, 0x00000236db30a000, 0x00000236db6b9000, 0x00000236db6e9800,
0x00000236dc2b5800, 0x00000236dc843800, 0x00000236dc889800, 0x00000236dcab6000,
0x00000236acef1800, 0x00000236e4b69000, 0x00000236db050000
}

Java Threads: ( => current thread )
  0x00000236dae5b800 JavaThread "Reference Handler" daemon [_thread_blocked, id=7136, stack(0x0000005344a00000,0x0000005344b00000)]
  0x00000236dae7d800 JavaThread "Finalizer" daemon [_thread_blocked, id=11288, stack(0x0000005344b00000,0x0000005344c00000)]
  0x00000236daee9800 JavaThread "Signal Dispatcher" daemon [_thread_blocked, id=9784, stack(0x0000005344c00000,0x0000005344d00000)]
  0x00000236daeec000 JavaThread "Attach Listener" daemon [_thread_blocked, id=10008, stack(0x0000005344d00000,0x0000005344e00000)]
  0x00000236daeed000 JavaThread "C2 CompilerThread0" daemon [_thread_blocked, id=13400, stack(0x0000005344e00000,0x0000005344f00000)]
  0x00000236daef2800 JavaThread "C1 CompilerThread0" daemon [_thread_blocked, id=6240, stack(0x0000005344f00000,0x0000005345000000)]
  0x00000236daefb800 JavaThread "Sweeper thread" daemon [_thread_blocked, id=8136, stack(0x0000005345000000,0x0000005345100000)]
  0x00000236da539000 JavaThread "Common-Cleaner" daemon [_thread_blocked, id=18792, stack(0x0000005345100000,0x0000005345200000)]
  0x00000236db383800 JavaThread "Monitor Ctrl-Break" daemon [_thread_in_native, id=7716, stack(0x0000005345300000,0x0000005345400000)]
  0x00000236db30a000 JavaThread "Service Thread" daemon [_thread_blocked, id=20316, stack(0x0000005345400000,0x0000005345500000)]
  0x00000236db6b9000 JavaThread "Java2D Disposer" daemon [_thread_blocked, id=13696, stack(0x0000005345600000,0x0000005345700000)]
  0x00000236db6e9800 JavaThread "AWT-Windows" daemon [_thread_in_native, id=1692, stack(0x0000005345800000,0x0000005345900000)]
  0x00000236dc2b5800 JavaThread "oracle.jdbc.driver.BlockSource.ThreadedCachingBlockSource.BlockReleaser" daemon [_thread_blocked, id=13888, stack(0x0000005345d00000,0x0000005345e00000)]
  0x00000236dc843800 JavaThread "AWT-Shutdown" [_thread_blocked, id=14184, stack(0x0000005345700000,0x0000005345800000)]
=>0x00000236dc889800 JavaThread "AWT-EventQueue-0" [_thread_in_native, id=14312, stack(0x0000005345c00000,0x0000005345d00000)]
  0x00000236dcab6000 JavaThread "Swing-Shell" daemon [_thread_blocked, id=10432, stack(0x0000005346a00000,0x0000005346b00000)]
  0x00000236acef1800 JavaThread "DestroyJavaVM" [_thread_blocked, id=21016, stack(0x0000005344300000,0x0000005344400000)]
  0x00000236e4b69000 JavaThread "D3D Screen Updater" daemon [_thread_blocked, id=6720, stack(0x0000005346f00000,0x0000005347000000)]
  0x00000236db050000 JavaThread "TimerQueue" daemon [_thread_blocked, id=10196, stack(0x0000005345b00000,0x0000005345c00000)]

Other Threads:
  0x00000236dae5a000 VMThread "VM Thread" [stack: 0x0000005344900000,0x0000005344a00000] [id=10692]
  0x00000236db4da800 WatcherThread [stack: 0x0000005345500000,0x0000005345600000] [id=18140]
  0x00000236acf06800 GCTaskThread "GC Thread#0" [stack: 0x0000005344400000,0x0000005344500000] [id=10096]
  0x00000236e46ff800 GCTaskThread "GC Thread#1" [stack: 0x0000005345f00000,0x0000005346000000] [id=14436]
  0x00000236dcacc800 GCTaskThread "GC Thread#2" [stack: 0x0000005346000000,0x0000005346100000] [id=2792]
  0x00000236dcbad000 GCTaskThread "GC Thread#3" [stack: 0x0000005346100000,0x0000005346200000] [id=15908]
  0x00000236dcbad800 GCTaskThread "GC Thread#4" [stack: 0x0000005346200000,0x0000005346300000] [id=272]
  0x00000236dcbb1000 GCTaskThread "GC Thread#5" [stack: 0x0000005346300000,0x0000005346400000] [id=12516]
  0x00000236dcbb1800 GCTaskThread "GC Thread#6" [stack: 0x0000005346400000,0x0000005346500000] [id=18496]
  0x00000236dc849800 GCTaskThread "GC Thread#7" [stack: 0x0000005346500000,0x0000005346600000] [id=4228]
  0x00000236dc84a000 GCTaskThread "GC Thread#8" [stack: 0x0000005346600000,0x0000005346700000] [id=6856]
  0x00000236dc84b000 GCTaskThread "GC Thread#9" [stack: 0x0000005346700000,0x0000005346800000] [id=14632]
  0x00000236acf85800 ConcurrentGCThread "G1 Main Marker" [stack: 0x0000005344500000,0x0000005344600000] [id=17876]
  0x00000236acf87000 ConcurrentGCThread "G1 Conc#0" [stack: 0x0000005344600000,0x0000005344700000] [id=10756]
  0x00000236dcd03800 ConcurrentGCThread "G1 Conc#1" [stack: 0x0000005346800000,0x0000005346900000] [id=3160]
  0x00000236dc1c5800 ConcurrentGCThread "G1 Conc#2" [stack: 0x0000005346900000,0x0000005346a00000] [id=2716]
  0x00000236da4b1000 ConcurrentGCThread "G1 Refine#0" [stack: 0x0000005344700000,0x0000005344800000] [id=18692]
  0x00000236da4b2000 ConcurrentGCThread "G1 Young RemSet Sampling" [stack: 0x0000005344800000,0x0000005344900000] [id=448]

Threads with active compile tasks:

VM state:not at safepoint (normal execution)

VM Mutex/Monitor currently owned by a thread: None

Heap address: 0x0000000602800000, size: 8152 MB, Compressed Oops mode: Zero based, Oop shift amount: 3
Narrow klass base: 0x0000000800000000, Narrow klass shift: 0
Compressed class space size: 1073741824 Address: 0x0000000800000000

Heap:
 garbage-first heap   total 522240K, used 61269K [0x0000000602800000, 0x0000000800000000)
  region size 2048K, 17 young (34816K), 4 survivors (8192K)
 Metaspace       used 35339K, capacity 36041K, committed 36172K, reserved 1081344K
  class space    used 3948K, capacity 4242K, committed 4352K, reserved 1048576K
Heap Regions: E=young(eden), S=young(survivor), O=old, HS=humongous(starts), HC=humongous(continues), CS=collection set, F=free, A=archive, TAMS=top-at-mark-start (previous, next)
|   0|0x0000000602800000, 0x0000000602a00000, 0x0000000602a00000|100%| O|  |TAMS 0x0000000602a00000, 0x0000000602800000| Untracked 
|   1|0x0000000602a00000, 0x0000000602c00000, 0x0000000602c00000|100%| O|  |TAMS 0x0000000602c00000, 0x0000000602a00000| Untracked 
|   2|0x0000000602c00000, 0x0000000602df9c00, 0x0000000602e00000| 98%| O|  |TAMS 0x0000000602df9c00, 0x0000000602c00000| Untracked 
|   3|0x0000000602e00000, 0x0000000603000000, 0x0000000603000000|100%|HS|  |TAMS 0x0000000603000000, 0x0000000602e00000| Complete 
|   4|0x0000000603000000, 0x0000000603200000, 0x0000000603200000|100%|HC|  |TAMS 0x0000000603200000, 0x0000000603000000| Complete 
|   5|0x0000000603200000, 0x0000000603400000, 0x0000000603400000|100%|HC|  |TAMS 0x0000000603400000, 0x0000000603200000| Complete 
|   6|0x0000000603400000, 0x0000000603600000, 0x0000000603600000|100%|HC|  |TAMS 0x0000000603600000, 0x0000000603400000| Complete 
|   7|0x0000000603600000, 0x0000000603800000, 0x0000000603800000|100%|HS|  |TAMS 0x0000000603600000, 0x0000000603600000| Complete 
|   8|0x0000000603800000, 0x0000000603a00000, 0x0000000603a00000|100%|HS|  |TAMS 0x0000000603800000, 0x0000000603800000| Complete 
|   9|0x0000000603a00000, 0x0000000603c00000, 0x0000000603c00000|100%|HS|  |TAMS 0x0000000603a00000, 0x0000000603a00000| Complete 
|  10|0x0000000603c00000, 0x0000000603e00000, 0x0000000603e00000|100%|HS|  |TAMS 0x0000000603c00000, 0x0000000603c00000| Complete 
|  11|0x0000000603e00000, 0x0000000604000000, 0x0000000604000000|100%|HS|  |TAMS 0x0000000603e00000, 0x0000000603e00000| Complete 
|  12|0x0000000604000000, 0x0000000604200000, 0x0000000604200000|100%|HS|  |TAMS 0x0000000604000000, 0x0000000604000000| Complete 
|  13|0x0000000604200000, 0x0000000604400000, 0x0000000604400000|100%|HS|  |TAMS 0x0000000604200000, 0x0000000604200000| Complete 
|  14|0x0000000604400000, 0x0000000604600000, 0x0000000604600000|100%|HS|  |TAMS 0x0000000604400000, 0x0000000604400000| Complete 
|  15|0x0000000604600000, 0x0000000604600000, 0x0000000604800000|  0%| F|  |TAMS 0x0000000604600000, 0x0000000604600000| Untracked 
|  16|0x0000000604800000, 0x0000000604800000, 0x0000000604a00000|  0%| F|  |TAMS 0x0000000604800000, 0x0000000604800000| Untracked 
|  17|0x0000000604a00000, 0x0000000604a00000, 0x0000000604c00000|  0%| F|  |TAMS 0x0000000604a00000, 0x0000000604a00000| Untracked 
|  18|0x0000000604c00000, 0x0000000604c00000, 0x0000000604e00000|  0%| F|  |TAMS 0x0000000604c00000, 0x0000000604c00000| Untracked 
|  19|0x0000000604e00000, 0x0000000604e00000, 0x0000000605000000|  0%| F|  |TAMS 0x0000000604e00000, 0x0000000604e00000| Untracked 
|  20|0x0000000605000000, 0x0000000605000000, 0x0000000605200000|  0%| F|  |TAMS 0x0000000605000000, 0x0000000605000000| Untracked 
|  21|0x0000000605200000, 0x0000000605200000, 0x0000000605400000|  0%| F|  |TAMS 0x0000000605200000, 0x0000000605200000| Untracked 
|  22|0x0000000605400000, 0x0000000605400000, 0x0000000605600000|  0%| F|  |TAMS 0x0000000605400000, 0x0000000605400000| Untracked 
|  23|0x0000000605600000, 0x0000000605600000, 0x0000000605800000|  0%| F|  |TAMS 0x0000000605600000, 0x0000000605600000| Untracked 
|  24|0x0000000605800000, 0x0000000605800000, 0x0000000605a00000|  0%| F|  |TAMS 0x0000000605800000, 0x0000000605800000| Untracked 
|  25|0x0000000605a00000, 0x0000000605a00000, 0x0000000605c00000|  0%| F|  |TAMS 0x0000000605a00000, 0x0000000605a00000| Untracked 
|  26|0x0000000605c00000, 0x0000000605c00000, 0x0000000605e00000|  0%| F|  |TAMS 0x0000000605c00000, 0x0000000605c00000| Untracked 
|  27|0x0000000605e00000, 0x0000000605e00000, 0x0000000606000000|  0%| F|  |TAMS 0x0000000605e00000, 0x0000000605e00000| Untracked 
|  28|0x0000000606000000, 0x0000000606000000, 0x0000000606200000|  0%| F|  |TAMS 0x0000000606000000, 0x0000000606000000| Untracked 
|  29|0x0000000606200000, 0x0000000606200000, 0x0000000606400000|  0%| F|  |TAMS 0x0000000606200000, 0x0000000606200000| Untracked 
|  30|0x0000000606400000, 0x0000000606400000, 0x0000000606600000|  0%| F|  |TAMS 0x0000000606400000, 0x0000000606400000| Untracked 
|  31|0x0000000606600000, 0x0000000606600000, 0x0000000606800000|  0%| F|  |TAMS 0x0000000606600000, 0x0000000606600000| Untracked 
|  32|0x0000000606800000, 0x0000000606800000, 0x0000000606a00000|  0%| F|  |TAMS 0x0000000606800000, 0x0000000606800000| Untracked 
|  33|0x0000000606a00000, 0x0000000606a00000, 0x0000000606c00000|  0%| F|  |TAMS 0x0000000606a00000, 0x0000000606a00000| Untracked 
|  34|0x0000000606c00000, 0x0000000606c00000, 0x0000000606e00000|  0%| F|  |TAMS 0x0000000606c00000, 0x0000000606c00000| Untracked 
|  35|0x0000000606e00000, 0x0000000606e00000, 0x0000000607000000|  0%| F|  |TAMS 0x0000000606e00000, 0x0000000606e00000| Untracked 
|  36|0x0000000607000000, 0x0000000607000000, 0x0000000607200000|  0%| F|  |TAMS 0x0000000607000000, 0x0000000607000000| Untracked 
|  37|0x0000000607200000, 0x0000000607200000, 0x0000000607400000|  0%| F|  |TAMS 0x0000000607200000, 0x0000000607200000| Untracked 
|  38|0x0000000607400000, 0x0000000607400000, 0x0000000607600000|  0%| F|  |TAMS 0x0000000607400000, 0x0000000607400000| Untracked 
|  39|0x0000000607600000, 0x0000000607600000, 0x0000000607800000|  0%| F|  |TAMS 0x0000000607600000, 0x0000000607600000| Untracked 
|  40|0x0000000607800000, 0x0000000607800000, 0x0000000607a00000|  0%| F|  |TAMS 0x0000000607800000, 0x0000000607800000| Untracked 
|  41|0x0000000607a00000, 0x0000000607a00000, 0x0000000607c00000|  0%| F|  |TAMS 0x0000000607a00000, 0x0000000607a00000| Untracked 
|  42|0x0000000607c00000, 0x0000000607c00000, 0x0000000607e00000|  0%| F|  |TAMS 0x0000000607c00000, 0x0000000607c00000| Untracked 
|  43|0x0000000607e00000, 0x0000000607e00000, 0x0000000608000000|  0%| F|  |TAMS 0x0000000607e00000, 0x0000000607e00000| Untracked 
|  44|0x0000000608000000, 0x0000000608000000, 0x0000000608200000|  0%| F|  |TAMS 0x0000000608000000, 0x0000000608000000| Untracked 
|  45|0x0000000608200000, 0x0000000608200000, 0x0000000608400000|  0%| F|  |TAMS 0x0000000608200000, 0x0000000608200000| Untracked 
|  46|0x0000000608400000, 0x0000000608400000, 0x0000000608600000|  0%| F|  |TAMS 0x0000000608400000, 0x0000000608400000| Untracked 
|  47|0x0000000608600000, 0x0000000608600000, 0x0000000608800000|  0%| F|  |TAMS 0x0000000608600000, 0x0000000608600000| Untracked 
|  48|0x0000000608800000, 0x0000000608800000, 0x0000000608a00000|  0%| F|  |TAMS 0x0000000608800000, 0x0000000608800000| Untracked 
|  49|0x0000000608a00000, 0x0000000608a00000, 0x0000000608c00000|  0%| F|  |TAMS 0x0000000608a00000, 0x0000000608a00000| Untracked 
|  50|0x0000000608c00000, 0x0000000608c00000, 0x0000000608e00000|  0%| F|  |TAMS 0x0000000608c00000, 0x0000000608c00000| Untracked 
|  51|0x0000000608e00000, 0x0000000608e00000, 0x0000000609000000|  0%| F|  |TAMS 0x0000000608e00000, 0x0000000608e00000| Untracked 
|  52|0x0000000609000000, 0x0000000609000000, 0x0000000609200000|  0%| F|  |TAMS 0x0000000609000000, 0x0000000609000000| Untracked 
|  53|0x0000000609200000, 0x0000000609200000, 0x0000000609400000|  0%| F|  |TAMS 0x0000000609200000, 0x0000000609200000| Untracked 
|  54|0x0000000609400000, 0x0000000609400000, 0x0000000609600000|  0%| F|  |TAMS 0x0000000609400000, 0x0000000609400000| Untracked 
|  55|0x0000000609600000, 0x0000000609600000, 0x0000000609800000|  0%| F|  |TAMS 0x0000000609600000, 0x0000000609600000| Untracked 
|  56|0x0000000609800000, 0x0000000609800000, 0x0000000609a00000|  0%| F|  |TAMS 0x0000000609800000, 0x0000000609800000| Untracked 
|  57|0x0000000609a00000, 0x0000000609a00000, 0x0000000609c00000|  0%| F|  |TAMS 0x0000000609a00000, 0x0000000609a00000| Untracked 
|  58|0x0000000609c00000, 0x0000000609c00000, 0x0000000609e00000|  0%| F|  |TAMS 0x0000000609c00000, 0x0000000609c00000| Untracked 
|  59|0x0000000609e00000, 0x0000000609e00000, 0x000000060a000000|  0%| F|  |TAMS 0x0000000609e00000, 0x0000000609e00000| Untracked 
|  60|0x000000060a000000, 0x000000060a000000, 0x000000060a200000|  0%| F|  |TAMS 0x000000060a000000, 0x000000060a000000| Untracked 
|  61|0x000000060a200000, 0x000000060a200000, 0x000000060a400000|  0%| F|  |TAMS 0x000000060a200000, 0x000000060a200000| Untracked 
|  62|0x000000060a400000, 0x000000060a400000, 0x000000060a600000|  0%| F|  |TAMS 0x000000060a400000, 0x000000060a400000| Untracked 
|  63|0x000000060a600000, 0x000000060a600000, 0x000000060a800000|  0%| F|  |TAMS 0x000000060a600000, 0x000000060a600000| Untracked 
|  64|0x000000060a800000, 0x000000060a800000, 0x000000060aa00000|  0%| F|  |TAMS 0x000000060a800000, 0x000000060a800000| Untracked 
|  65|0x000000060aa00000, 0x000000060aa00000, 0x000000060ac00000|  0%| F|  |TAMS 0x000000060aa00000, 0x000000060aa00000| Untracked 
|  66|0x000000060ac00000, 0x000000060ac00000, 0x000000060ae00000|  0%| F|  |TAMS 0x000000060ac00000, 0x000000060ac00000| Untracked 
|  67|0x000000060ae00000, 0x000000060ae00000, 0x000000060b000000|  0%| F|  |TAMS 0x000000060ae00000, 0x000000060ae00000| Untracked 
|  68|0x000000060b000000, 0x000000060b000000, 0x000000060b200000|  0%| F|  |TAMS 0x000000060b000000, 0x000000060b000000| Untracked 
|  69|0x000000060b200000, 0x000000060b200000, 0x000000060b400000|  0%| F|  |TAMS 0x000000060b200000, 0x000000060b200000| Untracked 
|  70|0x000000060b400000, 0x000000060b400000, 0x000000060b600000|  0%| F|  |TAMS 0x000000060b400000, 0x000000060b400000| Untracked 
|  71|0x000000060b600000, 0x000000060b600000, 0x000000060b800000|  0%| F|  |TAMS 0x000000060b600000, 0x000000060b600000| Untracked 
|  72|0x000000060b800000, 0x000000060b800000, 0x000000060ba00000|  0%| F|  |TAMS 0x000000060b800000, 0x000000060b800000| Untracked 
|  73|0x000000060ba00000, 0x000000060ba00000, 0x000000060bc00000|  0%| F|  |TAMS 0x000000060ba00000, 0x000000060ba00000| Untracked 
|  74|0x000000060bc00000, 0x000000060bc00000, 0x000000060be00000|  0%| F|  |TAMS 0x000000060bc00000, 0x000000060bc00000| Untracked 
|  75|0x000000060be00000, 0x000000060be00000, 0x000000060c000000|  0%| F|  |TAMS 0x000000060be00000, 0x000000060be00000| Untracked 
|  76|0x000000060c000000, 0x000000060c000000, 0x000000060c200000|  0%| F|  |TAMS 0x000000060c000000, 0x000000060c000000| Untracked 
|  77|0x000000060c200000, 0x000000060c200000, 0x000000060c400000|  0%| F|  |TAMS 0x000000060c200000, 0x000000060c200000| Untracked 
|  78|0x000000060c400000, 0x000000060c400000, 0x000000060c600000|  0%| F|  |TAMS 0x000000060c400000, 0x000000060c400000| Untracked 
|  79|0x000000060c600000, 0x000000060c600000, 0x000000060c800000|  0%| F|  |TAMS 0x000000060c600000, 0x000000060c600000| Untracked 
|  80|0x000000060c800000, 0x000000060c800000, 0x000000060ca00000|  0%| F|  |TAMS 0x000000060c800000, 0x000000060c800000| Untracked 
|  81|0x000000060ca00000, 0x000000060ca00000, 0x000000060cc00000|  0%| F|  |TAMS 0x000000060ca00000, 0x000000060ca00000| Untracked 
|  82|0x000000060cc00000, 0x000000060cc00000, 0x000000060ce00000|  0%| F|  |TAMS 0x000000060cc00000, 0x000000060cc00000| Untracked 
|  83|0x000000060ce00000, 0x000000060ce00000, 0x000000060d000000|  0%| F|  |TAMS 0x000000060ce00000, 0x000000060ce00000| Untracked 
|  84|0x000000060d000000, 0x000000060d000000, 0x000000060d200000|  0%| F|  |TAMS 0x000000060d000000, 0x000000060d000000| Untracked 
|  85|0x000000060d200000, 0x000000060d200000, 0x000000060d400000|  0%| F|  |TAMS 0x000000060d200000, 0x000000060d200000| Untracked 
|  86|0x000000060d400000, 0x000000060d400000, 0x000000060d600000|  0%| F|  |TAMS 0x000000060d400000, 0x000000060d400000| Untracked 
|  87|0x000000060d600000, 0x000000060d600000, 0x000000060d800000|  0%| F|  |TAMS 0x000000060d600000, 0x000000060d600000| Untracked 
|  88|0x000000060d800000, 0x000000060d800000, 0x000000060da00000|  0%| F|  |TAMS 0x000000060d800000, 0x000000060d800000| Untracked 
|  89|0x000000060da00000, 0x000000060da00000, 0x000000060dc00000|  0%| F|  |TAMS 0x000000060da00000, 0x000000060da00000| Untracked 
|  90|0x000000060dc00000, 0x000000060dc00000, 0x000000060de00000|  0%| F|  |TAMS 0x000000060dc00000, 0x000000060dc00000| Untracked 
|  91|0x000000060de00000, 0x000000060de00000, 0x000000060e000000|  0%| F|  |TAMS 0x000000060de00000, 0x000000060de00000| Untracked 
|  92|0x000000060e000000, 0x000000060e000000, 0x000000060e200000|  0%| F|  |TAMS 0x000000060e000000, 0x000000060e000000| Untracked 
|  93|0x000000060e200000, 0x000000060e200000, 0x000000060e400000|  0%| F|  |TAMS 0x000000060e200000, 0x000000060e200000| Untracked 
|  94|0x000000060e400000, 0x000000060e400000, 0x000000060e600000|  0%| F|  |TAMS 0x000000060e400000, 0x000000060e400000| Untracked 
|  95|0x000000060e600000, 0x000000060e600000, 0x000000060e800000|  0%| F|  |TAMS 0x000000060e600000, 0x000000060e600000| Untracked 
|  96|0x000000060e800000, 0x000000060e800000, 0x000000060ea00000|  0%| F|  |TAMS 0x000000060e800000, 0x000000060e800000| Untracked 
|  97|0x000000060ea00000, 0x000000060ea00000, 0x000000060ec00000|  0%| F|  |TAMS 0x000000060ea00000, 0x000000060ea00000| Untracked 
|  98|0x000000060ec00000, 0x000000060ec00000, 0x000000060ee00000|  0%| F|  |TAMS 0x000000060ec00000, 0x000000060ec00000| Untracked 
|  99|0x000000060ee00000, 0x000000060ee00000, 0x000000060f000000|  0%| F|  |TAMS 0x000000060ee00000, 0x000000060ee00000| Untracked 
| 100|0x000000060f000000, 0x000000060f000000, 0x000000060f200000|  0%| F|  |TAMS 0x000000060f000000, 0x000000060f000000| Untracked 
| 101|0x000000060f200000, 0x000000060f200000, 0x000000060f400000|  0%| F|  |TAMS 0x000000060f200000, 0x000000060f200000| Untracked 
| 102|0x000000060f400000, 0x000000060f400000, 0x000000060f600000|  0%| F|  |TAMS 0x000000060f400000, 0x000000060f400000| Untracked 
| 103|0x000000060f600000, 0x000000060f600000, 0x000000060f800000|  0%| F|  |TAMS 0x000000060f600000, 0x000000060f600000| Untracked 
| 104|0x000000060f800000, 0x000000060f800000, 0x000000060fa00000|  0%| F|  |TAMS 0x000000060f800000, 0x000000060f800000| Untracked 
| 105|0x000000060fa00000, 0x000000060fa00000, 0x000000060fc00000|  0%| F|  |TAMS 0x000000060fa00000, 0x000000060fa00000| Untracked 
| 106|0x000000060fc00000, 0x000000060fc00000, 0x000000060fe00000|  0%| F|  |TAMS 0x000000060fc00000, 0x000000060fc00000| Untracked 
| 107|0x000000060fe00000, 0x000000060fe00000, 0x0000000610000000|  0%| F|  |TAMS 0x000000060fe00000, 0x000000060fe00000| Untracked 
| 108|0x0000000610000000, 0x0000000610000000, 0x0000000610200000|  0%| F|  |TAMS 0x0000000610000000, 0x0000000610000000| Untracked 
| 109|0x0000000610200000, 0x0000000610200000, 0x0000000610400000|  0%| F|  |TAMS 0x0000000610200000, 0x0000000610200000| Untracked 
| 110|0x0000000610400000, 0x0000000610400000, 0x0000000610600000|  0%| F|  |TAMS 0x0000000610400000, 0x0000000610400000| Untracked 
| 111|0x0000000610600000, 0x0000000610600000, 0x0000000610800000|  0%| F|  |TAMS 0x0000000610600000, 0x0000000610600000| Untracked 
| 112|0x0000000610800000, 0x0000000610800000, 0x0000000610a00000|  0%| F|  |TAMS 0x0000000610800000, 0x0000000610800000| Untracked 
| 113|0x0000000610a00000, 0x0000000610a00000, 0x0000000610c00000|  0%| F|  |TAMS 0x0000000610a00000, 0x0000000610a00000| Untracked 
| 114|0x0000000610c00000, 0x0000000610c00000, 0x0000000610e00000|  0%| F|  |TAMS 0x0000000610c00000, 0x0000000610c00000| Untracked 
| 115|0x0000000610e00000, 0x0000000610e00000, 0x0000000611000000|  0%| F|  |TAMS 0x0000000610e00000, 0x0000000610e00000| Untracked 
| 116|0x0000000611000000, 0x0000000611000000, 0x0000000611200000|  0%| F|  |TAMS 0x0000000611000000, 0x0000000611000000| Untracked 
| 117|0x0000000611200000, 0x0000000611200000, 0x0000000611400000|  0%| F|  |TAMS 0x0000000611200000, 0x0000000611200000| Untracked 
| 118|0x0000000611400000, 0x0000000611400000, 0x0000000611600000|  0%| F|  |TAMS 0x0000000611400000, 0x0000000611400000| Untracked 
| 119|0x0000000611600000, 0x0000000611600000, 0x0000000611800000|  0%| F|  |TAMS 0x0000000611600000, 0x0000000611600000| Untracked 
| 120|0x0000000611800000, 0x0000000611800000, 0x0000000611a00000|  0%| F|  |TAMS 0x0000000611800000, 0x0000000611800000| Untracked 
| 121|0x0000000611a00000, 0x0000000611a00000, 0x0000000611c00000|  0%| F|  |TAMS 0x0000000611a00000, 0x0000000611a00000| Untracked 
| 122|0x0000000611c00000, 0x0000000611c00000, 0x0000000611e00000|  0%| F|  |TAMS 0x0000000611c00000, 0x0000000611c00000| Untracked 
| 123|0x0000000611e00000, 0x0000000611e00000, 0x0000000612000000|  0%| F|  |TAMS 0x0000000611e00000, 0x0000000611e00000| Untracked 
| 124|0x0000000612000000, 0x0000000612000000, 0x0000000612200000|  0%| F|  |TAMS 0x0000000612000000, 0x0000000612000000| Untracked 
| 125|0x0000000612200000, 0x0000000612200000, 0x0000000612400000|  0%| F|  |TAMS 0x0000000612200000, 0x0000000612200000| Untracked 
| 126|0x0000000612400000, 0x0000000612400000, 0x0000000612600000|  0%| F|  |TAMS 0x0000000612400000, 0x0000000612400000| Untracked 
| 127|0x0000000612600000, 0x0000000612600000, 0x0000000612800000|  0%| F|  |TAMS 0x0000000612600000, 0x0000000612600000| Untracked 
| 128|0x0000000612800000, 0x0000000612800000, 0x0000000612a00000|  0%| F|  |TAMS 0x0000000612800000, 0x0000000612800000| Untracked 
| 129|0x0000000612a00000, 0x0000000612a00000, 0x0000000612c00000|  0%| F|  |TAMS 0x0000000612a00000, 0x0000000612a00000| Untracked 
| 130|0x0000000612c00000, 0x0000000612c00000, 0x0000000612e00000|  0%| F|  |TAMS 0x0000000612c00000, 0x0000000612c00000| Untracked 
| 131|0x0000000612e00000, 0x0000000612e00000, 0x0000000613000000|  0%| F|  |TAMS 0x0000000612e00000, 0x0000000612e00000| Untracked 
| 132|0x0000000613000000, 0x0000000613000000, 0x0000000613200000|  0%| F|  |TAMS 0x0000000613000000, 0x0000000613000000| Untracked 
| 133|0x0000000613200000, 0x0000000613200000, 0x0000000613400000|  0%| F|  |TAMS 0x0000000613200000, 0x0000000613200000| Untracked 
| 134|0x0000000613400000, 0x0000000613400000, 0x0000000613600000|  0%| F|  |TAMS 0x0000000613400000, 0x0000000613400000| Untracked 
| 135|0x0000000613600000, 0x0000000613600000, 0x0000000613800000|  0%| F|  |TAMS 0x0000000613600000, 0x0000000613600000| Untracked 
| 136|0x0000000613800000, 0x0000000613800000, 0x0000000613a00000|  0%| F|  |TAMS 0x0000000613800000, 0x0000000613800000| Untracked 
| 137|0x0000000613a00000, 0x0000000613a00000, 0x0000000613c00000|  0%| F|  |TAMS 0x0000000613a00000, 0x0000000613a00000| Untracked 
| 138|0x0000000613c00000, 0x0000000613c00000, 0x0000000613e00000|  0%| F|  |TAMS 0x0000000613c00000, 0x0000000613c00000| Untracked 
| 139|0x0000000613e00000, 0x0000000613e00000, 0x0000000614000000|  0%| F|  |TAMS 0x0000000613e00000, 0x0000000613e00000| Untracked 
| 140|0x0000000614000000, 0x0000000614000000, 0x0000000614200000|  0%| F|  |TAMS 0x0000000614000000, 0x0000000614000000| Untracked 
| 141|0x0000000614200000, 0x0000000614200000, 0x0000000614400000|  0%| F|  |TAMS 0x0000000614200000, 0x0000000614200000| Untracked 
| 142|0x0000000614400000, 0x0000000614400000, 0x0000000614600000|  0%| F|  |TAMS 0x0000000614400000, 0x0000000614400000| Untracked 
| 143|0x0000000614600000, 0x0000000614600000, 0x0000000614800000|  0%| F|  |TAMS 0x0000000614600000, 0x0000000614600000| Untracked 
| 144|0x0000000614800000, 0x0000000614800000, 0x0000000614a00000|  0%| F|  |TAMS 0x0000000614800000, 0x0000000614800000| Untracked 
| 145|0x0000000614a00000, 0x0000000614a00000, 0x0000000614c00000|  0%| F|  |TAMS 0x0000000614a00000, 0x0000000614a00000| Untracked 
| 146|0x0000000614c00000, 0x0000000614c00000, 0x0000000614e00000|  0%| F|  |TAMS 0x0000000614c00000, 0x0000000614c00000| Untracked 
| 147|0x0000000614e00000, 0x0000000614e00000, 0x0000000615000000|  0%| F|  |TAMS 0x0000000614e00000, 0x0000000614e00000| Untracked 
| 148|0x0000000615000000, 0x0000000615000000, 0x0000000615200000|  0%| F|  |TAMS 0x0000000615000000, 0x0000000615000000| Untracked 
| 149|0x0000000615200000, 0x0000000615200000, 0x0000000615400000|  0%| F|  |TAMS 0x0000000615200000, 0x0000000615200000| Untracked 
| 150|0x0000000615400000, 0x0000000615400000, 0x0000000615600000|  0%| F|  |TAMS 0x0000000615400000, 0x0000000615400000| Untracked 
| 151|0x0000000615600000, 0x0000000615600000, 0x0000000615800000|  0%| F|  |TAMS 0x0000000615600000, 0x0000000615600000| Untracked 
| 152|0x0000000615800000, 0x0000000615800000, 0x0000000615a00000|  0%| F|  |TAMS 0x0000000615800000, 0x0000000615800000| Untracked 
| 153|0x0000000615a00000, 0x0000000615a00000, 0x0000000615c00000|  0%| F|  |TAMS 0x0000000615a00000, 0x0000000615a00000| Untracked 
| 154|0x0000000615c00000, 0x0000000615c00000, 0x0000000615e00000|  0%| F|  |TAMS 0x0000000615c00000, 0x0000000615c00000| Untracked 
| 155|0x0000000615e00000, 0x0000000615e00000, 0x0000000616000000|  0%| F|  |TAMS 0x0000000615e00000, 0x0000000615e00000| Untracked 
| 156|0x0000000616000000, 0x0000000616000000, 0x0000000616200000|  0%| F|  |TAMS 0x0000000616000000, 0x0000000616000000| Untracked 
| 157|0x0000000616200000, 0x0000000616200000, 0x0000000616400000|  0%| F|  |TAMS 0x0000000616200000, 0x0000000616200000| Untracked 
| 158|0x0000000616400000, 0x0000000616400000, 0x0000000616600000|  0%| F|  |TAMS 0x0000000616400000, 0x0000000616400000| Untracked 
| 159|0x0000000616600000, 0x0000000616600000, 0x0000000616800000|  0%| F|  |TAMS 0x0000000616600000, 0x0000000616600000| Untracked 
| 160|0x0000000616800000, 0x0000000616800000, 0x0000000616a00000|  0%| F|  |TAMS 0x0000000616800000, 0x0000000616800000| Untracked 
| 161|0x0000000616a00000, 0x0000000616a00000, 0x0000000616c00000|  0%| F|  |TAMS 0x0000000616a00000, 0x0000000616a00000| Untracked 
| 162|0x0000000616c00000, 0x0000000616c00000, 0x0000000616e00000|  0%| F|  |TAMS 0x0000000616c00000, 0x0000000616c00000| Untracked 
| 163|0x0000000616e00000, 0x0000000616e00000, 0x0000000617000000|  0%| F|  |TAMS 0x0000000616e00000, 0x0000000616e00000| Untracked 
| 164|0x0000000617000000, 0x0000000617000000, 0x0000000617200000|  0%| F|  |TAMS 0x0000000617000000, 0x0000000617000000| Untracked 
| 165|0x0000000617200000, 0x0000000617200000, 0x0000000617400000|  0%| F|  |TAMS 0x0000000617200000, 0x0000000617200000| Untracked 
| 166|0x0000000617400000, 0x0000000617400000, 0x0000000617600000|  0%| F|  |TAMS 0x0000000617400000, 0x0000000617400000| Untracked 
| 167|0x0000000617600000, 0x0000000617600000, 0x0000000617800000|  0%| F|  |TAMS 0x0000000617600000, 0x0000000617600000| Untracked 
| 168|0x0000000617800000, 0x0000000617800000, 0x0000000617a00000|  0%| F|  |TAMS 0x0000000617800000, 0x0000000617800000| Untracked 
| 169|0x0000000617a00000, 0x0000000617a00000, 0x0000000617c00000|  0%| F|  |TAMS 0x0000000617a00000, 0x0000000617a00000| Untracked 
| 170|0x0000000617c00000, 0x0000000617c00000, 0x0000000617e00000|  0%| F|  |TAMS 0x0000000617c00000, 0x0000000617c00000| Untracked 
| 171|0x0000000617e00000, 0x0000000617e00000, 0x0000000618000000|  0%| F|  |TAMS 0x0000000617e00000, 0x0000000617e00000| Untracked 
| 172|0x0000000618000000, 0x0000000618000000, 0x0000000618200000|  0%| F|  |TAMS 0x0000000618000000, 0x0000000618000000| Untracked 
| 173|0x0000000618200000, 0x0000000618200000, 0x0000000618400000|  0%| F|  |TAMS 0x0000000618200000, 0x0000000618200000| Untracked 
| 174|0x0000000618400000, 0x0000000618400000, 0x0000000618600000|  0%| F|  |TAMS 0x0000000618400000, 0x0000000618400000| Untracked 
| 175|0x0000000618600000, 0x0000000618600000, 0x0000000618800000|  0%| F|  |TAMS 0x0000000618600000, 0x0000000618600000| Untracked 
| 176|0x0000000618800000, 0x0000000618800000, 0x0000000618a00000|  0%| F|  |TAMS 0x0000000618800000, 0x0000000618800000| Untracked 
| 177|0x0000000618a00000, 0x0000000618a00000, 0x0000000618c00000|  0%| F|  |TAMS 0x0000000618a00000, 0x0000000618a00000| Untracked 
| 178|0x0000000618c00000, 0x0000000618c00000, 0x0000000618e00000|  0%| F|  |TAMS 0x0000000618c00000, 0x0000000618c00000| Untracked 
| 179|0x0000000618e00000, 0x0000000618e00000, 0x0000000619000000|  0%| F|  |TAMS 0x0000000618e00000, 0x0000000618e00000| Untracked 
| 180|0x0000000619000000, 0x0000000619000000, 0x0000000619200000|  0%| F|  |TAMS 0x0000000619000000, 0x0000000619000000| Untracked 
| 181|0x0000000619200000, 0x0000000619200000, 0x0000000619400000|  0%| F|  |TAMS 0x0000000619200000, 0x0000000619200000| Untracked 
| 182|0x0000000619400000, 0x0000000619400000, 0x0000000619600000|  0%| F|  |TAMS 0x0000000619400000, 0x0000000619400000| Untracked 
| 183|0x0000000619600000, 0x0000000619600000, 0x0000000619800000|  0%| F|  |TAMS 0x0000000619600000, 0x0000000619600000| Untracked 
| 184|0x0000000619800000, 0x0000000619800000, 0x0000000619a00000|  0%| F|  |TAMS 0x0000000619800000, 0x0000000619800000| Untracked 
| 185|0x0000000619a00000, 0x0000000619a00000, 0x0000000619c00000|  0%| F|  |TAMS 0x0000000619a00000, 0x0000000619a00000| Untracked 
| 186|0x0000000619c00000, 0x0000000619c00000, 0x0000000619e00000|  0%| F|  |TAMS 0x0000000619c00000, 0x0000000619c00000| Untracked 
| 187|0x0000000619e00000, 0x0000000619e00000, 0x000000061a000000|  0%| F|  |TAMS 0x0000000619e00000, 0x0000000619e00000| Untracked 
| 188|0x000000061a000000, 0x000000061a000000, 0x000000061a200000|  0%| F|  |TAMS 0x000000061a000000, 0x000000061a000000| Untracked 
| 189|0x000000061a200000, 0x000000061a200000, 0x000000061a400000|  0%| F|  |TAMS 0x000000061a200000, 0x000000061a200000| Untracked 
| 190|0x000000061a400000, 0x000000061a400000, 0x000000061a600000|  0%| F|  |TAMS 0x000000061a400000, 0x000000061a400000| Untracked 
| 191|0x000000061a600000, 0x000000061a600000, 0x000000061a800000|  0%| F|  |TAMS 0x000000061a600000, 0x000000061a600000| Untracked 
| 192|0x000000061a800000, 0x000000061a800000, 0x000000061aa00000|  0%| F|  |TAMS 0x000000061a800000, 0x000000061a800000| Untracked 
| 193|0x000000061aa00000, 0x000000061aa00000, 0x000000061ac00000|  0%| F|  |TAMS 0x000000061aa00000, 0x000000061aa00000| Untracked 
| 194|0x000000061ac00000, 0x000000061ac00000, 0x000000061ae00000|  0%| F|  |TAMS 0x000000061ac00000, 0x000000061ac00000| Untracked 
| 195|0x000000061ae00000, 0x000000061ae00000, 0x000000061b000000|  0%| F|  |TAMS 0x000000061ae00000, 0x000000061ae00000| Untracked 
| 196|0x000000061b000000, 0x000000061b000000, 0x000000061b200000|  0%| F|  |TAMS 0x000000061b000000, 0x000000061b000000| Untracked 
| 197|0x000000061b200000, 0x000000061b200000, 0x000000061b400000|  0%| F|  |TAMS 0x000000061b200000, 0x000000061b200000| Untracked 
| 198|0x000000061b400000, 0x000000061b400000, 0x000000061b600000|  0%| F|  |TAMS 0x000000061b400000, 0x000000061b400000| Untracked 
| 199|0x000000061b600000, 0x000000061b600000, 0x000000061b800000|  0%| F|  |TAMS 0x000000061b600000, 0x000000061b600000| Untracked 
| 200|0x000000061b800000, 0x000000061b800000, 0x000000061ba00000|  0%| F|  |TAMS 0x000000061b800000, 0x000000061b800000| Untracked 
| 201|0x000000061ba00000, 0x000000061ba00000, 0x000000061bc00000|  0%| F|  |TAMS 0x000000061ba00000, 0x000000061ba00000| Untracked 
| 202|0x000000061bc00000, 0x000000061bc00000, 0x000000061be00000|  0%| F|  |TAMS 0x000000061bc00000, 0x000000061bc00000| Untracked 
| 203|0x000000061be00000, 0x000000061be00000, 0x000000061c000000|  0%| F|  |TAMS 0x000000061be00000, 0x000000061be00000| Untracked 
| 204|0x000000061c000000, 0x000000061c000000, 0x000000061c200000|  0%| F|  |TAMS 0x000000061c000000, 0x000000061c000000| Untracked 
| 205|0x000000061c200000, 0x000000061c200000, 0x000000061c400000|  0%| F|  |TAMS 0x000000061c200000, 0x000000061c200000| Untracked 
| 206|0x000000061c400000, 0x000000061c400000, 0x000000061c600000|  0%| F|  |TAMS 0x000000061c400000, 0x000000061c400000| Untracked 
| 207|0x000000061c600000, 0x000000061c600000, 0x000000061c800000|  0%| F|  |TAMS 0x000000061c600000, 0x000000061c600000| Untracked 
| 208|0x000000061c800000, 0x000000061c800000, 0x000000061ca00000|  0%| F|  |TAMS 0x000000061c800000, 0x000000061c800000| Untracked 
| 209|0x000000061ca00000, 0x000000061ca00000, 0x000000061cc00000|  0%| F|  |TAMS 0x000000061ca00000, 0x000000061ca00000| Untracked 
| 210|0x000000061cc00000, 0x000000061cc00000, 0x000000061ce00000|  0%| F|  |TAMS 0x000000061cc00000, 0x000000061cc00000| Untracked 
| 211|0x000000061ce00000, 0x000000061ce00000, 0x000000061d000000|  0%| F|  |TAMS 0x000000061ce00000, 0x000000061ce00000| Untracked 
| 212|0x000000061d000000, 0x000000061d000000, 0x000000061d200000|  0%| F|  |TAMS 0x000000061d000000, 0x000000061d000000| Untracked 
| 213|0x000000061d200000, 0x000000061d200000, 0x000000061d400000|  0%| F|  |TAMS 0x000000061d200000, 0x000000061d200000| Untracked 
| 214|0x000000061d400000, 0x000000061d400000, 0x000000061d600000|  0%| F|  |TAMS 0x000000061d400000, 0x000000061d400000| Untracked 
| 215|0x000000061d600000, 0x000000061d600000, 0x000000061d800000|  0%| F|  |TAMS 0x000000061d600000, 0x000000061d600000| Untracked 
| 216|0x000000061d800000, 0x000000061d800000, 0x000000061da00000|  0%| F|  |TAMS 0x000000061d800000, 0x000000061d800000| Untracked 
| 217|0x000000061da00000, 0x000000061da00000, 0x000000061dc00000|  0%| F|  |TAMS 0x000000061da00000, 0x000000061da00000| Untracked 
| 218|0x000000061dc00000, 0x000000061dc00000, 0x000000061de00000|  0%| F|  |TAMS 0x000000061dc00000, 0x000000061dc00000| Untracked 
| 219|0x000000061de00000, 0x000000061de00000, 0x000000061e000000|  0%| F|  |TAMS 0x000000061de00000, 0x000000061de00000| Untracked 
| 220|0x000000061e000000, 0x000000061e000000, 0x000000061e200000|  0%| F|  |TAMS 0x000000061e000000, 0x000000061e000000| Untracked 
| 221|0x000000061e200000, 0x000000061e200000, 0x000000061e400000|  0%| F|  |TAMS 0x000000061e200000, 0x000000061e200000| Untracked 
| 222|0x000000061e400000, 0x000000061e400000, 0x000000061e600000|  0%| F|  |TAMS 0x000000061e400000, 0x000000061e400000| Untracked 
| 223|0x000000061e600000, 0x000000061e600000, 0x000000061e800000|  0%| F|  |TAMS 0x000000061e600000, 0x000000061e600000| Untracked 
| 224|0x000000061e800000, 0x000000061e800000, 0x000000061ea00000|  0%| F|  |TAMS 0x000000061e800000, 0x000000061e800000| Untracked 
| 225|0x000000061ea00000, 0x000000061ea00000, 0x000000061ec00000|  0%| F|  |TAMS 0x000000061ea00000, 0x000000061ea00000| Untracked 
| 226|0x000000061ec00000, 0x000000061ec00000, 0x000000061ee00000|  0%| F|  |TAMS 0x000000061ec00000, 0x000000061ec00000| Untracked 
| 227|0x000000061ee00000, 0x000000061ee00000, 0x000000061f000000|  0%| F|  |TAMS 0x000000061ee00000, 0x000000061ee00000| Untracked 
| 228|0x000000061f000000, 0x000000061f000000, 0x000000061f200000|  0%| F|  |TAMS 0x000000061f000000, 0x000000061f000000| Untracked 
| 229|0x000000061f200000, 0x000000061f3db9f0, 0x000000061f400000| 92%| S|CS|TAMS 0x000000061f200000, 0x000000061f200000| Complete 
| 230|0x000000061f400000, 0x000000061f600000, 0x000000061f600000|100%| S|CS|TAMS 0x000000061f400000, 0x000000061f400000| Complete 
| 231|0x000000061f600000, 0x000000061f800000, 0x000000061f800000|100%| S|CS|TAMS 0x000000061f600000, 0x000000061f600000| Complete 
| 232|0x000000061f800000, 0x000000061fa00000, 0x000000061fa00000|100%| S|CS|TAMS 0x000000061f800000, 0x000000061f800000| Complete 
| 233|0x000000061fa00000, 0x000000061fa00000, 0x000000061fc00000|  0%| F|  |TAMS 0x000000061fa00000, 0x000000061fa00000| Untracked 
| 234|0x000000061fc00000, 0x000000061fc00000, 0x000000061fe00000|  0%| F|  |TAMS 0x000000061fc00000, 0x000000061fc00000| Untracked 
| 235|0x000000061fe00000, 0x000000061fe00000, 0x0000000620000000|  0%| F|  |TAMS 0x000000061fe00000, 0x000000061fe00000| Untracked 
| 236|0x0000000620000000, 0x0000000620000000, 0x0000000620200000|  0%| F|  |TAMS 0x0000000620000000, 0x0000000620000000| Untracked 
| 237|0x0000000620200000, 0x0000000620200000, 0x0000000620400000|  0%| F|  |TAMS 0x0000000620200000, 0x0000000620200000| Untracked 
| 238|0x0000000620400000, 0x0000000620400000, 0x0000000620600000|  0%| F|  |TAMS 0x0000000620400000, 0x0000000620400000| Untracked 
| 239|0x0000000620600000, 0x0000000620600000, 0x0000000620800000|  0%| F|  |TAMS 0x0000000620600000, 0x0000000620600000| Untracked 
| 240|0x0000000620800000, 0x0000000620800000, 0x0000000620a00000|  0%| F|  |TAMS 0x0000000620800000, 0x0000000620800000| Untracked 
| 241|0x0000000620a00000, 0x0000000620a00000, 0x0000000620c00000|  0%| F|  |TAMS 0x0000000620a00000, 0x0000000620a00000| Untracked 
| 242|0x0000000620c00000, 0x0000000620c68338, 0x0000000620e00000| 20%| E|  |TAMS 0x0000000620c00000, 0x0000000620c00000| Complete 
| 243|0x0000000620e00000, 0x0000000621000000, 0x0000000621000000|100%| E|CS|TAMS 0x0000000620e00000, 0x0000000620e00000| Complete 
| 244|0x0000000621000000, 0x0000000621200000, 0x0000000621200000|100%| E|CS|TAMS 0x0000000621000000, 0x0000000621000000| Complete 
| 245|0x0000000621200000, 0x0000000621400000, 0x0000000621400000|100%| E|CS|TAMS 0x0000000621200000, 0x0000000621200000| Complete 
| 246|0x0000000621400000, 0x0000000621600000, 0x0000000621600000|100%| E|CS|TAMS 0x0000000621400000, 0x0000000621400000| Complete 
| 247|0x0000000621600000, 0x0000000621800000, 0x0000000621800000|100%| E|CS|TAMS 0x0000000621600000, 0x0000000621600000| Complete 
| 248|0x0000000621800000, 0x0000000621a00000, 0x0000000621a00000|100%| E|  |TAMS 0x0000000621800000, 0x0000000621800000| Complete 
| 249|0x0000000621a00000, 0x0000000621c00000, 0x0000000621c00000|100%| E|CS|TAMS 0x0000000621a00000, 0x0000000621a00000| Complete 
| 250|0x0000000621c00000, 0x0000000621e00000, 0x0000000621e00000|100%| E|CS|TAMS 0x0000000621c00000, 0x0000000621c00000| Complete 
| 251|0x0000000621e00000, 0x0000000622000000, 0x0000000622000000|100%| E|CS|TAMS 0x0000000621e00000, 0x0000000621e00000| Complete 
| 252|0x0000000622000000, 0x0000000622200000, 0x0000000622200000|100%| E|CS|TAMS 0x0000000622000000, 0x0000000622000000| Complete 
| 253|0x0000000622200000, 0x0000000622400000, 0x0000000622400000|100%| E|CS|TAMS 0x0000000622200000, 0x0000000622200000| Complete 
| 254|0x0000000622400000, 0x0000000622600000, 0x0000000622600000|100%| E|CS|TAMS 0x0000000622400000, 0x0000000622400000| Complete 

Card table byte_map: [0x00000236c58e0000,0x00000236c68d0000] _byte_map_base: 0x00000236c28cc000

Marking Bits (Prev, Next): (CMBitMap*) 0x00000236acf74d48, (CMBitMap*) 0x00000236acf74d80
 Prev Bits: [0x00000236c78c0000, 0x00000236cf820000)
 Next Bits: [0x00000236cf820000, 0x00000236d7780000)

Polling page: 0x00000236aae60000

Metaspace:

Usage:
  Non-class:     31.05 MB capacity,    30.66 MB ( 99%) used,   322.51 KB (  1%) free+waste,    85.63 KB ( <1%) overhead. 
      Class:      4.14 MB capacity,     3.86 MB ( 93%) used,   252.52 KB (  6%) free+waste,    40.88 KB ( <1%) overhead. 
       Both:     35.20 MB capacity,    34.51 MB ( 98%) used,   575.02 KB (  2%) free+waste,   126.50 KB ( <1%) overhead. 

Virtual space:
  Non-class space:       32.00 MB reserved,      31.07 MB ( 97%) committed 
      Class space:        1.00 GB reserved,       4.25 MB ( <1%) committed 
             Both:        1.03 GB reserved,      35.32 MB (  3%) committed 

Chunk freelists:
   Non-Class:  1.13 KB
       Class:  1.75 KB
        Both:  2.88 KB

CodeHeap 'non-profiled nmethods': size=120000Kb used=2772Kb max_used=2772Kb free=117228Kb
 bounds [0x00000236bce70000, 0x00000236bd130000, 0x00000236c43a0000]
CodeHeap 'profiled nmethods': size=120000Kb used=9732Kb max_used=9732Kb free=110267Kb
 bounds [0x00000236b5940000, 0x00000236b62d0000, 0x00000236bce70000]
CodeHeap 'non-nmethods': size=5760Kb used=1360Kb max_used=1412Kb free=4399Kb
 bounds [0x00000236b53a0000, 0x00000236b5610000, 0x00000236b5940000]
 total_blobs=5276 nmethods=4487 adapters=697
 compilation: enabled
              stopped_count=0, restarted_count=0
 full_count=0

Compilation events (10 events):
Event: 168.492 Thread 0x00000236daef2800 nmethod 4484 0x00000236b62c0090 code [0x00000236b62c0240, 0x00000236b62c0458]
Event: 168.492 Thread 0x00000236daef2800 4485       3       java.lang.Integer::compare (20 bytes)
Event: 168.492 Thread 0x00000236daef2800 nmethod 4485 0x00000236b62c0510 code [0x00000236b62c06c0, 0x00000236b62c0858]
Event: 168.492 Thread 0x00000236daeed000 nmethod 4479 0x00000236bd123810 code [0x00000236bd1239a0, 0x00000236bd123bf8]
Event: 168.492 Thread 0x00000236daeed000 4480       4       java.nio.charset.Charset::lookup (44 bytes)
Event: 168.494 Thread 0x00000236daef2800 4486       3       javax.swing.plaf.metal.MetalTheme::getControlHighlight (5 bytes)
Event: 168.494 Thread 0x00000236daef2800 nmethod 4486 0x00000236b62c0910 code [0x00000236b62c0ac0, 0x00000236b62c0cb8]
Event: 168.498 Thread 0x00000236daeed000 nmethod 4480 0x00000236bd123d10 code [0x00000236bd123f00, 0x00000236bd124cc8]
Event: 169.001 Thread 0x00000236daef2800 4487       3       javax.swing.plaf.metal.MetalLookAndFeel::getControlHighlight (7 bytes)
Event: 169.001 Thread 0x00000236daef2800 nmethod 4487 0x00000236b62c0d90 code [0x00000236b62c0f40, 0x00000236b62c1228]

GC Heap History (8 events):
Event: 0.918 GC heap before
{Heap before GC invocations=0 (full 0):
 garbage-first heap   total 522240K, used 22528K [0x0000000602800000, 0x0000000800000000)
  region size 2048K, 12 young (24576K), 0 survivors (0K)
 Metaspace       used 20601K, capacity 21111K, committed 21248K, reserved 1069056K
  class space    used 2219K, capacity 2470K, committed 2560K, reserved 1048576K
}
Event: 0.924 GC heap after
{Heap after GC invocations=1 (full 0):
 garbage-first heap   total 522240K, used 6044K [0x0000000602800000, 0x0000000800000000)
  region size 2048K, 2 young (4096K), 2 survivors (4096K)
 Metaspace       used 20601K, capacity 21111K, committed 21248K, reserved 1069056K
  class space    used 2219K, capacity 2470K, committed 2560K, reserved 1048576K
}
Event: 1.897 GC heap before
{Heap before GC invocations=2 (full 0):
 garbage-first heap   total 522240K, used 24476K [0x0000000602800000, 0x0000000800000000)
  region size 2048K, 12 young (24576K), 2 survivors (4096K)
 Metaspace       used 28816K, capacity 29373K, committed 29568K, reserved 1075200K
  class space    used 3342K, capacity 3596K, committed 3712K, reserved 1048576K
}
Event: 1.901 GC heap after
{Heap after GC invocations=3 (full 0):
 garbage-first heap   total 522240K, used 8899K [0x0000000602800000, 0x0000000800000000)
  region size 2048K, 2 young (4096K), 2 survivors (4096K)
 Metaspace       used 28816K, capacity 29373K, committed 29568K, reserved 1075200K
  class space    used 3342K, capacity 3596K, committed 3712K, reserved 1048576K
}
Event: 25.927 GC heap before
{Heap before GC invocations=3 (full 0):
 garbage-first heap   total 522240K, used 88771K [0x0000000602800000, 0x0000000800000000)
  region size 2048K, 26 young (53248K), 2 survivors (4096K)
 Metaspace       used 32022K, capacity 32725K, committed 32896K, reserved 1079296K
  class space    used 3628K, capacity 3926K, committed 3968K, reserved 1048576K
}
Event: 25.929 GC heap after
{Heap after GC invocations=4 (full 0):
 garbage-first heap   total 522240K, used 10923K [0x0000000602800000, 0x0000000800000000)
  region size 2048K, 3 young (6144K), 3 survivors (6144K)
 Metaspace       used 32022K, capacity 32725K, committed 32896K, reserved 1079296K
  class space    used 3628K, capacity 3926K, committed 3968K, reserved 1048576K
}
Event: 130.549 GC heap before
{Heap before GC invocations=4 (full 0):
 garbage-first heap   total 522240K, used 62123K [0x0000000602800000, 0x0000000800000000)
  region size 2048K, 25 young (51200K), 3 survivors (6144K)
 Metaspace       used 35049K, capacity 35748K, committed 35840K, reserved 1081344K
  class space    used 3918K, capacity 4209K, committed 4224K, reserved 1048576K
}
Event: 130.552 GC heap after
{Heap after GC invocations=5 (full 0):
 garbage-first heap   total 522240K, used 22357K [0x0000000602800000, 0x0000000800000000)
  region size 2048K, 4 young (8192K), 4 survivors (8192K)
 Metaspace       used 35049K, capacity 35748K, committed 35840K, reserved 1081344K
  class space    used 3918K, capacity 4209K, committed 4224K, reserved 1048576K
}

Deoptimization events (10 events):
Event: 130.597 Thread 0x00000236dc889800 Uncommon trap: reason=unstable_if action=reinterpret pc=0x00000236bcf24ff8 method=sun.awt.SunToolkit.isInstanceOf(Ljava/lang/Class;Ljava/lang/String;)Z @ 14 c2
Event: 130.598 Thread 0x00000236dc889800 Uncommon trap: reason=class_check action=maybe_recompile pc=0x00000236bd0de65c method=java.awt.DefaultKeyboardFocusManager.dispatchEvent(Ljava/awt/AWTEvent;)Z @ 506 c2
Event: 144.081 Thread 0x00000236dc889800 Uncommon trap: reason=unstable_if action=reinterpret pc=0x00000236bd0eb0e0 method=sun.awt.GlobalCursorManager._updateCursor(Z)V @ 37 c2
Event: 149.412 Thread 0x00000236dc889800 Uncommon trap: reason=unstable_if action=reinterpret pc=0x00000236bd0eca44 method=sun.awt.GlobalCursorManager._updateCursor(Z)V @ 37 c2
Event: 157.144 Thread 0x00000236dc889800 Uncommon trap: reason=unstable_if action=reinterpret pc=0x00000236bcf6c66c method=sun.font.FontUtilities.isComplexCharCode(I)Z @ 11 c2
Event: 157.144 Thread 0x00000236dc889800 Uncommon trap: reason=unstable_if action=reinterpret pc=0x00000236bcf58108 method=sun.font.CMap.getFormatCharGlyph(I)C @ 18 c2
Event: 157.144 Thread 0x00000236dc889800 Uncommon trap: reason=unstable_if action=reinterpret pc=0x00000236bcf557d4 method=sun.font.CMap.getFormatCharGlyph(I)C @ 18 c2
Event: 162.271 Thread 0x00000236dc889800 Uncommon trap: reason=class_check action=maybe_recompile pc=0x00000236bd0de65c method=java.awt.DefaultKeyboardFocusManager.dispatchEvent(Ljava/awt/AWTEvent;)Z @ 506 c2
Event: 163.163 Thread 0x00000236dc889800 Uncommon trap: reason=class_check action=maybe_recompile pc=0x00000236bd0de65c method=java.awt.DefaultKeyboardFocusManager.dispatchEvent(Ljava/awt/AWTEvent;)Z @ 506 c2
Event: 164.151 Thread 0x00000236dc889800 Uncommon trap: reason=unstable_if action=reinterpret pc=0x00000236bcf7d258 method=java.awt.Container.findComponentAtImpl(IIZ)Ljava/awt/Component; @ 6 c2

Classes redefined (0 events):
No events

Internal exceptions (10 events):
Event: 2.503 Thread 0x00000236acef1800 Exception <a 'java/lang/NoSuchMethodError'{0x0000000621e87b98}: java.lang.invoke.DelegatingMethodHandle$Holder.reinvoke_L(Ljava/lang/Object;IIILjava/lang/Object;Ljava/lang/Object;Ljava/lang/Object;Ljava/lang/Object;)Ljava/lang/Object;> (0x0000000621e87b98
Event: 2.505 Thread 0x00000236acef1800 Exception <a 'java/lang/NoSuchMethodError'{0x0000000621ec77a8}: java.lang.invoke.DirectMethodHandle$Holder.invokeStatic(Ljava/lang/Object;Ljava/lang/Object;Ljava/lang/Object;Ljava/lang/Object;Ljava/lang/Object;Ljava/lang/Object;Ljava/lang/Object;Ljava/lan
Event: 30.423 Thread 0x00000236dc889800 Implicit null exception at 0x00000236bcf3bed0 to 0x00000236bcf3bf2f
Event: 39.664 Thread 0x00000236dc889800 Exception <a 'java/lang/NoSuchMethodError'{0x0000000621d83ed0}: java.lang.invoke.DirectMethodHandle$Holder.invokeSpecial(Ljava/lang/Object;Ljava/lang/Object;Ljava/lang/Object;Ljava/lang/Object;Ljava/lang/Object;)V> (0x0000000621d83ed0) thrown at [./open/s
Event: 40.761 Thread 0x00000236dc889800 Exception <a 'java/lang/NoSuchMethodError'{0x0000000620a45720}: java.lang.invoke.DirectMethodHandle$Holder.invokeStatic(Ljava/lang/Object;IIII)Ljava/lang/Object;> (0x0000000620a45720) thrown at [./open/src/hotspot/share/interpreter/linkResolver.cpp, line 
Event: 40.761 Thread 0x00000236dc889800 Exception <a 'java/lang/NoSuchMethodError'{0x0000000620a492d8}: java.lang.invoke.DirectMethodHandle$Holder.invokeStaticInit(Ljava/lang/Object;IIII)Ljava/lang/Object;> (0x0000000620a492d8) thrown at [./open/src/hotspot/share/interpreter/linkResolver.cpp, l
Event: 41.228 Thread 0x00000236dc889800 Exception <a 'java/lang/NoSuchMethodError'{0x0000000620afe890}: java.lang.invoke.DirectMethodHandle$Holder.invokeStatic(Ljava/lang/Object;Ljava/lang/Object;IIII)Ljava/lang/Object;> (0x0000000620afe890) thrown at [./open/src/hotspot/share/interpreter/linkR
Event: 41.228 Thread 0x00000236dc889800 Exception <a 'java/lang/NoSuchMethodError'{0x0000000620b028c8}: java.lang.invoke.DirectMethodHandle$Holder.invokeStaticInit(Ljava/lang/Object;Ljava/lang/Object;IIII)Ljava/lang/Object;> (0x0000000620b028c8) thrown at [./open/src/hotspot/share/interpreter/l
Event: 144.081 Thread 0x00000236dc889800 Implicit null exception at 0x00000236bd0ea5a3 to 0x00000236bd0eb0d0
Event: 149.412 Thread 0x00000236dc889800 Implicit null exception at 0x00000236bd0ec20f to 0x00000236bd0eca24

Events (10 events):
Event: 163.806 Executing VM operation: BulkRevokeBias done
Event: 163.825 Executing VM operation: RevokeBias
Event: 163.825 Executing VM operation: RevokeBias done
Event: 164.151 Thread 0x00000236dc889800 Uncommon trap: trap_request=0xffffff4d fr.pc=0x00000236bcf7d258 relative=0x0000000000000bd8
Event: 164.151 Thread 0x00000236dc889800 DEOPT PACKING pc=0x00000236bcf7d258 sp=0x0000005345cefdc0
Event: 164.151 Thread 0x00000236dc889800 DEOPT UNPACKING pc=0x00000236b53c68af sp=0x0000005345cefd70 mode 2
Event: 167.100 Executing VM operation: RevokeBias
Event: 167.100 Executing VM operation: RevokeBias done
Event: 168.893 Executing VM operation: BulkRevokeBias
Event: 168.893 Executing VM operation: BulkRevokeBias done


Dynamic libraries:
0x00007ff7e70c0000 - 0x00007ff7e70cf000 	C:\Program Files\Java\jdk-11.0.11\bin\java.exe
0x00007ff8539d0000 - 0x00007ff853bc5000 	C:\WINDOWS\SYSTEM32\ntdll.dll
0x00007ff853780000 - 0x00007ff85383d000 	C:\WINDOWS\System32\KERNEL32.DLL
0x00007ff8513e0000 - 0x00007ff8516a9000 	C:\WINDOWS\System32\KERNELBASE.dll
0x00007ff851160000 - 0x00007ff851260000 	C:\WINDOWS\System32\ucrtbase.dll
0x00007ff84e780000 - 0x00007ff84e795000 	C:\Program Files\Java\jdk-11.0.11\bin\VCRUNTIME140.dll
0x00007ff84e760000 - 0x00007ff84e778000 	C:\Program Files\Java\jdk-11.0.11\bin\jli.dll
0x00007ff851fa0000 - 0x00007ff85204c000 	C:\WINDOWS\System32\ADVAPI32.dll
0x00007ff853490000 - 0x00007ff85352e000 	C:\WINDOWS\System32\msvcrt.dll
0x00007ff851c30000 - 0x00007ff851ccb000 	C:\WINDOWS\System32\sechost.dll
0x00007ff853860000 - 0x00007ff85398a000 	C:\WINDOWS\System32\RPCRT4.dll
0x00007ff8521f0000 - 0x00007ff852390000 	C:\WINDOWS\System32\USER32.dll
0x00007ff851260000 - 0x00007ff851282000 	C:\WINDOWS\System32\win32u.dll
0x00007ff851bf0000 - 0x00007ff851c1a000 	C:\WINDOWS\System32\GDI32.dll
0x00007ff843710000 - 0x00007ff8439aa000 	C:\WINDOWS\WinSxS\amd64_microsoft.windows.common-controls_6595b64144ccf1df_6.0.19041.1052_none_60b8f8fd71f5e8cb\COMCTL32.dll
0x00007ff851770000 - 0x00007ff85187b000 	C:\WINDOWS\System32\gdi32full.dll
0x00007ff851340000 - 0x00007ff8513dd000 	C:\WINDOWS\System32\msvcp_win.dll
0x00007ff850ca0000 - 0x00007ff850caa000 	C:\WINDOWS\SYSTEM32\VERSION.dll
0x00007ff852ff0000 - 0x00007ff853020000 	C:\WINDOWS\System32\IMM32.DLL
0x00007ff849210000 - 0x00007ff8492ab000 	C:\Program Files\Java\jdk-11.0.11\bin\msvcp140.dll
0x00007ff80f720000 - 0x00007ff81021e000 	C:\Program Files\Java\jdk-11.0.11\bin\server\jvm.dll
0x00007ff851c20000 - 0x00007ff851c28000 	C:\WINDOWS\System32\PSAPI.DLL
0x00007ff848410000 - 0x00007ff848437000 	C:\WINDOWS\SYSTEM32\WINMM.dll
0x00007ff825a70000 - 0x00007ff825a79000 	C:\WINDOWS\SYSTEM32\WSOCK32.dll
0x00007ff853590000 - 0x00007ff8535fb000 	C:\WINDOWS\System32\WS2_32.dll
0x00007ff84eff0000 - 0x00007ff84f002000 	C:\WINDOWS\SYSTEM32\kernel.appcore.dll
0x00007ff84e7d0000 - 0x00007ff84e7e0000 	C:\Program Files\Java\jdk-11.0.11\bin\verify.dll
0x00007ff832560000 - 0x00007ff832744000 	C:\WINDOWS\SYSTEM32\DBGHELP.DLL
0x00007ff84a270000 - 0x00007ff84a29c000 	C:\WINDOWS\SYSTEM32\dbgcore.DLL
0x00007ff8516e0000 - 0x00007ff851763000 	C:\WINDOWS\System32\bcryptPrimitives.dll
0x00007ff84cb60000 - 0x00007ff84cb88000 	C:\Program Files\Java\jdk-11.0.11\bin\java.dll
0x00007ff84cc60000 - 0x00007ff84cc6a000 	C:\Program Files\Java\jdk-11.0.11\bin\jimage.dll
0x00007ff84bcd0000 - 0x00007ff84bcde000 	C:\Program Files\Java\jdk-11.0.11\bin\instrument.dll
0x00007ff84bcb0000 - 0x00007ff84bcc6000 	C:\Program Files\Java\jdk-11.0.11\bin\zip.dll
0x00007ff852540000 - 0x00007ff852c7f000 	C:\WINDOWS\System32\SHELL32.dll
0x00007ff84f1f0000 - 0x00007ff84f981000 	C:\WINDOWS\SYSTEM32\windows.storage.dll
0x00007ff852c80000 - 0x00007ff852fd5000 	C:\WINDOWS\System32\combase.dll
0x00007ff850b10000 - 0x00007ff850b3c000 	C:\WINDOWS\SYSTEM32\Wldp.dll
0x00007ff851ef0000 - 0x00007ff851f9e000 	C:\WINDOWS\System32\SHCORE.dll
0x00007ff851d30000 - 0x00007ff851d85000 	C:\WINDOWS\System32\shlwapi.dll
0x00007ff851050000 - 0x00007ff85106f000 	C:\WINDOWS\SYSTEM32\profapi.dll
0x00007ff84b340000 - 0x00007ff84b359000 	C:\Program Files\Java\jdk-11.0.11\bin\net.dll
0x00007ff84a050000 - 0x00007ff84a15a000 	C:\WINDOWS\SYSTEM32\WINHTTP.dll
0x00007ff850870000 - 0x00007ff8508da000 	C:\WINDOWS\system32\mswsock.dll
0x00007ff849320000 - 0x00007ff849332000 	C:\Program Files\Java\jdk-11.0.11\bin\nio.dll
0x00007ff82f360000 - 0x00007ff82f37a000 	D:\SoftWare\WorkTool\IDEA\IntelliJ IDEA 2020.3.2\bin\breakgen64.dll
0x00007ff80ec50000 - 0x00007ff80edea000 	C:\Program Files\Java\jdk-11.0.11\bin\awt.dll
0x00007ff8536b0000 - 0x00007ff85377d000 	C:\WINDOWS\System32\OLEAUT32.dll
0x00007ff84e990000 - 0x00007ff84ea20000 	C:\WINDOWS\SYSTEM32\apphelp.dll
0x00007ff84ed00000 - 0x00007ff84ed2f000 	C:\WINDOWS\system32\DWMAPI.DLL
0x00007ff84eab0000 - 0x00007ff84eb4e000 	C:\WINDOWS\system32\uxtheme.dll
0x00007ff836e30000 - 0x00007ff836f55000 	C:\WINDOWS\system32\opengl32.dll
0x00007ff847070000 - 0x00007ff84709c000 	C:\WINDOWS\SYSTEM32\GLU32.dll
0x00007ff851ad0000 - 0x00007ff851be5000 	C:\WINDOWS\System32\MSCTF.dll
0x00007ff852050000 - 0x00007ff85217a000 	C:\WINDOWS\System32\ole32.dll
0x00007ff843e60000 - 0x00007ff84402e000 	C:\WINDOWS\system32\d3d9.dll
0x00007ff848670000 - 0x00007ff848775000 	C:\WINDOWS\System32\DriverStore\FileRepository\nv_dispi.inf_amd64_d67c20d727d4578c\nvldumdx.dll
0x00007ff850cb0000 - 0x00007ff850cc2000 	C:\WINDOWS\SYSTEM32\msasn1.dll
0x00007ff849f20000 - 0x00007ff849f51000 	C:\WINDOWS\SYSTEM32\cryptnet.dll
0x00007ff8518e0000 - 0x00007ff851a3f000 	C:\WINDOWS\System32\CRYPT32.dll
0x00007ff850a50000 - 0x00007ff850a5c000 	C:\WINDOWS\SYSTEM32\cryptbase.dll
0x00007ff851880000 - 0x00007ff8518e0000 	C:\WINDOWS\System32\WINTRUST.DLL
0x00007ff853840000 - 0x00007ff85385d000 	C:\WINDOWS\System32\imagehlp.dll
0x00007ff850a60000 - 0x00007ff850a78000 	C:\WINDOWS\SYSTEM32\CRYPTSP.dll
0x00007ff850140000 - 0x00007ff850174000 	C:\WINDOWS\system32\rsaenh.dll
0x00007ff8516b0000 - 0x00007ff8516d7000 	C:\WINDOWS\System32\bcrypt.dll
0x00007ff803be0000 - 0x00007ff805828000 	C:\WINDOWS\System32\DriverStore\FileRepository\nv_dispi.inf_amd64_d67c20d727d4578c\nvd3dumx.dll
0x00007ff811000000 - 0x00007ff811163000 	C:\WINDOWS\System32\DriverStore\FileRepository\iigd_dch.inf_amd64_a086f01cc7be643a\igdumdim64.dll
0x00007fffe4630000 - 0x00007fffe8034000 	C:\WINDOWS\System32\DriverStore\FileRepository\iigd_dch.inf_amd64_a086f01cc7be643a\igd9dxva64.dll
0x00007ff853020000 - 0x00007ff853489000 	C:\WINDOWS\System32\SETUPAPI.dll
0x00007ff851110000 - 0x00007ff85115e000 	C:\WINDOWS\System32\cfgmgr32.dll
0x00007ff844670000 - 0x00007ff8448af000 	C:\WINDOWS\System32\DriverStore\FileRepository\iigd_dch.inf_amd64_a086f01cc7be643a\igdgmm64.dll
0x00007ff818c90000 - 0x00007ff818f49000 	C:\WINDOWS\system32\nvspcap64.dll
0x00007ff84fdd0000 - 0x00007ff84fe03000 	C:\WINDOWS\SYSTEM32\ntmarta.dll
0x00007ff84f9a0000 - 0x00007ff84f9c3000 	C:\WINDOWS\SYSTEM32\gpapi.dll
0x00007ff849540000 - 0x00007ff84957b000 	C:\WINDOWS\SYSTEM32\dxcore.dll
0x00007ff812be0000 - 0x00007ff812c65000 	C:\Program Files\Java\jdk-11.0.11\bin\freetype.dll
0x00007ff80eb50000 - 0x00007ff80ec42000 	C:\Program Files\Java\jdk-11.0.11\bin\harfbuzz.dll
0x00007ff82d1b0000 - 0x00007ff82d1c2000 	C:\Program Files\Java\jdk-11.0.11\bin\fontmanager.dll
0x00007ff848910000 - 0x00007ff848919000 	C:\Program Files\Java\jdk-11.0.11\bin\management.dll
0x00007ff848880000 - 0x00007ff84888b000 	C:\Program Files\Java\jdk-11.0.11\bin\management_ext.dll
0x00007ff850fd0000 - 0x00007ff850ffe000 	C:\WINDOWS\SYSTEM32\USERENV.dll
0x00007ff850510000 - 0x00007ff85054b000 	C:\WINDOWS\SYSTEM32\IPHLPAPI.DLL
0x00007ff852fe0000 - 0x00007ff852fe8000 	C:\WINDOWS\System32\NSI.dll
0x00007ff849f00000 - 0x00007ff849f17000 	C:\WINDOWS\SYSTEM32\dhcpcsvc6.DLL
0x00007ff849ee0000 - 0x00007ff849efd000 	C:\WINDOWS\SYSTEM32\dhcpcsvc.DLL
0x00007ff850560000 - 0x00007ff85062c000 	C:\WINDOWS\SYSTEM32\DNSAPI.dll
0x00007ff8232a0000 - 0x00007ff8232b7000 	C:\WINDOWS\system32\napinsp.dll
0x00007ff823280000 - 0x00007ff82329b000 	C:\WINDOWS\system32\pnrpnsp.dll
0x00007ff84c0a0000 - 0x00007ff84c0b5000 	C:\WINDOWS\system32\wshbth.dll
0x00007ff84cb00000 - 0x00007ff84cb1d000 	C:\WINDOWS\system32\NLAapi.dll
0x00007ff823260000 - 0x00007ff823272000 	C:\WINDOWS\System32\winrnr.dll
0x00007ff84a6b0000 - 0x00007ff84a6ba000 	C:\Windows\System32\rasadhlp.dll
0x00007ff8431f0000 - 0x00007ff84326f000 	C:\WINDOWS\System32\fwpuclnt.dll
0x00007ff8443b0000 - 0x00007ff844460000 	C:\WINDOWS\WinSxS\amd64_microsoft.windows.common-controls_6595b64144ccf1df_5.82.19041.844_none_423537bff6b9828c\comctl32.dll
0x00007ff853600000 - 0x00007ff8536a9000 	C:\WINDOWS\System32\clbcatq.dll
0x00007ff830d80000 - 0x00007ff830d97000 	C:\WINDOWS\system32\NetworkExplorer.dll
0x00007ff84ccb0000 - 0x00007ff84cda6000 	C:\WINDOWS\system32\PROPSYS.dll
0x00007ff8431d0000 - 0x00007ff8431ed000 	C:\WINDOWS\SYSTEM32\MPR.dll
0x00007ff8473f0000 - 0x00007ff8473fb000 	C:\WINDOWS\System32\drprov.dll
0x00007ff8501d0000 - 0x00007ff85022a000 	C:\WINDOWS\System32\WINSTA.dll
0x00007ff8473d0000 - 0x00007ff8473e8000 	C:\WINDOWS\System32\ntlanman.dll
0x00007ff844ff0000 - 0x00007ff84500e000 	C:\WINDOWS\System32\davclnt.dll
0x00007ff8364e0000 - 0x00007ff8364ed000 	C:\WINDOWS\System32\DAVHLPR.dll
0x00007ff8502c0000 - 0x00007ff8502d7000 	C:\WINDOWS\System32\wkscli.dll
0x00007ff823ec0000 - 0x00007ff823ed2000 	C:\WINDOWS\SYSTEM32\cscapi.dll
0x00007ff850550000 - 0x00007ff85055c000 	C:\WINDOWS\System32\netutils.dll
0x00007ff82d240000 - 0x00007ff82d298000 	C:\Windows\System32\dlnashext.dll
0x00007ff82a170000 - 0x00007ff82a1d4000 	C:\Windows\System32\PlayToDevice.dll
0x00007ff84a6c0000 - 0x00007ff84a6e0000 	C:\Windows\System32\DevDispItemProvider.dll
0x00007ff84a350000 - 0x00007ff84a3d5000 	C:\WINDOWS\System32\MMDevApi.dll
0x00007ff850e70000 - 0x00007ff850e9c000 	C:\WINDOWS\System32\DEVOBJ.dll
0x00007ff812590000 - 0x00007ff812633000 	C:\WINDOWS\system32\wpdshext.dll
0x00007ff8439b0000 - 0x00007ff843b5b000 	C:\WINDOWS\WinSxS\amd64_microsoft.windows.gdiplus_6595b64144ccf1df_1.1.19041.1081_none_91a70388cc8594fd\gdiplus.dll
0x00007ff81ebe0000 - 0x00007ff81ec83000 	C:\Windows\System32\PortableDeviceApi.dll
0x00007ff82a440000 - 0x00007ff82a477000 	C:\Windows\System32\EhStorShell.dll
0x00007ff827e50000 - 0x00007ff827e76000 	C:\Windows\System32\EhStorAPI.dll
0x00007ff84ce10000 - 0x00007ff84ce24000 	C:\Windows\System32\WTSAPI32.dll
0x00007ff843b60000 - 0x00007ff843b6d000 	C:\WINDOWS\SYSTEM32\LINKINFO.dll
0x00007ff84b4a0000 - 0x00007ff84b654000 	C:\WINDOWS\SYSTEM32\WindowsCodecs.dll
0x00007ff836a40000 - 0x00007ff836a7e000 	C:\WINDOWS\system32\dataexchange.dll
0x00007ff84dd60000 - 0x00007ff84df46000 	C:\WINDOWS\system32\dcomp.dll
0x00007ff84d3d0000 - 0x00007ff84d634000 	C:\WINDOWS\system32\d3d11.dll
0x00007ff84f9d0000 - 0x00007ff84fac4000 	C:\WINDOWS\system32\dxgi.dll
0x00007ff84b840000 - 0x00007ff84ba41000 	C:\WINDOWS\system32\twinapi.appcore.dll
0x00007ff833a60000 - 0x00007ff833b59000 	C:\WINDOWS\SYSTEM32\textinputframework.dll
0x00007ff84e830000 - 0x00007ff84e922000 	C:\WINDOWS\System32\CoreMessaging.dll
0x00007ff84e2d0000 - 0x00007ff84e62e000 	C:\WINDOWS\System32\CoreUIComponents.dll

dbghelp: loaded successfully - version: 4.0.5 - missing functions: none
symbol engine: initialized successfully - sym options: 0x614 - pdb path: .;C:\Program Files\Java\jdk-11.0.11\bin;C:\WINDOWS\SYSTEM32;C:\WINDOWS\WinSxS\amd64_microsoft.windows.common-controls_6595b64144ccf1df_6.0.19041.1052_none_60b8f8fd71f5e8cb;C:\Program Files\Java\jdk-11.0.11\bin\server;D:\SoftWare\WorkTool\IDEA\IntelliJ IDEA 2020.3.2\bin;C:\WINDOWS\System32\DriverStore\FileRepository\nv_dispi.inf_amd64_d67c20d727d4578c;C:\WINDOWS\System32\DriverStore\FileRepository\iigd_dch.inf_amd64_a086f01cc7be643a;C:\WINDOWS\WinSxS\amd64_microsoft.windows.common-controls_6595b64144ccf1df_5.82.19041.844_none_423537bff6b9828c;C:\WINDOWS\WinSxS\amd64_microsoft.windows.gdiplus_6595b64144ccf1df_1.1.19041.1081_none_91a70388cc8594fd;D:\SoftWare\ComputerTool\SouGouInput\SogouInput\Components\SGSmartAssistant\1.0.0.30;D:\SoftWare\ComputerTool\SouGouInput\SogouInput\10.5.0.4737;D:\SoftWare\ComputerTool\SouGouInput\SogouInput\Components\PicFace\1.1.0.1880;C:\Users\MyZSY\AppData\Local\Temp\xuggle

VM Arguments:
jvm_args: -javaagent:D:\SoftWare\WorkTool\IDEA\IntelliJ IDEA 2020.3.2\lib\idea_rt.jar=9068:D:\SoftWare\WorkTool\IDEA\IntelliJ IDEA 2020.3.2\bin -Dfile.encoding=UTF-8 
java_command: cn.mypro.swing.StartGUIApp
java_class_path (initial): G:\WorkSpace\WorkSpaceForIDEA\TestProject\HSourcesGUI\target\classes;D:\SoftWare\WorkTool\Maven\mavenRepository\org\projectlombok\lombok\1.18.18\lombok-1.18.18.jar;D:\SoftWare\WorkTool\Maven\mavenRepository\org\slf4j\slf4j-api\1.7.25\slf4j-api-1.7.25.jar;D:\SoftWare\WorkTool\Maven\mavenRepository\org\slf4j\slf4j-log4j12\1.7.25\slf4j-log4j12-1.7.25.jar;D:\SoftWare\WorkTool\Maven\mavenRepository\log4j\log4j\1.2.17\log4j-1.2.17.jar;D:\SoftWare\WorkTool\Maven\mavenRepository\com\sun\jna\jna\5.2.0\jna-5.2.0.jar;D:\SoftWare\WorkTool\Maven\mavenRepository\cn\com\jit\pki\netcert\main\jit-pkitool\2.3.0.25-beta2\jit-pkitool-2.3.0.25-beta2.jar;D:\SoftWare\WorkTool\Maven\mavenRepository\com\jdsm3\jdsm3\2.0.0\jdsm3-2.0.0.jar;D:\SoftWare\WorkTool\Maven\mavenRepository\dom4j\dom4j\1.6.1\dom4j-1.6.1.jar;D:\SoftWare\WorkTool\Maven\mavenRepository\xml-apis\xml-apis\1.0.b2\xml-apis-1.0.b2.jar;D:\SoftWare\WorkTool\Maven\mavenRepository\org\bouncycastle\bcprov-jdk15-143\143\bcprov-jdk15-143-143.jar;D:\SoftWare\WorkTool\Maven\mavenRepository\com\sansec\crypto\0.1.0\crypto-0.1.0.jar;D:\SoftWare\WorkTool\Maven\mavenRepository\com\sansec\SwxaJCE\0.1.0\SwxaJCE-0.1.0.jar;D:\SoftWare\WorkTool\Maven\mavenRepository\com\sansec\Sm2DecZJB\0.1.0\Sm2DecZJB-0.1.0.jar;D:\SoftWare\WorkTool\Maven\mavenRepository\com\oracle\ojdbc7\12.1.0.2\ojdbc7-12.1.0.2.jar;D:\SoftWare\WorkTool\Maven\mavenRepository\xuggle\xuggle-xuggler\5.4\xuggle-xuggler-5.4.jar;D:\SoftWare\WorkTool\Maven\mavenRepository\com\alibaba\fastjson\1.2.54\fastjson-1.2.54.jar;D:\SoftWare\WorkTool\Maven\mavenRepository\javax\xml\bind\jaxb-api\2.3.0\jaxb-api-2.3.0.jar;D:\SoftWare\WorkTool\Maven\mavenRepository\us\codecraft\webmagic-core\0.7.4\webmagic-core-0.7.4.jar;D:\SoftWare\WorkTool\Maven\mavenRepository\org\apache\httpcomponents\httpclient\4.5.13\httpclient-4.5.13.jar;D:\SoftWare\WorkTool\Maven\mavenRepository\org\apache\httpcomponents\httpcore\4.4.13\httpcore-4.4.13.jar;D:\SoftWare\WorkTool\Maven\mavenReposit
Launcher Type: SUN_STANDARD

[Global flags]
     intx CICompilerCount                          = 4                                         {product} {ergonomic}
     uint ConcGCThreads                            = 3                                         {product} {ergonomic}
     uint G1ConcRefinementThreads                  = 10                                        {product} {ergonomic}
   size_t G1HeapRegionSize                         = 2097152                                   {product} {ergonomic}
    uintx GCDrainStackTargetSize                   = 64                                        {product} {ergonomic}
   size_t InitialHeapSize                          = 534773760                                 {product} {ergonomic}
   size_t MarkStackSize                            = 4194304                                   {product} {ergonomic}
   size_t MaxHeapSize                              = 8547991552                                {product} {ergonomic}
   size_t MaxNewSize                               = 5127536640                                {product} {ergonomic}
   size_t MinHeapDeltaBytes                        = 2097152                                   {product} {ergonomic}
    uintx NonNMethodCodeHeapSize                   = 5836300                                {pd product} {ergonomic}
    uintx NonProfiledCodeHeapSize                  = 122910970                              {pd product} {ergonomic}
    uintx ProfiledCodeHeapSize                     = 122910970                              {pd product} {ergonomic}
    uintx ReservedCodeCacheSize                    = 251658240                              {pd product} {ergonomic}
     bool SegmentedCodeCache                       = true                                      {product} {ergonomic}
     bool UseCompressedClassPointers               = true                                 {lp64_product} {ergonomic}
     bool UseCompressedOops                        = true                                 {lp64_product} {ergonomic}
     bool UseG1GC                                  = true                                      {product} {ergonomic}
     bool UseLargePagesIndividualAllocation        = false                                  {pd product} {ergonomic}

Logging:
Log output configuration:
 #0: stdout all=warning uptime,level,tags
 #1: stderr all=off uptime,level,tags

Environment Variables:
JAVA_HOME=C:\Program Files\Java\jdk1.8.0_241
CLASSPATH=.;C:\Program Files\Java\jdk1.8.0_241\lib\dt.jar;C:\Program Files\Java\jdk1.8.0_241\lib\tools.jar
PATH=C:\Program Files\Common Files\Oracle\Java\javapath;D:\SoftWare\WorkTool\SecureCRT\;D:\SoftWare\DataBase\Oracle\product\11.2.0\client_1\bin;D:\SoftWare\DataBase\Oracle\product\11.2.0\dbhome_1\bin;C:\Program Files (x86)\Common Files\Oracle\Java\javapath;C:\Windows\system32;C:\Windows;C:\Windows\System32\Wbem;C:\Windows\System32\WindowsPowerShell\v1.0\;C:\Windows\System32\OpenSSH\;C:\Program Files (x86)\NVIDIA Corporation\PhysX\Common;C:\Program Files\Java\jdk1.8.0_241\bin;C:\Program Files\Java\jdk1.8.0_241\jre\bin;D:\SoftWare\ComputerTool\PuTTY\;C:\Program Files\NVIDIA Corporation\NVIDIA NvDLISR;D:\SoftWare\WorkTool\Git\Git\cmd;C:\Users\MyZSY\AppData\Local\Programs\Python\Python39\;D:\SoftWare\WorkTool\Maven\maven-3.5.3\bin;;C:\WINDOWS\system32;C:\WINDOWS;C:\WINDOWS\System32\Wbem;C:\WINDOWS\System32\WindowsPowerShell\v1.0\;C:\WINDOWS\System32\OpenSSH\;C:\Users\MyZSY\AppData\Local\Programs\Python\Python39\Scripts\;C:\Users\MyZSY\AppData\Local\Programs\Python\Python39\;C:\Users\MyZSY\AppData\Local\Microsoft\WindowsApps;
USERNAME=MyZSY
OS=Windows_NT
PROCESSOR_IDENTIFIER=Intel64 Family 6 Model 165 Stepping 5, GenuineIntel



---------------  S Y S T E M  ---------------

OS: Windows 10 , 64 bit Build 19041 (10.0.19041.1023)

CPU:total 12 (initial active 12) (6 cores per cpu, 2 threads per core) family 6 model 165 stepping 5 microcode 0xc8, cmov, cx8, fxsr, mmx, sse, sse2, sse3, ssse3, sse4.1, sse4.2, popcnt, avx, avx2, aes, clmul, erms, 3dnowpref, lzcnt, ht, tsc, tscinvbit, bmi1, bmi2, adx, fma

Memory: 4k page, system-wide physical 32606M (21047M free)
TotalPageFile size 37982M (AvailPageFile size 17217M)
current process WorkingSet (physical memory assigned to process): 290M, peak: 307M
current process commit charge ("private bytes"): 768M, peak: 783M

vm_info: Java HotSpot(TM) 64-Bit Server VM (11.0.11+9-LTS-194) for windows-amd64 JRE (11.0.11+9-LTS-194), built on Mar 18 2021 18:46:53 by "mach5one" with MS VC++ 15.9 (VS2017)

END.
