#
# A fatal error has been detected by the Java Runtime Environment:
#
#  EXCEPTION_ACCESS_VIOLATION (0xc0000005) at pc=0x000000006ee76520, pid=17368, tid=8232
#
# JRE version: Java(TM) SE Runtime Environment 18.9 (11.0.11+9) (build 11.0.11+9-LTS-194)
# Java VM: Java HotSpot(TM) 64-Bit Server VM 18.9 (11.0.11+9-LTS-194, mixed mode, tiered, compressed oops, g1 gc, windows-amd64)
# Problematic frame:
# C  0x000000006ee76520
#
# No core dump will be written. Minidumps are not enabled by default on client versions of Windows
#
# If you would like to submit a bug report, please visit:
#   https://bugreport.java.com/bugreport/crash.jsp
# The crash happened outside the Java Virtual Machine in native code.
# See problematic frame for where to report the bug.
#

---------------  S U M M A R Y ------------

Command Line: -javaagent:D:\SoftWare\WorkTool\IDEA\IntelliJ IDEA 2020.3.2\lib\idea_rt.jar=3488:D:\SoftWare\WorkTool\IDEA\IntelliJ IDEA 2020.3.2\bin -Dfile.encoding=UTF-8 cn.mypro.swing.StartGUIApp

Host: Intel(R) Core(TM) i5-10400 CPU @ 2.90GHz, 12 cores, 31G,  Windows 10 , 64 bit Build 19041 (10.0.19041.1023)
Time: Fri Jul  9 21:22:16 2021 中国标准时间 elapsed time: 32.953708 seconds (0d 0h 0m 32s)

---------------  T H R E A D  ---------------

Current thread (0x000001998e392800):  JavaThread "AWT-EventQueue-0" [_thread_in_native, id=8232, stack(0x00000033e3400000,0x00000033e3500000)]

Stack: [0x00000033e3400000,0x00000033e3500000],  sp=0x00000033e34ee410,  free space=953k
Native frames: (J=compiled Java code, j=interpreted, Vv=VM code, C=native code)
C  0x000000006ee76520

Java frames: (J=compiled Java code, j=interpreted, Vv=VM code)
j  com.xuggle.xuggler.XugglerJNI.IContainer_open__SWIG_0(JLcom/xuggle/xuggler/IContainer;Ljava/lang/String;IJLcom/xuggle/xuggler/IContainerFormat;)I+0
j  com.xuggle.xuggler.IContainer.open(Ljava/lang/String;Lcom/xuggle/xuggler/IContainer$Type;Lcom/xuggle/xuggler/IContainerFormat;)I+15
j  cn.mypro.swing.childtab.childview.HVAJapanAVMView$34.actionPerformed(Ljava/awt/event/ActionEvent;)V+84
j  javax.swing.AbstractButton.fireActionPerformed(Ljava/awt/event/ActionEvent;)V+83 java.desktop@11.0.11
j  javax.swing.AbstractButton$Handler.actionPerformed(Ljava/awt/event/ActionEvent;)V+5 java.desktop@11.0.11
j  javax.swing.DefaultButtonModel.fireActionPerformed(Ljava/awt/event/ActionEvent;)V+34 java.desktop@11.0.11
j  javax.swing.DefaultButtonModel.setPressed(Z)V+117 java.desktop@11.0.11
j  javax.swing.plaf.basic.BasicButtonListener.mouseReleased(Ljava/awt/event/MouseEvent;)V+35 java.desktop@11.0.11
j  java.awt.Component.processMouseEvent(Ljava/awt/event/MouseEvent;)V+64 java.desktop@11.0.11
j  javax.swing.JComponent.processMouseEvent(Ljava/awt/event/MouseEvent;)V+23 java.desktop@11.0.11
J 2962 c1 java.awt.Component.processEvent(Ljava/awt/AWTEvent;)V java.desktop@11.0.11 (220 bytes) @ 0x00000199df414fd4 [0x00000199df414980+0x0000000000000654]
J 2919 c1 java.awt.Container.processEvent(Ljava/awt/AWTEvent;)V java.desktop@11.0.11 (22 bytes) @ 0x00000199df3f283c [0x00000199df3f24e0+0x000000000000035c]
J 3798 c1 java.awt.Component.dispatchEventImpl(Ljava/awt/AWTEvent;)V java.desktop@11.0.11 (777 bytes) @ 0x00000199df60a0e4 [0x00000199df606120+0x0000000000003fc4]
J 3310 c2 java.awt.Container.dispatchEventImpl(Ljava/awt/AWTEvent;)V java.desktop@11.0.11 (129 bytes) @ 0x00000199e64c7f34 [0x00000199e64c7420+0x0000000000000b14]
J 3322 c2 java.awt.LightweightDispatcher.retargetMouseEvent(Ljava/awt/Component;ILjava/awt/event/MouseEvent;)V java.desktop@11.0.11 (372 bytes) @ 0x00000199e64cf750 [0x00000199e64cf0a0+0x00000000000006b0]
J 3310 c2 java.awt.Container.dispatchEventImpl(Ljava/awt/AWTEvent;)V java.desktop@11.0.11 (129 bytes) @ 0x00000199e64c8d10 [0x00000199e64c7420+0x00000000000018f0]
J 2944 c1 java.awt.Window.dispatchEventImpl(Ljava/awt/AWTEvent;)V java.desktop@11.0.11 (23 bytes) @ 0x00000199df40a72c [0x00000199df40a100+0x000000000000062c]
J 3805 c2 java.awt.EventQueue$4.run()Ljava/lang/Void; java.desktop@11.0.11 (60 bytes) @ 0x00000199e6540aa0 [0x00000199e65405a0+0x0000000000000500]
J 3808 c2 java.awt.EventQueue$4.run()Ljava/lang/Object; java.desktop@11.0.11 (5 bytes) @ 0x00000199e6542554 [0x00000199e6542520+0x0000000000000034]
v  ~StubRoutines::call_stub
J 1945  java.security.AccessController.doPrivileged(Ljava/security/PrivilegedAction;Ljava/security/AccessControlContext;)Ljava/lang/Object; java.base@11.0.11 (0 bytes) @ 0x00000199e63fb636 [0x00000199e63fb5c0+0x0000000000000076]
J 3810 c2 java.awt.EventQueue$5.run()Ljava/lang/Object; java.desktop@11.0.11 (5 bytes) @ 0x00000199e6542c60 [0x00000199e6542880+0x00000000000003e0]
v  ~StubRoutines::call_stub
J 1945  java.security.AccessController.doPrivileged(Ljava/security/PrivilegedAction;Ljava/security/AccessControlContext;)Ljava/lang/Object; java.base@11.0.11 (0 bytes) @ 0x00000199e63fb636 [0x00000199e63fb5c0+0x0000000000000076]
J 3236 c2 java.awt.EventQueue.dispatchEvent(Ljava/awt/AWTEvent;)V java.desktop@11.0.11 (80 bytes) @ 0x00000199e6492eac [0x00000199e6492960+0x000000000000054c]
J 3329 c2 java.awt.EventDispatchThread.pumpOneEventForFilters(I)V java.desktop@11.0.11 (113 bytes) @ 0x00000199e64d811c [0x00000199e64d7c40+0x00000000000004dc]
j  java.awt.EventDispatchThread.pumpEventsForFilter(ILjava/awt/Conditional;Ljava/awt/EventFilter;)V+35 java.desktop@11.0.11
j  java.awt.EventDispatchThread.pumpEventsForFilter(Ljava/awt/Conditional;Ljava/awt/EventFilter;)V+4 java.desktop@11.0.11
j  java.awt.WaitDispatchSupport$2.run()V+59 java.desktop@11.0.11
j  java.awt.WaitDispatchSupport$4.run()Ljava/lang/Void;+4 java.desktop@11.0.11
j  java.awt.WaitDispatchSupport$4.run()Ljava/lang/Object;+1 java.desktop@11.0.11
v  ~StubRoutines::call_stub
J 744  java.security.AccessController.doPrivileged(Ljava/security/PrivilegedAction;)Ljava/lang/Object; java.base@11.0.11 (0 bytes) @ 0x00000199e6387c22 [0x00000199e6387bc0+0x0000000000000062]
j  java.awt.WaitDispatchSupport.enter()Z+260 java.desktop@11.0.11
j  java.awt.Dialog.show()V+224 java.desktop@11.0.11
j  java.awt.Component.show(Z)V+5 java.desktop@11.0.11
j  java.awt.Component.setVisible(Z)V+2 java.desktop@11.0.11
j  java.awt.Window.setVisible(Z)V+2 java.desktop@11.0.11
j  java.awt.Dialog.setVisible(Z)V+2 java.desktop@11.0.11
j  cn.mypro.swing.childtab.childview.HVAJapanAVMView.showSourcesAddDialog()V+930
j  cn.mypro.swing.childtab.childview.HVAJapanAVMView$30.actionPerformed(Ljava/awt/event/ActionEvent;)V+4
j  javax.swing.AbstractButton.fireActionPerformed(Ljava/awt/event/ActionEvent;)V+83 java.desktop@11.0.11
j  javax.swing.AbstractButton$Handler.actionPerformed(Ljava/awt/event/ActionEvent;)V+5 java.desktop@11.0.11
j  javax.swing.DefaultButtonModel.fireActionPerformed(Ljava/awt/event/ActionEvent;)V+34 java.desktop@11.0.11
j  javax.swing.DefaultButtonModel.setPressed(Z)V+117 java.desktop@11.0.11
j  javax.swing.plaf.basic.BasicButtonListener.mouseReleased(Ljava/awt/event/MouseEvent;)V+35 java.desktop@11.0.11
j  java.awt.Component.processMouseEvent(Ljava/awt/event/MouseEvent;)V+64 java.desktop@11.0.11
j  javax.swing.JComponent.processMouseEvent(Ljava/awt/event/MouseEvent;)V+23 java.desktop@11.0.11
J 2962 c1 java.awt.Component.processEvent(Ljava/awt/AWTEvent;)V java.desktop@11.0.11 (220 bytes) @ 0x00000199df414fd4 [0x00000199df414980+0x0000000000000654]
J 2919 c1 java.awt.Container.processEvent(Ljava/awt/AWTEvent;)V java.desktop@11.0.11 (22 bytes) @ 0x00000199df3f283c [0x00000199df3f24e0+0x000000000000035c]
J 2926 c1 java.awt.Component.dispatchEventImpl(Ljava/awt/AWTEvent;)V java.desktop@11.0.11 (777 bytes) @ 0x00000199df3fba44 [0x00000199df3f7a40+0x0000000000004004]
J 3310 c2 java.awt.Container.dispatchEventImpl(Ljava/awt/AWTEvent;)V java.desktop@11.0.11 (129 bytes) @ 0x00000199e64c7f34 [0x00000199e64c7420+0x0000000000000b14]
J 3322 c2 java.awt.LightweightDispatcher.retargetMouseEvent(Ljava/awt/Component;ILjava/awt/event/MouseEvent;)V java.desktop@11.0.11 (372 bytes) @ 0x00000199e64cf750 [0x00000199e64cf0a0+0x00000000000006b0]
J 3310 c2 java.awt.Container.dispatchEventImpl(Ljava/awt/AWTEvent;)V java.desktop@11.0.11 (129 bytes) @ 0x00000199e64c8d10 [0x00000199e64c7420+0x00000000000018f0]
J 2944 c1 java.awt.Window.dispatchEventImpl(Ljava/awt/AWTEvent;)V java.desktop@11.0.11 (23 bytes) @ 0x00000199df40a72c [0x00000199df40a100+0x000000000000062c]
J 3491 c2 java.awt.EventQueue$4.run()Ljava/lang/Object; java.desktop@11.0.11 (5 bytes) @ 0x00000199e64ef4f0 [0x00000199e64eeb60+0x0000000000000990]
v  ~StubRoutines::call_stub
J 1945  java.security.AccessController.doPrivileged(Ljava/security/PrivilegedAction;Ljava/security/AccessControlContext;)Ljava/lang/Object; java.base@11.0.11 (0 bytes) @ 0x00000199e63fb636 [0x00000199e63fb5c0+0x0000000000000076]
J 2866 c1 java.awt.EventQueue$5.run()Ljava/lang/Object; java.desktop@11.0.11 (5 bytes) @ 0x00000199df3ba61c [0x00000199df3ba2c0+0x000000000000035c]
v  ~StubRoutines::call_stub
J 1945  java.security.AccessController.doPrivileged(Ljava/security/PrivilegedAction;Ljava/security/AccessControlContext;)Ljava/lang/Object; java.base@11.0.11 (0 bytes) @ 0x00000199e63fb636 [0x00000199e63fb5c0+0x0000000000000076]
J 3236 c2 java.awt.EventQueue.dispatchEvent(Ljava/awt/AWTEvent;)V java.desktop@11.0.11 (80 bytes) @ 0x00000199e6492eac [0x00000199e6492960+0x000000000000054c]
J 3329 c2 java.awt.EventDispatchThread.pumpOneEventForFilters(I)V java.desktop@11.0.11 (113 bytes) @ 0x00000199e64d811c [0x00000199e64d7c40+0x00000000000004dc]
j  java.awt.EventDispatchThread.pumpEventsForFilter(ILjava/awt/Conditional;Ljava/awt/EventFilter;)V+35 java.desktop@11.0.11
j  java.awt.EventDispatchThread.pumpEventsForFilter(Ljava/awt/Conditional;Ljava/awt/EventFilter;)V+4 java.desktop@11.0.11
j  java.awt.WaitDispatchSupport$2.run()V+59 java.desktop@11.0.11
j  java.awt.WaitDispatchSupport$4.run()Ljava/lang/Void;+4 java.desktop@11.0.11
j  java.awt.WaitDispatchSupport$4.run()Ljava/lang/Object;+1 java.desktop@11.0.11
v  ~StubRoutines::call_stub
J 744  java.security.AccessController.doPrivileged(Ljava/security/PrivilegedAction;)Ljava/lang/Object; java.base@11.0.11 (0 bytes) @ 0x00000199e6387c22 [0x00000199e6387bc0+0x0000000000000062]
j  java.awt.WaitDispatchSupport.enter()Z+260 java.desktop@11.0.11
j  java.awt.Dialog.show()V+224 java.desktop@11.0.11
j  java.awt.Component.show(Z)V+5 java.desktop@11.0.11
j  java.awt.Component.setVisible(Z)V+2 java.desktop@11.0.11
j  java.awt.Window.setVisible(Z)V+2 java.desktop@11.0.11
j  java.awt.Dialog.setVisible(Z)V+2 java.desktop@11.0.11
j  cn.mypro.swing.childtab.childview.HVAJapanAVMView.showSourcesDialog()V+375
j  cn.mypro.swing.childtab.childview.HVAJapanAVMView$15.actionPerformed(Ljava/awt/event/ActionEvent;)V+4
j  javax.swing.AbstractButton.fireActionPerformed(Ljava/awt/event/ActionEvent;)V+83 java.desktop@11.0.11
j  javax.swing.AbstractButton$Handler.actionPerformed(Ljava/awt/event/ActionEvent;)V+5 java.desktop@11.0.11
j  javax.swing.DefaultButtonModel.fireActionPerformed(Ljava/awt/event/ActionEvent;)V+34 java.desktop@11.0.11
j  javax.swing.DefaultButtonModel.setPressed(Z)V+117 java.desktop@11.0.11
j  javax.swing.plaf.basic.BasicButtonListener.mouseReleased(Ljava/awt/event/MouseEvent;)V+35 java.desktop@11.0.11
j  java.awt.Component.processMouseEvent(Ljava/awt/event/MouseEvent;)V+64 java.desktop@11.0.11
j  javax.swing.JComponent.processMouseEvent(Ljava/awt/event/MouseEvent;)V+23 java.desktop@11.0.11
J 2962 c1 java.awt.Component.processEvent(Ljava/awt/AWTEvent;)V java.desktop@11.0.11 (220 bytes) @ 0x00000199df414fd4 [0x00000199df414980+0x0000000000000654]
J 2919 c1 java.awt.Container.processEvent(Ljava/awt/AWTEvent;)V java.desktop@11.0.11 (22 bytes) @ 0x00000199df3f283c [0x00000199df3f24e0+0x000000000000035c]
J 2926 c1 java.awt.Component.dispatchEventImpl(Ljava/awt/AWTEvent;)V java.desktop@11.0.11 (777 bytes) @ 0x00000199df3fba44 [0x00000199df3f7a40+0x0000000000004004]
J 3310 c2 java.awt.Container.dispatchEventImpl(Ljava/awt/AWTEvent;)V java.desktop@11.0.11 (129 bytes) @ 0x00000199e64c7f34 [0x00000199e64c7420+0x0000000000000b14]
J 3322 c2 java.awt.LightweightDispatcher.retargetMouseEvent(Ljava/awt/Component;ILjava/awt/event/MouseEvent;)V java.desktop@11.0.11 (372 bytes) @ 0x00000199e64cf750 [0x00000199e64cf0a0+0x00000000000006b0]
J 3310 c2 java.awt.Container.dispatchEventImpl(Ljava/awt/AWTEvent;)V java.desktop@11.0.11 (129 bytes) @ 0x00000199e64c8d10 [0x00000199e64c7420+0x00000000000018f0]
J 2944 c1 java.awt.Window.dispatchEventImpl(Ljava/awt/AWTEvent;)V java.desktop@11.0.11 (23 bytes) @ 0x00000199df40a72c [0x00000199df40a100+0x000000000000062c]
J 3491 c2 java.awt.EventQueue$4.run()Ljava/lang/Object; java.desktop@11.0.11 (5 bytes) @ 0x00000199e64ef4f0 [0x00000199e64eeb60+0x0000000000000990]
v  ~StubRoutines::call_stub
J 1945  java.security.AccessController.doPrivileged(Ljava/security/PrivilegedAction;Ljava/security/AccessControlContext;)Ljava/lang/Object; java.base@11.0.11 (0 bytes) @ 0x00000199e63fb636 [0x00000199e63fb5c0+0x0000000000000076]
J 2866 c1 java.awt.EventQueue$5.run()Ljava/lang/Object; java.desktop@11.0.11 (5 bytes) @ 0x00000199df3ba61c [0x00000199df3ba2c0+0x000000000000035c]
v  ~StubRoutines::call_stub
J 1945  java.security.AccessController.doPrivileged(Ljava/security/PrivilegedAction;Ljava/security/AccessControlContext;)Ljava/lang/Object; java.base@11.0.11 (0 bytes) @ 0x00000199e63fb636 [0x00000199e63fb5c0+0x0000000000000076]
J 3236 c2 java.awt.EventQueue.dispatchEvent(Ljava/awt/AWTEvent;)V java.desktop@11.0.11 (80 bytes) @ 0x00000199e6492eac [0x00000199e6492960+0x000000000000054c]
J 3329 c2 java.awt.EventDispatchThread.pumpOneEventForFilters(I)V java.desktop@11.0.11 (113 bytes) @ 0x00000199e64d811c [0x00000199e64d7c40+0x00000000000004dc]
j  java.awt.EventDispatchThread.pumpEventsForFilter(ILjava/awt/Conditional;Ljava/awt/EventFilter;)V+35 java.desktop@11.0.11
j  java.awt.EventDispatchThread.pumpEventsForHierarchy(ILjava/awt/Conditional;Ljava/awt/Component;)V+11 java.desktop@11.0.11
j  java.awt.EventDispatchThread.pumpEvents(ILjava/awt/Conditional;)V+4 java.desktop@11.0.11
j  java.awt.EventDispatchThread.pumpEvents(Ljava/awt/Conditional;)V+3 java.desktop@11.0.11
j  java.awt.EventDispatchThread.run()V+9 java.desktop@11.0.11
v  ~StubRoutines::call_stub

siginfo: EXCEPTION_ACCESS_VIOLATION (0xc0000005), reading address 0xffffffffffffffff


Register to memory mapping:

RIP=0x000000006ee76520 points into unknown readable memory: c5 fc 28 51 40 c5 fc 28
RAX=0x00000199923b6410 points into unknown readable memory: 00 00 00 00 00 00 00 80
RBX=0x0000019992d8f5d0 points into unknown readable memory: 00 00 00 00 00 00 00 00
RCX=0x00000199923b6410 points into unknown readable memory: 00 00 00 00 00 00 00 80
RDX=0x0000000000000009 is an unknown value
RSP=0x00000033e34ee410 is pointing into the stack for thread: 0x000001998e392800
RBP=0x00000199923b5b50 points into unknown readable memory: 30 3b e0 fe 99 01 00 00
RSI=0x00000199923b7410 points into unknown readable memory: 09 00 00 00 01 00 00 00
RDI=0x0000000000000004 is an unknown value
R8 =0x000000006ee77580 points into unknown readable memory: e8 bb ff ff ff 48 81 c1
R9 =0x000000006ee76490 points into unknown readable memory: c5 fc 28 01 c5 fc 28 49
R10=0x00000199fee07240 points into unknown readable memory: 04 00 84 01 c4 00 64 01
R11=0x00000199fee214b0 points into unknown readable memory: 2d f3 b4 bc bb 64 b4 bc
R12=0x00000199fee21cb0 points into unknown readable memory: b8 16 b5 bc 9e a4 b5 bc
R13=0x0000000000000004 is an unknown value
R14=0x0000000000000184 is an unknown value
R15=0x000000006fab8f20 points into unknown readable memory: 88 0f c9 3b b6 c9 96 3c


Registers:
RAX=0x00000199923b6410, RBX=0x0000019992d8f5d0, RCX=0x00000199923b6410, RDX=0x0000000000000009
RSP=0x00000033e34ee410, RBP=0x00000199923b5b50, RSI=0x00000199923b7410, RDI=0x0000000000000004
R8 =0x000000006ee77580, R9 =0x000000006ee76490, R10=0x00000199fee07240, R11=0x00000199fee214b0
R12=0x00000199fee21cb0, R13=0x0000000000000004, R14=0x0000000000000184, R15=0x000000006fab8f20
RIP=0x000000006ee76520, EFLAGS=0x0000000000010202

Top of Stack: (sp=0x00000033e34ee410)
0x00000033e34ee410:   000000006ee76665 000000006ee774c5
0x00000033e34ee420:   000000006ee77505 000000006ee77545
0x00000033e34ee430:   000000006ee77585 000000006ee79426
0x00000033e34ee440:   000000006fa67a80 00000199923b6410
0x00000033e34ee450:   0000019992d91a90 0000000602e0ba00
0x00000033e34ee460:   3fe0000000000000 0000000000000000
0x00000033e34ee470:   40c7760000000000 0000000000000000
0x00000033e34ee480:   3fe0000000000000 0000000000000001
0x00000033e34ee490:   0000019992d92a90 000000006ea45d24
0x00000033e34ee4a0:   3f40624dd2f1a9fc 0000000000000000
0x00000033e34ee4b0:   0000000000000000 0000000000000000
0x00000033e34ee4c0:   00000000c0548a15 0000000000000000
0x00000033e34ee4d0:   0000019992d9b990 000000006fab7320
0x00000033e34ee4e0:   00000000000000d8 0000019992d8f530
0x00000033e34ee4f0:   0000000000000001 00000199923b5b50
0x00000033e34ee500:   00000199923b5bd0 0000000000000000 

Instructions: (pc=0x000000006ee76520)
0x000000006ee76500:   c4 e3 5d 0c c0 55 c5 e4 5c c8 c5 e4 58 c0 c5 fc
0x000000006ee76510:   29 01 c5 fc 29 49 20 c3 0f 1f 84 00 00 00 00 00
0x000000006ee76520:   c5 fc 28 51 40 c5 fc 28 59 60 c5 ec 5c fb c5 ec
0x000000006ee76530:   58 d3 c5 c4 57 3d 26 41 84 00 c5 ec c6 df be c5 


Stack slot to memory mapping:
stack at sp + 0 slots: 0x000000006ee76665 points into unknown readable memory: c5 fc 28
stack at sp + 1 slots: 0x000000006ee774c5 points into unknown readable memory: 48 81 c1
stack at sp + 2 slots: 0x000000006ee77505 points into unknown readable memory: 48 81 c1
stack at sp + 3 slots: 0x000000006ee77545 points into unknown readable memory: 48 81 c1
stack at sp + 4 slots: 0x000000006ee77585 points into unknown readable memory: 48 81 c1
stack at sp + 5 slots: 0x000000006ee79426 points into unknown readable memory: 8b 4e
stack at sp + 6 slots: 0x000000006fa67a80 points into unknown readable memory: 47 b1 37 38 89 e0 f8 38
stack at sp + 7 slots: 0x00000199923b6410 points into unknown readable memory: 00 00 00 00 00 00 00 80


---------------  P R O C E S S  ---------------

Threads class SMR info:
_java_thread_list=0x000001998e7f3880, length=20, elements={
0x00000199fcb0c000, 0x00000199fcb36000, 0x00000199fcb98800, 0x00000199fcb9a800,
0x00000199fcb9c000, 0x00000199fcbad800, 0x00000199fcbbe800, 0x00000199fc1ea800,
0x00000199fd0b2800, 0x00000199fd0b3800, 0x00000199fd4a1800, 0x00000199fd46a000,
0x00000199feb15000, 0x000001998e5dd800, 0x000001998e392800, 0x00000199fecc8000,
0x00000199d4c01000, 0x000001998eaec000, 0x00000199feb09000, 0x000001998e991800
}

Java Threads: ( => current thread )
  0x00000199fcb0c000 JavaThread "Reference Handler" daemon [_thread_blocked, id=12604, stack(0x00000033e2700000,0x00000033e2800000)]
  0x00000199fcb36000 JavaThread "Finalizer" daemon [_thread_blocked, id=11432, stack(0x00000033e2800000,0x00000033e2900000)]
  0x00000199fcb98800 JavaThread "Signal Dispatcher" daemon [_thread_blocked, id=16772, stack(0x00000033e2900000,0x00000033e2a00000)]
  0x00000199fcb9a800 JavaThread "Attach Listener" daemon [_thread_blocked, id=12536, stack(0x00000033e2a00000,0x00000033e2b00000)]
  0x00000199fcb9c000 JavaThread "C2 CompilerThread0" daemon [_thread_blocked, id=17404, stack(0x00000033e2b00000,0x00000033e2c00000)]
  0x00000199fcbad800 JavaThread "C1 CompilerThread0" daemon [_thread_blocked, id=17136, stack(0x00000033e2c00000,0x00000033e2d00000)]
  0x00000199fcbbe800 JavaThread "Sweeper thread" daemon [_thread_blocked, id=7704, stack(0x00000033e2d00000,0x00000033e2e00000)]
  0x00000199fc1ea800 JavaThread "Common-Cleaner" daemon [_thread_blocked, id=13028, stack(0x00000033e2e00000,0x00000033e2f00000)]
  0x00000199fd0b2800 JavaThread "Monitor Ctrl-Break" daemon [_thread_in_native, id=17352, stack(0x00000033e3000000,0x00000033e3100000)]
  0x00000199fd0b3800 JavaThread "Service Thread" daemon [_thread_blocked, id=4852, stack(0x00000033e3100000,0x00000033e3200000)]
  0x00000199fd4a1800 JavaThread "Java2D Disposer" daemon [_thread_blocked, id=15832, stack(0x00000033e3300000,0x00000033e3400000)]
  0x00000199fd46a000 JavaThread "AWT-Windows" daemon [_thread_in_native, id=13624, stack(0x00000033e3500000,0x00000033e3600000)]
  0x00000199feb15000 JavaThread "oracle.jdbc.driver.BlockSource.ThreadedCachingBlockSource.BlockReleaser" daemon [_thread_blocked, id=13600, stack(0x00000033e3a00000,0x00000033e3b00000)]
  0x000001998e5dd800 JavaThread "AWT-Shutdown" [_thread_blocked, id=9760, stack(0x00000033e2f00000,0x00000033e3000000)]
=>0x000001998e392800 JavaThread "AWT-EventQueue-0" [_thread_in_native, id=8232, stack(0x00000033e3400000,0x00000033e3500000)]
  0x00000199fecc8000 JavaThread "Swing-Shell" daemon [_thread_blocked, id=5872, stack(0x00000033e3900000,0x00000033e3a00000)]
  0x00000199d4c01000 JavaThread "DestroyJavaVM" [_thread_blocked, id=11076, stack(0x00000033e2000000,0x00000033e2100000)]
  0x000001998eaec000 JavaThread "D3D Screen Updater" daemon [_thread_blocked, id=12944, stack(0x00000033e4d00000,0x00000033e4e00000)]
  0x00000199feb09000 JavaThread "TimerQueue" daemon [_thread_blocked, id=13216, stack(0x00000033e4e00000,0x00000033e4f00000)]
  0x000001998e991800 JavaThread "C2 CompilerThread1" daemon [_thread_blocked, id=2376, stack(0x00000033e3600000,0x00000033e3700000)]

Other Threads:
  0x00000199fcb0b000 VMThread "VM Thread" [stack: 0x00000033e2600000,0x00000033e2700000] [id=9548]
  0x00000199fd0cd000 WatcherThread [stack: 0x00000033e3200000,0x00000033e3300000] [id=8448]
  0x00000199d4c16000 GCTaskThread "GC Thread#0" [stack: 0x00000033e2100000,0x00000033e2200000] [id=6988]
  0x00000199fecaf800 GCTaskThread "GC Thread#1" [stack: 0x00000033e3c00000,0x00000033e3d00000] [id=3896]
  0x00000199fe298800 GCTaskThread "GC Thread#2" [stack: 0x00000033e3d00000,0x00000033e3e00000] [id=17188]
  0x00000199fe370800 GCTaskThread "GC Thread#3" [stack: 0x00000033e3e00000,0x00000033e3f00000] [id=16612]
  0x00000199fe371800 GCTaskThread "GC Thread#4" [stack: 0x00000033e3f00000,0x00000033e4000000] [id=12348]
  0x000001998e4a8000 GCTaskThread "GC Thread#5" [stack: 0x00000033e4000000,0x00000033e4100000] [id=17024]
  0x00000199fed13000 GCTaskThread "GC Thread#6" [stack: 0x00000033e4100000,0x00000033e4200000] [id=4268]
  0x000001998e44b800 GCTaskThread "GC Thread#7" [stack: 0x00000033e4200000,0x00000033e4300000] [id=16404]
  0x00000199fed77800 GCTaskThread "GC Thread#8" [stack: 0x00000033e4300000,0x00000033e4400000] [id=4640]
  0x00000199fed78800 GCTaskThread "GC Thread#9" [stack: 0x00000033e4400000,0x00000033e4500000] [id=17384]
  0x00000199d4c96800 ConcurrentGCThread "G1 Main Marker" [stack: 0x00000033e2200000,0x00000033e2300000] [id=9848]
  0x00000199d4c98000 ConcurrentGCThread "G1 Conc#0" [stack: 0x00000033e2300000,0x00000033e2400000] [id=12680]
  0x000001998e66a800 ConcurrentGCThread "G1 Conc#1" [stack: 0x00000033e4500000,0x00000033e4600000] [id=7004]
  0x000001998e66b800 ConcurrentGCThread "G1 Conc#2" [stack: 0x00000033e4600000,0x00000033e4700000] [id=16668]
  0x00000199fc164000 ConcurrentGCThread "G1 Refine#0" [stack: 0x00000033e2400000,0x00000033e2500000] [id=16952]
  0x00000199fc165000 ConcurrentGCThread "G1 Young RemSet Sampling" [stack: 0x00000033e2500000,0x00000033e2600000] [id=1420]

Threads with active compile tasks:

VM state:not at safepoint (normal execution)

VM Mutex/Monitor currently owned by a thread: None

Heap address: 0x0000000602800000, size: 8152 MB, Compressed Oops mode: Zero based, Oop shift amount: 3
Narrow klass base: 0x0000000800000000, Narrow klass shift: 0
Compressed class space size: 1073741824 Address: 0x0000000800000000

Heap:
 garbage-first heap   total 96256K, used 36028K [0x0000000602800000, 0x0000000800000000)
  region size 2048K, 10 young (20480K), 0 survivors (0K)
 Metaspace       used 34830K, capacity 35488K, committed 35712K, reserved 1081344K
  class space    used 3904K, capacity 4208K, committed 4224K, reserved 1048576K
Heap Regions: E=young(eden), S=young(survivor), O=old, HS=humongous(starts), HC=humongous(continues), CS=collection set, F=free, A=archive, TAMS=top-at-mark-start (previous, next)
|   0|0x0000000602800000, 0x00000006029f69c8, 0x0000000602a00000| 98%| O|  |TAMS 0x0000000602800000, 0x0000000602800000| Untracked 
|   1|0x0000000602a00000, 0x0000000602bfa6f8, 0x0000000602c00000| 98%| O|  |TAMS 0x0000000602a00000, 0x0000000602a00000| Untracked 
|   2|0x0000000602c00000, 0x0000000602dd02b8, 0x0000000602e00000| 90%| O|  |TAMS 0x0000000602c00000, 0x0000000602c00000| Untracked 
|   3|0x0000000602e00000, 0x0000000602fb4bb8, 0x0000000603000000| 85%| O|  |TAMS 0x0000000602e00000, 0x0000000602e00000| Untracked 
|   4|0x0000000603000000, 0x00000006030e7bd8, 0x0000000603200000| 45%| O|  |TAMS 0x0000000603000000, 0x0000000603000000| Untracked 
|   5|0x0000000603200000, 0x00000006033076f8, 0x0000000603400000| 51%| O|  |TAMS 0x0000000603200000, 0x0000000603200000| Untracked 
|   6|0x0000000603400000, 0x0000000603400000, 0x0000000603600000|  0%| F|  |TAMS 0x0000000603400000, 0x0000000603400000| Untracked 
|   7|0x0000000603600000, 0x0000000603600000, 0x0000000603800000|  0%| F|  |TAMS 0x0000000603600000, 0x0000000603600000| Untracked 
|   8|0x0000000603800000, 0x0000000603800000, 0x0000000603a00000|  0%| F|  |TAMS 0x0000000603800000, 0x0000000603800000| Untracked 
|   9|0x0000000603a00000, 0x0000000603a00000, 0x0000000603c00000|  0%| F|  |TAMS 0x0000000603a00000, 0x0000000603a00000| Untracked 
|  10|0x0000000603c00000, 0x0000000603c00000, 0x0000000603e00000|  0%| F|  |TAMS 0x0000000603c00000, 0x0000000603c00000| Untracked 
|  11|0x0000000603e00000, 0x0000000604000000, 0x0000000604000000|100%|HS|  |TAMS 0x0000000603e00000, 0x0000000603e00000| Untracked 
|  12|0x0000000604000000, 0x0000000604200000, 0x0000000604200000|100%|HC|  |TAMS 0x0000000604000000, 0x0000000604000000| Untracked 
|  13|0x0000000604200000, 0x0000000604400000, 0x0000000604400000|100%|HC|  |TAMS 0x0000000604200000, 0x0000000604200000| Untracked 
|  14|0x0000000604400000, 0x0000000604600000, 0x0000000604600000|100%|HC|  |TAMS 0x0000000604400000, 0x0000000604400000| Untracked 
|  15|0x0000000604600000, 0x0000000604600000, 0x0000000604800000|  0%| F|  |TAMS 0x0000000604600000, 0x0000000604600000| Untracked 
|  16|0x0000000604800000, 0x0000000604800000, 0x0000000604a00000|  0%| F|  |TAMS 0x0000000604800000, 0x0000000604800000| Untracked 
|  17|0x0000000604a00000, 0x0000000604a00000, 0x0000000604c00000|  0%| F|  |TAMS 0x0000000604a00000, 0x0000000604a00000| Untracked 
|  18|0x0000000604c00000, 0x0000000604c00000, 0x0000000604e00000|  0%| F|  |TAMS 0x0000000604c00000, 0x0000000604c00000| Untracked 
|  19|0x0000000604e00000, 0x0000000604e00000, 0x0000000605000000|  0%| F|  |TAMS 0x0000000604e00000, 0x0000000604e00000| Untracked 
|  20|0x0000000605000000, 0x0000000605000000, 0x0000000605200000|  0%| F|  |TAMS 0x0000000605000000, 0x0000000605000000| Untracked 
|  21|0x0000000605200000, 0x0000000605200000, 0x0000000605400000|  0%| F|  |TAMS 0x0000000605200000, 0x0000000605200000| Untracked 
|  22|0x0000000605400000, 0x0000000605400000, 0x0000000605600000|  0%| F|  |TAMS 0x0000000605400000, 0x0000000605400000| Untracked 
|  23|0x0000000605600000, 0x0000000605600000, 0x0000000605800000|  0%| F|  |TAMS 0x0000000605600000, 0x0000000605600000| Untracked 
|  24|0x0000000605800000, 0x0000000605800000, 0x0000000605a00000|  0%| F|  |TAMS 0x0000000605800000, 0x0000000605800000| Untracked 
|  25|0x0000000605a00000, 0x0000000605a00000, 0x0000000605c00000|  0%| F|  |TAMS 0x0000000605a00000, 0x0000000605a00000| Untracked 
|  26|0x0000000605c00000, 0x0000000605c00000, 0x0000000605e00000|  0%| F|  |TAMS 0x0000000605c00000, 0x0000000605c00000| Untracked 
|  27|0x0000000605e00000, 0x0000000605e00000, 0x0000000606000000|  0%| F|  |TAMS 0x0000000605e00000, 0x0000000605e00000| Untracked 
|  28|0x0000000606000000, 0x0000000606000000, 0x0000000606200000|  0%| F|  |TAMS 0x0000000606000000, 0x0000000606000000| Untracked 
|  29|0x0000000606200000, 0x0000000606200000, 0x0000000606400000|  0%| F|  |TAMS 0x0000000606200000, 0x0000000606200000| Untracked 
|  30|0x0000000606400000, 0x0000000606400000, 0x0000000606600000|  0%| F|  |TAMS 0x0000000606400000, 0x0000000606400000| Untracked 
|  31|0x0000000606600000, 0x0000000606600000, 0x0000000606800000|  0%| F|  |TAMS 0x0000000606600000, 0x0000000606600000| Untracked 
|  32|0x0000000606800000, 0x0000000606800000, 0x0000000606a00000|  0%| F|  |TAMS 0x0000000606800000, 0x0000000606800000| Untracked 
|  33|0x0000000606a00000, 0x0000000606a6d970, 0x0000000606c00000| 21%| E|  |TAMS 0x0000000606a00000, 0x0000000606a00000| Complete 
|  34|0x0000000606c00000, 0x0000000606e00000, 0x0000000606e00000|100%| E|CS|TAMS 0x0000000606c00000, 0x0000000606c00000| Complete 
|  35|0x0000000606e00000, 0x0000000607000000, 0x0000000607000000|100%| E|CS|TAMS 0x0000000606e00000, 0x0000000606e00000| Complete 
|  36|0x0000000607000000, 0x0000000607200000, 0x0000000607200000|100%| E|  |TAMS 0x0000000607000000, 0x0000000607000000| Complete 
|  37|0x0000000607200000, 0x0000000607400000, 0x0000000607400000|100%| E|CS|TAMS 0x0000000607200000, 0x0000000607200000| Complete 
|  38|0x0000000607400000, 0x0000000607600000, 0x0000000607600000|100%| E|CS|TAMS 0x0000000607400000, 0x0000000607400000| Complete 
|  39|0x0000000607600000, 0x0000000607800000, 0x0000000607800000|100%| E|CS|TAMS 0x0000000607600000, 0x0000000607600000| Complete 
|  40|0x0000000607800000, 0x0000000607a00000, 0x0000000607a00000|100%| E|CS|TAMS 0x0000000607800000, 0x0000000607800000| Complete 
|  41|0x0000000607a00000, 0x0000000607c00000, 0x0000000607c00000|100%| E|CS|TAMS 0x0000000607a00000, 0x0000000607a00000| Complete 
|  42|0x0000000607c00000, 0x0000000607e00000, 0x0000000607e00000|100%| E|CS|TAMS 0x0000000607c00000, 0x0000000607c00000| Complete 
|  83|0x000000060ce00000, 0x000000060ce0bae0, 0x000000060d000000|  2%| O|  |TAMS 0x000000060ce00000, 0x000000060ce00000| Untracked 
|  84|0x000000060d000000, 0x000000060d0d1960, 0x000000060d200000| 40%| O|  |TAMS 0x000000060d000000, 0x000000060d000000| Untracked 
| 157|0x0000000616200000, 0x000000061629d0c0, 0x0000000616400000| 30%| O|  |TAMS 0x0000000616200000, 0x0000000616200000| Untracked 
| 158|0x0000000616400000, 0x000000061644fc80, 0x0000000616600000| 15%| O|  |TAMS 0x0000000616400000, 0x0000000616400000| Untracked 

Card table byte_map: [0x00000199ef500000,0x00000199f04f0000] _byte_map_base: 0x00000199ec4ec000

Marking Bits (Prev, Next): (CMBitMap*) 0x00000199d4c85e00, (CMBitMap*) 0x00000199d4c85dc8
 Prev Bits: [0x0000019980000000, 0x0000019987f60000)
 Next Bits: [0x00000199f14e0000, 0x00000199f9440000)

Polling page: 0x00000199de860000

Metaspace:

Usage:
  Non-class:     30.55 MB capacity,    30.20 MB ( 99%) used,   269.51 KB ( <1%) free+waste,    84.88 KB ( <1%) overhead. 
      Class:      4.11 MB capacity,     3.81 MB ( 93%) used,   262.80 KB (  6%) free+waste,    40.69 KB ( <1%) overhead. 
       Both:     34.66 MB capacity,    34.01 MB ( 98%) used,   532.31 KB (  1%) free+waste,   125.56 KB ( <1%) overhead. 

Virtual space:
  Non-class space:       32.00 MB reserved,      30.75 MB ( 96%) committed 
      Class space:        1.00 GB reserved,       4.13 MB ( <1%) committed 
             Both:        1.03 GB reserved,      34.88 MB (  3%) committed 

Chunk freelists:
   Non-Class:  2.00 KB
       Class:  2.00 KB
        Both:  4.00 KB

CodeHeap 'non-profiled nmethods': size=120000Kb used=2149Kb max_used=2149Kb free=117851Kb
 bounds [0x00000199e6350000, 0x00000199e65c0000, 0x00000199ed880000]
CodeHeap 'profiled nmethods': size=120000Kb used=8611Kb max_used=8611Kb free=111388Kb
 bounds [0x00000199dee20000, 0x00000199df690000, 0x00000199e6350000]
CodeHeap 'non-nmethods': size=5760Kb used=1358Kb max_used=1386Kb free=4401Kb
 bounds [0x00000199de880000, 0x00000199deaf0000, 0x00000199dee20000]
 total_blobs=4817 nmethods=4032 adapters=693
 compilation: enabled
              stopped_count=0, restarted_count=0
 full_count=0

Compilation events (10 events):
Event: 32.741 Thread 0x00000199fcb9c000 4028   !   4       java.util.zip.InflaterInputStream::read (138 bytes)
Event: 32.743 Thread 0x000001998e991800 4030   !   4       java.util.zip.Inflater::inflate (418 bytes)
Event: 32.747 Thread 0x00000199fcb9c000 nmethod 4028 0x00000199e6566d10 code [0x00000199e6566ee0, 0x00000199e65678b8]
Event: 32.747 Thread 0x000001998e991800 nmethod 4030 0x00000199e6567e10 code [0x00000199e6567fe0, 0x00000199e6568738]
Event: 32.788 Thread 0x000001998e98c800 4031       4       java.io.FilterInputStream::read (11 bytes)
Event: 32.789 Thread 0x000001998e98c800 nmethod 4031 0x00000199e6568d90 code [0x00000199e6568f20, 0x00000199e6568fe8]
Event: 32.814 Thread 0x00000199fcb9c000 4032       4       java.io.FileOutputStream::write (20 bytes)
Event: 32.814 Thread 0x00000199fcb9c000 nmethod 4032 0x00000199e6569110 code [0x00000199e65692a0, 0x00000199e6569348]
Event: 32.911 Thread 0x00000199fcbad800 4033       3       java.lang.ClassLoader::findNative (81 bytes)
Event: 32.912 Thread 0x00000199fcbad800 nmethod 4033 0x00000199df687f90 code [0x00000199df6881e0, 0x00000199df688a18]

GC Heap History (8 events):
Event: 0.993 GC heap before
{Heap before GC invocations=0 (full 0):
 garbage-first heap   total 522240K, used 22528K [0x0000000602800000, 0x0000000800000000)
  region size 2048K, 12 young (24576K), 0 survivors (0K)
 Metaspace       used 20603K, capacity 21115K, committed 21248K, reserved 1069056K
  class space    used 2226K, capacity 2470K, committed 2560K, reserved 1048576K
}
Event: 0.998 GC heap after
{Heap after GC invocations=1 (full 0):
 garbage-first heap   total 522240K, used 6047K [0x0000000602800000, 0x0000000800000000)
  region size 2048K, 2 young (4096K), 2 survivors (4096K)
 Metaspace       used 20603K, capacity 21115K, committed 21248K, reserved 1069056K
  class space    used 2226K, capacity 2470K, committed 2560K, reserved 1048576K
}
Event: 2.410 GC heap before
{Heap before GC invocations=2 (full 0):
 garbage-first heap   total 522240K, used 24479K [0x0000000602800000, 0x0000000800000000)
  region size 2048K, 12 young (24576K), 2 survivors (4096K)
 Metaspace       used 28819K, capacity 29374K, committed 29568K, reserved 1075200K
  class space    used 3342K, capacity 3596K, committed 3712K, reserved 1048576K
}
Event: 2.414 GC heap after
{Heap after GC invocations=3 (full 0):
 garbage-first heap   total 522240K, used 8709K [0x0000000602800000, 0x0000000800000000)
  region size 2048K, 2 young (4096K), 2 survivors (4096K)
 Metaspace       used 28819K, capacity 29374K, committed 29568K, reserved 1075200K
  class space    used 3342K, capacity 3596K, committed 3712K, reserved 1048576K
}
Event: 15.936 GC heap before
{Heap before GC invocations=3 (full 0):
 garbage-first heap   total 522240K, used 88581K [0x0000000602800000, 0x0000000800000000)
  region size 2048K, 26 young (53248K), 2 survivors (4096K)
 Metaspace       used 32395K, capacity 33043K, committed 33280K, reserved 1079296K
  class space    used 3693K, capacity 3971K, committed 4096K, reserved 1048576K
}
Event: 15.939 GC heap after
{Heap after GC invocations=4 (full 0):
 garbage-first heap   total 522240K, used 13507K [0x0000000602800000, 0x0000000800000000)
  region size 2048K, 3 young (6144K), 3 survivors (6144K)
 Metaspace       used 32395K, capacity 33043K, committed 33280K, reserved 1079296K
  class space    used 3693K, capacity 3971K, committed 4096K, reserved 1048576K
}
Event: 32.126 GC heap before
{Heap before GC invocations=4 (full 0):
 garbage-first heap   total 522240K, used 62659K [0x0000000602800000, 0x0000000800000000)
  region size 2048K, 17 young (34816K), 3 survivors (6144K)
 Metaspace       used 33182K, capacity 33836K, committed 34048K, reserved 1079296K
  class space    used 3761K, capacity 4040K, committed 4096K, reserved 1048576K
}
Event: 32.143 GC heap after
{Heap after GC invocations=5 (full 1):
 garbage-first heap   total 96256K, used 19644K [0x0000000602800000, 0x0000000800000000)
  region size 2048K, 0 young (0K), 0 survivors (0K)
 Metaspace       used 33182K, capacity 33836K, committed 34048K, reserved 1079296K
  class space    used 3761K, capacity 4040K, committed 4096K, reserved 1048576K
}

Deoptimization events (10 events):
Event: 32.149 Thread 0x000001998e392800 Uncommon trap: reason=speculate_class_check action=maybe_recompile pc=0x00000199e653463c method=java.util.Hashtable.addEntry(ILjava/lang/Object;Ljava/lang/Object;I)V @ 18 c2
Event: 32.188 Thread 0x000001998e392800 Uncommon trap: reason=speculate_class_check action=maybe_recompile pc=0x00000199e653463c method=java.util.Hashtable.addEntry(ILjava/lang/Object;Ljava/lang/Object;I)V @ 18 c2
Event: 32.188 Thread 0x000001998e392800 Uncommon trap: reason=speculate_class_check action=maybe_recompile pc=0x00000199e653463c method=java.util.Hashtable.addEntry(ILjava/lang/Object;Ljava/lang/Object;I)V @ 18 c2
Event: 32.190 Thread 0x000001998e392800 Uncommon trap: reason=class_check action=maybe_recompile pc=0x00000199e650223c method=java.io.BufferedInputStream.read1([BII)I @ 39 c2
Event: 32.206 Thread 0x000001998e392800 Uncommon trap: reason=speculate_class_check action=maybe_recompile pc=0x00000199e653463c method=java.util.Hashtable.addEntry(ILjava/lang/Object;Ljava/lang/Object;I)V @ 18 c2
Event: 32.214 Thread 0x000001998e392800 Uncommon trap: reason=unstable_if action=reinterpret pc=0x00000199e645b2a0 method=java.util.HashMap.removeNode(ILjava/lang/Object;Ljava/lang/Object;ZZ)Ljava/util/HashMap$Node; @ 58 c2
Event: 32.249 Thread 0x000001998e392800 Uncommon trap: reason=unstable_if action=reinterpret pc=0x00000199e6551a3c method=java.util.jar.Manifest$FastInputStream.peek()B @ 23 c2
Event: 32.926 Thread 0x000001998e392800 Uncommon trap: reason=unstable_if action=reinterpret pc=0x00000199e654c094 method=java.lang.ThreadLocal$ThreadLocalMap.getEntry(Ljava/lang/ThreadLocal;)Ljava/lang/ThreadLocal$ThreadLocalMap$Entry; @ 29 c2
Event: 32.926 Thread 0x000001998e392800 Uncommon trap: reason=unstable_if action=reinterpret pc=0x00000199e650ee48 method=java.security.AccessControlContext.optimize()Ljava/security/AccessControlContext; @ 220 c2
Event: 32.926 Thread 0x000001998e392800 Uncommon trap: reason=unstable_if action=reinterpret pc=0x00000199e654e41c method=java.lang.ThreadLocal$ThreadLocalMap.getEntry(Ljava/lang/ThreadLocal;)Ljava/lang/ThreadLocal$ThreadLocalMap$Entry; @ 29 c2

Classes redefined (0 events):
No events

Internal exceptions (10 events):
Event: 3.136 Thread 0x00000199d4c01000 Exception <a 'java/lang/NoSuchMethodError'{0x00000006220bf0d8}: java.lang.invoke.Invokers$Holder.linkToTargetMethod(Ljava/lang/Object;ILjava/lang/Object;)Ljava/lang/Object;> (0x00000006220bf0d8) thrown at [./open/src/hotspot/share/interpreter/linkResolver
Event: 3.208 Thread 0x00000199d4c01000 Exception <a 'java/lang/NoSuchMethodError'{0x0000000621e83ba8}: java.lang.invoke.DirectMethodHandle$Holder.invokeSpecial(Ljava/lang/Object;Ljava/lang/Object;IIILjava/lang/Object;Ljava/lang/Object;Ljava/lang/Object;Ljava/lang/Object;)Ljava/lang/Object;> (0
Event: 3.208 Thread 0x00000199d4c01000 Exception <a 'java/lang/NoSuchMethodError'{0x0000000621e87358}: java.lang.invoke.DelegatingMethodHandle$Holder.reinvoke_L(Ljava/lang/Object;IIILjava/lang/Object;Ljava/lang/Object;Ljava/lang/Object;Ljava/lang/Object;)Ljava/lang/Object;> (0x0000000621e87358
Event: 3.210 Thread 0x00000199d4c01000 Exception <a 'java/lang/NoSuchMethodError'{0x0000000621ec6f68}: java.lang.invoke.DirectMethodHandle$Holder.invokeStatic(Ljava/lang/Object;Ljava/lang/Object;Ljava/lang/Object;Ljava/lang/Object;Ljava/lang/Object;Ljava/lang/Object;Ljava/lang/Object;Ljava/lan
Event: 12.721 Thread 0x000001998e392800 Implicit null exception at 0x00000199e641bad0 to 0x00000199e641bb2f
Event: 31.055 Thread 0x000001998e392800 Exception <a 'java/lang/NoSuchMethodError'{0x0000000620ae8508}: java.lang.invoke.DirectMethodHandle$Holder.invokeSpecial(Ljava/lang/Object;Ljava/lang/Object;Ljava/lang/Object;Ljava/lang/Object;Ljava/lang/Object;)V> (0x0000000620ae8508) thrown at [./open/s
Event: 32.262 Thread 0x000001998e392800 Exception <a 'java/lang/NoSuchMethodError'{0x0000000606d48088}: java.lang.invoke.DirectMethodHandle$Holder.invokeStatic(Ljava/lang/Object;IIII)Ljava/lang/Object;> (0x0000000606d48088) thrown at [./open/src/hotspot/share/interpreter/linkResolver.cpp, line 
Event: 32.262 Thread 0x000001998e392800 Exception <a 'java/lang/NoSuchMethodError'{0x0000000606d4bc40}: java.lang.invoke.DirectMethodHandle$Holder.invokeStaticInit(Ljava/lang/Object;IIII)Ljava/lang/Object;> (0x0000000606d4bc40) thrown at [./open/src/hotspot/share/interpreter/linkResolver.cpp, l
Event: 32.734 Thread 0x000001998e392800 Exception <a 'java/lang/NoSuchMethodError'{0x0000000606a025a0}: java.lang.invoke.DirectMethodHandle$Holder.invokeStatic(Ljava/lang/Object;Ljava/lang/Object;IIII)Ljava/lang/Object;> (0x0000000606a025a0) thrown at [./open/src/hotspot/share/interpreter/linkR
Event: 32.734 Thread 0x000001998e392800 Exception <a 'java/lang/NoSuchMethodError'{0x0000000606a06388}: java.lang.invoke.DirectMethodHandle$Holder.invokeStaticInit(Ljava/lang/Object;Ljava/lang/Object;IIII)Ljava/lang/Object;> (0x0000000606a06388) thrown at [./open/src/hotspot/share/interpreter/l

Events (10 events):
Event: 32.913 loading class com/xuggle/xuggler/IContainerFormat done
Event: 32.926 Thread 0x000001998e392800 Uncommon trap: trap_request=0xffffff4d fr.pc=0x00000199e654c094 relative=0x0000000000000154
Event: 32.926 Thread 0x000001998e392800 DEOPT PACKING pc=0x00000199e654c094 sp=0x00000033e34edb50
Event: 32.926 Thread 0x000001998e392800 DEOPT UNPACKING pc=0x00000199de8a68af sp=0x00000033e34eda90 mode 2
Event: 32.926 Thread 0x000001998e392800 Uncommon trap: trap_request=0xffffff4d fr.pc=0x00000199e650ee48 relative=0x0000000000000308
Event: 32.926 Thread 0x000001998e392800 DEOPT PACKING pc=0x00000199e650ee48 sp=0x00000033e34ed980
Event: 32.926 Thread 0x000001998e392800 DEOPT UNPACKING pc=0x00000199de8a68af sp=0x00000033e34ed878 mode 2
Event: 32.926 Thread 0x000001998e392800 Uncommon trap: trap_request=0xffffff4d fr.pc=0x00000199e654e41c relative=0x00000000000000fc
Event: 32.926 Thread 0x000001998e392800 DEOPT PACKING pc=0x00000199e654e41c sp=0x00000033e34edaa0
Event: 32.926 Thread 0x000001998e392800 DEOPT UNPACKING pc=0x00000199de8a68af sp=0x00000033e34eda58 mode 2


Dynamic libraries:
0x00007ff7ad550000 - 0x00007ff7ad55f000 	C:\Program Files\Java\jdk-11.0.11\bin\java.exe
0x00007ffe7ff70000 - 0x00007ffe80165000 	C:\WINDOWS\SYSTEM32\ntdll.dll
0x00007ffe7e220000 - 0x00007ffe7e2dd000 	C:\WINDOWS\System32\KERNEL32.DLL
0x00007ffe7db50000 - 0x00007ffe7de19000 	C:\WINDOWS\System32\KERNELBASE.dll
0x00007ffe7de20000 - 0x00007ffe7df20000 	C:\WINDOWS\System32\ucrtbase.dll
0x00007ffe62760000 - 0x00007ffe62775000 	C:\Program Files\Java\jdk-11.0.11\bin\VCRUNTIME140.dll
0x00007ffe791a0000 - 0x00007ffe791b8000 	C:\Program Files\Java\jdk-11.0.11\bin\jli.dll
0x00007ffe7ed90000 - 0x00007ffe7ee3c000 	C:\WINDOWS\System32\ADVAPI32.dll
0x00007ffe7ec30000 - 0x00007ffe7ecce000 	C:\WINDOWS\System32\msvcrt.dll
0x00007ffe7e180000 - 0x00007ffe7e21b000 	C:\WINDOWS\System32\sechost.dll
0x00007ffe7f070000 - 0x00007ffe7f19a000 	C:\WINDOWS\System32\RPCRT4.dll
0x00007ffe7dfe0000 - 0x00007ffe7e180000 	C:\WINDOWS\System32\USER32.dll
0x00007ffe7db20000 - 0x00007ffe7db42000 	C:\WINDOWS\System32\win32u.dll
0x00007ffe7f2a0000 - 0x00007ffe7f2ca000 	C:\WINDOWS\System32\GDI32.dll
0x00007ffe70760000 - 0x00007ffe709fa000 	C:\WINDOWS\WinSxS\amd64_microsoft.windows.common-controls_6595b64144ccf1df_6.0.19041.1052_none_60b8f8fd71f5e8cb\COMCTL32.dll
0x00007ffe7d960000 - 0x00007ffe7da6b000 	C:\WINDOWS\System32\gdi32full.dll
0x00007ffe7d810000 - 0x00007ffe7d8ad000 	C:\WINDOWS\System32\msvcp_win.dll
0x00007ffe7d240000 - 0x00007ffe7d24a000 	C:\WINDOWS\SYSTEM32\VERSION.dll
0x00007ffe7fd70000 - 0x00007ffe7fda0000 	C:\WINDOWS\System32\IMM32.DLL
0x00007ffe617a0000 - 0x00007ffe6183b000 	C:\Program Files\Java\jdk-11.0.11\bin\msvcp140.dll
0x00007ffe3c550000 - 0x00007ffe3d04e000 	C:\Program Files\Java\jdk-11.0.11\bin\server\jvm.dll
0x00007ffe7f270000 - 0x00007ffe7f278000 	C:\WINDOWS\System32\PSAPI.DLL
0x00007ffe52bd0000 - 0x00007ffe52bd9000 	C:\WINDOWS\SYSTEM32\WSOCK32.dll
0x00007ffe74f80000 - 0x00007ffe74fa7000 	C:\WINDOWS\SYSTEM32\WINMM.dll
0x00007ffe7f200000 - 0x00007ffe7f26b000 	C:\WINDOWS\System32\WS2_32.dll
0x00007ffe7b590000 - 0x00007ffe7b5a2000 	C:\WINDOWS\SYSTEM32\kernel.appcore.dll
0x00007ffe79190000 - 0x00007ffe791a0000 	C:\Program Files\Java\jdk-11.0.11\bin\verify.dll
0x00007ffe5f1a0000 - 0x00007ffe5f384000 	C:\WINDOWS\SYSTEM32\DBGHELP.DLL
0x00007ffe5f150000 - 0x00007ffe5f17c000 	C:\WINDOWS\SYSTEM32\dbgcore.DLL
0x00007ffe7df50000 - 0x00007ffe7dfd3000 	C:\WINDOWS\System32\bcryptPrimitives.dll
0x00007ffe625f0000 - 0x00007ffe62618000 	C:\Program Files\Java\jdk-11.0.11\bin\java.dll
0x00007ffe79110000 - 0x00007ffe7911a000 	C:\Program Files\Java\jdk-11.0.11\bin\jimage.dll
0x00007ffe790b0000 - 0x00007ffe790be000 	C:\Program Files\Java\jdk-11.0.11\bin\instrument.dll
0x00007ffe61780000 - 0x00007ffe61796000 	C:\Program Files\Java\jdk-11.0.11\bin\zip.dll
0x00007ffe7f480000 - 0x00007ffe7fbbf000 	C:\WINDOWS\System32\SHELL32.dll
0x00007ffe7b790000 - 0x00007ffe7bf21000 	C:\WINDOWS\SYSTEM32\windows.storage.dll
0x00007ffe7e2e0000 - 0x00007ffe7e635000 	C:\WINDOWS\System32\combase.dll
0x00007ffe7d0b0000 - 0x00007ffe7d0dc000 	C:\WINDOWS\SYSTEM32\Wldp.dll
0x00007ffe7ece0000 - 0x00007ffe7ed8e000 	C:\WINDOWS\System32\SHCORE.dll
0x00007ffe7fed0000 - 0x00007ffe7ff25000 	C:\WINDOWS\System32\shlwapi.dll
0x00007ffe7d5f0000 - 0x00007ffe7d60f000 	C:\WINDOWS\SYSTEM32\profapi.dll
0x00007ffe61760000 - 0x00007ffe61779000 	C:\Program Files\Java\jdk-11.0.11\bin\net.dll
0x00007ffe75040000 - 0x00007ffe7514a000 	C:\WINDOWS\SYSTEM32\WINHTTP.dll
0x00007ffe7ce10000 - 0x00007ffe7ce7a000 	C:\WINDOWS\system32\mswsock.dll
0x00007ffe61740000 - 0x00007ffe61752000 	C:\Program Files\Java\jdk-11.0.11\bin\nio.dll
0x00007ffe616e0000 - 0x00007ffe616fa000 	D:\SoftWare\WorkTool\IDEA\IntelliJ IDEA 2020.3.2\bin\breakgen64.dll
0x00007ffe61340000 - 0x00007ffe614da000 	C:\Program Files\Java\jdk-11.0.11\bin\awt.dll
0x00007ffe7efa0000 - 0x00007ffe7f06d000 	C:\WINDOWS\System32\OLEAUT32.dll
0x00007ffe7afd0000 - 0x00007ffe7b060000 	C:\WINDOWS\SYSTEM32\apphelp.dll
0x00007ffe7b2a0000 - 0x00007ffe7b2cf000 	C:\WINDOWS\system32\DWMAPI.DLL
0x00007ffe7b0b0000 - 0x00007ffe7b14e000 	C:\WINDOWS\system32\uxtheme.dll
0x00007ffe59450000 - 0x00007ffe59575000 	C:\WINDOWS\system32\opengl32.dll
0x00007ffe593d0000 - 0x00007ffe593fc000 	C:\WINDOWS\SYSTEM32\GLU32.dll
0x00007ffe7f360000 - 0x00007ffe7f475000 	C:\WINDOWS\System32\MSCTF.dll
0x00007ffe7fda0000 - 0x00007ffe7feca000 	C:\WINDOWS\System32\ole32.dll
0x00007ffe74550000 - 0x00007ffe7471e000 	C:\WINDOWS\system32\d3d9.dll
0x00007ffe75b90000 - 0x00007ffe75c95000 	C:\WINDOWS\System32\DriverStore\FileRepository\nv_dispi.inf_amd64_d67c20d727d4578c\nvldumdx.dll
0x00007ffe7d250000 - 0x00007ffe7d262000 	C:\WINDOWS\SYSTEM32\msasn1.dll
0x00007ffe76550000 - 0x00007ffe76581000 	C:\WINDOWS\SYSTEM32\cryptnet.dll
0x00007ffe7d6b0000 - 0x00007ffe7d80f000 	C:\WINDOWS\System32\CRYPT32.dll
0x00007ffe7d010000 - 0x00007ffe7d01c000 	C:\WINDOWS\SYSTEM32\cryptbase.dll
0x00007ffe7dac0000 - 0x00007ffe7db20000 	C:\WINDOWS\System32\WINTRUST.DLL
0x00007ffe7f280000 - 0x00007ffe7f29d000 	C:\WINDOWS\System32\imagehlp.dll
0x00007ffe7cff0000 - 0x00007ffe7d008000 	C:\WINDOWS\SYSTEM32\CRYPTSP.dll
0x00007ffe7c6e0000 - 0x00007ffe7c714000 	C:\WINDOWS\system32\rsaenh.dll
0x00007ffe7df20000 - 0x00007ffe7df47000 	C:\WINDOWS\System32\bcrypt.dll
0x00007ffe31d10000 - 0x00007ffe33958000 	C:\WINDOWS\System32\DriverStore\FileRepository\nv_dispi.inf_amd64_d67c20d727d4578c\nvd3dumx.dll
0x00007ffe56e70000 - 0x00007ffe56fd3000 	C:\WINDOWS\System32\DriverStore\FileRepository\iigd_dch.inf_amd64_a086f01cc7be643a\igdumdim64.dll
0x00007ffe2e300000 - 0x00007ffe31d04000 	C:\WINDOWS\System32\DriverStore\FileRepository\iigd_dch.inf_amd64_a086f01cc7be643a\igd9dxva64.dll
0x00007ffe7e640000 - 0x00007ffe7eaa9000 	C:\WINDOWS\System32\SETUPAPI.dll
0x00007ffe7da70000 - 0x00007ffe7dabe000 	C:\WINDOWS\System32\cfgmgr32.dll
0x00007ffe71da0000 - 0x00007ffe71fdf000 	C:\WINDOWS\System32\DriverStore\FileRepository\iigd_dch.inf_amd64_a086f01cc7be643a\igdgmm64.dll
0x00007ffe36910000 - 0x00007ffe36bc9000 	C:\WINDOWS\system32\nvspcap64.dll
0x00007ffe7c370000 - 0x00007ffe7c3a3000 	C:\WINDOWS\SYSTEM32\ntmarta.dll
0x00007ffe7bf40000 - 0x00007ffe7bf63000 	C:\WINDOWS\SYSTEM32\gpapi.dll
0x00007ffe76620000 - 0x00007ffe7665b000 	C:\WINDOWS\SYSTEM32\dxcore.dll
0x00007ffe610d0000 - 0x00007ffe61155000 	C:\Program Files\Java\jdk-11.0.11\bin\freetype.dll
0x00007ffe51470000 - 0x00007ffe51562000 	C:\Program Files\Java\jdk-11.0.11\bin\harfbuzz.dll
0x00007ffe616c0000 - 0x00007ffe616d2000 	C:\Program Files\Java\jdk-11.0.11\bin\fontmanager.dll
0x00007ffe78590000 - 0x00007ffe78599000 	C:\Program Files\Java\jdk-11.0.11\bin\management.dll
0x00007ffe67590000 - 0x00007ffe6759b000 	C:\Program Files\Java\jdk-11.0.11\bin\management_ext.dll
0x00007ffe7d570000 - 0x00007ffe7d59e000 	C:\WINDOWS\SYSTEM32\USERENV.dll
0x00007ffe7cab0000 - 0x00007ffe7caeb000 	C:\WINDOWS\SYSTEM32\IPHLPAPI.DLL
0x00007ffe7eab0000 - 0x00007ffe7eab8000 	C:\WINDOWS\System32\NSI.dll
0x00007ffe76680000 - 0x00007ffe76697000 	C:\WINDOWS\SYSTEM32\dhcpcsvc6.DLL
0x00007ffe76660000 - 0x00007ffe7667d000 	C:\WINDOWS\SYSTEM32\dhcpcsvc.DLL
0x00007ffe7cb00000 - 0x00007ffe7cbcc000 	C:\WINDOWS\SYSTEM32\DNSAPI.dll
0x00007ffe592b0000 - 0x00007ffe592c7000 	C:\WINDOWS\system32\napinsp.dll
0x00007ffe518c0000 - 0x00007ffe518db000 	C:\WINDOWS\system32\pnrpnsp.dll
0x00007ffe78660000 - 0x00007ffe78675000 	C:\WINDOWS\system32\wshbth.dll
0x00007ffe79090000 - 0x00007ffe790ad000 	C:\WINDOWS\system32\NLAapi.dll
0x00007ffe51830000 - 0x00007ffe51842000 	C:\WINDOWS\System32\winrnr.dll
0x00007ffe766b0000 - 0x00007ffe766ba000 	C:\Windows\System32\rasadhlp.dll
0x00007ffe70080000 - 0x00007ffe700ff000 	C:\WINDOWS\System32\fwpuclnt.dll
0x00007ffe706b0000 - 0x00007ffe70760000 	C:\WINDOWS\WinSxS\amd64_microsoft.windows.common-controls_6595b64144ccf1df_5.82.19041.844_none_423537bff6b9828c\comctl32.dll
0x00007ffe7eac0000 - 0x00007ffe7eb69000 	C:\WINDOWS\System32\clbcatq.dll
0x00007ffe33ed0000 - 0x00007ffe33ee7000 	C:\WINDOWS\system32\NetworkExplorer.dll
0x00007ffe79260000 - 0x00007ffe79356000 	C:\WINDOWS\system32\PROPSYS.dll
0x00007ffe67a10000 - 0x00007ffe67a2d000 	C:\WINDOWS\SYSTEM32\MPR.dll
0x00007ffe62c80000 - 0x00007ffe62c8b000 	C:\WINDOWS\System32\drprov.dll
0x00007ffe7c820000 - 0x00007ffe7c87a000 	C:\WINDOWS\System32\WINSTA.dll
0x00007ffe616a0000 - 0x00007ffe616b8000 	C:\WINDOWS\System32\ntlanman.dll
0x00007ffe61680000 - 0x00007ffe6169e000 	C:\WINDOWS\System32\davclnt.dll
0x00007ffe626f0000 - 0x00007ffe626fd000 	C:\WINDOWS\System32\DAVHLPR.dll
0x00007ffe7c800000 - 0x00007ffe7c817000 	C:\WINDOWS\System32\wkscli.dll
0x00007ffe4c830000 - 0x00007ffe4c842000 	C:\WINDOWS\SYSTEM32\cscapi.dll
0x00007ffe7caf0000 - 0x00007ffe7cafc000 	C:\WINDOWS\System32\netutils.dll
0x00007ffe51700000 - 0x00007ffe51758000 	C:\Windows\System32\dlnashext.dll
0x00007ffe612d0000 - 0x00007ffe61334000 	C:\Windows\System32\PlayToDevice.dll
0x00007ffe5f180000 - 0x00007ffe5f1a0000 	C:\Windows\System32\DevDispItemProvider.dll
0x00007ffe768a0000 - 0x00007ffe76925000 	C:\WINDOWS\System32\MMDevApi.dll
0x00007ffe7d410000 - 0x00007ffe7d43c000 	C:\WINDOWS\System32\DEVOBJ.dll
0x00007ffe61020000 - 0x00007ffe610c3000 	C:\WINDOWS\system32\wpdshext.dll
0x00007ffe70a00000 - 0x00007ffe70bab000 	C:\WINDOWS\WinSxS\amd64_microsoft.windows.gdiplus_6595b64144ccf1df_1.1.19041.1081_none_91a70388cc8594fd\gdiplus.dll
0x00007ffe76e70000 - 0x00007ffe76f13000 	C:\Windows\System32\PortableDeviceApi.dll
0x00007ffe46a80000 - 0x00007ffe46ab7000 	C:\Windows\System32\EhStorShell.dll
0x00007ffe60ff0000 - 0x00007ffe61016000 	C:\Windows\System32\EhStorAPI.dll
0x00007ffe793c0000 - 0x00007ffe793d4000 	C:\Windows\System32\WTSAPI32.dll
0x00007ffe58f70000 - 0x00007ffe58f7d000 	C:\WINDOWS\SYSTEM32\LINKINFO.dll
0x00007ffe77bd0000 - 0x00007ffe77d84000 	C:\WINDOWS\SYSTEM32\WindowsCodecs.dll
0x00007ffe4ac10000 - 0x00007ffe4ac4e000 	C:\WINDOWS\system32\dataexchange.dll
0x00007ffe79540000 - 0x00007ffe797a4000 	C:\WINDOWS\system32\d3d11.dll
0x00007ffe7a360000 - 0x00007ffe7a546000 	C:\WINDOWS\system32\dcomp.dll
0x00007ffe7bf70000 - 0x00007ffe7c064000 	C:\WINDOWS\system32\dxgi.dll
0x00007ffe77d90000 - 0x00007ffe77f91000 	C:\WINDOWS\system32\twinapi.appcore.dll
0x00007ffe66720000 - 0x00007ffe66819000 	C:\WINDOWS\SYSTEM32\textinputframework.dll
0x00007ffe7ac30000 - 0x00007ffe7ad22000 	C:\WINDOWS\System32\CoreMessaging.dll
0x00007ffe7a8d0000 - 0x00007ffe7ac2e000 	C:\WINDOWS\System32\CoreUIComponents.dll

dbghelp: loaded successfully - version: 4.0.5 - missing functions: none
symbol engine: initialized successfully - sym options: 0x614 - pdb path: .;C:\Program Files\Java\jdk-11.0.11\bin;C:\WINDOWS\SYSTEM32;C:\WINDOWS\WinSxS\amd64_microsoft.windows.common-controls_6595b64144ccf1df_6.0.19041.1052_none_60b8f8fd71f5e8cb;C:\Program Files\Java\jdk-11.0.11\bin\server;D:\SoftWare\WorkTool\IDEA\IntelliJ IDEA 2020.3.2\bin;C:\WINDOWS\System32\DriverStore\FileRepository\nv_dispi.inf_amd64_d67c20d727d4578c;C:\WINDOWS\System32\DriverStore\FileRepository\iigd_dch.inf_amd64_a086f01cc7be643a;C:\WINDOWS\WinSxS\amd64_microsoft.windows.common-controls_6595b64144ccf1df_5.82.19041.844_none_423537bff6b9828c;C:\WINDOWS\WinSxS\amd64_microsoft.windows.gdiplus_6595b64144ccf1df_1.1.19041.1081_none_91a70388cc8594fd;C:\Users\MyZSY\AppData\Local\Temp\xuggle

VM Arguments:
jvm_args: -javaagent:D:\SoftWare\WorkTool\IDEA\IntelliJ IDEA 2020.3.2\lib\idea_rt.jar=3488:D:\SoftWare\WorkTool\IDEA\IntelliJ IDEA 2020.3.2\bin -Dfile.encoding=UTF-8 
java_command: cn.mypro.swing.StartGUIApp
java_class_path (initial): G:\WorkSpace\WorkSpaceForIDEA\TestProject\HSourcesGUI\target\classes;D:\SoftWare\WorkTool\Maven\mavenRepository\org\projectlombok\lombok\1.18.18\lombok-1.18.18.jar;D:\SoftWare\WorkTool\Maven\mavenRepository\org\slf4j\slf4j-api\1.7.25\slf4j-api-1.7.25.jar;D:\SoftWare\WorkTool\Maven\mavenRepository\org\slf4j\slf4j-log4j12\1.7.25\slf4j-log4j12-1.7.25.jar;D:\SoftWare\WorkTool\Maven\mavenRepository\log4j\log4j\1.2.17\log4j-1.2.17.jar;D:\SoftWare\WorkTool\Maven\mavenRepository\com\sun\jna\jna\5.2.0\jna-5.2.0.jar;D:\SoftWare\WorkTool\Maven\mavenRepository\cn\com\jit\pki\netcert\main\jit-pkitool\2.3.0.25-beta2\jit-pkitool-2.3.0.25-beta2.jar;D:\SoftWare\WorkTool\Maven\mavenRepository\com\jdsm3\jdsm3\2.0.0\jdsm3-2.0.0.jar;D:\SoftWare\WorkTool\Maven\mavenRepository\dom4j\dom4j\1.6.1\dom4j-1.6.1.jar;D:\SoftWare\WorkTool\Maven\mavenRepository\xml-apis\xml-apis\1.0.b2\xml-apis-1.0.b2.jar;D:\SoftWare\WorkTool\Maven\mavenRepository\org\bouncycastle\bcprov-jdk15-143\143\bcprov-jdk15-143-143.jar;D:\SoftWare\WorkTool\Maven\mavenRepository\com\sansec\crypto\0.1.0\crypto-0.1.0.jar;D:\SoftWare\WorkTool\Maven\mavenRepository\com\sansec\SwxaJCE\0.1.0\SwxaJCE-0.1.0.jar;D:\SoftWare\WorkTool\Maven\mavenRepository\com\sansec\Sm2DecZJB\0.1.0\Sm2DecZJB-0.1.0.jar;D:\SoftWare\WorkTool\Maven\mavenRepository\com\oracle\ojdbc7\12.1.0.2\ojdbc7-12.1.0.2.jar;D:\SoftWare\WorkTool\Maven\mavenRepository\oro\oro\2.0.8\oro-2.0.8.jar;D:\SoftWare\WorkTool\Maven\mavenRepository\xuggle\xuggle-xuggler\5.4\xuggle-xuggler-5.4.jar;D:\SoftWare\WorkTool\Maven\mavenRepository\com\alibaba\fastjson\1.2.54\fastjson-1.2.54.jar;D:\SoftWare\WorkTool\Maven\mavenRepository\javax\xml\bind\jaxb-api\2.3.0\jaxb-api-2.3.0.jar;D:\SoftWare\WorkTool\Maven\mavenRepository\us\codecraft\webmagic-core\0.7.4\webmagic-core-0.7.4.jar;D:\SoftWare\WorkTool\Maven\mavenRepository\org\apache\httpcomponents\httpclient\4.5.13\httpclient-4.5.13.jar;D:\SoftWare\WorkTool\Maven\mavenRepository\org\apache\httpcomponents\http
Launcher Type: SUN_STANDARD

[Global flags]
     intx CICompilerCount                          = 4                                         {product} {ergonomic}
     uint ConcGCThreads                            = 3                                         {product} {ergonomic}
     uint G1ConcRefinementThreads                  = 10                                        {product} {ergonomic}
   size_t G1HeapRegionSize                         = 2097152                                   {product} {ergonomic}
    uintx GCDrainStackTargetSize                   = 64                                        {product} {ergonomic}
   size_t InitialHeapSize                          = 534773760                                 {product} {ergonomic}
   size_t MarkStackSize                            = 4194304                                   {product} {ergonomic}
   size_t MaxHeapSize                              = 8547991552                                {product} {ergonomic}
   size_t MaxNewSize                               = 5127536640                                {product} {ergonomic}
   size_t MinHeapDeltaBytes                        = 2097152                                   {product} {ergonomic}
    uintx NonNMethodCodeHeapSize                   = 5836300                                {pd product} {ergonomic}
    uintx NonProfiledCodeHeapSize                  = 122910970                              {pd product} {ergonomic}
    uintx ProfiledCodeHeapSize                     = 122910970                              {pd product} {ergonomic}
    uintx ReservedCodeCacheSize                    = 251658240                              {pd product} {ergonomic}
     bool SegmentedCodeCache                       = true                                      {product} {ergonomic}
     bool UseCompressedClassPointers               = true                                 {lp64_product} {ergonomic}
     bool UseCompressedOops                        = true                                 {lp64_product} {ergonomic}
     bool UseG1GC                                  = true                                      {product} {ergonomic}
     bool UseLargePagesIndividualAllocation        = false                                  {pd product} {ergonomic}

Logging:
Log output configuration:
 #0: stdout all=warning uptime,level,tags
 #1: stderr all=off uptime,level,tags

Environment Variables:
JAVA_HOME=C:\Program Files\Java\jdk1.8.0_241
CLASSPATH=.;C:\Program Files\Java\jdk1.8.0_241\lib\dt.jar;C:\Program Files\Java\jdk1.8.0_241\lib\tools.jar
PATH=C:\Program Files\Common Files\Oracle\Java\javapath;D:\SoftWare\WorkTool\SecureCRT\;D:\SoftWare\DataBase\Oracle\product\11.2.0\client_1\bin;D:\SoftWare\DataBase\Oracle\product\11.2.0\dbhome_1\bin;C:\Program Files (x86)\Common Files\Oracle\Java\javapath;C:\Windows\system32;C:\Windows;C:\Windows\System32\Wbem;C:\Windows\System32\WindowsPowerShell\v1.0\;C:\Windows\System32\OpenSSH\;C:\Program Files (x86)\NVIDIA Corporation\PhysX\Common;C:\Program Files\Java\jdk1.8.0_241\bin;C:\Program Files\Java\jdk1.8.0_241\jre\bin;D:\SoftWare\ComputerTool\PuTTY\;C:\Program Files\NVIDIA Corporation\NVIDIA NvDLISR;D:\SoftWare\WorkTool\Git\Git\cmd;C:\Users\MyZSY\AppData\Local\Programs\Python\Python39\;D:\SoftWare\WorkTool\Maven\maven-3.5.3\bin;;C:\WINDOWS\system32;C:\WINDOWS;C:\WINDOWS\System32\Wbem;C:\WINDOWS\System32\WindowsPowerShell\v1.0\;C:\WINDOWS\System32\OpenSSH\;C:\Users\MyZSY\AppData\Local\Programs\Python\Python39\Scripts\;C:\Users\MyZSY\AppData\Local\Programs\Python\Python39\;C:\Users\MyZSY\AppData\Local\Microsoft\WindowsApps;
USERNAME=MyZSY
OS=Windows_NT
PROCESSOR_IDENTIFIER=Intel64 Family 6 Model 165 Stepping 5, GenuineIntel



---------------  S Y S T E M  ---------------

OS: Windows 10 , 64 bit Build 19041 (10.0.19041.1023)

CPU:total 12 (initial active 12) (6 cores per cpu, 2 threads per core) family 6 model 165 stepping 5 microcode 0xc8, cmov, cx8, fxsr, mmx, sse, sse2, sse3, ssse3, sse4.1, sse4.2, popcnt, avx, avx2, aes, clmul, erms, 3dnowpref, lzcnt, ht, tsc, tscinvbit, bmi1, bmi2, adx, fma

Memory: 4k page, system-wide physical 32606M (21457M free)
TotalPageFile size 34654M (AvailPageFile size 13070M)
current process WorkingSet (physical memory assigned to process): 223M, peak: 260M
current process commit charge ("private bytes"): 330M, peak: 764M

vm_info: Java HotSpot(TM) 64-Bit Server VM (11.0.11+9-LTS-194) for windows-amd64 JRE (11.0.11+9-LTS-194), built on Mar 18 2021 18:46:53 by "mach5one" with MS VC++ 15.9 (VS2017)

END.
