#
# A fatal error has been detected by the Java Runtime Environment:
#
#  EXCEPTION_ACCESS_VIOLATION (0xc0000005) at pc=0x000000006ee76520, pid=15652, tid=6692
#
# JRE version: Java(TM) SE Runtime Environment 18.9 (11.0.11+9) (build 11.0.11+9-LTS-194)
# Java VM: Java HotSpot(TM) 64-Bit Server VM 18.9 (11.0.11+9-LTS-194, mixed mode, tiered, compressed oops, g1 gc, windows-amd64)
# Problematic frame:
# C  0x000000006ee76520
#
# No core dump will be written. Minidumps are not enabled by default on client versions of Windows
#
# If you would like to submit a bug report, please visit:
#   https://bugreport.java.com/bugreport/crash.jsp
# The crash happened outside the Java Virtual Machine in native code.
# See problematic frame for where to report the bug.
#

---------------  S U M M A R Y ------------

Command Line: -javaagent:D:\SoftWare\WorkTool\IDEA\IntelliJ IDEA 2020.3.2\lib\idea_rt.jar=9988:D:\SoftWare\WorkTool\IDEA\IntelliJ IDEA 2020.3.2\bin -Dfile.encoding=UTF-8 cn.mypro.swing.StartGUIApp

Host: Intel(R) Core(TM) i5-10400 CPU @ 2.90GHz, 12 cores, 31G,  Windows 10 , 64 bit Build 19041 (10.0.19041.1023)
Time: Fri Jul  9 20:12:19 2021 中国标准时间 elapsed time: 113.787887 seconds (0d 0h 1m 53s)

---------------  T H R E A D  ---------------

Current thread (0x00000278bb294800):  JavaThread "AWT-EventQueue-0" [_thread_in_native, id=6692, stack(0x000000e62a500000,0x000000e62a600000)]

Stack: [0x000000e62a500000,0x000000e62a600000],  sp=0x000000e62a5ee600,  free space=953k
Native frames: (J=compiled Java code, j=interpreted, Vv=VM code, C=native code)
C  0x000000006ee76520

Java frames: (J=compiled Java code, j=interpreted, Vv=VM code)
j  com.xuggle.xuggler.XugglerJNI.IContainer_open__SWIG_0(JLcom/xuggle/xuggler/IContainer;Ljava/lang/String;IJLcom/xuggle/xuggler/IContainerFormat;)I+0
j  com.xuggle.xuggler.IContainer.open(Ljava/lang/String;Lcom/xuggle/xuggler/IContainer$Type;Lcom/xuggle/xuggler/IContainerFormat;)I+15
j  cn.mypro.swing.childtab.childview.HVAJapanAVMView$34.actionPerformed(Ljava/awt/event/ActionEvent;)V+84
j  javax.swing.AbstractButton.fireActionPerformed(Ljava/awt/event/ActionEvent;)V+83 java.desktop@11.0.11
j  javax.swing.AbstractButton$Handler.actionPerformed(Ljava/awt/event/ActionEvent;)V+5 java.desktop@11.0.11
j  javax.swing.DefaultButtonModel.fireActionPerformed(Ljava/awt/event/ActionEvent;)V+34 java.desktop@11.0.11
j  javax.swing.DefaultButtonModel.setPressed(Z)V+117 java.desktop@11.0.11
j  javax.swing.plaf.basic.BasicButtonListener.mouseReleased(Ljava/awt/event/MouseEvent;)V+35 java.desktop@11.0.11
J 3859 c1 java.awt.Component.processMouseEvent(Ljava/awt/event/MouseEvent;)V java.desktop@11.0.11 (100 bytes) @ 0x000002789474331c [0x0000027894742ea0+0x000000000000047c]
J 3873 c1 javax.swing.JComponent.processMouseEvent(Ljava/awt/event/MouseEvent;)V java.desktop@11.0.11 (27 bytes) @ 0x000002789474ab74 [0x000002789474a960+0x0000000000000214]
J 2963 c1 java.awt.Component.processEvent(Ljava/awt/AWTEvent;)V java.desktop@11.0.11 (220 bytes) @ 0x00000278945494d4 [0x0000027894548e80+0x0000000000000654]
J 3999 c1 java.awt.Container.processEvent(Ljava/awt/AWTEvent;)V java.desktop@11.0.11 (22 bytes) @ 0x00000278947a7c3c [0x00000278947a78e0+0x000000000000035c]
J 3956 c1 java.awt.Component.dispatchEventImpl(Ljava/awt/AWTEvent;)V java.desktop@11.0.11 (777 bytes) @ 0x0000027894787e44 [0x0000027894783e80+0x0000000000003fc4]
J 4119 c2 java.awt.Container.dispatchEventImpl(Ljava/awt/AWTEvent;)V java.desktop@11.0.11 (129 bytes) @ 0x000002789b6b3fe4 [0x000002789b6b38c0+0x0000000000000724]
J 4092 c2 java.awt.LightweightDispatcher.retargetMouseEvent(Ljava/awt/Component;ILjava/awt/event/MouseEvent;)V java.desktop@11.0.11 (372 bytes) @ 0x000002789b6ab8c8 [0x000002789b6ab580+0x0000000000000348]
J 4119 c2 java.awt.Container.dispatchEventImpl(Ljava/awt/AWTEvent;)V java.desktop@11.0.11 (129 bytes) @ 0x000002789b6b4344 [0x000002789b6b38c0+0x0000000000000a84]
J 4414 c2 java.awt.Window.dispatchEventImpl(Ljava/awt/AWTEvent;)V java.desktop@11.0.11 (23 bytes) @ 0x000002789b6ec130 [0x000002789b6ec0e0+0x0000000000000050]
J 4122 c2 java.awt.EventQueue$4.run()Ljava/lang/Object; java.desktop@11.0.11 (5 bytes) @ 0x000002789b6b6834 [0x000002789b6b6320+0x0000000000000514]
v  ~StubRoutines::call_stub
J 1939  java.security.AccessController.doPrivileged(Ljava/security/PrivilegedAction;Ljava/security/AccessControlContext;)Ljava/lang/Object; java.base@11.0.11 (0 bytes) @ 0x000002789b51c6b6 [0x000002789b51c640+0x0000000000000076]
J 3844 c2 java.awt.EventQueue$5.run()Ljava/lang/Object; java.desktop@11.0.11 (5 bytes) @ 0x000002789b6445f8 [0x000002789b644200+0x00000000000003f8]
v  ~StubRoutines::call_stub
J 1939  java.security.AccessController.doPrivileged(Ljava/security/PrivilegedAction;Ljava/security/AccessControlContext;)Ljava/lang/Object; java.base@11.0.11 (0 bytes) @ 0x000002789b51c6b6 [0x000002789b51c640+0x0000000000000076]
J 3281 c2 java.awt.EventQueue.dispatchEvent(Ljava/awt/AWTEvent;)V java.desktop@11.0.11 (80 bytes) @ 0x000002789b5b462c [0x000002789b5b40e0+0x000000000000054c]
J 4108 c2 java.awt.EventDispatchThread.pumpOneEventForFilters(I)V java.desktop@11.0.11 (113 bytes) @ 0x000002789b6ad0c0 [0x000002789b6acae0+0x00000000000005e0]
j  java.awt.EventDispatchThread.pumpEventsForFilter(ILjava/awt/Conditional;Ljava/awt/EventFilter;)V+35 java.desktop@11.0.11
j  java.awt.EventDispatchThread.pumpEventsForFilter(Ljava/awt/Conditional;Ljava/awt/EventFilter;)V+4 java.desktop@11.0.11
j  java.awt.WaitDispatchSupport$2.run()V+59 java.desktop@11.0.11
j  java.awt.WaitDispatchSupport$4.run()Ljava/lang/Void;+4 java.desktop@11.0.11
j  java.awt.WaitDispatchSupport$4.run()Ljava/lang/Object;+1 java.desktop@11.0.11
v  ~StubRoutines::call_stub
J 1343  java.security.AccessController.doPrivileged(Ljava/security/PrivilegedAction;)Ljava/lang/Object; java.base@11.0.11 (0 bytes) @ 0x000002789b4e6a22 [0x000002789b4e69c0+0x0000000000000062]
j  java.awt.WaitDispatchSupport.enter()Z+260 java.desktop@11.0.11
j  java.awt.Dialog.show()V+224 java.desktop@11.0.11
j  java.awt.Component.show(Z)V+5 java.desktop@11.0.11
j  java.awt.Component.setVisible(Z)V+2 java.desktop@11.0.11
j  java.awt.Window.setVisible(Z)V+2 java.desktop@11.0.11
j  java.awt.Dialog.setVisible(Z)V+2 java.desktop@11.0.11
j  cn.mypro.swing.childtab.childview.HVAJapanAVMView.showSourcesAddDialog()V+930
j  cn.mypro.swing.childtab.childview.HVAJapanAVMView$30.actionPerformed(Ljava/awt/event/ActionEvent;)V+4
j  javax.swing.AbstractButton.fireActionPerformed(Ljava/awt/event/ActionEvent;)V+83 java.desktop@11.0.11
j  javax.swing.AbstractButton$Handler.actionPerformed(Ljava/awt/event/ActionEvent;)V+5 java.desktop@11.0.11
j  javax.swing.DefaultButtonModel.fireActionPerformed(Ljava/awt/event/ActionEvent;)V+34 java.desktop@11.0.11
j  javax.swing.DefaultButtonModel.setPressed(Z)V+117 java.desktop@11.0.11
j  javax.swing.plaf.basic.BasicButtonListener.mouseReleased(Ljava/awt/event/MouseEvent;)V+35 java.desktop@11.0.11
J 3859 c1 java.awt.Component.processMouseEvent(Ljava/awt/event/MouseEvent;)V java.desktop@11.0.11 (100 bytes) @ 0x000002789474331c [0x0000027894742ea0+0x000000000000047c]
J 3873 c1 javax.swing.JComponent.processMouseEvent(Ljava/awt/event/MouseEvent;)V java.desktop@11.0.11 (27 bytes) @ 0x000002789474ab74 [0x000002789474a960+0x0000000000000214]
J 2963 c1 java.awt.Component.processEvent(Ljava/awt/AWTEvent;)V java.desktop@11.0.11 (220 bytes) @ 0x00000278945494d4 [0x0000027894548e80+0x0000000000000654]
J 3999 c1 java.awt.Container.processEvent(Ljava/awt/AWTEvent;)V java.desktop@11.0.11 (22 bytes) @ 0x00000278947a7c3c [0x00000278947a78e0+0x000000000000035c]
J 3956 c1 java.awt.Component.dispatchEventImpl(Ljava/awt/AWTEvent;)V java.desktop@11.0.11 (777 bytes) @ 0x0000027894787e44 [0x0000027894783e80+0x0000000000003fc4]
J 4119 c2 java.awt.Container.dispatchEventImpl(Ljava/awt/AWTEvent;)V java.desktop@11.0.11 (129 bytes) @ 0x000002789b6b3fe4 [0x000002789b6b38c0+0x0000000000000724]
J 4092 c2 java.awt.LightweightDispatcher.retargetMouseEvent(Ljava/awt/Component;ILjava/awt/event/MouseEvent;)V java.desktop@11.0.11 (372 bytes) @ 0x000002789b6ab8c8 [0x000002789b6ab580+0x0000000000000348]
J 4119 c2 java.awt.Container.dispatchEventImpl(Ljava/awt/AWTEvent;)V java.desktop@11.0.11 (129 bytes) @ 0x000002789b6b4344 [0x000002789b6b38c0+0x0000000000000a84]
J 3955 c1 java.awt.Window.dispatchEventImpl(Ljava/awt/AWTEvent;)V java.desktop@11.0.11 (23 bytes) @ 0x000002789478332c [0x0000027894782d00+0x000000000000062c]
J 4122 c2 java.awt.EventQueue$4.run()Ljava/lang/Object; java.desktop@11.0.11 (5 bytes) @ 0x000002789b6b6834 [0x000002789b6b6320+0x0000000000000514]
v  ~StubRoutines::call_stub
J 1939  java.security.AccessController.doPrivileged(Ljava/security/PrivilegedAction;Ljava/security/AccessControlContext;)Ljava/lang/Object; java.base@11.0.11 (0 bytes) @ 0x000002789b51c6b6 [0x000002789b51c640+0x0000000000000076]
J 3844 c2 java.awt.EventQueue$5.run()Ljava/lang/Object; java.desktop@11.0.11 (5 bytes) @ 0x000002789b6445f8 [0x000002789b644200+0x00000000000003f8]
v  ~StubRoutines::call_stub
J 1939  java.security.AccessController.doPrivileged(Ljava/security/PrivilegedAction;Ljava/security/AccessControlContext;)Ljava/lang/Object; java.base@11.0.11 (0 bytes) @ 0x000002789b51c6b6 [0x000002789b51c640+0x0000000000000076]
J 3281 c2 java.awt.EventQueue.dispatchEvent(Ljava/awt/AWTEvent;)V java.desktop@11.0.11 (80 bytes) @ 0x000002789b5b462c [0x000002789b5b40e0+0x000000000000054c]
J 4108 c2 java.awt.EventDispatchThread.pumpOneEventForFilters(I)V java.desktop@11.0.11 (113 bytes) @ 0x000002789b6ad0c0 [0x000002789b6acae0+0x00000000000005e0]
j  java.awt.EventDispatchThread.pumpEventsForFilter(ILjava/awt/Conditional;Ljava/awt/EventFilter;)V+35 java.desktop@11.0.11
j  java.awt.EventDispatchThread.pumpEventsForFilter(Ljava/awt/Conditional;Ljava/awt/EventFilter;)V+4 java.desktop@11.0.11
j  java.awt.WaitDispatchSupport$2.run()V+59 java.desktop@11.0.11
j  java.awt.WaitDispatchSupport$4.run()Ljava/lang/Void;+4 java.desktop@11.0.11
j  java.awt.WaitDispatchSupport$4.run()Ljava/lang/Object;+1 java.desktop@11.0.11
v  ~StubRoutines::call_stub
J 1343  java.security.AccessController.doPrivileged(Ljava/security/PrivilegedAction;)Ljava/lang/Object; java.base@11.0.11 (0 bytes) @ 0x000002789b4e6a22 [0x000002789b4e69c0+0x0000000000000062]
j  java.awt.WaitDispatchSupport.enter()Z+260 java.desktop@11.0.11
j  java.awt.Dialog.show()V+224 java.desktop@11.0.11
j  java.awt.Component.show(Z)V+5 java.desktop@11.0.11
j  java.awt.Component.setVisible(Z)V+2 java.desktop@11.0.11
j  java.awt.Window.setVisible(Z)V+2 java.desktop@11.0.11
j  java.awt.Dialog.setVisible(Z)V+2 java.desktop@11.0.11
j  cn.mypro.swing.childtab.childview.HVAJapanAVMView.showSourcesDialog()V+375
j  cn.mypro.swing.childtab.childview.HVAJapanAVMView$15.actionPerformed(Ljava/awt/event/ActionEvent;)V+4
j  javax.swing.AbstractButton.fireActionPerformed(Ljava/awt/event/ActionEvent;)V+83 java.desktop@11.0.11
j  javax.swing.AbstractButton$Handler.actionPerformed(Ljava/awt/event/ActionEvent;)V+5 java.desktop@11.0.11
j  javax.swing.DefaultButtonModel.fireActionPerformed(Ljava/awt/event/ActionEvent;)V+34 java.desktop@11.0.11
j  javax.swing.DefaultButtonModel.setPressed(Z)V+117 java.desktop@11.0.11
j  javax.swing.plaf.basic.BasicButtonListener.mouseReleased(Ljava/awt/event/MouseEvent;)V+35 java.desktop@11.0.11
J 3859 c1 java.awt.Component.processMouseEvent(Ljava/awt/event/MouseEvent;)V java.desktop@11.0.11 (100 bytes) @ 0x000002789474331c [0x0000027894742ea0+0x000000000000047c]
J 3873 c1 javax.swing.JComponent.processMouseEvent(Ljava/awt/event/MouseEvent;)V java.desktop@11.0.11 (27 bytes) @ 0x000002789474ab74 [0x000002789474a960+0x0000000000000214]
J 2963 c1 java.awt.Component.processEvent(Ljava/awt/AWTEvent;)V java.desktop@11.0.11 (220 bytes) @ 0x00000278945494d4 [0x0000027894548e80+0x0000000000000654]
J 3999 c1 java.awt.Container.processEvent(Ljava/awt/AWTEvent;)V java.desktop@11.0.11 (22 bytes) @ 0x00000278947a7c3c [0x00000278947a78e0+0x000000000000035c]
J 3956 c1 java.awt.Component.dispatchEventImpl(Ljava/awt/AWTEvent;)V java.desktop@11.0.11 (777 bytes) @ 0x0000027894787e44 [0x0000027894783e80+0x0000000000003fc4]
J 4119 c2 java.awt.Container.dispatchEventImpl(Ljava/awt/AWTEvent;)V java.desktop@11.0.11 (129 bytes) @ 0x000002789b6b3fe4 [0x000002789b6b38c0+0x0000000000000724]
J 4092 c2 java.awt.LightweightDispatcher.retargetMouseEvent(Ljava/awt/Component;ILjava/awt/event/MouseEvent;)V java.desktop@11.0.11 (372 bytes) @ 0x000002789b6ab8c8 [0x000002789b6ab580+0x0000000000000348]
J 4119 c2 java.awt.Container.dispatchEventImpl(Ljava/awt/AWTEvent;)V java.desktop@11.0.11 (129 bytes) @ 0x000002789b6b4344 [0x000002789b6b38c0+0x0000000000000a84]
J 3955 c1 java.awt.Window.dispatchEventImpl(Ljava/awt/AWTEvent;)V java.desktop@11.0.11 (23 bytes) @ 0x000002789478332c [0x0000027894782d00+0x000000000000062c]
J 4122 c2 java.awt.EventQueue$4.run()Ljava/lang/Object; java.desktop@11.0.11 (5 bytes) @ 0x000002789b6b6834 [0x000002789b6b6320+0x0000000000000514]
v  ~StubRoutines::call_stub
J 1939  java.security.AccessController.doPrivileged(Ljava/security/PrivilegedAction;Ljava/security/AccessControlContext;)Ljava/lang/Object; java.base@11.0.11 (0 bytes) @ 0x000002789b51c6b6 [0x000002789b51c640+0x0000000000000076]
J 3844 c2 java.awt.EventQueue$5.run()Ljava/lang/Object; java.desktop@11.0.11 (5 bytes) @ 0x000002789b6445f8 [0x000002789b644200+0x00000000000003f8]
v  ~StubRoutines::call_stub
J 1939  java.security.AccessController.doPrivileged(Ljava/security/PrivilegedAction;Ljava/security/AccessControlContext;)Ljava/lang/Object; java.base@11.0.11 (0 bytes) @ 0x000002789b51c6b6 [0x000002789b51c640+0x0000000000000076]
J 3281 c2 java.awt.EventQueue.dispatchEvent(Ljava/awt/AWTEvent;)V java.desktop@11.0.11 (80 bytes) @ 0x000002789b5b462c [0x000002789b5b40e0+0x000000000000054c]
J 4108 c2 java.awt.EventDispatchThread.pumpOneEventForFilters(I)V java.desktop@11.0.11 (113 bytes) @ 0x000002789b6ad0c0 [0x000002789b6acae0+0x00000000000005e0]
j  java.awt.EventDispatchThread.pumpEventsForFilter(ILjava/awt/Conditional;Ljava/awt/EventFilter;)V+35 java.desktop@11.0.11
j  java.awt.EventDispatchThread.pumpEventsForHierarchy(ILjava/awt/Conditional;Ljava/awt/Component;)V+11 java.desktop@11.0.11
j  java.awt.EventDispatchThread.pumpEvents(ILjava/awt/Conditional;)V+4 java.desktop@11.0.11
j  java.awt.EventDispatchThread.pumpEvents(Ljava/awt/Conditional;)V+3 java.desktop@11.0.11
j  java.awt.EventDispatchThread.run()V+9 java.desktop@11.0.11
v  ~StubRoutines::call_stub

siginfo: EXCEPTION_ACCESS_VIOLATION (0xc0000005), reading address 0xffffffffffffffff


Register to memory mapping:

RIP=0x000000006ee76520 points into unknown readable memory: c5 fc 28 51 40 c5 fc 28
RAX=0x00000278c6c06c10 points into unknown readable memory: 00 00 00 00 00 00 00 80
RBX=0x00000278cb37fe50 points into unknown readable memory: 00 00 00 00 00 00 00 00
RCX=0x00000278c6c06c10 points into unknown readable memory: 00 00 00 00 00 00 00 80
RDX=0x0000000000000009 is an unknown value
RSP=0x000000e62a5ee600 is pointing into the stack for thread: 0x00000278bb294800
RBP=0x00000278c6c06350 points into unknown readable memory: 40 b9 33 cb 78 02 00 00
RSI=0x00000278c6c07c10 points into unknown readable memory: 09 00 00 00 01 00 00 00
RDI=0x0000000000000004 is an unknown value
R8 =0x000000006ee77580 points into unknown readable memory: e8 bb ff ff ff 48 81 c1
R9 =0x000000006ee76490 points into unknown readable memory: c5 fc 28 01 c5 fc 28 49
R10=0x00000278c6bf8540 points into unknown readable memory: 04 00 84 01 c4 00 64 01
R11=0x00000278c6c0abb0 points into unknown readable memory: 2d f3 b4 bc bb 64 b4 bc
R12=0x00000278c6c0b3b0 points into unknown readable memory: b8 16 b5 bc 9e a4 b5 bc
R13=0x0000000000000004 is an unknown value
R14=0x0000000000000184 is an unknown value
R15=0x000000006fab8f20 points into unknown readable memory: 88 0f c9 3b b6 c9 96 3c


Registers:
RAX=0x00000278c6c06c10, RBX=0x00000278cb37fe50, RCX=0x00000278c6c06c10, RDX=0x0000000000000009
RSP=0x000000e62a5ee600, RBP=0x00000278c6c06350, RSI=0x00000278c6c07c10, RDI=0x0000000000000004
R8 =0x000000006ee77580, R9 =0x000000006ee76490, R10=0x00000278c6bf8540, R11=0x00000278c6c0abb0
R12=0x00000278c6c0b3b0, R13=0x0000000000000004, R14=0x0000000000000184, R15=0x000000006fab8f20
RIP=0x000000006ee76520, EFLAGS=0x0000000000010202

Top of Stack: (sp=0x000000e62a5ee600)
0x000000e62a5ee600:   000000006ee76665 000000006ee774c5
0x000000e62a5ee610:   000000006ee77505 000000006ee77545
0x000000e62a5ee620:   000000006ee77585 000000006ee79426
0x000000e62a5ee630:   000000006fa67a80 00000278c6c06c10
0x000000e62a5ee640:   00000278cb382310 0000000602e5fe60
0x000000e62a5ee650:   3fe0000000000000 0000000000000000
0x000000e62a5ee660:   40c7760000000000 0000000000000000
0x000000e62a5ee670:   3fe0000000000000 0000000000000001
0x000000e62a5ee680:   00000278cb383310 000000006ea45d24
0x000000e62a5ee690:   3f40624dd2f1a9fc 0000000000000000
0x000000e62a5ee6a0:   0000000000000000 0000000000000000
0x000000e62a5ee6b0:   00000000c054b28d 0000000000000000
0x000000e62a5ee6c0:   00000278cb38c210 000000006fab7320
0x000000e62a5ee6d0:   00000000000000d8 00000278cb37fdb0
0x000000e62a5ee6e0:   0000000000000001 00000278c6c06350
0x000000e62a5ee6f0:   00000278c6c063d0 0000000000000000 

Instructions: (pc=0x000000006ee76520)
0x000000006ee76500:   c4 e3 5d 0c c0 55 c5 e4 5c c8 c5 e4 58 c0 c5 fc
0x000000006ee76510:   29 01 c5 fc 29 49 20 c3 0f 1f 84 00 00 00 00 00
0x000000006ee76520:   c5 fc 28 51 40 c5 fc 28 59 60 c5 ec 5c fb c5 ec
0x000000006ee76530:   58 d3 c5 c4 57 3d 26 41 84 00 c5 ec c6 df be c5 


Stack slot to memory mapping:
stack at sp + 0 slots: 0x000000006ee76665 points into unknown readable memory: c5 fc 28
stack at sp + 1 slots: 0x000000006ee774c5 points into unknown readable memory: 48 81 c1
stack at sp + 2 slots: 0x000000006ee77505 points into unknown readable memory: 48 81 c1
stack at sp + 3 slots: 0x000000006ee77545 points into unknown readable memory: 48 81 c1
stack at sp + 4 slots: 0x000000006ee77585 points into unknown readable memory: 48 81 c1
stack at sp + 5 slots: 0x000000006ee79426 points into unknown readable memory: 8b 4e
stack at sp + 6 slots: 0x000000006fa67a80 points into unknown readable memory: 47 b1 37 38 89 e0 f8 38
stack at sp + 7 slots: 0x00000278c6c06c10 points into unknown readable memory: 00 00 00 00 00 00 00 80


---------------  P R O C E S S  ---------------

Threads class SMR info:
_java_thread_list=0x00000278b9c94100, length=19, elements={
0x00000278b9448800, 0x00000278b9472800, 0x00000278b94d9800, 0x00000278b94da800,
0x00000278b94dc800, 0x00000278b94e3000, 0x00000278b94e8800, 0x00000278b940a800,
0x00000278b98dc000, 0x00000278b98dd000, 0x00000278b9cd8800, 0x00000278b9cd5000,
0x00000278bb042800, 0x00000278ba808800, 0x00000278bb294800, 0x00000278bb01e800,
0x000002788b4f1000, 0x00000278c3272000, 0x00000278c2e22800
}

Java Threads: ( => current thread )
  0x00000278b9448800 JavaThread "Reference Handler" daemon [_thread_blocked, id=13808, stack(0x000000e629800000,0x000000e629900000)]
  0x00000278b9472800 JavaThread "Finalizer" daemon [_thread_blocked, id=16380, stack(0x000000e629900000,0x000000e629a00000)]
  0x00000278b94d9800 JavaThread "Signal Dispatcher" daemon [_thread_blocked, id=3932, stack(0x000000e629a00000,0x000000e629b00000)]
  0x00000278b94da800 JavaThread "Attach Listener" daemon [_thread_blocked, id=4544, stack(0x000000e629b00000,0x000000e629c00000)]
  0x00000278b94dc800 JavaThread "C2 CompilerThread0" daemon [_thread_blocked, id=13908, stack(0x000000e629c00000,0x000000e629d00000)]
  0x00000278b94e3000 JavaThread "C1 CompilerThread0" daemon [_thread_blocked, id=16236, stack(0x000000e629d00000,0x000000e629e00000)]
  0x00000278b94e8800 JavaThread "Sweeper thread" daemon [_thread_blocked, id=13468, stack(0x000000e629e00000,0x000000e629f00000)]
  0x00000278b940a800 JavaThread "Common-Cleaner" daemon [_thread_blocked, id=20260, stack(0x000000e629f00000,0x000000e62a000000)]
  0x00000278b98dc000 JavaThread "Monitor Ctrl-Break" daemon [_thread_in_native, id=2328, stack(0x000000e62a100000,0x000000e62a200000)]
  0x00000278b98dd000 JavaThread "Service Thread" daemon [_thread_blocked, id=11664, stack(0x000000e62a200000,0x000000e62a300000)]
  0x00000278b9cd8800 JavaThread "Java2D Disposer" daemon [_thread_blocked, id=18776, stack(0x000000e62a400000,0x000000e62a500000)]
  0x00000278b9cd5000 JavaThread "AWT-Windows" daemon [_thread_in_native, id=13092, stack(0x000000e62a600000,0x000000e62a700000)]
  0x00000278bb042800 JavaThread "oracle.jdbc.driver.BlockSource.ThreadedCachingBlockSource.BlockReleaser" daemon [_thread_blocked, id=18072, stack(0x000000e62ab00000,0x000000e62ac00000)]
  0x00000278ba808800 JavaThread "AWT-Shutdown" [_thread_blocked, id=2936, stack(0x000000e62a000000,0x000000e62a100000)]
=>0x00000278bb294800 JavaThread "AWT-EventQueue-0" [_thread_in_native, id=6692, stack(0x000000e62a500000,0x000000e62a600000)]
  0x00000278bb01e800 JavaThread "Swing-Shell" daemon [_thread_blocked, id=14484, stack(0x000000e62b800000,0x000000e62b900000)]
  0x000002788b4f1000 JavaThread "DestroyJavaVM" [_thread_blocked, id=19288, stack(0x000000e629100000,0x000000e629200000)]
  0x00000278c3272000 JavaThread "D3D Screen Updater" daemon [_thread_blocked, id=15164, stack(0x000000e62bd00000,0x000000e62be00000)]
  0x00000278c2e22800 JavaThread "TimerQueue" daemon [_thread_blocked, id=9252, stack(0x000000e62aa00000,0x000000e62ab00000)]

Other Threads:
  0x00000278b9447000 VMThread "VM Thread" [stack: 0x000000e629700000,0x000000e629800000] [id=11808]
  0x00000278b9ae4000 WatcherThread [stack: 0x000000e62a300000,0x000000e62a400000] [id=9944]
  0x000002788b506800 GCTaskThread "GC Thread#0" [stack: 0x000000e629200000,0x000000e629300000] [id=17132]
  0x00000278c2d7a000 GCTaskThread "GC Thread#1" [stack: 0x000000e62ac00000,0x000000e62ad00000] [id=15572]
  0x00000278bb1fe000 GCTaskThread "GC Thread#2" [stack: 0x000000e62ad00000,0x000000e62ae00000] [id=5028]
  0x00000278bb1ff000 GCTaskThread "GC Thread#3" [stack: 0x000000e62ae00000,0x000000e62af00000] [id=13728]
  0x00000278c2ed3800 GCTaskThread "GC Thread#4" [stack: 0x000000e62af00000,0x000000e62b000000] [id=19928]
  0x00000278c2ed4000 GCTaskThread "GC Thread#5" [stack: 0x000000e62b000000,0x000000e62b100000] [id=3912]
  0x00000278bac42000 GCTaskThread "GC Thread#6" [stack: 0x000000e62b100000,0x000000e62b200000] [id=12264]
  0x00000278bac43000 GCTaskThread "GC Thread#7" [stack: 0x000000e62b200000,0x000000e62b300000] [id=14000]
  0x00000278ba803000 GCTaskThread "GC Thread#8" [stack: 0x000000e62b300000,0x000000e62b400000] [id=4760]
  0x00000278ba803800 GCTaskThread "GC Thread#9" [stack: 0x000000e62b400000,0x000000e62b500000] [id=10300]
  0x000002788b586000 ConcurrentGCThread "G1 Main Marker" [stack: 0x000000e629300000,0x000000e629400000] [id=6120]
  0x000002788b587800 ConcurrentGCThread "G1 Conc#0" [stack: 0x000000e629400000,0x000000e629500000] [id=10720]
  0x00000278baf8b800 ConcurrentGCThread "G1 Conc#1" [stack: 0x000000e62b500000,0x000000e62b600000] [id=19552]
  0x00000278c2d19800 ConcurrentGCThread "G1 Conc#2" [stack: 0x000000e62b700000,0x000000e62b800000] [id=17372]
  0x00000278b8aa1800 ConcurrentGCThread "G1 Refine#0" [stack: 0x000000e629500000,0x000000e629600000] [id=4716]
  0x00000278b8aa2800 ConcurrentGCThread "G1 Young RemSet Sampling" [stack: 0x000000e629600000,0x000000e629700000] [id=15336]

Threads with active compile tasks:

VM state:not at safepoint (normal execution)

VM Mutex/Monitor currently owned by a thread: None

Heap address: 0x0000000602800000, size: 8152 MB, Compressed Oops mode: Zero based, Oop shift amount: 3
Narrow klass base: 0x0000000800000000, Narrow klass shift: 0
Compressed class space size: 1073741824 Address: 0x0000000800000000

Heap:
 garbage-first heap   total 96256K, used 21805K [0x0000000602800000, 0x0000000800000000)
  region size 2048K, 1 young (2048K), 0 survivors (0K)
 Metaspace       used 35042K, capacity 35730K, committed 35968K, reserved 1081344K
  class space    used 3907K, capacity 4199K, committed 4224K, reserved 1048576K
Heap Regions: E=young(eden), S=young(survivor), O=old, HS=humongous(starts), HC=humongous(continues), CS=collection set, F=free, A=archive, TAMS=top-at-mark-start (previous, next)
|   0|0x0000000602800000, 0x00000006029ffff0, 0x0000000602a00000| 99%| O|  |TAMS 0x0000000602800000, 0x0000000602800000| Untracked 
|   1|0x0000000602a00000, 0x0000000602bfe0e8, 0x0000000602c00000| 99%| O|  |TAMS 0x0000000602a00000, 0x0000000602a00000| Untracked 
|   2|0x0000000602c00000, 0x0000000602dfff68, 0x0000000602e00000| 99%| O|  |TAMS 0x0000000602c00000, 0x0000000602c00000| Untracked 
|   3|0x0000000602e00000, 0x0000000602fdca78, 0x0000000603000000| 93%| O|  |TAMS 0x0000000602e00000, 0x0000000602e00000| Untracked 
|   4|0x0000000603000000, 0x00000006030c7490, 0x0000000603200000| 38%| O|  |TAMS 0x0000000603000000, 0x0000000603000000| Untracked 
|   5|0x0000000603200000, 0x00000006033ffff8, 0x0000000603400000| 99%| O|  |TAMS 0x0000000603200000, 0x0000000603200000| Untracked 
|   6|0x0000000603400000, 0x0000000603600000, 0x0000000603600000|100%| O|  |TAMS 0x0000000603400000, 0x0000000603400000| Untracked 
|   7|0x0000000603600000, 0x0000000603618eb8, 0x0000000603800000|  4%| O|  |TAMS 0x0000000603600000, 0x0000000603600000| Untracked 
|   8|0x0000000603800000, 0x0000000603836cc8, 0x0000000603a00000| 10%| O|  |TAMS 0x0000000603800000, 0x0000000603800000| Untracked 
|   9|0x0000000603a00000, 0x0000000603a00000, 0x0000000603c00000|  0%| F|  |TAMS 0x0000000603a00000, 0x0000000603a00000| Untracked 
|  10|0x0000000603c00000, 0x0000000603c00000, 0x0000000603e00000|  0%| F|  |TAMS 0x0000000603c00000, 0x0000000603c00000| Untracked 
|  11|0x0000000603e00000, 0x0000000603e00000, 0x0000000604000000|  0%| F|  |TAMS 0x0000000603e00000, 0x0000000603e00000| Untracked 
|  12|0x0000000604000000, 0x0000000604200000, 0x0000000604200000|100%|HS|  |TAMS 0x0000000604000000, 0x0000000604000000| Untracked 
|  13|0x0000000604200000, 0x0000000604400000, 0x0000000604400000|100%|HC|  |TAMS 0x0000000604200000, 0x0000000604200000| Untracked 
|  14|0x0000000604400000, 0x0000000604600000, 0x0000000604600000|100%|HC|  |TAMS 0x0000000604400000, 0x0000000604400000| Untracked 
|  15|0x0000000604600000, 0x0000000604800000, 0x0000000604800000|100%|HC|  |TAMS 0x0000000604600000, 0x0000000604600000| Untracked 
|  16|0x0000000604800000, 0x0000000604800000, 0x0000000604a00000|  0%| F|  |TAMS 0x0000000604800000, 0x0000000604800000| Untracked 
|  17|0x0000000604a00000, 0x0000000604a00000, 0x0000000604c00000|  0%| F|  |TAMS 0x0000000604a00000, 0x0000000604a00000| Untracked 
|  18|0x0000000604c00000, 0x0000000604c00000, 0x0000000604e00000|  0%| F|  |TAMS 0x0000000604c00000, 0x0000000604c00000| Untracked 
|  19|0x0000000604e00000, 0x0000000604e00000, 0x0000000605000000|  0%| F|  |TAMS 0x0000000604e00000, 0x0000000604e00000| Untracked 
|  20|0x0000000605000000, 0x0000000605059c28, 0x0000000605200000| 17%| O|  |TAMS 0x0000000605000000, 0x0000000605000000| Untracked 
|  21|0x0000000605200000, 0x0000000605200000, 0x0000000605400000|  0%| F|  |TAMS 0x0000000605200000, 0x0000000605200000| Untracked 
|  22|0x0000000605400000, 0x0000000605400000, 0x0000000605600000|  0%| F|  |TAMS 0x0000000605400000, 0x0000000605400000| Untracked 
|  23|0x0000000605600000, 0x0000000605600000, 0x0000000605800000|  0%| F|  |TAMS 0x0000000605600000, 0x0000000605600000| Untracked 
|  24|0x0000000605800000, 0x0000000605800000, 0x0000000605a00000|  0%| F|  |TAMS 0x0000000605800000, 0x0000000605800000| Untracked 
|  25|0x0000000605a00000, 0x0000000605a00000, 0x0000000605c00000|  0%| F|  |TAMS 0x0000000605a00000, 0x0000000605a00000| Untracked 
|  26|0x0000000605c00000, 0x0000000605c00000, 0x0000000605e00000|  0%| F|  |TAMS 0x0000000605c00000, 0x0000000605c00000| Untracked 
|  27|0x0000000605e00000, 0x0000000605e00000, 0x0000000606000000|  0%| F|  |TAMS 0x0000000605e00000, 0x0000000605e00000| Untracked 
|  28|0x0000000606000000, 0x0000000606000000, 0x0000000606200000|  0%| F|  |TAMS 0x0000000606000000, 0x0000000606000000| Untracked 
|  29|0x0000000606200000, 0x0000000606200000, 0x0000000606400000|  0%| F|  |TAMS 0x0000000606200000, 0x0000000606200000| Untracked 
|  30|0x0000000606400000, 0x0000000606400000, 0x0000000606600000|  0%| F|  |TAMS 0x0000000606400000, 0x0000000606400000| Untracked 
|  31|0x0000000606600000, 0x0000000606600000, 0x0000000606800000|  0%| F|  |TAMS 0x0000000606600000, 0x0000000606600000| Untracked 
|  32|0x0000000606800000, 0x0000000606800000, 0x0000000606a00000|  0%| F|  |TAMS 0x0000000606800000, 0x0000000606800000| Untracked 
|  33|0x0000000606a00000, 0x0000000606a00000, 0x0000000606c00000|  0%| F|  |TAMS 0x0000000606a00000, 0x0000000606a00000| Untracked 
|  34|0x0000000606c00000, 0x0000000606c00000, 0x0000000606e00000|  0%| F|  |TAMS 0x0000000606c00000, 0x0000000606c00000| Untracked 
|  35|0x0000000606e00000, 0x0000000606e00000, 0x0000000607000000|  0%| F|  |TAMS 0x0000000606e00000, 0x0000000606e00000| Untracked 
|  36|0x0000000607000000, 0x0000000607000000, 0x0000000607200000|  0%| F|  |TAMS 0x0000000607000000, 0x0000000607000000| Untracked 
|  37|0x0000000607200000, 0x0000000607200000, 0x0000000607400000|  0%| F|  |TAMS 0x0000000607200000, 0x0000000607200000| Untracked 
|  38|0x0000000607400000, 0x0000000607400000, 0x0000000607600000|  0%| F|  |TAMS 0x0000000607400000, 0x0000000607400000| Untracked 
|  39|0x0000000607600000, 0x0000000607600000, 0x0000000607800000|  0%| F|  |TAMS 0x0000000607600000, 0x0000000607600000| Untracked 
|  40|0x0000000607800000, 0x0000000607800000, 0x0000000607a00000|  0%| F|  |TAMS 0x0000000607800000, 0x0000000607800000| Untracked 
|  41|0x0000000607a00000, 0x0000000607a00000, 0x0000000607c00000|  0%| F|  |TAMS 0x0000000607a00000, 0x0000000607a00000| Untracked 
|  42|0x0000000607c00000, 0x0000000607c00000, 0x0000000607e00000|  0%| F|  |TAMS 0x0000000607c00000, 0x0000000607c00000| Untracked 
|  43|0x0000000607e00000, 0x0000000607e00000, 0x0000000608000000|  0%| F|  |TAMS 0x0000000607e00000, 0x0000000607e00000| Untracked 
|  44|0x0000000608000000, 0x0000000608000000, 0x0000000608200000|  0%| F|  |TAMS 0x0000000608000000, 0x0000000608000000| Untracked 
|  45|0x0000000608200000, 0x0000000608200000, 0x0000000608400000|  0%| F|  |TAMS 0x0000000608200000, 0x0000000608200000| Untracked 
|  46|0x0000000608400000, 0x0000000608469398, 0x0000000608600000| 20%| E|  |TAMS 0x0000000608400000, 0x0000000608400000| Complete 

Card table byte_map: [0x00000278a3ee0000,0x00000278a4ed0000] _byte_map_base: 0x00000278a0ecc000

Marking Bits (Prev, Next): (CMBitMap*) 0x000002788b575478, (CMBitMap*) 0x000002788b5754b0
 Prev Bits: [0x00000278a5ec0000, 0x00000278ade20000)
 Next Bits: [0x00000278ade20000, 0x00000278b5d80000)

Polling page: 0x00000278894d0000

Metaspace:

Usage:
  Non-class:     30.79 MB capacity,    30.40 MB ( 99%) used,   311.80 KB ( <1%) free+waste,    84.63 KB ( <1%) overhead. 
      Class:      4.10 MB capacity,     3.82 MB ( 93%) used,   251.37 KB (  6%) free+waste,    40.13 KB ( <1%) overhead. 
       Both:     34.89 MB capacity,    34.22 MB ( 98%) used,   563.16 KB (  2%) free+waste,   124.75 KB ( <1%) overhead. 

Virtual space:
  Non-class space:       32.00 MB reserved,      31.00 MB ( 97%) committed 
      Class space:        1.00 GB reserved,       4.13 MB ( <1%) committed 
             Both:        1.03 GB reserved,      35.13 MB (  3%) committed 

Chunk freelists:
   Non-Class:  2.63 KB
       Class:  3.13 KB
        Both:  5.75 KB

CodeHeap 'non-profiled nmethods': size=120000Kb used=2562Kb max_used=2562Kb free=117438Kb
 bounds [0x000002789b470000, 0x000002789b700000, 0x00000278a29a0000]
CodeHeap 'profiled nmethods': size=120000Kb used=9475Kb max_used=9475Kb free=110524Kb
 bounds [0x0000027893f40000, 0x0000027894890000, 0x000002789b470000]
CodeHeap 'non-nmethods': size=5760Kb used=1361Kb max_used=1412Kb free=4399Kb
 bounds [0x00000278939a0000, 0x0000027893c10000, 0x0000027893f40000]
 total_blobs=5219 nmethods=4431 adapters=696
 compilation: enabled
              stopped_count=0, restarted_count=0
 full_count=0

Compilation events (10 events):
Event: 113.046 Thread 0x00000278b94dc800 4420       4       java.util.LinkedHashMap$LinkedHashIterator::nextNode (54 bytes)
Event: 113.047 Thread 0x00000278b94dc800 nmethod 4420 0x000002789b6ef590 code [0x000002789b6ef720, 0x000002789b6ef978]
Event: 113.183 Thread 0x00000278b94dc800 4429       4       java.awt.Component::eventTypeEnabled (487 bytes)
Event: 113.185 Thread 0x00000278b94dc800 nmethod 4429 0x000002789b6efa90 code [0x000002789b6efc20, 0x000002789b6eff98]
Event: 113.544 Thread 0x00000278b94e3000 4430       3       java.awt.KeyboardFocusManager::firePropertyChange (26 bytes)
Event: 113.544 Thread 0x00000278b94e3000 nmethod 4430 0x000002789487ff10 code [0x0000027894880120, 0x0000027894880a68]
Event: 113.550 Thread 0x00000278b94e3000 4431       1       java.awt.Component::getInputMethodRequests (2 bytes)
Event: 113.550 Thread 0x00000278b94e3000 nmethod 4431 0x000002789b6f0110 code [0x000002789b6f02a0, 0x000002789b6f0358]
Event: 113.656 Thread 0x00000278b94dc800 4432       4       javax.swing.text.View::getContainer (18 bytes)
Event: 113.657 Thread 0x00000278b94dc800 nmethod 4432 0x000002789b6f0410 code [0x000002789b6f05a0, 0x000002789b6f06b8]

GC Heap History (10 events):
Event: 2.425 GC heap before
{Heap before GC invocations=2 (full 0):
 garbage-first heap   total 522240K, used 26652K [0x0000000602800000, 0x0000000800000000)
  region size 2048K, 12 young (24576K), 2 survivors (4096K)
 Metaspace       used 29190K, capacity 29758K, committed 30080K, reserved 1075200K
  class space    used 3367K, capacity 3596K, committed 3712K, reserved 1048576K
}
Event: 2.429 GC heap after
{Heap after GC invocations=3 (full 0):
 garbage-first heap   total 522240K, used 9613K [0x0000000602800000, 0x0000000800000000)
  region size 2048K, 2 young (4096K), 2 survivors (4096K)
 Metaspace       used 29190K, capacity 29758K, committed 30080K, reserved 1075200K
  class space    used 3367K, capacity 3596K, committed 3712K, reserved 1048576K
}
Event: 40.509 GC heap before
{Heap before GC invocations=3 (full 0):
 garbage-first heap   total 522240K, used 69005K [0x0000000602800000, 0x0000000800000000)
  region size 2048K, 21 young (43008K), 2 survivors (4096K)
 Metaspace       used 32754K, capacity 33459K, committed 33792K, reserved 1079296K
  class space    used 3715K, capacity 3997K, committed 4096K, reserved 1048576K
}
Event: 40.527 GC heap after
{Heap after GC invocations=4 (full 1):
 garbage-first heap   total 96256K, used 19417K [0x0000000602800000, 0x0000000800000000)
  region size 2048K, 0 young (0K), 0 survivors (0K)
 Metaspace       used 32754K, capacity 33459K, committed 33792K, reserved 1079296K
  class space    used 3715K, capacity 3997K, committed 4096K, reserved 1048576K
}
Event: 87.420 GC heap before
{Heap before GC invocations=4 (full 1):
 garbage-first heap   total 96256K, used 43993K [0x0000000602800000, 0x0000000800000000)
  region size 2048K, 13 young (26624K), 0 survivors (0K)
 Metaspace       used 34776K, capacity 35470K, committed 35712K, reserved 1081344K
  class space    used 3900K, capacity 4198K, committed 4224K, reserved 1048576K
}
Event: 87.421 GC heap after
{Heap after GC invocations=5 (full 1):
 garbage-first heap   total 96256K, used 21961K [0x0000000602800000, 0x0000000800000000)
  region size 2048K, 2 young (4096K), 2 survivors (4096K)
 Metaspace       used 34776K, capacity 35470K, committed 35712K, reserved 1081344K
  class space    used 3900K, capacity 4198K, committed 4224K, reserved 1048576K
}
Event: 101.485 GC heap before
{Heap before GC invocations=5 (full 1):
 garbage-first heap   total 96256K, used 52681K [0x0000000602800000, 0x0000000800000000)
  region size 2048K, 12 young (24576K), 2 survivors (4096K)
 Metaspace       used 34918K, capacity 35599K, committed 35712K, reserved 1081344K
  class space    used 3906K, capacity 4198K, committed 4224K, reserved 1048576K
}
Event: 101.487 GC heap after
{Heap after GC invocations=6 (full 1):
 garbage-first heap   total 96256K, used 23333K [0x0000000602800000, 0x0000000800000000)
  region size 2048K, 2 young (4096K), 2 survivors (4096K)
 Metaspace       used 34918K, capacity 35599K, committed 35712K, reserved 1081344K
  class space    used 3906K, capacity 4198K, committed 4224K, reserved 1048576K
}
Event: 113.638 GC heap before
{Heap before GC invocations=7 (full 1):
 garbage-first heap   total 96256K, used 62245K [0x0000000602800000, 0x0000000800000000)
  region size 2048K, 14 young (28672K), 2 survivors (4096K)
 Metaspace       used 35042K, capacity 35730K, committed 35968K, reserved 1081344K
  class space    used 3907K, capacity 4199K, committed 4224K, reserved 1048576K
}
Event: 113.656 GC heap after
{Heap after GC invocations=8 (full 2):
 garbage-first heap   total 96256K, used 21805K [0x0000000602800000, 0x0000000800000000)
  region size 2048K, 0 young (0K), 0 survivors (0K)
 Metaspace       used 35042K, capacity 35730K, committed 35968K, reserved 1081344K
  class space    used 3907K, capacity 4199K, committed 4224K, reserved 1048576K
}

Deoptimization events (10 events):
Event: 98.429 Thread 0x00000278bb294800 Uncommon trap: reason=class_check action=maybe_recompile pc=0x000002789b683044 method=java.awt.Component.processMouseMotionEvent(Ljava/awt/event/MouseEvent;)V @ 52 c2
Event: 98.451 Thread 0x00000278bb294800 Uncommon trap: reason=class_check action=maybe_recompile pc=0x000002789b682bcc method=java.awt.Component.processMouseMotionEvent(Ljava/awt/event/MouseEvent;)V @ 52 c2
Event: 110.032 Thread 0x00000278bb294800 Uncommon trap: reason=unstable_if action=reinterpret pc=0x000002789b57ac50 method=java.awt.Container.findComponentAtImpl(IIZ)Ljava/awt/Component; @ 24 c2
Event: 113.584 Thread 0x00000278bb294800 Uncommon trap: reason=bimorphic_or_optimized_type_check action=maybe_recompile pc=0x000002789b6c84f0 method=java.awt.LightweightDispatcher.eventDispatched(Ljava/awt/AWTEvent;)V @ 70 c2
Event: 113.584 Thread 0x00000278bb294800 Uncommon trap: reason=bimorphic_or_optimized_type_check action=maybe_recompile pc=0x000002789b6c84f0 method=java.awt.LightweightDispatcher.eventDispatched(Ljava/awt/AWTEvent;)V @ 70 c2
Event: 113.584 Thread 0x00000278bb294800 Uncommon trap: reason=bimorphic_or_optimized_type_check action=maybe_recompile pc=0x000002789b6c84f0 method=java.awt.LightweightDispatcher.eventDispatched(Ljava/awt/AWTEvent;)V @ 70 c2
Event: 113.584 Thread 0x00000278bb294800 Uncommon trap: reason=bimorphic_or_optimized_type_check action=maybe_recompile pc=0x000002789b6c84f0 method=java.awt.LightweightDispatcher.eventDispatched(Ljava/awt/AWTEvent;)V @ 70 c2
Event: 113.585 Thread 0x00000278bb294800 Uncommon trap: reason=bimorphic_or_optimized_type_check action=maybe_recompile pc=0x000002789b6ca000 method=java.awt.Component.processMouseMotionEvent(Ljava/awt/event/MouseEvent;)V @ 52 c2
Event: 113.597 Thread 0x00000278bb294800 Uncommon trap: reason=bimorphic_or_optimized_type_check action=maybe_recompile pc=0x000002789b6ca000 method=java.awt.Component.processMouseMotionEvent(Ljava/awt/event/MouseEvent;)V @ 52 c2
Event: 113.598 Thread 0x00000278bb294800 Uncommon trap: reason=bimorphic_or_optimized_type_check action=maybe_recompile pc=0x000002789b6ca000 method=java.awt.Component.processMouseMotionEvent(Ljava/awt/event/MouseEvent;)V @ 52 c2

Classes redefined (0 events):
No events

Internal exceptions (10 events):
Event: 2.584 Thread 0x000002788b4f1000 Exception <a 'java/lang/NoSuchMethodError'{0x0000000622158a28}: java.lang.invoke.DirectMethodHandle$Holder.invokeSpecial(Ljava/lang/Object;Ljava/lang/Object;IIILjava/lang/Object;Ljava/lang/Object;Ljava/lang/Object;Ljava/lang/Object;)Ljava/lang/Object;> (0
Event: 2.584 Thread 0x000002788b4f1000 Exception <a 'java/lang/NoSuchMethodError'{0x000000062215c1d8}: java.lang.invoke.DelegatingMethodHandle$Holder.reinvoke_L(Ljava/lang/Object;IIILjava/lang/Object;Ljava/lang/Object;Ljava/lang/Object;Ljava/lang/Object;)Ljava/lang/Object;> (0x000000062215c1d8
Event: 2.586 Thread 0x000002788b4f1000 Exception <a 'java/lang/NoSuchMethodError'{0x000000062219c080}: java.lang.invoke.DirectMethodHandle$Holder.invokeStatic(Ljava/lang/Object;Ljava/lang/Object;Ljava/lang/Object;Ljava/lang/Object;Ljava/lang/Object;Ljava/lang/Object;Ljava/lang/Object;Ljava/lan
Event: 37.547 Thread 0x00000278bb294800 Implicit null exception at 0x000002789b53bbd0 to 0x000002789b53bc2f
Event: 39.662 Thread 0x00000278bb294800 Exception <a 'java/lang/NoSuchMethodError'{0x000000061ffac4c8}: java.lang.invoke.DirectMethodHandle$Holder.invokeSpecial(Ljava/lang/Object;Ljava/lang/Object;Ljava/lang/Object;Ljava/lang/Object;Ljava/lang/Object;)V> (0x000000061ffac4c8) thrown at [./open/s
Event: 40.645 Thread 0x00000278bb294800 Exception <a 'java/lang/NoSuchMethodError'{0x00000006075403a8}: java.lang.invoke.DirectMethodHandle$Holder.invokeStatic(Ljava/lang/Object;IIII)Ljava/lang/Object;> (0x00000006075403a8) thrown at [./open/src/hotspot/share/interpreter/linkResolver.cpp, line 
Event: 40.645 Thread 0x00000278bb294800 Exception <a 'java/lang/NoSuchMethodError'{0x0000000607543f60}: java.lang.invoke.DirectMethodHandle$Holder.invokeStaticInit(Ljava/lang/Object;IIII)Ljava/lang/Object;> (0x0000000607543f60) thrown at [./open/src/hotspot/share/interpreter/linkResolver.cpp, l
Event: 41.119 Thread 0x00000278bb294800 Exception <a 'java/lang/NoSuchMethodError'{0x0000000607208340}: java.lang.invoke.DirectMethodHandle$Holder.invokeStatic(Ljava/lang/Object;Ljava/lang/Object;IIII)Ljava/lang/Object;> (0x0000000607208340) thrown at [./open/src/hotspot/share/interpreter/linkR
Event: 41.120 Thread 0x00000278bb294800 Exception <a 'java/lang/NoSuchMethodError'{0x000000060720c128}: java.lang.invoke.DirectMethodHandle$Holder.invokeStaticInit(Ljava/lang/Object;Ljava/lang/Object;IIII)Ljava/lang/Object;> (0x000000060720c128) thrown at [./open/src/hotspot/share/interpreter/l
Event: 85.626 Thread 0x00000278bb294800 Implicit null exception at 0x000002789b68153f to 0x000002789b681eb0

Events (10 events):
Event: 113.585 Thread 0x00000278bb294800 DEOPT PACKING pc=0x000002789b6ca000 sp=0x000000e62a5efce0
Event: 113.585 Thread 0x00000278bb294800 DEOPT UNPACKING pc=0x00000278939c68af sp=0x000000e62a5efbf8 mode 2
Event: 113.597 Thread 0x00000278bb294800 Uncommon trap: trap_request=0xffffffc6 fr.pc=0x000002789b6ca000 relative=0x0000000000000120
Event: 113.597 Thread 0x00000278bb294800 DEOPT PACKING pc=0x000002789b6ca000 sp=0x000000e62a5efce0
Event: 113.597 Thread 0x00000278bb294800 DEOPT UNPACKING pc=0x00000278939c68af sp=0x000000e62a5efbf8 mode 2
Event: 113.598 Thread 0x00000278bb294800 Uncommon trap: trap_request=0xffffffc6 fr.pc=0x000002789b6ca000 relative=0x0000000000000120
Event: 113.598 Thread 0x00000278bb294800 DEOPT PACKING pc=0x000002789b6ca000 sp=0x000000e62a5efce0
Event: 113.598 Thread 0x00000278bb294800 DEOPT UNPACKING pc=0x00000278939c68af sp=0x000000e62a5efbf8 mode 2
Event: 113.638 Executing VM operation: G1CollectFull
Event: 113.656 Executing VM operation: G1CollectFull done


Dynamic libraries:
0x00007ff7e70c0000 - 0x00007ff7e70cf000 	C:\Program Files\Java\jdk-11.0.11\bin\java.exe
0x00007ff8539d0000 - 0x00007ff853bc5000 	C:\WINDOWS\SYSTEM32\ntdll.dll
0x00007ff853780000 - 0x00007ff85383d000 	C:\WINDOWS\System32\KERNEL32.DLL
0x00007ff8513e0000 - 0x00007ff8516a9000 	C:\WINDOWS\System32\KERNELBASE.dll
0x00007ff851160000 - 0x00007ff851260000 	C:\WINDOWS\System32\ucrtbase.dll
0x00007ff8477b0000 - 0x00007ff8477c8000 	C:\Program Files\Java\jdk-11.0.11\bin\jli.dll
0x00007ff8474d0000 - 0x00007ff8474e5000 	C:\Program Files\Java\jdk-11.0.11\bin\VCRUNTIME140.dll
0x00007ff851fa0000 - 0x00007ff85204c000 	C:\WINDOWS\System32\ADVAPI32.dll
0x00007ff853490000 - 0x00007ff85352e000 	C:\WINDOWS\System32\msvcrt.dll
0x00007ff851c30000 - 0x00007ff851ccb000 	C:\WINDOWS\System32\sechost.dll
0x00007ff853860000 - 0x00007ff85398a000 	C:\WINDOWS\System32\RPCRT4.dll
0x00007ff8521f0000 - 0x00007ff852390000 	C:\WINDOWS\System32\USER32.dll
0x00007ff851260000 - 0x00007ff851282000 	C:\WINDOWS\System32\win32u.dll
0x00007ff843710000 - 0x00007ff8439aa000 	C:\WINDOWS\WinSxS\amd64_microsoft.windows.common-controls_6595b64144ccf1df_6.0.19041.1052_none_60b8f8fd71f5e8cb\COMCTL32.dll
0x00007ff851bf0000 - 0x00007ff851c1a000 	C:\WINDOWS\System32\GDI32.dll
0x00007ff851770000 - 0x00007ff85187b000 	C:\WINDOWS\System32\gdi32full.dll
0x00007ff851340000 - 0x00007ff8513dd000 	C:\WINDOWS\System32\msvcp_win.dll
0x00007ff850ca0000 - 0x00007ff850caa000 	C:\WINDOWS\SYSTEM32\VERSION.dll
0x00007ff852ff0000 - 0x00007ff853020000 	C:\WINDOWS\System32\IMM32.DLL
0x00007ff8125a0000 - 0x00007ff81263b000 	C:\Program Files\Java\jdk-11.0.11\bin\msvcp140.dll
0x00007ff8066a0000 - 0x00007ff80719e000 	C:\Program Files\Java\jdk-11.0.11\bin\server\jvm.dll
0x00007ff851c20000 - 0x00007ff851c28000 	C:\WINDOWS\System32\PSAPI.DLL
0x00007ff848410000 - 0x00007ff848437000 	C:\WINDOWS\SYSTEM32\WINMM.dll
0x00007ff825a70000 - 0x00007ff825a79000 	C:\WINDOWS\SYSTEM32\WSOCK32.dll
0x00007ff853590000 - 0x00007ff8535fb000 	C:\WINDOWS\System32\WS2_32.dll
0x00007ff84eff0000 - 0x00007ff84f002000 	C:\WINDOWS\SYSTEM32\kernel.appcore.dll
0x00007ff849210000 - 0x00007ff849220000 	C:\Program Files\Java\jdk-11.0.11\bin\verify.dll
0x00007ff832560000 - 0x00007ff832744000 	C:\WINDOWS\SYSTEM32\DBGHELP.DLL
0x00007ff84a270000 - 0x00007ff84a29c000 	C:\WINDOWS\SYSTEM32\dbgcore.DLL
0x00007ff8516e0000 - 0x00007ff851763000 	C:\WINDOWS\System32\bcryptPrimitives.dll
0x00007ff832750000 - 0x00007ff832778000 	C:\Program Files\Java\jdk-11.0.11\bin\java.dll
0x00007ff848910000 - 0x00007ff84891a000 	C:\Program Files\Java\jdk-11.0.11\bin\jimage.dll
0x00007ff848500000 - 0x00007ff84850e000 	C:\Program Files\Java\jdk-11.0.11\bin\instrument.dll
0x00007ff8474b0000 - 0x00007ff8474c6000 	C:\Program Files\Java\jdk-11.0.11\bin\zip.dll
0x00007ff852540000 - 0x00007ff852c7f000 	C:\WINDOWS\System32\SHELL32.dll
0x00007ff84f1f0000 - 0x00007ff84f981000 	C:\WINDOWS\SYSTEM32\windows.storage.dll
0x00007ff852c80000 - 0x00007ff852fd5000 	C:\WINDOWS\System32\combase.dll
0x00007ff850b10000 - 0x00007ff850b3c000 	C:\WINDOWS\SYSTEM32\Wldp.dll
0x00007ff851ef0000 - 0x00007ff851f9e000 	C:\WINDOWS\System32\SHCORE.dll
0x00007ff851d30000 - 0x00007ff851d85000 	C:\WINDOWS\System32\shlwapi.dll
0x00007ff851050000 - 0x00007ff85106f000 	C:\WINDOWS\SYSTEM32\profapi.dll
0x00007ff844f80000 - 0x00007ff844f99000 	C:\Program Files\Java\jdk-11.0.11\bin\net.dll
0x00007ff84a050000 - 0x00007ff84a15a000 	C:\WINDOWS\SYSTEM32\WINHTTP.dll
0x00007ff850870000 - 0x00007ff8508da000 	C:\WINDOWS\system32\mswsock.dll
0x00007ff83aa70000 - 0x00007ff83aa82000 	C:\Program Files\Java\jdk-11.0.11\bin\nio.dll
0x00007ff836520000 - 0x00007ff83653a000 	D:\SoftWare\WorkTool\IDEA\IntelliJ IDEA 2020.3.2\bin\breakgen64.dll
0x00007ff80df40000 - 0x00007ff80e0da000 	C:\Program Files\Java\jdk-11.0.11\bin\awt.dll
0x00007ff8536b0000 - 0x00007ff85377d000 	C:\WINDOWS\System32\OLEAUT32.dll
0x00007ff84e990000 - 0x00007ff84ea20000 	C:\WINDOWS\SYSTEM32\apphelp.dll
0x00007ff84ed00000 - 0x00007ff84ed2f000 	C:\WINDOWS\system32\DWMAPI.DLL
0x00007ff84eab0000 - 0x00007ff84eb4e000 	C:\WINDOWS\system32\uxtheme.dll
0x00007ff836e30000 - 0x00007ff836f55000 	C:\WINDOWS\system32\opengl32.dll
0x00007ff847070000 - 0x00007ff84709c000 	C:\WINDOWS\SYSTEM32\GLU32.dll
0x00007ff851ad0000 - 0x00007ff851be5000 	C:\WINDOWS\System32\MSCTF.dll
0x00007ff852050000 - 0x00007ff85217a000 	C:\WINDOWS\System32\ole32.dll
0x00007ff843e60000 - 0x00007ff84402e000 	C:\WINDOWS\system32\d3d9.dll
0x00007ff848670000 - 0x00007ff848775000 	C:\WINDOWS\System32\DriverStore\FileRepository\nv_dispi.inf_amd64_d67c20d727d4578c\nvldumdx.dll
0x00007ff850cb0000 - 0x00007ff850cc2000 	C:\WINDOWS\SYSTEM32\msasn1.dll
0x00007ff849f20000 - 0x00007ff849f51000 	C:\WINDOWS\SYSTEM32\cryptnet.dll
0x00007ff8518e0000 - 0x00007ff851a3f000 	C:\WINDOWS\System32\CRYPT32.dll
0x00007ff850a50000 - 0x00007ff850a5c000 	C:\WINDOWS\SYSTEM32\cryptbase.dll
0x00007ff851880000 - 0x00007ff8518e0000 	C:\WINDOWS\System32\WINTRUST.DLL
0x00007ff853840000 - 0x00007ff85385d000 	C:\WINDOWS\System32\imagehlp.dll
0x00007ff850a60000 - 0x00007ff850a78000 	C:\WINDOWS\SYSTEM32\CRYPTSP.dll
0x00007ff850140000 - 0x00007ff850174000 	C:\WINDOWS\system32\rsaenh.dll
0x00007ff8516b0000 - 0x00007ff8516d7000 	C:\WINDOWS\System32\bcrypt.dll
0x00007ff803be0000 - 0x00007ff805828000 	C:\WINDOWS\System32\DriverStore\FileRepository\nv_dispi.inf_amd64_d67c20d727d4578c\nvd3dumx.dll
0x00007ff811000000 - 0x00007ff811163000 	C:\WINDOWS\System32\DriverStore\FileRepository\iigd_dch.inf_amd64_a086f01cc7be643a\igdumdim64.dll
0x00007fffe4630000 - 0x00007fffe8034000 	C:\WINDOWS\System32\DriverStore\FileRepository\iigd_dch.inf_amd64_a086f01cc7be643a\igd9dxva64.dll
0x00007ff853020000 - 0x00007ff853489000 	C:\WINDOWS\System32\SETUPAPI.dll
0x00007ff851110000 - 0x00007ff85115e000 	C:\WINDOWS\System32\cfgmgr32.dll
0x00007ff844670000 - 0x00007ff8448af000 	C:\WINDOWS\System32\DriverStore\FileRepository\iigd_dch.inf_amd64_a086f01cc7be643a\igdgmm64.dll
0x00007ff818c90000 - 0x00007ff818f49000 	C:\WINDOWS\system32\nvspcap64.dll
0x00007ff84fdd0000 - 0x00007ff84fe03000 	C:\WINDOWS\SYSTEM32\ntmarta.dll
0x00007ff84f9a0000 - 0x00007ff84f9c3000 	C:\WINDOWS\SYSTEM32\gpapi.dll
0x00007ff849540000 - 0x00007ff84957b000 	C:\WINDOWS\SYSTEM32\dxcore.dll
0x00007ff812be0000 - 0x00007ff812c65000 	C:\Program Files\Java\jdk-11.0.11\bin\freetype.dll
0x00007ff80de40000 - 0x00007ff80df32000 	C:\Program Files\Java\jdk-11.0.11\bin\harfbuzz.dll
0x00007ff832870000 - 0x00007ff832882000 	C:\Program Files\Java\jdk-11.0.11\bin\fontmanager.dll
0x00007ff8477a0000 - 0x00007ff8477a9000 	C:\Program Files\Java\jdk-11.0.11\bin\management.dll
0x00007ff847740000 - 0x00007ff84774b000 	C:\Program Files\Java\jdk-11.0.11\bin\management_ext.dll
0x00007ff850fd0000 - 0x00007ff850ffe000 	C:\WINDOWS\SYSTEM32\USERENV.dll
0x00007ff850510000 - 0x00007ff85054b000 	C:\WINDOWS\SYSTEM32\IPHLPAPI.DLL
0x00007ff852fe0000 - 0x00007ff852fe8000 	C:\WINDOWS\System32\NSI.dll
0x00007ff849f00000 - 0x00007ff849f17000 	C:\WINDOWS\SYSTEM32\dhcpcsvc6.DLL
0x00007ff849ee0000 - 0x00007ff849efd000 	C:\WINDOWS\SYSTEM32\dhcpcsvc.DLL
0x00007ff850560000 - 0x00007ff85062c000 	C:\WINDOWS\SYSTEM32\DNSAPI.dll
0x00007ff8232a0000 - 0x00007ff8232b7000 	C:\WINDOWS\system32\napinsp.dll
0x00007ff823280000 - 0x00007ff82329b000 	C:\WINDOWS\system32\pnrpnsp.dll
0x00007ff84c0a0000 - 0x00007ff84c0b5000 	C:\WINDOWS\system32\wshbth.dll
0x00007ff84cb00000 - 0x00007ff84cb1d000 	C:\WINDOWS\system32\NLAapi.dll
0x00007ff823260000 - 0x00007ff823272000 	C:\WINDOWS\System32\winrnr.dll
0x00007ff84a6b0000 - 0x00007ff84a6ba000 	C:\Windows\System32\rasadhlp.dll
0x00007ff8431f0000 - 0x00007ff84326f000 	C:\WINDOWS\System32\fwpuclnt.dll
0x00007ff8443b0000 - 0x00007ff844460000 	C:\WINDOWS\WinSxS\amd64_microsoft.windows.common-controls_6595b64144ccf1df_5.82.19041.844_none_423537bff6b9828c\comctl32.dll
0x00007ff853600000 - 0x00007ff8536a9000 	C:\WINDOWS\System32\clbcatq.dll
0x00007ff830d80000 - 0x00007ff830d97000 	C:\WINDOWS\system32\NetworkExplorer.dll
0x00007ff84ccb0000 - 0x00007ff84cda6000 	C:\WINDOWS\system32\PROPSYS.dll
0x00007ff8431d0000 - 0x00007ff8431ed000 	C:\WINDOWS\SYSTEM32\MPR.dll
0x00007ff8473f0000 - 0x00007ff8473fb000 	C:\WINDOWS\System32\drprov.dll
0x00007ff8501d0000 - 0x00007ff85022a000 	C:\WINDOWS\System32\WINSTA.dll
0x00007ff8473d0000 - 0x00007ff8473e8000 	C:\WINDOWS\System32\ntlanman.dll
0x00007ff844ff0000 - 0x00007ff84500e000 	C:\WINDOWS\System32\davclnt.dll
0x00007ff8364e0000 - 0x00007ff8364ed000 	C:\WINDOWS\System32\DAVHLPR.dll
0x00007ff8502c0000 - 0x00007ff8502d7000 	C:\WINDOWS\System32\wkscli.dll
0x00007ff823ec0000 - 0x00007ff823ed2000 	C:\WINDOWS\SYSTEM32\cscapi.dll
0x00007ff850550000 - 0x00007ff85055c000 	C:\WINDOWS\System32\netutils.dll
0x00007ff82d240000 - 0x00007ff82d298000 	C:\Windows\System32\dlnashext.dll
0x00007ff8112d0000 - 0x00007ff811334000 	C:\Windows\System32\PlayToDevice.dll
0x00007ff84a6c0000 - 0x00007ff84a6e0000 	C:\Windows\System32\DevDispItemProvider.dll
0x00007ff84a350000 - 0x00007ff84a3d5000 	C:\WINDOWS\System32\MMDevApi.dll
0x00007ff850e70000 - 0x00007ff850e9c000 	C:\WINDOWS\System32\DEVOBJ.dll
0x00007ff80eb80000 - 0x00007ff80ec23000 	C:\WINDOWS\system32\wpdshext.dll
0x00007ff8439b0000 - 0x00007ff843b5b000 	C:\WINDOWS\WinSxS\amd64_microsoft.windows.gdiplus_6595b64144ccf1df_1.1.19041.1081_none_91a70388cc8594fd\gdiplus.dll
0x00007ff81ebe0000 - 0x00007ff81ec83000 	C:\Windows\System32\PortableDeviceApi.dll
0x00007ff82a440000 - 0x00007ff82a477000 	C:\Windows\System32\EhStorShell.dll
0x00007ff82f350000 - 0x00007ff82f376000 	C:\Windows\System32\EhStorAPI.dll
0x00007ff84ce10000 - 0x00007ff84ce24000 	C:\Windows\System32\WTSAPI32.dll
0x00007ff843b60000 - 0x00007ff843b6d000 	C:\WINDOWS\SYSTEM32\LINKINFO.dll
0x00007ff84b4a0000 - 0x00007ff84b654000 	C:\WINDOWS\SYSTEM32\WindowsCodecs.dll
0x00007ff836a40000 - 0x00007ff836a7e000 	C:\WINDOWS\system32\dataexchange.dll
0x00007ff84d3d0000 - 0x00007ff84d634000 	C:\WINDOWS\system32\d3d11.dll
0x00007ff84dd60000 - 0x00007ff84df46000 	C:\WINDOWS\system32\dcomp.dll
0x00007ff84f9d0000 - 0x00007ff84fac4000 	C:\WINDOWS\system32\dxgi.dll
0x00007ff84b840000 - 0x00007ff84ba41000 	C:\WINDOWS\system32\twinapi.appcore.dll
0x00007ff833a60000 - 0x00007ff833b59000 	C:\WINDOWS\SYSTEM32\textinputframework.dll
0x00007ff84e2d0000 - 0x00007ff84e62e000 	C:\WINDOWS\System32\CoreUIComponents.dll
0x00007ff84e830000 - 0x00007ff84e922000 	C:\WINDOWS\System32\CoreMessaging.dll

dbghelp: loaded successfully - version: 4.0.5 - missing functions: none
symbol engine: initialized successfully - sym options: 0x614 - pdb path: .;C:\Program Files\Java\jdk-11.0.11\bin;C:\WINDOWS\SYSTEM32;C:\WINDOWS\WinSxS\amd64_microsoft.windows.common-controls_6595b64144ccf1df_6.0.19041.1052_none_60b8f8fd71f5e8cb;C:\Program Files\Java\jdk-11.0.11\bin\server;D:\SoftWare\WorkTool\IDEA\IntelliJ IDEA 2020.3.2\bin;C:\WINDOWS\System32\DriverStore\FileRepository\nv_dispi.inf_amd64_d67c20d727d4578c;C:\WINDOWS\System32\DriverStore\FileRepository\iigd_dch.inf_amd64_a086f01cc7be643a;C:\WINDOWS\WinSxS\amd64_microsoft.windows.common-controls_6595b64144ccf1df_5.82.19041.844_none_423537bff6b9828c;C:\WINDOWS\WinSxS\amd64_microsoft.windows.gdiplus_6595b64144ccf1df_1.1.19041.1081_none_91a70388cc8594fd;D:\SoftWare\ComputerTool\SouGouInput\SogouInput\Components\SGSmartAssistant\1.0.0.30;D:\SoftWare\ComputerTool\SouGouInput\SogouInput\10.5.0.4737;D:\SoftWare\ComputerTool\SouGouInput\SogouInput\Components\PicFace\1.1.0.1880;C:\Users\MyZSY\AppData\Local\Temp\xuggle

VM Arguments:
jvm_args: -javaagent:D:\SoftWare\WorkTool\IDEA\IntelliJ IDEA 2020.3.2\lib\idea_rt.jar=9988:D:\SoftWare\WorkTool\IDEA\IntelliJ IDEA 2020.3.2\bin -Dfile.encoding=UTF-8 
java_command: cn.mypro.swing.StartGUIApp
java_class_path (initial): G:\WorkSpace\WorkSpaceForIDEA\TestProject\HSourcesGUI\target\classes;D:\SoftWare\WorkTool\Maven\mavenRepository\org\projectlombok\lombok\1.18.18\lombok-1.18.18.jar;D:\SoftWare\WorkTool\Maven\mavenRepository\org\slf4j\slf4j-api\1.7.25\slf4j-api-1.7.25.jar;D:\SoftWare\WorkTool\Maven\mavenRepository\org\slf4j\slf4j-log4j12\1.7.25\slf4j-log4j12-1.7.25.jar;D:\SoftWare\WorkTool\Maven\mavenRepository\log4j\log4j\1.2.17\log4j-1.2.17.jar;D:\SoftWare\WorkTool\Maven\mavenRepository\com\sun\jna\jna\5.2.0\jna-5.2.0.jar;D:\SoftWare\WorkTool\Maven\mavenRepository\cn\com\jit\pki\netcert\main\jit-pkitool\2.3.0.25-beta2\jit-pkitool-2.3.0.25-beta2.jar;D:\SoftWare\WorkTool\Maven\mavenRepository\com\jdsm3\jdsm3\2.0.0\jdsm3-2.0.0.jar;D:\SoftWare\WorkTool\Maven\mavenRepository\dom4j\dom4j\1.6.1\dom4j-1.6.1.jar;D:\SoftWare\WorkTool\Maven\mavenRepository\xml-apis\xml-apis\1.0.b2\xml-apis-1.0.b2.jar;D:\SoftWare\WorkTool\Maven\mavenRepository\org\bouncycastle\bcprov-jdk15-143\143\bcprov-jdk15-143-143.jar;D:\SoftWare\WorkTool\Maven\mavenRepository\com\sansec\crypto\0.1.0\crypto-0.1.0.jar;D:\SoftWare\WorkTool\Maven\mavenRepository\com\sansec\SwxaJCE\0.1.0\SwxaJCE-0.1.0.jar;D:\SoftWare\WorkTool\Maven\mavenRepository\com\sansec\Sm2DecZJB\0.1.0\Sm2DecZJB-0.1.0.jar;D:\SoftWare\WorkTool\Maven\mavenRepository\com\oracle\ojdbc7\12.1.0.2\ojdbc7-12.1.0.2.jar;D:\SoftWare\WorkTool\Maven\mavenRepository\xuggle\xuggle-xuggler\5.4\xuggle-xuggler-5.4.jar;D:\SoftWare\WorkTool\Maven\mavenRepository\com\alibaba\fastjson\1.2.54\fastjson-1.2.54.jar;D:\SoftWare\WorkTool\Maven\mavenRepository\javax\xml\bind\jaxb-api\2.3.0\jaxb-api-2.3.0.jar;D:\SoftWare\WorkTool\Maven\mavenRepository\us\codecraft\webmagic-core\0.7.4\webmagic-core-0.7.4.jar;D:\SoftWare\WorkTool\Maven\mavenRepository\org\apache\httpcomponents\httpclient\4.5.13\httpclient-4.5.13.jar;D:\SoftWare\WorkTool\Maven\mavenRepository\org\apache\httpcomponents\httpcore\4.4.13\httpcore-4.4.13.jar;D:\SoftWare\WorkTool\Maven\mavenReposit
Launcher Type: SUN_STANDARD

[Global flags]
     intx CICompilerCount                          = 4                                         {product} {ergonomic}
     uint ConcGCThreads                            = 3                                         {product} {ergonomic}
     uint G1ConcRefinementThreads                  = 10                                        {product} {ergonomic}
   size_t G1HeapRegionSize                         = 2097152                                   {product} {ergonomic}
    uintx GCDrainStackTargetSize                   = 64                                        {product} {ergonomic}
   size_t InitialHeapSize                          = 534773760                                 {product} {ergonomic}
   size_t MarkStackSize                            = 4194304                                   {product} {ergonomic}
   size_t MaxHeapSize                              = 8547991552                                {product} {ergonomic}
   size_t MaxNewSize                               = 5127536640                                {product} {ergonomic}
   size_t MinHeapDeltaBytes                        = 2097152                                   {product} {ergonomic}
    uintx NonNMethodCodeHeapSize                   = 5836300                                {pd product} {ergonomic}
    uintx NonProfiledCodeHeapSize                  = 122910970                              {pd product} {ergonomic}
    uintx ProfiledCodeHeapSize                     = 122910970                              {pd product} {ergonomic}
    uintx ReservedCodeCacheSize                    = 251658240                              {pd product} {ergonomic}
     bool SegmentedCodeCache                       = true                                      {product} {ergonomic}
     bool UseCompressedClassPointers               = true                                 {lp64_product} {ergonomic}
     bool UseCompressedOops                        = true                                 {lp64_product} {ergonomic}
     bool UseG1GC                                  = true                                      {product} {ergonomic}
     bool UseLargePagesIndividualAllocation        = false                                  {pd product} {ergonomic}

Logging:
Log output configuration:
 #0: stdout all=warning uptime,level,tags
 #1: stderr all=off uptime,level,tags

Environment Variables:
JAVA_HOME=C:\Program Files\Java\jdk1.8.0_241
CLASSPATH=.;C:\Program Files\Java\jdk1.8.0_241\lib\dt.jar;C:\Program Files\Java\jdk1.8.0_241\lib\tools.jar
PATH=C:\Program Files\Common Files\Oracle\Java\javapath;D:\SoftWare\WorkTool\SecureCRT\;D:\SoftWare\DataBase\Oracle\product\11.2.0\client_1\bin;D:\SoftWare\DataBase\Oracle\product\11.2.0\dbhome_1\bin;C:\Program Files (x86)\Common Files\Oracle\Java\javapath;C:\Windows\system32;C:\Windows;C:\Windows\System32\Wbem;C:\Windows\System32\WindowsPowerShell\v1.0\;C:\Windows\System32\OpenSSH\;C:\Program Files (x86)\NVIDIA Corporation\PhysX\Common;C:\Program Files\Java\jdk1.8.0_241\bin;C:\Program Files\Java\jdk1.8.0_241\jre\bin;D:\SoftWare\ComputerTool\PuTTY\;C:\Program Files\NVIDIA Corporation\NVIDIA NvDLISR;D:\SoftWare\WorkTool\Git\Git\cmd;C:\Users\MyZSY\AppData\Local\Programs\Python\Python39\;D:\SoftWare\WorkTool\Maven\maven-3.5.3\bin;;C:\WINDOWS\system32;C:\WINDOWS;C:\WINDOWS\System32\Wbem;C:\WINDOWS\System32\WindowsPowerShell\v1.0\;C:\WINDOWS\System32\OpenSSH\;C:\Users\MyZSY\AppData\Local\Programs\Python\Python39\Scripts\;C:\Users\MyZSY\AppData\Local\Programs\Python\Python39\;C:\Users\MyZSY\AppData\Local\Microsoft\WindowsApps;
USERNAME=MyZSY
OS=Windows_NT
PROCESSOR_IDENTIFIER=Intel64 Family 6 Model 165 Stepping 5, GenuineIntel



---------------  S Y S T E M  ---------------

OS: Windows 10 , 64 bit Build 19041 (10.0.19041.1023)

CPU:total 12 (initial active 12) (6 cores per cpu, 2 threads per core) family 6 model 165 stepping 5 microcode 0xc8, cmov, cx8, fxsr, mmx, sse, sse2, sse3, ssse3, sse4.1, sse4.2, popcnt, avx, avx2, aes, clmul, erms, 3dnowpref, lzcnt, ht, tsc, tscinvbit, bmi1, bmi2, adx, fma

Memory: 4k page, system-wide physical 32606M (22008M free)
TotalPageFile size 37982M (AvailPageFile size 18712M)
current process WorkingSet (physical memory assigned to process): 253M, peak: 254M
current process commit charge ("private bytes"): 334M, peak: 780M

vm_info: Java HotSpot(TM) 64-Bit Server VM (11.0.11+9-LTS-194) for windows-amd64 JRE (11.0.11+9-LTS-194), built on Mar 18 2021 18:46:53 by "mach5one" with MS VC++ 15.9 (VS2017)

END.
