#
# A fatal error has been detected by the Java Runtime Environment:
#
#  EXCEPTION_ACCESS_VIOLATION (0xc0000005) at pc=0x000000006ee76520, pid=13428, tid=21888
#
# JRE version: OpenJDK Runtime Environment (15.0.2+7) (build 15.0.2+7-27)
# Java VM: OpenJDK 64-Bit Server VM (15.0.2+7-27, mixed mode, sharing, tiered, compressed oops, g1 gc, windows-amd64)
# Problematic frame:
# C  [xuggle632622301187922826.dll+0x736520]
#
# No core dump will be written. Minidumps are not enabled by default on client versions of Windows
#
# If you would like to submit a bug report, please visit:
#   https://bugreport.java.com/bugreport/crash.jsp
# The crash happened outside the Java Virtual Machine in native code.
# See problematic frame for where to report the bug.
#

---------------  S U M M A R Y ------------

Command Line: -javaagent:D:\SoftWare\WorkTool\IDEA\IntelliJ IDEA 2020.3.2\lib\idea_rt.jar=6858:D:\SoftWare\WorkTool\IDEA\IntelliJ IDEA 2020.3.2\bin -Dfile.encoding=UTF-8 cn.mypro.test.TestXuggle

Host: Intel(R) Core(TM) i5-10400 CPU @ 2.90GHz, 12 cores, 15G,  Windows 10 , 64 bit Build 18362 (10.0.18362.1350)
Time: Wed Apr 21 23:50:47 2021 ?D1¨²¡À¨º¡Á?¨º¡À?? elapsed time: 0.769380 seconds (0d 0h 0m 0s)

---------------  T H R E A D  ---------------

Current thread (0x000001fde6454720):  JavaThread "main" [_thread_in_native, id=21888, stack(0x000000a2bc500000,0x000000a2bc600000)]

Stack: [0x000000a2bc500000,0x000000a2bc600000],  sp=0x000000a2bc5fe030,  free space=1016k
Native frames: (J=compiled Java code, j=interpreted, Vv=VM code, C=native code)
C  [xuggle632622301187922826.dll+0x736520]

Java frames: (J=compiled Java code, j=interpreted, Vv=VM code)
j  com.xuggle.xuggler.XugglerJNI.IContainer_open__SWIG_0(JLcom/xuggle/xuggler/IContainer;Ljava/lang/String;IJLcom/xuggle/xuggler/IContainerFormat;)I+0
j  com.xuggle.xuggler.IContainer.open(Ljava/lang/String;Lcom/xuggle/xuggler/IContainer$Type;Lcom/xuggle/xuggler/IContainerFormat;)I+15
j  cn.mypro.test.TestXuggle.main([Ljava/lang/String;)V+13
v  ~StubRoutines::call_stub

siginfo: EXCEPTION_ACCESS_VIOLATION (0xc0000005), reading address 0xffffffffffffffff


Register to memory mapping:

RIP=0x000000006ee76520 xuggle632622301187922826.dll
RAX=0x000001fdffffa130 points into unknown readable memory: 0x8000000000000000 | 00 00 00 00 00 00 00 80
RBX=0x000001fd8c8b4190 points into unknown readable memory: 0x000000000000002e | 2e 00 00 00 00 00 00 00
RCX=0x000001fdffffa130 points into unknown readable memory: 0x8000000000000000 | 00 00 00 00 00 00 00 80
RDX=0x0000000000000009 is an unknown value
RSP=0x000000a2bc5fe030 is pointing into the stack for thread: 0x000001fde6454720
RBP=0x000001fdffff9870 points into unknown readable memory: 0x000001fdfff0b780 | 80 b7 f0 ff fd 01 00 00
RSI=0x000001fdffffb130 points into unknown readable memory: 0x0000000100000009 | 09 00 00 00 01 00 00 00
RDI=0x0000000000000004 is an unknown value
R8 =0x000000006ee77580 xuggle632622301187922826.dll
R9 =0x000000006ee76490 xuggle632622301187922826.dll
R10=0x000001fdffffd3a0 points into unknown readable memory: 0x016400c401840004 | 04 00 84 01 c4 00 64 01
R11=0x000001fdfff251b0 points into unknown readable memory: 0xbcb464bbbcb4f32d | 2d f3 b4 bc bb 64 b4 bc
R12=0x000001fdfff259b0 points into unknown readable memory: 0xbcb5a49ebcb516b8 | b8 16 b5 bc 9e a4 b5 bc
R13=0x0000000000000004 is an unknown value
R14=0x0000000000000184 is an unknown value
R15=0x000000006fab8f20 xuggle632622301187922826.dll


Registers:
RAX=0x000001fdffffa130, RBX=0x000001fd8c8b4190, RCX=0x000001fdffffa130, RDX=0x0000000000000009
RSP=0x000000a2bc5fe030, RBP=0x000001fdffff9870, RSI=0x000001fdffffb130, RDI=0x0000000000000004
R8 =0x000000006ee77580, R9 =0x000000006ee76490, R10=0x000001fdffffd3a0, R11=0x000001fdfff251b0
R12=0x000001fdfff259b0, R13=0x0000000000000004, R14=0x0000000000000184, R15=0x000000006fab8f20
RIP=0x000000006ee76520, EFLAGS=0x0000000000010202

Top of Stack: (sp=0x000000a2bc5fe030)
0x000000a2bc5fe030:   000000006ee76665 000000006ee774c5
0x000000a2bc5fe040:   000000006ee77505 000000006ee77545
0x000000a2bc5fe050:   000000006ee77585 000000006ee79426
0x000000a2bc5fe060:   000000006fa67a80 000001fdffffa130
0x000000a2bc5fe070:   000001fd8c8b6650 0000000793000192
0x000000a2bc5fe080:   3fe0000000000000 0000000000000000
0x000000a2bc5fe090:   40c7760000000000 0000000000000000
0x000000a2bc5fe0a0:   3fe0000000000000 0000000000000001
0x000000a2bc5fe0b0:   000001fd8c8b7650 000000006ea45d24
0x000000a2bc5fe0c0:   3f40624dd2f1a9fc 0000000000000000
0x000000a2bc5fe0d0:   0000000000000000 0000000000000000
0x000000a2bc5fe0e0:   0000000000000000 0000000000000000
0x000000a2bc5fe0f0:   000001fd8c8c0550 000000006fab7320
0x000000a2bc5fe100:   000001fdffffee70 000001fd8c8b40f0
0x000000a2bc5fe110:   0000000000000001 000001fdffff9870
0x000000a2bc5fe120:   000001fdffff98f0 0000000000000000 

Instructions: (pc=0x000000006ee76520)
0x000000006ee76420:   48 89 c8 8b 79 18 89 fe c1 fe 02 48 63 d6 8d 34
0x000000006ee76430:   76 48 8d 5c 95 00 48 63 f6 48 89 da ff 50 48 89
0x000000006ee76440:   f8 83 ef 10 48 8d 54 b5 00 f7 d8 48 63 ff 48 98
0x000000006ee76450:   0f 28 3d f9 d0 65 00 0f 28 04 3b 0f 28 0c 02 0f
0x000000006ee76460:   c6 c0 1b 0f c6 c9 1b 0f 57 c7 0f 29 0c 3a 0f 29
0x000000006ee76470:   04 03 48 83 ef 10 48 83 c0 10 7c db 0f 28 7c 24
0x000000006ee76480:   20 48 83 c4 38 5b 5e 5f 5d c3 90 90 90 90 90 90
0x000000006ee76490:   c5 fc 28 01 c5 fc 28 49 20 c5 fc 5c e1 c5 fc 58
0x000000006ee764a0:   d1 c5 dc 59 0d 17 42 84 00 c4 e2 75 0c 0d ce 41
0x000000006ee764b0:   84 00 c4 e3 75 0c c2 33 c5 ec c6 e1 4e c5 dc 5c
0x000000006ee764c0:   d8 c5 dc 58 c0 c4 e2 7d 0c 05 d2 41 84 00 c5 e4
0x000000006ee764d0:   c6 e0 bb c5 e4 c6 d0 ee c4 e3 6d 06 d4 13 c5 e4
0x000000006ee764e0:   57 1d fa 41 84 00 c5 fc c6 cb dd c5 fc c6 c3 88
0x000000006ee764f0:   c4 e3 75 06 d8 02 c4 e3 7d 06 c1 13 c5 fc 5c e2
0x000000006ee76500:   c4 e3 5d 0c c0 55 c5 e4 5c c8 c5 e4 58 c0 c5 fc
0x000000006ee76510:   29 01 c5 fc 29 49 20 c3 0f 1f 84 00 00 00 00 00
0x000000006ee76520:   c5 fc 28 51 40 c5 fc 28 59 60 c5 ec 5c fb c5 ec
0x000000006ee76530:   58 d3 c5 c4 57 3d 26 41 84 00 c5 ec c6 df be c5
0x000000006ee76540:   ec c6 d7 44 c5 ec 5c fb c5 ec 58 d3 c5 ec c6 df
0x000000006ee76550:   dd c5 ec c6 d7 88 c5 fc 28 01 c5 fc 28 49 20 c5
0x000000006ee76560:   fc 5c f9 c5 fc 58 e1 c5 c4 59 0d 51 41 84 00 c4
0x000000006ee76570:   e2 75 0c 0d 08 41 84 00 c4 e3 75 0c c4 33 c5 dc
0x000000006ee76580:   c6 f9 4e c5 c4 5c e8 c5 c4 58 c0 c4 e2 7d 0c 05
0x000000006ee76590:   0c 41 84 00 c5 d4 c6 f8 bb c5 d4 c6 e0 ee c4 e3
0x000000006ee765a0:   5d 06 e7 13 c5 d4 57 2d 34 41 84 00 c5 fc c6 cd
0x000000006ee765b0:   dd c5 fc c6 c5 88 c4 e3 75 06 e8 02 c4 e3 7d 06
0x000000006ee765c0:   c1 13 c5 fc 5c fc c4 e3 45 0c c0 55 c5 d4 5c c8
0x000000006ee765d0:   c5 d4 58 c0 c5 fc 28 25 04 40 84 00 c5 fc 28 2d
0x000000006ee765e0:   1c 40 84 00 c5 ec 59 f4 c5 e4 59 fd c5 c4 58 fe
0x000000006ee765f0:   c5 ec 59 d5 c5 e4 59 dc c5 e4 5c da c4 e3 45 0c
0x000000006ee76600:   d3 f0 c4 e3 45 06 db 21 c5 ec 58 e3 c5 e4 5c d2
0x000000006ee76610:   c4 e3 6d 06 d2 01 c5 f4 5c da c5 f4 58 ca c5 fc 


Stack slot to memory mapping:
stack at sp + 0 slots: 0x000000006ee76665 xuggle632622301187922826.dll
stack at sp + 1 slots: 0x000000006ee774c5 xuggle632622301187922826.dll
stack at sp + 2 slots: 0x000000006ee77505 xuggle632622301187922826.dll
stack at sp + 3 slots: 0x000000006ee77545 xuggle632622301187922826.dll
stack at sp + 4 slots: 0x000000006ee77585 xuggle632622301187922826.dll
stack at sp + 5 slots: 0x000000006ee79426 xuggle632622301187922826.dll
stack at sp + 6 slots: 0x000000006fa67a80 xuggle632622301187922826.dll
stack at sp + 7 slots: 0x000001fdffffa130 points into unknown readable memory: 0x8000000000000000 | 00 00 00 00 00 00 00 80


---------------  P R O C E S S  ---------------

Threads class SMR info:
_java_thread_list=0x000001fd8aef3dc0, length=13, elements={
0x000001fde6454720, 0x000001fd8a96e0c0, 0x000001fd8a96eba0, 0x000001fd8a98ba80,
0x000001fd8a98e350, 0x000001fd8a98fd20, 0x000001fd8a991750, 0x000001fd8a9b5c30,
0x000001fd8a9ba550, 0x000001fd8aabed10, 0x000001fd8ab34010, 0x000001fd8ac7c550,
0x000001fd8ac83f20
}

Java Threads: ( => current thread )
=>0x000001fde6454720 JavaThread "main" [_thread_in_native, id=21888, stack(0x000000a2bc500000,0x000000a2bc600000)]
  0x000001fd8a96e0c0 JavaThread "Reference Handler" daemon [_thread_blocked, id=2320, stack(0x000000a2bcc00000,0x000000a2bcd00000)]
  0x000001fd8a96eba0 JavaThread "Finalizer" daemon [_thread_blocked, id=10224, stack(0x000000a2bcd00000,0x000000a2bce00000)]
  0x000001fd8a98ba80 JavaThread "Signal Dispatcher" daemon [_thread_blocked, id=1248, stack(0x000000a2bce00000,0x000000a2bcf00000)]
  0x000001fd8a98e350 JavaThread "Attach Listener" daemon [_thread_blocked, id=20520, stack(0x000000a2bcf00000,0x000000a2bd000000)]
  0x000001fd8a98fd20 JavaThread "Service Thread" daemon [_thread_blocked, id=24252, stack(0x000000a2bd000000,0x000000a2bd100000)]
  0x000001fd8a991750 JavaThread "C2 CompilerThread0" daemon [_thread_blocked, id=2180, stack(0x000000a2bd100000,0x000000a2bd200000)]
  0x000001fd8a9b5c30 JavaThread "C1 CompilerThread0" daemon [_thread_blocked, id=21468, stack(0x000000a2bd200000,0x000000a2bd300000)]
  0x000001fd8a9ba550 JavaThread "Sweeper thread" daemon [_thread_blocked, id=23228, stack(0x000000a2bd300000,0x000000a2bd400000)]
  0x000001fd8aabed10 JavaThread "Common-Cleaner" daemon [_thread_blocked, id=18752, stack(0x000000a2bd400000,0x000000a2bd500000)]
  0x000001fd8ab34010 JavaThread "C2 CompilerThread1" daemon [_thread_blocked, id=2700, stack(0x000000a2bd500000,0x000000a2bd600000)]
  0x000001fd8ac7c550 JavaThread "Monitor Ctrl-Break" daemon [_thread_in_native, id=12316, stack(0x000000a2bd600000,0x000000a2bd700000)]
  0x000001fd8ac83f20 JavaThread "Notification Thread" daemon [_thread_blocked, id=8364, stack(0x000000a2bd700000,0x000000a2bd800000)]

Other Threads:
  0x000001fd8a96c930 VMThread "VM Thread" [stack: 0x000000a2bcb00000,0x000000a2bcc00000] [id=1944]
  0x000001fd8ac85080 WatcherThread [stack: 0x000000a2bd800000,0x000000a2bd900000] [id=18792]
  0x000001fde64a6490 GCTaskThread "GC Thread#0" [stack: 0x000000a2bc600000,0x000000a2bc700000] [id=2576]
  0x000001fde64b8390 ConcurrentGCThread "G1 Main Marker" [stack: 0x000000a2bc700000,0x000000a2bc800000] [id=4648]
  0x000001fde64b9630 ConcurrentGCThread "G1 Conc#0" [stack: 0x000000a2bc800000,0x000000a2bc900000] [id=25948]
  0x000001fd89fe40e0 ConcurrentGCThread "G1 Refine#0" [stack: 0x000000a2bc900000,0x000000a2bca00000] [id=3760]
  0x000001fd89fe4bf0 ConcurrentGCThread "G1 Young RemSet Sampling" [stack: 0x000000a2bca00000,0x000000a2bcb00000] [id=17224]

Threads with active compile tasks:

VM state: not at safepoint (normal execution)

VM Mutex/Monitor currently owned by a thread: None

Heap address: 0x0000000701600000, size: 4074 MB, Compressed Oops mode: Zero based, Oop shift amount: 3
CDS archive(s) mapped at: [0x0000000800000000-0x0000000800b50000-0x0000000800b50000), size 11862016, SharedBaseAddress: 0x0000000800000000, ArchiveRelocationMode: 0.
Compressed class space mapped at: 0x0000000800b50000-0x0000000840b50000, size: 1073741824
Narrow klass base: 0x0000000800000000, Narrow klass shift: 3, Narrow klass range: 0x100000000

GC Precious Log:
 CPUs: 12 total, 12 available
 Memory: 16294M
 Large Page Support: Disabled
 NUMA Support: Disabled
 Compressed Oops: Enabled (Zero based)
 Heap Region Size: 2M
 Heap Min Capacity: 8M
 Heap Initial Capacity: 256M
 Heap Max Capacity: 4074M
 Pre-touch: Disabled
 Parallel Workers: 10
 Concurrent Workers: 3
 Concurrent Refinement Workers: 10
 Periodic GC: Disabled

Heap:
 garbage-first heap   total 262144K, used 18432K [0x0000000701600000, 0x0000000800000000)
  region size 2048K, 11 young (22528K), 0 survivors (0K)
 Metaspace       used 4804K, capacity 5358K, committed 5376K, reserved 1056768K
  class space    used 484K, capacity 510K, committed 512K, reserved 1048576K

Heap Regions: E=young(eden), S=young(survivor), O=old, HS=humongous(starts), HC=humongous(continues), CS=collection set, F=free, OA=open archive, CA=closed archive, TAMS=top-at-mark-start (previous, next)
|   0|0x0000000701600000, 0x0000000701600000, 0x0000000701800000|  0%| F|  |TAMS 0x0000000701600000, 0x0000000701600000| Untracked 
|   1|0x0000000701800000, 0x0000000701800000, 0x0000000701a00000|  0%| F|  |TAMS 0x0000000701800000, 0x0000000701800000| Untracked 
|   2|0x0000000701a00000, 0x0000000701a00000, 0x0000000701c00000|  0%| F|  |TAMS 0x0000000701a00000, 0x0000000701a00000| Untracked 
|   3|0x0000000701c00000, 0x0000000701c00000, 0x0000000701e00000|  0%| F|  |TAMS 0x0000000701c00000, 0x0000000701c00000| Untracked 
|   4|0x0000000701e00000, 0x0000000701e00000, 0x0000000702000000|  0%| F|  |TAMS 0x0000000701e00000, 0x0000000701e00000| Untracked 
|   5|0x0000000702000000, 0x0000000702000000, 0x0000000702200000|  0%| F|  |TAMS 0x0000000702000000, 0x0000000702000000| Untracked 
|   6|0x0000000702200000, 0x0000000702200000, 0x0000000702400000|  0%| F|  |TAMS 0x0000000702200000, 0x0000000702200000| Untracked 
|   7|0x0000000702400000, 0x0000000702400000, 0x0000000702600000|  0%| F|  |TAMS 0x0000000702400000, 0x0000000702400000| Untracked 
|   8|0x0000000702600000, 0x0000000702600000, 0x0000000702800000|  0%| F|  |TAMS 0x0000000702600000, 0x0000000702600000| Untracked 
|   9|0x0000000702800000, 0x0000000702800000, 0x0000000702a00000|  0%| F|  |TAMS 0x0000000702800000, 0x0000000702800000| Untracked 
|  10|0x0000000702a00000, 0x0000000702a00000, 0x0000000702c00000|  0%| F|  |TAMS 0x0000000702a00000, 0x0000000702a00000| Untracked 
|  11|0x0000000702c00000, 0x0000000702c00000, 0x0000000702e00000|  0%| F|  |TAMS 0x0000000702c00000, 0x0000000702c00000| Untracked 
|  12|0x0000000702e00000, 0x0000000702e00000, 0x0000000703000000|  0%| F|  |TAMS 0x0000000702e00000, 0x0000000702e00000| Untracked 
|  13|0x0000000703000000, 0x0000000703000000, 0x0000000703200000|  0%| F|  |TAMS 0x0000000703000000, 0x0000000703000000| Untracked 
|  14|0x0000000703200000, 0x0000000703200000, 0x0000000703400000|  0%| F|  |TAMS 0x0000000703200000, 0x0000000703200000| Untracked 
|  15|0x0000000703400000, 0x0000000703400000, 0x0000000703600000|  0%| F|  |TAMS 0x0000000703400000, 0x0000000703400000| Untracked 
|  16|0x0000000703600000, 0x0000000703600000, 0x0000000703800000|  0%| F|  |TAMS 0x0000000703600000, 0x0000000703600000| Untracked 
|  17|0x0000000703800000, 0x0000000703800000, 0x0000000703a00000|  0%| F|  |TAMS 0x0000000703800000, 0x0000000703800000| Untracked 
|  18|0x0000000703a00000, 0x0000000703a00000, 0x0000000703c00000|  0%| F|  |TAMS 0x0000000703a00000, 0x0000000703a00000| Untracked 
|  19|0x0000000703c00000, 0x0000000703c00000, 0x0000000703e00000|  0%| F|  |TAMS 0x0000000703c00000, 0x0000000703c00000| Untracked 
|  20|0x0000000703e00000, 0x0000000703e00000, 0x0000000704000000|  0%| F|  |TAMS 0x0000000703e00000, 0x0000000703e00000| Untracked 
|  21|0x0000000704000000, 0x0000000704000000, 0x0000000704200000|  0%| F|  |TAMS 0x0000000704000000, 0x0000000704000000| Untracked 
|  22|0x0000000704200000, 0x0000000704200000, 0x0000000704400000|  0%| F|  |TAMS 0x0000000704200000, 0x0000000704200000| Untracked 
|  23|0x0000000704400000, 0x0000000704400000, 0x0000000704600000|  0%| F|  |TAMS 0x0000000704400000, 0x0000000704400000| Untracked 
|  24|0x0000000704600000, 0x0000000704600000, 0x0000000704800000|  0%| F|  |TAMS 0x0000000704600000, 0x0000000704600000| Untracked 
|  25|0x0000000704800000, 0x0000000704800000, 0x0000000704a00000|  0%| F|  |TAMS 0x0000000704800000, 0x0000000704800000| Untracked 
|  26|0x0000000704a00000, 0x0000000704a00000, 0x0000000704c00000|  0%| F|  |TAMS 0x0000000704a00000, 0x0000000704a00000| Untracked 
|  27|0x0000000704c00000, 0x0000000704c00000, 0x0000000704e00000|  0%| F|  |TAMS 0x0000000704c00000, 0x0000000704c00000| Untracked 
|  28|0x0000000704e00000, 0x0000000704e00000, 0x0000000705000000|  0%| F|  |TAMS 0x0000000704e00000, 0x0000000704e00000| Untracked 
|  29|0x0000000705000000, 0x0000000705000000, 0x0000000705200000|  0%| F|  |TAMS 0x0000000705000000, 0x0000000705000000| Untracked 
|  30|0x0000000705200000, 0x0000000705200000, 0x0000000705400000|  0%| F|  |TAMS 0x0000000705200000, 0x0000000705200000| Untracked 
|  31|0x0000000705400000, 0x0000000705400000, 0x0000000705600000|  0%| F|  |TAMS 0x0000000705400000, 0x0000000705400000| Untracked 
|  32|0x0000000705600000, 0x0000000705600000, 0x0000000705800000|  0%| F|  |TAMS 0x0000000705600000, 0x0000000705600000| Untracked 
|  33|0x0000000705800000, 0x0000000705800000, 0x0000000705a00000|  0%| F|  |TAMS 0x0000000705800000, 0x0000000705800000| Untracked 
|  34|0x0000000705a00000, 0x0000000705a00000, 0x0000000705c00000|  0%| F|  |TAMS 0x0000000705a00000, 0x0000000705a00000| Untracked 
|  35|0x0000000705c00000, 0x0000000705c00000, 0x0000000705e00000|  0%| F|  |TAMS 0x0000000705c00000, 0x0000000705c00000| Untracked 
|  36|0x0000000705e00000, 0x0000000705e00000, 0x0000000706000000|  0%| F|  |TAMS 0x0000000705e00000, 0x0000000705e00000| Untracked 
|  37|0x0000000706000000, 0x0000000706000000, 0x0000000706200000|  0%| F|  |TAMS 0x0000000706000000, 0x0000000706000000| Untracked 
|  38|0x0000000706200000, 0x0000000706200000, 0x0000000706400000|  0%| F|  |TAMS 0x0000000706200000, 0x0000000706200000| Untracked 
|  39|0x0000000706400000, 0x0000000706400000, 0x0000000706600000|  0%| F|  |TAMS 0x0000000706400000, 0x0000000706400000| Untracked 
|  40|0x0000000706600000, 0x0000000706600000, 0x0000000706800000|  0%| F|  |TAMS 0x0000000706600000, 0x0000000706600000| Untracked 
|  41|0x0000000706800000, 0x0000000706800000, 0x0000000706a00000|  0%| F|  |TAMS 0x0000000706800000, 0x0000000706800000| Untracked 
|  42|0x0000000706a00000, 0x0000000706a00000, 0x0000000706c00000|  0%| F|  |TAMS 0x0000000706a00000, 0x0000000706a00000| Untracked 
|  43|0x0000000706c00000, 0x0000000706c00000, 0x0000000706e00000|  0%| F|  |TAMS 0x0000000706c00000, 0x0000000706c00000| Untracked 
|  44|0x0000000706e00000, 0x0000000706e00000, 0x0000000707000000|  0%| F|  |TAMS 0x0000000706e00000, 0x0000000706e00000| Untracked 
|  45|0x0000000707000000, 0x0000000707000000, 0x0000000707200000|  0%| F|  |TAMS 0x0000000707000000, 0x0000000707000000| Untracked 
|  46|0x0000000707200000, 0x0000000707200000, 0x0000000707400000|  0%| F|  |TAMS 0x0000000707200000, 0x0000000707200000| Untracked 
|  47|0x0000000707400000, 0x0000000707400000, 0x0000000707600000|  0%| F|  |TAMS 0x0000000707400000, 0x0000000707400000| Untracked 
|  48|0x0000000707600000, 0x0000000707600000, 0x0000000707800000|  0%| F|  |TAMS 0x0000000707600000, 0x0000000707600000| Untracked 
|  49|0x0000000707800000, 0x0000000707800000, 0x0000000707a00000|  0%| F|  |TAMS 0x0000000707800000, 0x0000000707800000| Untracked 
|  50|0x0000000707a00000, 0x0000000707a00000, 0x0000000707c00000|  0%| F|  |TAMS 0x0000000707a00000, 0x0000000707a00000| Untracked 
|  51|0x0000000707c00000, 0x0000000707c00000, 0x0000000707e00000|  0%| F|  |TAMS 0x0000000707c00000, 0x0000000707c00000| Untracked 
|  52|0x0000000707e00000, 0x0000000707e00000, 0x0000000708000000|  0%| F|  |TAMS 0x0000000707e00000, 0x0000000707e00000| Untracked 
|  53|0x0000000708000000, 0x0000000708000000, 0x0000000708200000|  0%| F|  |TAMS 0x0000000708000000, 0x0000000708000000| Untracked 
|  54|0x0000000708200000, 0x0000000708200000, 0x0000000708400000|  0%| F|  |TAMS 0x0000000708200000, 0x0000000708200000| Untracked 
|  55|0x0000000708400000, 0x0000000708400000, 0x0000000708600000|  0%| F|  |TAMS 0x0000000708400000, 0x0000000708400000| Untracked 
|  56|0x0000000708600000, 0x0000000708600000, 0x0000000708800000|  0%| F|  |TAMS 0x0000000708600000, 0x0000000708600000| Untracked 
|  57|0x0000000708800000, 0x0000000708800000, 0x0000000708a00000|  0%| F|  |TAMS 0x0000000708800000, 0x0000000708800000| Untracked 
|  58|0x0000000708a00000, 0x0000000708a00000, 0x0000000708c00000|  0%| F|  |TAMS 0x0000000708a00000, 0x0000000708a00000| Untracked 
|  59|0x0000000708c00000, 0x0000000708c00000, 0x0000000708e00000|  0%| F|  |TAMS 0x0000000708c00000, 0x0000000708c00000| Untracked 
|  60|0x0000000708e00000, 0x0000000708e00000, 0x0000000709000000|  0%| F|  |TAMS 0x0000000708e00000, 0x0000000708e00000| Untracked 
|  61|0x0000000709000000, 0x0000000709000000, 0x0000000709200000|  0%| F|  |TAMS 0x0000000709000000, 0x0000000709000000| Untracked 
|  62|0x0000000709200000, 0x0000000709200000, 0x0000000709400000|  0%| F|  |TAMS 0x0000000709200000, 0x0000000709200000| Untracked 
|  63|0x0000000709400000, 0x0000000709400000, 0x0000000709600000|  0%| F|  |TAMS 0x0000000709400000, 0x0000000709400000| Untracked 
|  64|0x0000000709600000, 0x0000000709600000, 0x0000000709800000|  0%| F|  |TAMS 0x0000000709600000, 0x0000000709600000| Untracked 
|  65|0x0000000709800000, 0x0000000709800000, 0x0000000709a00000|  0%| F|  |TAMS 0x0000000709800000, 0x0000000709800000| Untracked 
|  66|0x0000000709a00000, 0x0000000709a00000, 0x0000000709c00000|  0%| F|  |TAMS 0x0000000709a00000, 0x0000000709a00000| Untracked 
|  67|0x0000000709c00000, 0x0000000709c00000, 0x0000000709e00000|  0%| F|  |TAMS 0x0000000709c00000, 0x0000000709c00000| Untracked 
|  68|0x0000000709e00000, 0x0000000709e00000, 0x000000070a000000|  0%| F|  |TAMS 0x0000000709e00000, 0x0000000709e00000| Untracked 
|  69|0x000000070a000000, 0x000000070a000000, 0x000000070a200000|  0%| F|  |TAMS 0x000000070a000000, 0x000000070a000000| Untracked 
|  70|0x000000070a200000, 0x000000070a200000, 0x000000070a400000|  0%| F|  |TAMS 0x000000070a200000, 0x000000070a200000| Untracked 
|  71|0x000000070a400000, 0x000000070a400000, 0x000000070a600000|  0%| F|  |TAMS 0x000000070a400000, 0x000000070a400000| Untracked 
|  72|0x000000070a600000, 0x000000070a600000, 0x000000070a800000|  0%| F|  |TAMS 0x000000070a600000, 0x000000070a600000| Untracked 
|  73|0x000000070a800000, 0x000000070a800000, 0x000000070aa00000|  0%| F|  |TAMS 0x000000070a800000, 0x000000070a800000| Untracked 
|  74|0x000000070aa00000, 0x000000070aa00000, 0x000000070ac00000|  0%| F|  |TAMS 0x000000070aa00000, 0x000000070aa00000| Untracked 
|  75|0x000000070ac00000, 0x000000070ac00000, 0x000000070ae00000|  0%| F|  |TAMS 0x000000070ac00000, 0x000000070ac00000| Untracked 
|  76|0x000000070ae00000, 0x000000070ae00000, 0x000000070b000000|  0%| F|  |TAMS 0x000000070ae00000, 0x000000070ae00000| Untracked 
|  77|0x000000070b000000, 0x000000070b000000, 0x000000070b200000|  0%| F|  |TAMS 0x000000070b000000, 0x000000070b000000| Untracked 
|  78|0x000000070b200000, 0x000000070b200000, 0x000000070b400000|  0%| F|  |TAMS 0x000000070b200000, 0x000000070b200000| Untracked 
|  79|0x000000070b400000, 0x000000070b400000, 0x000000070b600000|  0%| F|  |TAMS 0x000000070b400000, 0x000000070b400000| Untracked 
|  80|0x000000070b600000, 0x000000070b600000, 0x000000070b800000|  0%| F|  |TAMS 0x000000070b600000, 0x000000070b600000| Untracked 
|  81|0x000000070b800000, 0x000000070b800000, 0x000000070ba00000|  0%| F|  |TAMS 0x000000070b800000, 0x000000070b800000| Untracked 
|  82|0x000000070ba00000, 0x000000070ba00000, 0x000000070bc00000|  0%| F|  |TAMS 0x000000070ba00000, 0x000000070ba00000| Untracked 
|  83|0x000000070bc00000, 0x000000070bc00000, 0x000000070be00000|  0%| F|  |TAMS 0x000000070bc00000, 0x000000070bc00000| Untracked 
|  84|0x000000070be00000, 0x000000070be00000, 0x000000070c000000|  0%| F|  |TAMS 0x000000070be00000, 0x000000070be00000| Untracked 
|  85|0x000000070c000000, 0x000000070c000000, 0x000000070c200000|  0%| F|  |TAMS 0x000000070c000000, 0x000000070c000000| Untracked 
|  86|0x000000070c200000, 0x000000070c200000, 0x000000070c400000|  0%| F|  |TAMS 0x000000070c200000, 0x000000070c200000| Untracked 
|  87|0x000000070c400000, 0x000000070c400000, 0x000000070c600000|  0%| F|  |TAMS 0x000000070c400000, 0x000000070c400000| Untracked 
|  88|0x000000070c600000, 0x000000070c600000, 0x000000070c800000|  0%| F|  |TAMS 0x000000070c600000, 0x000000070c600000| Untracked 
|  89|0x000000070c800000, 0x000000070c800000, 0x000000070ca00000|  0%| F|  |TAMS 0x000000070c800000, 0x000000070c800000| Untracked 
|  90|0x000000070ca00000, 0x000000070ca00000, 0x000000070cc00000|  0%| F|  |TAMS 0x000000070ca00000, 0x000000070ca00000| Untracked 
|  91|0x000000070cc00000, 0x000000070cc00000, 0x000000070ce00000|  0%| F|  |TAMS 0x000000070cc00000, 0x000000070cc00000| Untracked 
|  92|0x000000070ce00000, 0x000000070ce00000, 0x000000070d000000|  0%| F|  |TAMS 0x000000070ce00000, 0x000000070ce00000| Untracked 
|  93|0x000000070d000000, 0x000000070d000000, 0x000000070d200000|  0%| F|  |TAMS 0x000000070d000000, 0x000000070d000000| Untracked 
|  94|0x000000070d200000, 0x000000070d200000, 0x000000070d400000|  0%| F|  |TAMS 0x000000070d200000, 0x000000070d200000| Untracked 
|  95|0x000000070d400000, 0x000000070d400000, 0x000000070d600000|  0%| F|  |TAMS 0x000000070d400000, 0x000000070d400000| Untracked 
|  96|0x000000070d600000, 0x000000070d600000, 0x000000070d800000|  0%| F|  |TAMS 0x000000070d600000, 0x000000070d600000| Untracked 
|  97|0x000000070d800000, 0x000000070d800000, 0x000000070da00000|  0%| F|  |TAMS 0x000000070d800000, 0x000000070d800000| Untracked 
|  98|0x000000070da00000, 0x000000070da00000, 0x000000070dc00000|  0%| F|  |TAMS 0x000000070da00000, 0x000000070da00000| Untracked 
|  99|0x000000070dc00000, 0x000000070dc00000, 0x000000070de00000|  0%| F|  |TAMS 0x000000070dc00000, 0x000000070dc00000| Untracked 
| 100|0x000000070de00000, 0x000000070de00000, 0x000000070e000000|  0%| F|  |TAMS 0x000000070de00000, 0x000000070de00000| Untracked 
| 101|0x000000070e000000, 0x000000070e000000, 0x000000070e200000|  0%| F|  |TAMS 0x000000070e000000, 0x000000070e000000| Untracked 
| 102|0x000000070e200000, 0x000000070e200000, 0x000000070e400000|  0%| F|  |TAMS 0x000000070e200000, 0x000000070e200000| Untracked 
| 103|0x000000070e400000, 0x000000070e400000, 0x000000070e600000|  0%| F|  |TAMS 0x000000070e400000, 0x000000070e400000| Untracked 
| 104|0x000000070e600000, 0x000000070e600000, 0x000000070e800000|  0%| F|  |TAMS 0x000000070e600000, 0x000000070e600000| Untracked 
| 105|0x000000070e800000, 0x000000070e800000, 0x000000070ea00000|  0%| F|  |TAMS 0x000000070e800000, 0x000000070e800000| Untracked 
| 106|0x000000070ea00000, 0x000000070ea00000, 0x000000070ec00000|  0%| F|  |TAMS 0x000000070ea00000, 0x000000070ea00000| Untracked 
| 107|0x000000070ec00000, 0x000000070ec00000, 0x000000070ee00000|  0%| F|  |TAMS 0x000000070ec00000, 0x000000070ec00000| Untracked 
| 108|0x000000070ee00000, 0x000000070ee00000, 0x000000070f000000|  0%| F|  |TAMS 0x000000070ee00000, 0x000000070ee00000| Untracked 
| 109|0x000000070f000000, 0x000000070f000000, 0x000000070f200000|  0%| F|  |TAMS 0x000000070f000000, 0x000000070f000000| Untracked 
| 110|0x000000070f200000, 0x000000070f200000, 0x000000070f400000|  0%| F|  |TAMS 0x000000070f200000, 0x000000070f200000| Untracked 
| 111|0x000000070f400000, 0x000000070f400000, 0x000000070f600000|  0%| F|  |TAMS 0x000000070f400000, 0x000000070f400000| Untracked 
| 112|0x000000070f600000, 0x000000070f600000, 0x000000070f800000|  0%| F|  |TAMS 0x000000070f600000, 0x000000070f600000| Untracked 
| 113|0x000000070f800000, 0x000000070f800000, 0x000000070fa00000|  0%| F|  |TAMS 0x000000070f800000, 0x000000070f800000| Untracked 
| 114|0x000000070fa00000, 0x000000070fa00000, 0x000000070fc00000|  0%| F|  |TAMS 0x000000070fa00000, 0x000000070fa00000| Untracked 
| 115|0x000000070fc00000, 0x000000070fc00000, 0x000000070fe00000|  0%| F|  |TAMS 0x000000070fc00000, 0x000000070fc00000| Untracked 
| 116|0x000000070fe00000, 0x000000070fe00000, 0x0000000710000000|  0%| F|  |TAMS 0x000000070fe00000, 0x000000070fe00000| Untracked 
| 117|0x0000000710000000, 0x00000007100e1cd8, 0x0000000710200000| 44%| E|  |TAMS 0x0000000710000000, 0x0000000710000000| Complete 
| 118|0x0000000710200000, 0x0000000710400000, 0x0000000710400000|100%| E|CS|TAMS 0x0000000710200000, 0x0000000710200000| Complete 
| 119|0x0000000710400000, 0x0000000710600000, 0x0000000710600000|100%| E|CS|TAMS 0x0000000710400000, 0x0000000710400000| Complete 
| 120|0x0000000710600000, 0x0000000710800000, 0x0000000710800000|100%| E|  |TAMS 0x0000000710600000, 0x0000000710600000| Complete 
| 121|0x0000000710800000, 0x0000000710a00000, 0x0000000710a00000|100%| E|CS|TAMS 0x0000000710800000, 0x0000000710800000| Complete 
| 122|0x0000000710a00000, 0x0000000710c00000, 0x0000000710c00000|100%| E|CS|TAMS 0x0000000710a00000, 0x0000000710a00000| Complete 
| 123|0x0000000710c00000, 0x0000000710e00000, 0x0000000710e00000|100%| E|CS|TAMS 0x0000000710c00000, 0x0000000710c00000| Complete 
| 124|0x0000000710e00000, 0x0000000711000000, 0x0000000711000000|100%| E|CS|TAMS 0x0000000710e00000, 0x0000000710e00000| Complete 
| 125|0x0000000711000000, 0x0000000711200000, 0x0000000711200000|100%| E|CS|TAMS 0x0000000711000000, 0x0000000711000000| Complete 
| 126|0x0000000711200000, 0x0000000711400000, 0x0000000711400000|100%| E|CS|TAMS 0x0000000711200000, 0x0000000711200000| Complete 
| 127|0x0000000711400000, 0x0000000711600000, 0x0000000711600000|100%| E|CS|TAMS 0x0000000711400000, 0x0000000711400000| Complete 

Card table byte_map: [0x000001fdfe3d0000,0x000001fdfebd0000] _byte_map_base: 0x000001fdfabc5000

Marking Bits (Prev, Next): (CMBitMap*) 0x000001fde64a7ba0, (CMBitMap*) 0x000001fde64a7be0
 Prev Bits: [0x000001fd80000000, 0x000001fd83fa8000)
 Next Bits: [0x000001fd83fb0000, 0x000001fd87f58000)

Polling page: 0x000001fde42c0000

Metaspace:

Usage:
  Non-class:      4.73 MB capacity,     4.22 MB ( 89%) used,   525.62 KB ( 11%) free+waste,     2.63 KB ( <1%) overhead. 
      Class:    510.00 KB capacity,   484.88 KB ( 95%) used,    23.56 KB (  5%) free+waste,     1.56 KB ( <1%) overhead. 
       Both:      5.23 MB capacity,     4.69 MB ( 90%) used,   549.18 KB ( 10%) free+waste,     4.19 KB ( <1%) overhead. 

Virtual space:
  Non-class space:        8.00 MB reserved,       4.75 MB ( 59%) committed 
      Class space:        1.00 GB reserved,     512.00 KB ( <1%) committed 
             Both:        1.01 GB reserved,       5.25 MB ( <1%) committed 

Chunk freelists:
   Non-Class:  16.00 KB
       Class:  2.00 KB
        Both:  18.00 KB

MaxMetaspaceSize: 17179869184.00 GB
CompressedClassSpaceSize: 1.00 GB

CodeHeap 'non-profiled nmethods': size=120000Kb used=399Kb max_used=399Kb free=119600Kb
 bounds [0x000001fdf6150000, 0x000001fdf63c0000, 0x000001fdfd680000]
CodeHeap 'profiled nmethods': size=120000Kb used=1579Kb max_used=1579Kb free=118420Kb
 bounds [0x000001fdeec20000, 0x000001fdeee90000, 0x000001fdf6150000]
CodeHeap 'non-nmethods': size=5760Kb used=1194Kb max_used=1220Kb free=4565Kb
 bounds [0x000001fdee680000, 0x000001fdee8f0000, 0x000001fdeec20000]
 total_blobs=1429 nmethods=969 adapters=373
 compilation: enabled
              stopped_count=0, restarted_count=0
 full_count=0

Compilation events (20 events):
Event: 0.615 Thread 0x000001fd8a9b5c30  958       3       sun.net.www.ParseUtil::encodePath (41 bytes)
Event: 0.615 Thread 0x000001fd8a9b5c30 nmethod 958 0x000001fdeeda6790 code [0x000001fdeeda6960, 0x000001fdeeda6ba8]
Event: 0.616 Thread 0x000001fd8a9b5c30  959       3       sun.net.util.IPAddressUtil::checkHostString (53 bytes)
Event: 0.617 Thread 0x000001fd8a9b5c30 nmethod 959 0x000001fdeeda6c90 code [0x000001fdeeda6f40, 0x000001fdeeda7a88]
Event: 0.617 Thread 0x000001fd8a9b5c30  960   !   3       java.net.URL::set (114 bytes)
Event: 0.617 Thread 0x000001fd8a9b5c30 nmethod 960 0x000001fdeeda7e90 code [0x000001fdeeda80e0, 0x000001fdeeda8bb8]
Event: 0.617 Thread 0x000001fd8a9b5c30  962       3       java.io.File::isInvalid (48 bytes)
Event: 0.618 Thread 0x000001fd8a9b5c30 nmethod 962 0x000001fdeeda8f10 code [0x000001fdeeda9100, 0x000001fdeeda95f8]
Event: 0.618 Thread 0x000001fd8a9b5c30  963       3       jdk.internal.reflect.ReflectionFactory::copyMethod (11 bytes)
Event: 0.618 Thread 0x000001fd8a9b5c30 nmethod 963 0x000001fdeeda9790 code [0x000001fdeeda9940, 0x000001fdeeda9b28]
Event: 0.618 Thread 0x000001fd8a9b5c30  964       3       java.lang.reflect.ReflectAccess::copyMethod (5 bytes)
Event: 0.618 Thread 0x000001fd8a9b5c30 nmethod 964 0x000001fdeeda9c90 code [0x000001fdeeda9e40, 0x000001fdeeda9f68]
Event: 0.618 Thread 0x000001fd8a9b5c30  965       3       java.lang.reflect.Method::copy (84 bytes)
Event: 0.618 Thread 0x000001fd8a9b5c30 nmethod 965 0x000001fdeedaa010 code [0x000001fdeedaa1e0, 0x000001fdeedaa638]
Event: 0.619 Thread 0x000001fd8a9b5c30  967       1       java.util.jar.Manifest::getMainAttributes (5 bytes)
Event: 0.619 Thread 0x000001fd8a9b5c30 nmethod 967 0x000001fdf61b3390 code [0x000001fdf61b3520, 0x000001fdf61b35d8]
Event: 0.619 Thread 0x000001fd8a9b5c30  968       3       java.lang.String::toLowerCase (8 bytes)
Event: 0.619 Thread 0x000001fd8a9b5c30 nmethod 968 0x000001fdeedaa790 code [0x000001fdeedaa960, 0x000001fdeedaacd8]
Event: 0.622 Thread 0x000001fd8ab34010  969       4       java.lang.StringLatin1::indexOf (121 bytes)
Event: 0.627 Thread 0x000001fd8ab34010 nmethod 969 0x000001fdf61b3690 code [0x000001fdf61b3820, 0x000001fdf61b3d18]

GC Heap History (0 events):
No events

Deoptimization events (20 events):
Event: 0.350 Thread 0x000001fde6454720 DEOPT PACKING pc=0x000001fdeed553cf sp=0x000000a2bc5fb7c0
Event: 0.350 Thread 0x000001fde6454720 DEOPT UNPACKING pc=0x000001fdee6ce23f sp=0x000000a2bc5fac40 mode 0
Event: 0.350 Thread 0x000001fde6454720 DEOPT PACKING pc=0x000001fdeed553cf sp=0x000000a2bc5fb7c0
Event: 0.350 Thread 0x000001fde6454720 DEOPT UNPACKING pc=0x000001fdee6ce23f sp=0x000000a2bc5fac40 mode 0
Event: 0.350 Thread 0x000001fde6454720 DEOPT PACKING pc=0x000001fdeed553cf sp=0x000000a2bc5fb7b0
Event: 0.350 Thread 0x000001fde6454720 DEOPT UNPACKING pc=0x000001fdee6ce23f sp=0x000000a2bc5fac30 mode 0
Event: 0.350 Thread 0x000001fde6454720 DEOPT PACKING pc=0x000001fdeed553cf sp=0x000000a2bc5fb7c0
Event: 0.351 Thread 0x000001fde6454720 DEOPT UNPACKING pc=0x000001fdee6ce23f sp=0x000000a2bc5fac40 mode 0
Event: 0.351 Thread 0x000001fde6454720 DEOPT PACKING pc=0x000001fdeed553cf sp=0x000000a2bc5fb7c0
Event: 0.351 Thread 0x000001fde6454720 DEOPT UNPACKING pc=0x000001fdee6ce23f sp=0x000000a2bc5fac40 mode 0
Event: 0.351 Thread 0x000001fde6454720 DEOPT PACKING pc=0x000001fdeed553cf sp=0x000000a2bc5fb7c0
Event: 0.351 Thread 0x000001fde6454720 DEOPT UNPACKING pc=0x000001fdee6ce23f sp=0x000000a2bc5fac40 mode 0
Event: 0.351 Thread 0x000001fde6454720 DEOPT PACKING pc=0x000001fdeed553cf sp=0x000000a2bc5fb7c0
Event: 0.351 Thread 0x000001fde6454720 DEOPT UNPACKING pc=0x000001fdee6ce23f sp=0x000000a2bc5fac40 mode 0
Event: 0.426 Thread 0x000001fde6454720 DEOPT PACKING pc=0x000001fdeed49dd4 sp=0x000000a2bc5faed0
Event: 0.426 Thread 0x000001fde6454720 DEOPT UNPACKING pc=0x000001fdee6ce23f sp=0x000000a2bc5fa348 mode 0
Event: 0.428 Thread 0x000001fde6454720 DEOPT PACKING pc=0x000001fdeed49dd4 sp=0x000000a2bc5faeb0
Event: 0.428 Thread 0x000001fde6454720 DEOPT UNPACKING pc=0x000001fdee6ce23f sp=0x000000a2bc5fa328 mode 0
Event: 0.622 Thread 0x000001fde6454720 DEOPT PACKING pc=0x000001fdeec68edf sp=0x000000a2bc5fd080
Event: 0.622 Thread 0x000001fde6454720 DEOPT UNPACKING pc=0x000001fdee6ce23f sp=0x000000a2bc5fc4d0 mode 0

Classes unloaded (0 events):
No events

Classes redefined (0 events):
No events

Internal exceptions (20 events):
Event: 0.118 Thread 0x000001fd8ac7c550 Exception <a 'java/lang/NoSuchMethodError'{0x000000071100c1a0}: 'java.lang.Object java.lang.invoke.DirectMethodHandle$Holder.invokeStaticInit(java.lang.Object)'> (0x000000071100c1a0) 
thrown [./open/src/hotspot/share/interpreter/linkResolver.cpp, line 782]
Event: 0.124 Thread 0x000001fd8ac7c550 Exception <a 'java/lang/NoSuchMethodError'{0x0000000711019590}: 'void java.lang.invoke.DirectMethodHandle$Holder.invokeStatic(java.lang.Object, java.lang.Object)'> (0x0000000711019590) 
thrown [./open/src/hotspot/share/interpreter/linkResolver.cpp, line 782]
Event: 0.167 Thread 0x000001fde6454720 Exception <a 'java/lang/ClassNotFoundException'{0x00000007111cd508}: org/apache/log4j/PatternLayoutBeanInfo> (0x00000007111cd508) 
thrown [./open/src/hotspot/share/classfile/systemDictionary.cpp, line 295]
Event: 0.167 Thread 0x000001fde6454720 Exception <a 'java/lang/ClassNotFoundException'{0x00000007111cf990}: org/apache/log4j/LayoutBeanInfo> (0x00000007111cf990) 
thrown [./open/src/hotspot/share/classfile/systemDictionary.cpp, line 295]
Event: 0.167 Thread 0x000001fde6454720 Exception <a 'java/lang/ClassNotFoundException'{0x00000007111d0690}: java/lang/ObjectBeanInfo> (0x00000007111d0690) 
thrown [./open/src/hotspot/share/classfile/systemDictionary.cpp, line 295]
Event: 0.168 Thread 0x000001fde6454720 Exception <a 'java/lang/ClassNotFoundException'{0x00000007111d5e58}: java/lang/ObjectCustomizer> (0x00000007111d5e58) 
thrown [./open/src/hotspot/share/classfile/systemDictionary.cpp, line 295]
Event: 0.172 Thread 0x000001fde6454720 Exception <a 'java/lang/NoSuchMethodError'{0x00000007111dc738}: 'java.lang.Object java.lang.invoke.DirectMethodHandle$Holder.invokeInterface(java.lang.Object, java.lang.Object)'> (0x00000007111dc738) 
thrown [./open/src/hotspot/share/interpreter/linkResolver.cpp, line 782]
Event: 0.173 Thread 0x000001fde6454720 Exception <a 'java/lang/IncompatibleClassChangeError'{0x00000007111e0130}: Found class java.lang.Object, but interface was expected> (0x00000007111e0130) 
thrown [./open/src/hotspot/share/interpreter/linkResolver.cpp, line 848]
Event: 0.178 Thread 0x000001fde6454720 Exception <a 'java/lang/ClassNotFoundException'{0x00000007111fec58}: org/apache/log4j/LayoutCustomizer> (0x00000007111fec58) 
thrown [./open/src/hotspot/share/classfile/systemDictionary.cpp, line 295]
Event: 0.179 Thread 0x000001fde6454720 Exception <a 'java/lang/ClassNotFoundException'{0x0000000710e0f080}: org/apache/log4j/PatternLayoutCustomizer> (0x0000000710e0f080) 
thrown [./open/src/hotspot/share/classfile/systemDictionary.cpp, line 295]
Event: 0.213 Thread 0x000001fde6454720 Exception <a 'java/lang/ClassNotFoundException'{0x0000000710f5dbe0}: org/apache/log4j/ConsoleAppenderBeanInfo> (0x0000000710f5dbe0) 
thrown [./open/src/hotspot/share/classfile/systemDictionary.cpp, line 295]
Event: 0.213 Thread 0x000001fde6454720 Exception <a 'java/lang/ClassNotFoundException'{0x0000000710f600d8}: org/apache/log4j/WriterAppenderBeanInfo> (0x0000000710f600d8) 
thrown [./open/src/hotspot/share/classfile/systemDictionary.cpp, line 295]
Event: 0.213 Thread 0x000001fde6454720 Exception <a 'java/lang/ClassNotFoundException'{0x0000000710f62610}: org/apache/log4j/AppenderSkeletonBeanInfo> (0x0000000710f62610) 
thrown [./open/src/hotspot/share/classfile/systemDictionary.cpp, line 295]
Event: 0.213 Thread 0x000001fde6454720 Exception <a 'java/lang/ClassNotFoundException'{0x0000000710f64b48}: org/apache/log4j/AppenderSkeletonCustomizer> (0x0000000710f64b48) 
thrown [./open/src/hotspot/share/classfile/systemDictionary.cpp, line 295]
Event: 0.215 Thread 0x000001fde6454720 Exception <a 'java/lang/ClassNotFoundException'{0x0000000710f745c8}: org/apache/log4j/WriterAppenderCustomizer> (0x0000000710f745c8) 
thrown [./open/src/hotspot/share/classfile/systemDictionary.cpp, line 295]
Event: 0.216 Thread 0x000001fde6454720 Exception <a 'java/lang/ClassNotFoundException'{0x0000000710f80810}: org/apache/log4j/ConsoleAppenderCustomizer> (0x0000000710f80810) 
thrown [./open/src/hotspot/share/classfile/systemDictionary.cpp, line 295]
Event: 0.253 Thread 0x000001fde6454720 Exception <a 'java/lang/NoSuchMethodError'{0x0000000710afe698}: 'void java.lang.invoke.DirectMethodHandle$Holder.invokeStaticInit(java.lang.Object, java.lang.Object)'> (0x0000000710afe698) 
thrown [./open/src/hotspot/share/interpreter/linkResolver.cpp, line 782]
Event: 0.266 Thread 0x000001fde6454720 Exception <a 'java/lang/NoSuchMethodError'{0x0000000710b4ec68}: 'void java.lang.invoke.DirectMethodHandle$Holder.invokeSpecial(java.lang.Object, java.lang.Object, java.lang.Object)'> (0x0000000710b4ec68) 
thrown [./open/src/hotspot/share/interpreter/linkResolver.cpp, line 782]
Event: 0.375 Thread 0x000001fde6454720 Exception <a 'java/lang/NoSuchMethodError'{0x00000007103ae468}: 'java.lang.Object java.lang.invoke.DirectMethodHandle$Holder.invokeStaticInit(java.lang.Object, int, int, int, int)'> (0x00000007103ae468) 
thrown [./open/src/hotspot/share/interpreter/linkResolver.cpp, line 782]
Event: 0.434 Thread 0x000001fde6454720 Exception <a 'java/lang/NoSuchMethodError'{0x000000071006a5f0}: 'java.lang.Object java.lang.invoke.DirectMethodHandle$Holder.invokeStaticInit(java.lang.Object, java.lang.Object, int, int, int, int)'> (0x000000071006a5f0) 
thrown [./open/src/hotspot/share/interpreter/linkResolver.cpp, line 782]

Events (20 events):
Event: 0.436 loading class sun/security/provider/AbstractDrbg$NonceProvider
Event: 0.436 loading class sun/security/provider/AbstractDrbg$NonceProvider done
Event: 0.437 loading class java/io/DeleteOnExitHook
Event: 0.437 loading class java/io/DeleteOnExitHook done
Event: 0.437 loading class java/io/DeleteOnExitHook$1
Event: 0.437 loading class java/io/DeleteOnExitHook$1 done
Event: 0.536 Thread 0x000001fd8aecd5c0 Thread exited: 0x000001fd8aecd5c0
Event: 0.599 loading class java/io/FileOutputStream$1
Event: 0.599 loading class java/io/FileOutputStream$1 done
Event: 0.612 Loaded shared library C:\Users\MyZSY\AppData\Local\Temp\xuggle\xuggle632622301187922826.dll
Event: 0.614 loading class java/util/concurrent/atomic/AtomicReference
Event: 0.614 loading class java/util/concurrent/atomic/AtomicReference done
Event: 0.615 loading class java/lang/AssertionError
Event: 0.615 loading class java/lang/AssertionError done
Event: 0.616 loading class java/lang/IndexOutOfBoundsException
Event: 0.616 loading class java/lang/IndexOutOfBoundsException done
Event: 0.618 loading class java/util/concurrent/atomic/AtomicBoolean
Event: 0.618 loading class java/util/concurrent/atomic/AtomicBoolean done
Event: 0.622 loading class java/lang/UnsupportedOperationException
Event: 0.622 loading class java/lang/UnsupportedOperationException done


Dynamic libraries:
0x00007ff690370000 - 0x00007ff69037d000 	C:\Users\MyZSY\.jdks\openjdk-15.0.2\bin\java.exe
0x00007ffc6f380000 - 0x00007ffc6f570000 	C:\Windows\SYSTEM32\ntdll.dll
0x00007ffc6d750000 - 0x00007ffc6d802000 	C:\Windows\System32\KERNEL32.DLL
0x00007ffc6c770000 - 0x00007ffc6ca15000 	C:\Windows\System32\KERNELBASE.dll
0x00007ffc6c670000 - 0x00007ffc6c76a000 	C:\Windows\System32\ucrtbase.dll
0x00007ffc647b0000 - 0x00007ffc647c8000 	C:\Users\MyZSY\.jdks\openjdk-15.0.2\bin\jli.dll
0x00007ffc64790000 - 0x00007ffc647a9000 	C:\Users\MyZSY\.jdks\openjdk-15.0.2\bin\VCRUNTIME140.dll
0x00007ffc6d430000 - 0x00007ffc6d5c4000 	C:\Windows\System32\USER32.dll
0x00007ffc6c3e0000 - 0x00007ffc6c401000 	C:\Windows\System32\win32u.dll
0x00007ffc6d5d0000 - 0x00007ffc6d5f6000 	C:\Windows\System32\GDI32.dll
0x00007ffc53d60000 - 0x00007ffc53fe4000 	C:\Windows\WinSxS\amd64_microsoft.windows.common-controls_6595b64144ccf1df_6.0.18362.1443_none_9e7d7b61e45edb4a\COMCTL32.dll
0x00007ffc6d290000 - 0x00007ffc6d428000 	C:\Windows\System32\gdi32full.dll
0x00007ffc6d6b0000 - 0x00007ffc6d74e000 	C:\Windows\System32\msvcrt.dll
0x00007ffc6d1a0000 - 0x00007ffc6d23e000 	C:\Windows\System32\msvcp_win.dll
0x00007ffc6ed00000 - 0x00007ffc6f036000 	C:\Windows\System32\combase.dll
0x00007ffc6d890000 - 0x00007ffc6d9af000 	C:\Windows\System32\RPCRT4.dll
0x00007ffc6c350000 - 0x00007ffc6c3d1000 	C:\Windows\System32\bcryptPrimitives.dll
0x00007ffc6e2d0000 - 0x00007ffc6e2fe000 	C:\Windows\System32\IMM32.DLL
0x00007ffc64270000 - 0x00007ffc6427c000 	C:\Users\MyZSY\.jdks\openjdk-15.0.2\bin\vcruntime140_1.dll
0x00007ffc3d4e0000 - 0x00007ffc3d571000 	C:\Users\MyZSY\.jdks\openjdk-15.0.2\bin\msvcp140.dll
0x00007ffc2bf70000 - 0x00007ffc2cace000 	C:\Users\MyZSY\.jdks\openjdk-15.0.2\bin\server\jvm.dll
0x00007ffc6e7e0000 - 0x00007ffc6e883000 	C:\Windows\System32\ADVAPI32.dll
0x00007ffc6e230000 - 0x00007ffc6e2c7000 	C:\Windows\System32\sechost.dll
0x00007ffc6e530000 - 0x00007ffc6e538000 	C:\Windows\System32\PSAPI.DLL
0x00007ffc66460000 - 0x00007ffc66469000 	C:\Windows\SYSTEM32\WSOCK32.dll
0x00007ffc6e310000 - 0x00007ffc6e37f000 	C:\Windows\System32\WS2_32.dll
0x00007ffc6be00000 - 0x00007ffc6be0a000 	C:\Windows\SYSTEM32\VERSION.dll
0x00007ffc69cb0000 - 0x00007ffc69cd4000 	C:\Windows\SYSTEM32\WINMM.dll
0x00007ffc69c80000 - 0x00007ffc69cad000 	C:\Windows\SYSTEM32\winmmbase.dll
0x00007ffc6d240000 - 0x00007ffc6d28a000 	C:\Windows\System32\cfgmgr32.dll
0x00007ffc6c260000 - 0x00007ffc6c271000 	C:\Windows\System32\kernel.appcore.dll
0x00007ffc62c90000 - 0x00007ffc62c9a000 	C:\Users\MyZSY\.jdks\openjdk-15.0.2\bin\jimage.dll
0x00007ffc5f570000 - 0x00007ffc5f764000 	C:\Windows\SYSTEM32\DBGHELP.DLL
0x00007ffc64760000 - 0x00007ffc6478a000 	C:\Windows\SYSTEM32\dbgcore.DLL
0x00007ffc61b80000 - 0x00007ffc61b8e000 	C:\Users\MyZSY\.jdks\openjdk-15.0.2\bin\instrument.dll
0x00007ffc57040000 - 0x00007ffc57065000 	C:\Users\MyZSY\.jdks\openjdk-15.0.2\bin\java.dll
0x00007ffc6da10000 - 0x00007ffc6e0f8000 	C:\Windows\System32\SHELL32.dll
0x00007ffc6e180000 - 0x00007ffc6e227000 	C:\Windows\System32\shcore.dll
0x00007ffc6ca20000 - 0x00007ffc6d19b000 	C:\Windows\System32\windows.storage.dll
0x00007ffc6c2d0000 - 0x00007ffc6c2ee000 	C:\Windows\System32\profapi.dll
0x00007ffc6c280000 - 0x00007ffc6c2ca000 	C:\Windows\System32\powrprof.dll
0x00007ffc6c230000 - 0x00007ffc6c240000 	C:\Windows\System32\UMPDC.dll
0x00007ffc6f110000 - 0x00007ffc6f162000 	C:\Windows\System32\shlwapi.dll
0x00007ffc6c620000 - 0x00007ffc6c637000 	C:\Windows\System32\cryptsp.dll
0x00007ffc442d0000 - 0x00007ffc442e8000 	C:\Users\MyZSY\.jdks\openjdk-15.0.2\bin\zip.dll
0x00007ffc580c0000 - 0x00007ffc580d9000 	C:\Users\MyZSY\.jdks\openjdk-15.0.2\bin\net.dll
0x00007ffc60930000 - 0x00007ffc60a2a000 	C:\Windows\SYSTEM32\WINHTTP.dll
0x00007ffc6ba00000 - 0x00007ffc6ba67000 	C:\Windows\system32\mswsock.dll
0x00007ffc563b0000 - 0x00007ffc563c2000 	C:\Users\MyZSY\.jdks\openjdk-15.0.2\bin\nio.dll
0x00007ffc403b0000 - 0x00007ffc403ca000 	D:\SoftWare\WorkTool\IDEA\IntelliJ IDEA 2020.3.2\bin\breakgen64.dll
0x00007ffc61630000 - 0x00007ffc61640000 	C:\Users\MyZSY\.jdks\openjdk-15.0.2\bin\verify.dll
0x00007ffc6b570000 - 0x00007ffc6b5a3000 	C:\Windows\system32\rsaenh.dll
0x00007ffc6c640000 - 0x00007ffc6c666000 	C:\Windows\System32\bcrypt.dll
0x00007ffc6c110000 - 0x00007ffc6c135000 	C:\Windows\SYSTEM32\USERENV.dll
0x00007ffc6bbd0000 - 0x00007ffc6bbdc000 	C:\Windows\SYSTEM32\CRYPTBASE.dll
0x00007ffc6b710000 - 0x00007ffc6b74a000 	C:\Windows\SYSTEM32\IPHLPAPI.DLL
0x00007ffc6e100000 - 0x00007ffc6e108000 	C:\Windows\System32\NSI.dll
0x00007ffc658f0000 - 0x00007ffc65906000 	C:\Windows\SYSTEM32\dhcpcsvc6.DLL
0x00007ffc658d0000 - 0x00007ffc658ec000 	C:\Windows\SYSTEM32\dhcpcsvc.DLL
0x00007ffc6b750000 - 0x00007ffc6b81b000 	C:\Windows\SYSTEM32\DNSAPI.dll
0x000000006e740000 - 0x000000006fda5000 	C:\Users\MyZSY\AppData\Local\Temp\xuggle\xuggle632622301187922826.dll
0x00007ffc6e680000 - 0x00007ffc6e7d7000 	C:\Windows\System32\ole32.dll
0x00007ffc40030000 - 0x00007ffc40048000 	C:\Windows\SYSTEM32\AVICAP32.dll
0x00007ffc3eed0000 - 0x00007ffc3eef9000 	C:\Windows\SYSTEM32\MSVFW32.dll

dbghelp: loaded successfully - version: 4.0.5 - missing functions: none
symbol engine: initialized successfully - sym options: 0x614 - pdb path: .;C:\Users\MyZSY\.jdks\openjdk-15.0.2\bin;C:\Windows\SYSTEM32;C:\Windows\WinSxS\amd64_microsoft.windows.common-controls_6595b64144ccf1df_6.0.18362.1443_none_9e7d7b61e45edb4a;C:\Users\MyZSY\.jdks\openjdk-15.0.2\bin\server;D:\SoftWare\WorkTool\IDEA\IntelliJ IDEA 2020.3.2\bin;C:\Users\MyZSY\AppData\Local\Temp\xuggle

VM Arguments:
jvm_args: -javaagent:D:\SoftWare\WorkTool\IDEA\IntelliJ IDEA 2020.3.2\lib\idea_rt.jar=6858:D:\SoftWare\WorkTool\IDEA\IntelliJ IDEA 2020.3.2\bin -Dfile.encoding=UTF-8 
java_command: cn.mypro.test.TestXuggle
java_class_path (initial): G:\WorkSpace\WorkSpaceForIDEA\TestProject\HSourcesGUI\target\classes;D:\SoftWare\WorkTool\Maven\mavenRepository\org\projectlombok\lombok\1.18.18\lombok-1.18.18.jar;D:\SoftWare\WorkTool\Maven\mavenRepository\org\slf4j\slf4j-api\1.7.25\slf4j-api-1.7.25.jar;D:\SoftWare\WorkTool\Maven\mavenRepository\org\slf4j\slf4j-log4j12\1.7.25\slf4j-log4j12-1.7.25.jar;D:\SoftWare\WorkTool\Maven\mavenRepository\log4j\log4j\1.2.17\log4j-1.2.17.jar;D:\SoftWare\WorkTool\Maven\mavenRepository\com\sun\jna\jna\5.2.0\jna-5.2.0.jar;D:\SoftWare\WorkTool\Maven\mavenRepository\cn\com\jit\pki\netcert\main\jit-pkitool\2.3.0.25-beta2\jit-pkitool-2.3.0.25-beta2.jar;D:\SoftWare\WorkTool\Maven\mavenRepository\com\jdsm3\jdsm3\2.0.0\jdsm3-2.0.0.jar;D:\SoftWare\WorkTool\Maven\mavenRepository\dom4j\dom4j\1.6.1\dom4j-1.6.1.jar;D:\SoftWare\WorkTool\Maven\mavenRepository\xml-apis\xml-apis\1.0.b2\xml-apis-1.0.b2.jar;D:\SoftWare\WorkTool\Maven\mavenRepository\org\bouncycastle\bcprov-jdk15-143\143\bcprov-jdk15-143-143.jar;D:\SoftWare\WorkTool\Maven\mavenRepository\com\sansec\crypto\0.1.0\crypto-0.1.0.jar;D:\SoftWare\WorkTool\Maven\mavenRepository\com\sansec\SwxaJCE\0.1.0\SwxaJCE-0.1.0.jar;D:\SoftWare\WorkTool\Maven\mavenRepository\com\sansec\Sm2DecZJB\0.1.0\Sm2DecZJB-0.1.0.jar;D:\SoftWare\WorkTool\Maven\mavenRepository\com\oracle\ojdbc7\12.1.0.2\ojdbc7-12.1.0.2.jar;D:\SoftWare\WorkTool\Maven\mavenRepository\xuggle\xuggle-xuggler\5.4\xuggle-xuggler-5.4.jar;D:\SoftWare\WorkTool\Maven\mavenRepository\com\alibaba\fastjson\1.2.54\fastjson-1.2.54.jar;D:\SoftWare\WorkTool\Maven\mavenRepository\javax\xml\bind\jaxb-api\2.3.0\jaxb-api-2.3.0.jar
Launcher Type: SUN_STANDARD

[Global flags]
     intx CICompilerCount                          = 4                                         {product} {ergonomic}
     uint ConcGCThreads                            = 3                                         {product} {ergonomic}
     uint G1ConcRefinementThreads                  = 10                                        {product} {ergonomic}
   size_t G1HeapRegionSize                         = 2097152                                   {product} {ergonomic}
    uintx GCDrainStackTargetSize                   = 64                                        {product} {ergonomic}
   size_t InitialHeapSize                          = 268435456                                 {product} {ergonomic}
   size_t MarkStackSize                            = 4194304                                   {product} {ergonomic}
   size_t MaxHeapSize                              = 4271898624                                {product} {ergonomic}
   size_t MaxNewSize                               = 2562719744                                {product} {ergonomic}
   size_t MinHeapDeltaBytes                        = 2097152                                   {product} {ergonomic}
   size_t MinHeapSize                              = 8388608                                   {product} {ergonomic}
    uintx NonNMethodCodeHeapSize                   = 5839372                                {pd product} {ergonomic}
    uintx NonProfiledCodeHeapSize                  = 122909434                              {pd product} {ergonomic}
    uintx ProfiledCodeHeapSize                     = 122909434                              {pd product} {ergonomic}
    uintx ReservedCodeCacheSize                    = 251658240                              {pd product} {ergonomic}
     bool SegmentedCodeCache                       = true                                      {product} {ergonomic}
   size_t SoftMaxHeapSize                          = 4271898624                             {manageable} {ergonomic}
     bool UseCompressedClassPointers               = true                                 {lp64_product} {ergonomic}
     bool UseCompressedOops                        = true                                 {lp64_product} {ergonomic}
     bool UseG1GC                                  = true                                      {product} {ergonomic}
     bool UseLargePagesIndividualAllocation        = false                                  {pd product} {ergonomic}

Logging:
Log output configuration:
 #0: stdout all=warning uptime,level,tags
 #1: stderr all=off uptime,level,tags

Environment Variables:
JAVA_HOME=C:\Program Files\Java\jdk1.8.0_241
CLASSPATH=.;C:\Program Files\Java\jdk1.8.0_241\lib\dt.jar;C:\Program Files\Java\jdk1.8.0_241\lib\tools.jar
PATH=D:\SoftWare\WorkTool\SecureCRT\;D:\SoftWare\DataBase\Oracle\product\11.2.0\client_1\bin;D:\SoftWare\DataBase\Oracle\product\11.2.0\dbhome_1\bin;C:\Program Files (x86)\Common Files\Oracle\Java\javapath;C:\Windows\system32;C:\Windows;C:\Windows\System32\Wbem;C:\Windows\System32\WindowsPowerShell\v1.0\;C:\Windows\System32\OpenSSH\;C:\Program Files (x86)\NVIDIA Corporation\PhysX\Common;C:\Program Files\Java\jdk1.8.0_241\bin;C:\Program Files\Java\jdk1.8.0_241\jre\bin;D:\SoftWare\ComputerTool\PuTTY\;C:\Program Files\NVIDIA Corporation\NVIDIA NvDLISR;D:\SoftWare\WorkTool\Git\Git\cmd;C:\Users\MyZSY\AppData\Local\Programs\Python\Python39\;D:\SoftWare\WorkTool\Maven\maven-3.5.3\bin;C:\Users\MyZSY\AppData\Local\Programs\Python\Python39\Scripts\;C:\Users\MyZSY\AppData\Local\Programs\Python\Python39\;C:\Users\MyZSY\AppData\Local\Microsoft\WindowsApps;
USERNAME=MyZSY
OS=Windows_NT
PROCESSOR_IDENTIFIER=Intel64 Family 6 Model 165 Stepping 5, GenuineIntel



---------------  S Y S T E M  ---------------

OS:
 Windows 10 , 64 bit Build 18362 (10.0.18362.1350)
OS uptime: 19 days 5:17 hours

CPU: total 12 (initial active 12) (6 cores per cpu, 2 threads per core) family 6 model 165 stepping 5 microcode 0xe0, cmov, cx8, fxsr, mmx, sse, sse2, sse3, ssse3, sse4.1, sse4.2, popcnt, vzeroupper, avx, avx2, aes, clmul, erms, 3dnowpref, lzcnt, ht, tsc, tscinvbit, bmi1, bmi2, adx, fma, clflush, clflushopt

Memory: 4k page, system-wide physical 16294M (7388M free)
TotalPageFile size 28582M (AvailPageFile size 10928M)
current process WorkingSet (physical memory assigned to process): 96M, peak: 99M
current process commit charge ("private bytes"): 391M, peak: 396M

vm_info: OpenJDK 64-Bit Server VM (15.0.2+7-27) for windows-amd64 JRE (15.0.2+7-27), built on Dec  7 2020 20:02:38 by "mach5one" with unknown MS VC++:1925

END.
