#
# A fatal error has been detected by the Java Runtime Environment:
#
#  EXCEPTION_ACCESS_VIOLATION (0xc0000005) at pc=0x000000006ee76520, pid=2932, tid=18384
#
# JRE version: Java(TM) SE Runtime Environment 18.9 (11.0.11+9) (build 11.0.11+9-LTS-194)
# Java VM: Java HotSpot(TM) 64-Bit Server VM 18.9 (11.0.11+9-LTS-194, mixed mode, tiered, compressed oops, g1 gc, windows-amd64)
# Problematic frame:
# C  0x000000006ee76520
#
# No core dump will be written. Minidumps are not enabled by default on client versions of Windows
#
# If you would like to submit a bug report, please visit:
#   https://bugreport.java.com/bugreport/crash.jsp
# The crash happened outside the Java Virtual Machine in native code.
# See problematic frame for where to report the bug.
#

---------------  S U M M A R Y ------------

Command Line: -javaagent:D:\SoftWare\WorkTool\IDEA\IntelliJ IDEA 2020.3.2\lib\idea_rt.jar=12912:D:\SoftWare\WorkTool\IDEA\IntelliJ IDEA 2020.3.2\bin -Dfile.encoding=UTF-8 cn.mypro.swing.StartGUIApp

Host: Intel(R) Core(TM) i5-10400 CPU @ 2.90GHz, 12 cores, 31G,  Windows 10 , 64 bit Build 19041 (10.0.19041.1023)
Time: Tue Jul  6 22:54:50 2021 中国标准时间 elapsed time: 18.547078 seconds (0d 0h 0m 18s)

---------------  T H R E A D  ---------------

Current thread (0x000001cea9d1d800):  JavaThread "AWT-EventQueue-0" [_thread_in_native, id=18384, stack(0x0000009ab9400000,0x0000009ab9500000)]

Stack: [0x0000009ab9400000,0x0000009ab9500000],  sp=0x0000009ab94ee160,  free space=952k
Native frames: (J=compiled Java code, j=interpreted, Vv=VM code, C=native code)
C  0x000000006ee76520

Java frames: (J=compiled Java code, j=interpreted, Vv=VM code)
j  com.xuggle.xuggler.XugglerJNI.IContainer_open__SWIG_0(JLcom/xuggle/xuggler/IContainer;Ljava/lang/String;IJLcom/xuggle/xuggler/IContainerFormat;)I+0
j  com.xuggle.xuggler.IContainer.open(Ljava/lang/String;Lcom/xuggle/xuggler/IContainer$Type;Lcom/xuggle/xuggler/IContainerFormat;)I+15
j  cn.mypro.swing.childtab.childview.HVAJapanAVMView$31.actionPerformed(Ljava/awt/event/ActionEvent;)V+81
j  javax.swing.AbstractButton.fireActionPerformed(Ljava/awt/event/ActionEvent;)V+83 java.desktop@11.0.11
j  javax.swing.AbstractButton$Handler.actionPerformed(Ljava/awt/event/ActionEvent;)V+5 java.desktop@11.0.11
j  javax.swing.DefaultButtonModel.fireActionPerformed(Ljava/awt/event/ActionEvent;)V+34 java.desktop@11.0.11
j  javax.swing.DefaultButtonModel.setPressed(Z)V+117 java.desktop@11.0.11
j  javax.swing.plaf.basic.BasicButtonListener.mouseReleased(Ljava/awt/event/MouseEvent;)V+35 java.desktop@11.0.11
j  java.awt.Component.processMouseEvent(Ljava/awt/event/MouseEvent;)V+64 java.desktop@11.0.11
j  javax.swing.JComponent.processMouseEvent(Ljava/awt/event/MouseEvent;)V+23 java.desktop@11.0.11
J 3012 c1 java.awt.Component.processEvent(Ljava/awt/AWTEvent;)V java.desktop@11.0.11 (220 bytes) @ 0x000001ce80bc1954 [0x000001ce80bc1300+0x0000000000000654]
J 2977 c1 java.awt.Container.processEvent(Ljava/awt/AWTEvent;)V java.desktop@11.0.11 (22 bytes) @ 0x000001ce80ba703c [0x000001ce80ba6ce0+0x000000000000035c]
J 2933 c1 java.awt.Component.dispatchEventImpl(Ljava/awt/AWTEvent;)V java.desktop@11.0.11 (777 bytes) @ 0x000001ce80b87bc4 [0x000001ce80b83bc0+0x0000000000004004]
J 2875 c1 java.awt.Container.dispatchEventImpl(Ljava/awt/AWTEvent;)V java.desktop@11.0.11 (129 bytes) @ 0x000001ce80b44e9c [0x000001ce80b44d60+0x000000000000013c]
J 3262 c2 java.awt.LightweightDispatcher.retargetMouseEvent(Ljava/awt/Component;ILjava/awt/event/MouseEvent;)V java.desktop@11.0.11 (372 bytes) @ 0x000001ce87c06134 [0x000001ce87c05aa0+0x0000000000000694]
J 2984 c1 java.awt.LightweightDispatcher.processMouseEvent(Ljava/awt/event/MouseEvent;)Z java.desktop@11.0.11 (265 bytes) @ 0x000001ce80baf994 [0x000001ce80bae940+0x0000000000001054]
J 2937 c1 java.awt.LightweightDispatcher.dispatchEvent(Ljava/awt/AWTEvent;)Z java.desktop@11.0.11 (73 bytes) @ 0x000001ce80b8ddec [0x000001ce80b8d980+0x000000000000046c]
J 2875 c1 java.awt.Container.dispatchEventImpl(Ljava/awt/AWTEvent;)V java.desktop@11.0.11 (129 bytes) @ 0x000001ce80b44e3c [0x000001ce80b44d60+0x00000000000000dc]
J 2953 c1 java.awt.Window.dispatchEventImpl(Ljava/awt/AWTEvent;)V java.desktop@11.0.11 (23 bytes) @ 0x000001ce80b9832c [0x000001ce80b97d00+0x000000000000062c]
J 2896 c1 java.awt.EventQueue.dispatchEventImpl(Ljava/awt/AWTEvent;Ljava/lang/Object;)V java.desktop@11.0.11 (136 bytes) @ 0x000001ce80b5328c [0x000001ce80b52da0+0x00000000000004ec]
J 2895 c1 java.awt.EventQueue$4.run()Ljava/lang/Void; java.desktop@11.0.11 (60 bytes) @ 0x000001ce80b526c4 [0x000001ce80b52580+0x0000000000000144]
J 2894 c1 java.awt.EventQueue$4.run()Ljava/lang/Object; java.desktop@11.0.11 (5 bytes) @ 0x000001ce80b52244 [0x000001ce80b521c0+0x0000000000000084]
v  ~StubRoutines::call_stub
J 2693  java.security.AccessController.doPrivileged(Ljava/security/PrivilegedAction;Ljava/security/AccessControlContext;)Ljava/lang/Object; java.base@11.0.11 (0 bytes) @ 0x000001ce87bc5336 [0x000001ce87bc52c0+0x0000000000000076]
J 2884 c1 java.awt.EventQueue$5.run()Ljava/lang/Object; java.desktop@11.0.11 (5 bytes) @ 0x000001ce80b4979c [0x000001ce80b49440+0x000000000000035c]
v  ~StubRoutines::call_stub
J 2693  java.security.AccessController.doPrivileged(Ljava/security/PrivilegedAction;Ljava/security/AccessControlContext;)Ljava/lang/Object; java.base@11.0.11 (0 bytes) @ 0x000001ce87bc5336 [0x000001ce87bc52c0+0x0000000000000076]
J 2859 c1 java.awt.EventQueue.dispatchEvent(Ljava/awt/AWTEvent;)V java.desktop@11.0.11 (80 bytes) @ 0x000001ce80b3cefc [0x000001ce80b3c3a0+0x0000000000000b5c]
J 2861 c1 java.awt.EventDispatchThread.pumpOneEventForFilters(I)V java.desktop@11.0.11 (113 bytes) @ 0x000001ce80b3f904 [0x000001ce80b3f1a0+0x0000000000000764]
j  java.awt.EventDispatchThread.pumpEventsForFilter(ILjava/awt/Conditional;Ljava/awt/EventFilter;)V+35 java.desktop@11.0.11
j  java.awt.EventDispatchThread.pumpEventsForFilter(Ljava/awt/Conditional;Ljava/awt/EventFilter;)V+4 java.desktop@11.0.11
j  java.awt.WaitDispatchSupport$2.run()V+59 java.desktop@11.0.11
j  java.awt.WaitDispatchSupport$4.run()Ljava/lang/Void;+4 java.desktop@11.0.11
j  java.awt.WaitDispatchSupport$4.run()Ljava/lang/Object;+1 java.desktop@11.0.11
v  ~StubRoutines::call_stub
J 747  java.security.AccessController.doPrivileged(Ljava/security/PrivilegedAction;)Ljava/lang/Object; java.base@11.0.11 (0 bytes) @ 0x000001ce87b08522 [0x000001ce87b084c0+0x0000000000000062]
j  java.awt.WaitDispatchSupport.enter()Z+260 java.desktop@11.0.11
j  java.awt.Dialog.show()V+224 java.desktop@11.0.11
j  java.awt.Component.show(Z)V+5 java.desktop@11.0.11
j  java.awt.Component.setVisible(Z)V+2 java.desktop@11.0.11
j  java.awt.Window.setVisible(Z)V+2 java.desktop@11.0.11
j  java.awt.Dialog.setVisible(Z)V+2 java.desktop@11.0.11
j  cn.mypro.swing.childtab.childview.HVAJapanAVMView.showSourcesAddDialog()V+929
j  cn.mypro.swing.childtab.childview.HVAJapanAVMView$27.actionPerformed(Ljava/awt/event/ActionEvent;)V+4
j  javax.swing.AbstractButton.fireActionPerformed(Ljava/awt/event/ActionEvent;)V+83 java.desktop@11.0.11
j  javax.swing.AbstractButton$Handler.actionPerformed(Ljava/awt/event/ActionEvent;)V+5 java.desktop@11.0.11
j  javax.swing.DefaultButtonModel.fireActionPerformed(Ljava/awt/event/ActionEvent;)V+34 java.desktop@11.0.11
j  javax.swing.DefaultButtonModel.setPressed(Z)V+117 java.desktop@11.0.11
j  javax.swing.plaf.basic.BasicButtonListener.mouseReleased(Ljava/awt/event/MouseEvent;)V+35 java.desktop@11.0.11
j  java.awt.Component.processMouseEvent(Ljava/awt/event/MouseEvent;)V+64 java.desktop@11.0.11
j  javax.swing.JComponent.processMouseEvent(Ljava/awt/event/MouseEvent;)V+23 java.desktop@11.0.11
J 3012 c1 java.awt.Component.processEvent(Ljava/awt/AWTEvent;)V java.desktop@11.0.11 (220 bytes) @ 0x000001ce80bc1954 [0x000001ce80bc1300+0x0000000000000654]
J 2977 c1 java.awt.Container.processEvent(Ljava/awt/AWTEvent;)V java.desktop@11.0.11 (22 bytes) @ 0x000001ce80ba703c [0x000001ce80ba6ce0+0x000000000000035c]
J 2933 c1 java.awt.Component.dispatchEventImpl(Ljava/awt/AWTEvent;)V java.desktop@11.0.11 (777 bytes) @ 0x000001ce80b87bc4 [0x000001ce80b83bc0+0x0000000000004004]
J 2875 c1 java.awt.Container.dispatchEventImpl(Ljava/awt/AWTEvent;)V java.desktop@11.0.11 (129 bytes) @ 0x000001ce80b44e9c [0x000001ce80b44d60+0x000000000000013c]
J 3262 c2 java.awt.LightweightDispatcher.retargetMouseEvent(Ljava/awt/Component;ILjava/awt/event/MouseEvent;)V java.desktop@11.0.11 (372 bytes) @ 0x000001ce87c06134 [0x000001ce87c05aa0+0x0000000000000694]
J 2984 c1 java.awt.LightweightDispatcher.processMouseEvent(Ljava/awt/event/MouseEvent;)Z java.desktop@11.0.11 (265 bytes) @ 0x000001ce80baf994 [0x000001ce80bae940+0x0000000000001054]
J 2937 c1 java.awt.LightweightDispatcher.dispatchEvent(Ljava/awt/AWTEvent;)Z java.desktop@11.0.11 (73 bytes) @ 0x000001ce80b8ddec [0x000001ce80b8d980+0x000000000000046c]
J 2875 c1 java.awt.Container.dispatchEventImpl(Ljava/awt/AWTEvent;)V java.desktop@11.0.11 (129 bytes) @ 0x000001ce80b44e3c [0x000001ce80b44d60+0x00000000000000dc]
J 2953 c1 java.awt.Window.dispatchEventImpl(Ljava/awt/AWTEvent;)V java.desktop@11.0.11 (23 bytes) @ 0x000001ce80b9832c [0x000001ce80b97d00+0x000000000000062c]
J 2896 c1 java.awt.EventQueue.dispatchEventImpl(Ljava/awt/AWTEvent;Ljava/lang/Object;)V java.desktop@11.0.11 (136 bytes) @ 0x000001ce80b5328c [0x000001ce80b52da0+0x00000000000004ec]
J 2895 c1 java.awt.EventQueue$4.run()Ljava/lang/Void; java.desktop@11.0.11 (60 bytes) @ 0x000001ce80b526c4 [0x000001ce80b52580+0x0000000000000144]
J 2894 c1 java.awt.EventQueue$4.run()Ljava/lang/Object; java.desktop@11.0.11 (5 bytes) @ 0x000001ce80b52244 [0x000001ce80b521c0+0x0000000000000084]
v  ~StubRoutines::call_stub
J 2693  java.security.AccessController.doPrivileged(Ljava/security/PrivilegedAction;Ljava/security/AccessControlContext;)Ljava/lang/Object; java.base@11.0.11 (0 bytes) @ 0x000001ce87bc5336 [0x000001ce87bc52c0+0x0000000000000076]
J 2884 c1 java.awt.EventQueue$5.run()Ljava/lang/Object; java.desktop@11.0.11 (5 bytes) @ 0x000001ce80b4979c [0x000001ce80b49440+0x000000000000035c]
v  ~StubRoutines::call_stub
J 2693  java.security.AccessController.doPrivileged(Ljava/security/PrivilegedAction;Ljava/security/AccessControlContext;)Ljava/lang/Object; java.base@11.0.11 (0 bytes) @ 0x000001ce87bc5336 [0x000001ce87bc52c0+0x0000000000000076]
J 2859 c1 java.awt.EventQueue.dispatchEvent(Ljava/awt/AWTEvent;)V java.desktop@11.0.11 (80 bytes) @ 0x000001ce80b3cefc [0x000001ce80b3c3a0+0x0000000000000b5c]
J 2861 c1 java.awt.EventDispatchThread.pumpOneEventForFilters(I)V java.desktop@11.0.11 (113 bytes) @ 0x000001ce80b3f904 [0x000001ce80b3f1a0+0x0000000000000764]
j  java.awt.EventDispatchThread.pumpEventsForFilter(ILjava/awt/Conditional;Ljava/awt/EventFilter;)V+35 java.desktop@11.0.11
j  java.awt.EventDispatchThread.pumpEventsForFilter(Ljava/awt/Conditional;Ljava/awt/EventFilter;)V+4 java.desktop@11.0.11
j  java.awt.WaitDispatchSupport$2.run()V+59 java.desktop@11.0.11
j  java.awt.WaitDispatchSupport$4.run()Ljava/lang/Void;+4 java.desktop@11.0.11
j  java.awt.WaitDispatchSupport$4.run()Ljava/lang/Object;+1 java.desktop@11.0.11
v  ~StubRoutines::call_stub
J 747  java.security.AccessController.doPrivileged(Ljava/security/PrivilegedAction;)Ljava/lang/Object; java.base@11.0.11 (0 bytes) @ 0x000001ce87b08522 [0x000001ce87b084c0+0x0000000000000062]
j  java.awt.WaitDispatchSupport.enter()Z+260 java.desktop@11.0.11
j  java.awt.Dialog.show()V+224 java.desktop@11.0.11
j  java.awt.Component.show(Z)V+5 java.desktop@11.0.11
j  java.awt.Component.setVisible(Z)V+2 java.desktop@11.0.11
j  java.awt.Window.setVisible(Z)V+2 java.desktop@11.0.11
j  java.awt.Dialog.setVisible(Z)V+2 java.desktop@11.0.11
j  cn.mypro.swing.childtab.childview.HVAJapanAVMView.showSourcesDialog()V+375
j  cn.mypro.swing.childtab.childview.HVAJapanAVMView$15.actionPerformed(Ljava/awt/event/ActionEvent;)V+4
j  javax.swing.AbstractButton.fireActionPerformed(Ljava/awt/event/ActionEvent;)V+83 java.desktop@11.0.11
j  javax.swing.AbstractButton$Handler.actionPerformed(Ljava/awt/event/ActionEvent;)V+5 java.desktop@11.0.11
j  javax.swing.DefaultButtonModel.fireActionPerformed(Ljava/awt/event/ActionEvent;)V+34 java.desktop@11.0.11
j  javax.swing.DefaultButtonModel.setPressed(Z)V+117 java.desktop@11.0.11
j  javax.swing.plaf.basic.BasicButtonListener.mouseReleased(Ljava/awt/event/MouseEvent;)V+35 java.desktop@11.0.11
j  java.awt.Component.processMouseEvent(Ljava/awt/event/MouseEvent;)V+64 java.desktop@11.0.11
j  javax.swing.JComponent.processMouseEvent(Ljava/awt/event/MouseEvent;)V+23 java.desktop@11.0.11
J 3012 c1 java.awt.Component.processEvent(Ljava/awt/AWTEvent;)V java.desktop@11.0.11 (220 bytes) @ 0x000001ce80bc1954 [0x000001ce80bc1300+0x0000000000000654]
J 2977 c1 java.awt.Container.processEvent(Ljava/awt/AWTEvent;)V java.desktop@11.0.11 (22 bytes) @ 0x000001ce80ba703c [0x000001ce80ba6ce0+0x000000000000035c]
J 2933 c1 java.awt.Component.dispatchEventImpl(Ljava/awt/AWTEvent;)V java.desktop@11.0.11 (777 bytes) @ 0x000001ce80b87bc4 [0x000001ce80b83bc0+0x0000000000004004]
J 2875 c1 java.awt.Container.dispatchEventImpl(Ljava/awt/AWTEvent;)V java.desktop@11.0.11 (129 bytes) @ 0x000001ce80b44e9c [0x000001ce80b44d60+0x000000000000013c]
J 3262 c2 java.awt.LightweightDispatcher.retargetMouseEvent(Ljava/awt/Component;ILjava/awt/event/MouseEvent;)V java.desktop@11.0.11 (372 bytes) @ 0x000001ce87c06134 [0x000001ce87c05aa0+0x0000000000000694]
J 2984 c1 java.awt.LightweightDispatcher.processMouseEvent(Ljava/awt/event/MouseEvent;)Z java.desktop@11.0.11 (265 bytes) @ 0x000001ce80baf994 [0x000001ce80bae940+0x0000000000001054]
J 2937 c1 java.awt.LightweightDispatcher.dispatchEvent(Ljava/awt/AWTEvent;)Z java.desktop@11.0.11 (73 bytes) @ 0x000001ce80b8ddec [0x000001ce80b8d980+0x000000000000046c]
J 2875 c1 java.awt.Container.dispatchEventImpl(Ljava/awt/AWTEvent;)V java.desktop@11.0.11 (129 bytes) @ 0x000001ce80b44e3c [0x000001ce80b44d60+0x00000000000000dc]
J 2953 c1 java.awt.Window.dispatchEventImpl(Ljava/awt/AWTEvent;)V java.desktop@11.0.11 (23 bytes) @ 0x000001ce80b9832c [0x000001ce80b97d00+0x000000000000062c]
J 2896 c1 java.awt.EventQueue.dispatchEventImpl(Ljava/awt/AWTEvent;Ljava/lang/Object;)V java.desktop@11.0.11 (136 bytes) @ 0x000001ce80b5328c [0x000001ce80b52da0+0x00000000000004ec]
J 2895 c1 java.awt.EventQueue$4.run()Ljava/lang/Void; java.desktop@11.0.11 (60 bytes) @ 0x000001ce80b526c4 [0x000001ce80b52580+0x0000000000000144]
J 2894 c1 java.awt.EventQueue$4.run()Ljava/lang/Object; java.desktop@11.0.11 (5 bytes) @ 0x000001ce80b52244 [0x000001ce80b521c0+0x0000000000000084]
v  ~StubRoutines::call_stub
J 2693  java.security.AccessController.doPrivileged(Ljava/security/PrivilegedAction;Ljava/security/AccessControlContext;)Ljava/lang/Object; java.base@11.0.11 (0 bytes) @ 0x000001ce87bc5336 [0x000001ce87bc52c0+0x0000000000000076]
J 2884 c1 java.awt.EventQueue$5.run()Ljava/lang/Object; java.desktop@11.0.11 (5 bytes) @ 0x000001ce80b4979c [0x000001ce80b49440+0x000000000000035c]
v  ~StubRoutines::call_stub
J 2693  java.security.AccessController.doPrivileged(Ljava/security/PrivilegedAction;Ljava/security/AccessControlContext;)Ljava/lang/Object; java.base@11.0.11 (0 bytes) @ 0x000001ce87bc5336 [0x000001ce87bc52c0+0x0000000000000076]
J 2859 c1 java.awt.EventQueue.dispatchEvent(Ljava/awt/AWTEvent;)V java.desktop@11.0.11 (80 bytes) @ 0x000001ce80b3cefc [0x000001ce80b3c3a0+0x0000000000000b5c]
J 2861 c1 java.awt.EventDispatchThread.pumpOneEventForFilters(I)V java.desktop@11.0.11 (113 bytes) @ 0x000001ce80b3f904 [0x000001ce80b3f1a0+0x0000000000000764]
j  java.awt.EventDispatchThread.pumpEventsForFilter(ILjava/awt/Conditional;Ljava/awt/EventFilter;)V+35 java.desktop@11.0.11
j  java.awt.EventDispatchThread.pumpEventsForHierarchy(ILjava/awt/Conditional;Ljava/awt/Component;)V+11 java.desktop@11.0.11
j  java.awt.EventDispatchThread.pumpEvents(ILjava/awt/Conditional;)V+4 java.desktop@11.0.11
j  java.awt.EventDispatchThread.pumpEvents(Ljava/awt/Conditional;)V+3 java.desktop@11.0.11
j  java.awt.EventDispatchThread.run()V+9 java.desktop@11.0.11
v  ~StubRoutines::call_stub

siginfo: EXCEPTION_ACCESS_VIOLATION (0xc0000005), reading address 0xffffffffffffffff


Register to memory mapping:

RIP=0x000000006ee76520 points into unknown readable memory: c5 fc 28 51 40 c5 fc 28
RAX=0x000001cea60a9e90 points into unknown readable memory: 00 00 00 00 00 00 00 80
RBX=0x000001cea60acac0 points into unknown readable memory: 00 00 00 00 00 00 00 00
RCX=0x000001cea60a9e90 points into unknown readable memory: 00 00 00 00 00 00 00 80
RDX=0x0000000000000009 is an unknown value
RSP=0x0000009ab94ee160 is pointing into the stack for thread: 0x000001cea9d1d800
RBP=0x000001cea60a95d0 points into unknown readable memory: e0 61 7a a8 ce 01 00 00
RSI=0x000001cea60aae90 points into unknown readable memory: 09 00 00 00 01 00 00 00
RDI=0x0000000000000004 is an unknown value
R8 =0x000000006ee77580 points into unknown readable memory: e8 bb ff ff ff 48 81 c1
R9 =0x000000006ee76490 points into unknown readable memory: c5 fc 28 01 c5 fc 28 49
R10=0x000001cea6087030 points into unknown readable memory: 04 00 84 01 c4 00 64 01
R11=0x000001cea609f480 points into unknown readable memory: 2d f3 b4 bc bb 64 b4 bc
R12=0x000001cea609fc80 points into unknown readable memory: b8 16 b5 bc 9e a4 b5 bc
R13=0x0000000000000004 is an unknown value
R14=0x0000000000000184 is an unknown value
R15=0x000000006fab8f20 points into unknown readable memory: 88 0f c9 3b b6 c9 96 3c


Registers:
RAX=0x000001cea60a9e90, RBX=0x000001cea60acac0, RCX=0x000001cea60a9e90, RDX=0x0000000000000009
RSP=0x0000009ab94ee160, RBP=0x000001cea60a95d0, RSI=0x000001cea60aae90, RDI=0x0000000000000004
R8 =0x000000006ee77580, R9 =0x000000006ee76490, R10=0x000001cea6087030, R11=0x000001cea609f480
R12=0x000001cea609fc80, R13=0x0000000000000004, R14=0x0000000000000184, R15=0x000000006fab8f20
RIP=0x000000006ee76520, EFLAGS=0x0000000000010202

Top of Stack: (sp=0x0000009ab94ee160)
0x0000009ab94ee160:   000000006ee76665 000000006ee774c5
0x0000009ab94ee170:   000000006ee77505 000000006ee77545
0x0000009ab94ee180:   000000006ee77585 000000006ee79426
0x0000009ab94ee190:   000000006fa67a80 000001cea60a9e90
0x0000009ab94ee1a0:   000001cea60aef80 000000061f21a458
0x0000009ab94ee1b0:   3fe0000000000000 0000000000000000
0x0000009ab94ee1c0:   40c7760000000000 0000000000000000
0x0000009ab94ee1d0:   3fe0000000000000 0000000000000001
0x0000009ab94ee1e0:   000001cea60aff80 000000006ea45d24
0x0000009ab94ee1f0:   3f40624dd2f1a9fc 0000000000000000
0x0000009ab94ee200:   0000000000000000 0000000000000000
0x0000009ab94ee210:   00000000c054e29a 0000000000000000
0x0000009ab94ee220:   000001cea60b8e80 000000006fab7320
0x0000009ab94ee230:   0000000000000000 000001cea60aca20
0x0000009ab94ee240:   0000000000000001 000001cea60a95d0
0x0000009ab94ee250:   000001cea60a9650 0000000000000000 

Instructions: (pc=0x000000006ee76520)
0x000000006ee76500:   c4 e3 5d 0c c0 55 c5 e4 5c c8 c5 e4 58 c0 c5 fc
0x000000006ee76510:   29 01 c5 fc 29 49 20 c3 0f 1f 84 00 00 00 00 00
0x000000006ee76520:   c5 fc 28 51 40 c5 fc 28 59 60 c5 ec 5c fb c5 ec
0x000000006ee76530:   58 d3 c5 c4 57 3d 26 41 84 00 c5 ec c6 df be c5 


Stack slot to memory mapping:
stack at sp + 0 slots: 0x000000006ee76665 points into unknown readable memory: c5 fc 28
stack at sp + 1 slots: 0x000000006ee774c5 points into unknown readable memory: 48 81 c1
stack at sp + 2 slots: 0x000000006ee77505 points into unknown readable memory: 48 81 c1
stack at sp + 3 slots: 0x000000006ee77545 points into unknown readable memory: 48 81 c1
stack at sp + 4 slots: 0x000000006ee77585 points into unknown readable memory: 48 81 c1
stack at sp + 5 slots: 0x000000006ee79426 points into unknown readable memory: 8b 4e
stack at sp + 6 slots: 0x000000006fa67a80 points into unknown readable memory: 47 b1 37 38 89 e0 f8 38
stack at sp + 7 slots: 0x000001cea60a9e90 points into unknown readable memory: 00 00 00 00 00 00 00 80


---------------  P R O C E S S  ---------------

Threads class SMR info:
_java_thread_list=0x000001cea1c470f0, length=20, elements={
0x000001ce9fe20000, 0x000001ce9fe49800, 0x000001ce9feac800, 0x000001ce9fead800,
0x000001ce9feae800, 0x000001ce9feb3000, 0x000001ce9feb8000, 0x000001ce9ffe7000,
0x000001cea032c000, 0x000001cea032d000, 0x000001cea06de000, 0x000001cea06e2800,
0x000001cea13f2000, 0x000001cea1f25000, 0x000001cea9d1d800, 0x000001cea9a04000,
0x000001cef1e52800, 0x000001cea98f0800, 0x000001cea1b14800, 0x000001cea983b000
}

Java Threads: ( => current thread )
  0x000001ce9fe20000 JavaThread "Reference Handler" daemon [_thread_blocked, id=3444, stack(0x0000009ab8200000,0x0000009ab8300000)]
  0x000001ce9fe49800 JavaThread "Finalizer" daemon [_thread_blocked, id=14868, stack(0x0000009ab8300000,0x0000009ab8400000)]
  0x000001ce9feac800 JavaThread "Signal Dispatcher" daemon [_thread_blocked, id=17036, stack(0x0000009ab8400000,0x0000009ab8500000)]
  0x000001ce9fead800 JavaThread "Attach Listener" daemon [_thread_blocked, id=12144, stack(0x0000009ab8500000,0x0000009ab8600000)]
  0x000001ce9feae800 JavaThread "C2 CompilerThread0" daemon [_thread_blocked, id=4872, stack(0x0000009ab8600000,0x0000009ab8700000)]
  0x000001ce9feb3000 JavaThread "C1 CompilerThread0" daemon [_thread_blocked, id=16164, stack(0x0000009ab8700000,0x0000009ab8800000)]
  0x000001ce9feb8000 JavaThread "Sweeper thread" daemon [_thread_blocked, id=10828, stack(0x0000009ab8800000,0x0000009ab8900000)]
  0x000001ce9ffe7000 JavaThread "Common-Cleaner" daemon [_thread_blocked, id=10248, stack(0x0000009ab8900000,0x0000009ab8a00000)]
  0x000001cea032c000 JavaThread "Monitor Ctrl-Break" daemon [_thread_in_native, id=16840, stack(0x0000009ab8b00000,0x0000009ab8c00000)]
  0x000001cea032d000 JavaThread "Service Thread" daemon [_thread_blocked, id=14252, stack(0x0000009ab8c00000,0x0000009ab8d00000)]
  0x000001cea06de000 JavaThread "Java2D Disposer" daemon [_thread_blocked, id=15532, stack(0x0000009ab8e00000,0x0000009ab8f00000)]
  0x000001cea06e2800 JavaThread "AWT-Windows" daemon [_thread_in_native, id=16268, stack(0x0000009ab9000000,0x0000009ab9100000)]
  0x000001cea13f2000 JavaThread "oracle.jdbc.driver.BlockSource.ThreadedCachingBlockSource.BlockReleaser" daemon [_thread_blocked, id=11844, stack(0x0000009ab9500000,0x0000009ab9600000)]
  0x000001cea1f25000 JavaThread "AWT-Shutdown" [_thread_blocked, id=17540, stack(0x0000009ab8f00000,0x0000009ab9000000)]
=>0x000001cea9d1d800 JavaThread "AWT-EventQueue-0" [_thread_in_native, id=18384, stack(0x0000009ab9400000,0x0000009ab9500000)]
  0x000001cea9a04000 JavaThread "Swing-Shell" daemon [_thread_blocked, id=11940, stack(0x0000009aba200000,0x0000009aba300000)]
  0x000001cef1e52800 JavaThread "DestroyJavaVM" [_thread_blocked, id=2492, stack(0x0000009ab7b00000,0x0000009ab7c00000)]
  0x000001cea98f0800 JavaThread "D3D Screen Updater" daemon [_thread_blocked, id=12204, stack(0x0000009aba800000,0x0000009aba900000)]
  0x000001cea1b14800 JavaThread "TimerQueue" daemon [_thread_blocked, id=8172, stack(0x0000009ab9300000,0x0000009ab9400000)]
  0x000001cea983b000 JavaThread "Image Fetcher 0" daemon [_thread_blocked, id=16904, stack(0x0000009aba700000,0x0000009aba800000)]

Other Threads:
  0x000001ce9fe1f000 VMThread "VM Thread" [stack: 0x0000009ab8100000,0x0000009ab8200000] [id=9700]
  0x000001cea0332000 WatcherThread [stack: 0x0000009ab8d00000,0x0000009ab8e00000] [id=16468]
  0x000001cef1e67000 GCTaskThread "GC Thread#0" [stack: 0x0000009ab7c00000,0x0000009ab7d00000] [id=13472]
  0x000001cea97cf000 GCTaskThread "GC Thread#1" [stack: 0x0000009ab9700000,0x0000009ab9800000] [id=10720]
  0x000001cea9969000 GCTaskThread "GC Thread#2" [stack: 0x0000009ab9800000,0x0000009ab9900000] [id=12220]
  0x000001cea9b0c000 GCTaskThread "GC Thread#3" [stack: 0x0000009ab9900000,0x0000009ab9a00000] [id=8056]
  0x000001cea9b0c800 GCTaskThread "GC Thread#4" [stack: 0x0000009ab9a00000,0x0000009ab9b00000] [id=1748]
  0x000001cea97c6000 GCTaskThread "GC Thread#5" [stack: 0x0000009ab9b00000,0x0000009ab9c00000] [id=3572]
  0x000001cea97c9800 GCTaskThread "GC Thread#6" [stack: 0x0000009ab9c00000,0x0000009ab9d00000] [id=15892]
  0x000001cea97c6800 GCTaskThread "GC Thread#7" [stack: 0x0000009ab9d00000,0x0000009ab9e00000] [id=9928]
  0x000001cea97c7800 GCTaskThread "GC Thread#8" [stack: 0x0000009ab9e00000,0x0000009ab9f00000] [id=11432]
  0x000001cea97c4800 GCTaskThread "GC Thread#9" [stack: 0x0000009ab9f00000,0x0000009aba000000] [id=5416]
  0x000001cef1ee5800 ConcurrentGCThread "G1 Main Marker" [stack: 0x0000009ab7d00000,0x0000009ab7e00000] [id=2732]
  0x000001cef1ee7800 ConcurrentGCThread "G1 Conc#0" [stack: 0x0000009ab7e00000,0x0000009ab7f00000] [id=4324]
  0x000001cea97c5000 ConcurrentGCThread "G1 Conc#1" [stack: 0x0000009aba000000,0x0000009aba100000] [id=10300]
  0x000001cea97c9000 ConcurrentGCThread "G1 Conc#2" [stack: 0x0000009aba100000,0x0000009aba200000] [id=13692]
  0x000001ce9f472800 ConcurrentGCThread "G1 Refine#0" [stack: 0x0000009ab7f00000,0x0000009ab8000000] [id=17576]
  0x000001ce9f473800 ConcurrentGCThread "G1 Young RemSet Sampling" [stack: 0x0000009ab8000000,0x0000009ab8100000] [id=2836]

Threads with active compile tasks:

VM state:not at safepoint (normal execution)

VM Mutex/Monitor currently owned by a thread: None

Heap address: 0x0000000602800000, size: 8152 MB, Compressed Oops mode: Zero based, Oop shift amount: 3
Narrow klass base: 0x0000000800000000, Narrow klass shift: 0
Compressed class space size: 1073741824 Address: 0x0000000800000000

Heap:
 garbage-first heap   total 522240K, used 28304K [0x0000000602800000, 0x0000000800000000)
  region size 2048K, 8 young (16384K), 4 survivors (8192K)
 Metaspace       used 34388K, capacity 35069K, committed 35200K, reserved 1081344K
  class space    used 3867K, capacity 4130K, committed 4224K, reserved 1048576K
Heap Regions: E=young(eden), S=young(survivor), O=old, HS=humongous(starts), HC=humongous(continues), CS=collection set, F=free, A=archive, TAMS=top-at-mark-start (previous, next)
|   0|0x0000000602800000, 0x0000000602a00000, 0x0000000602a00000|100%| O|  |TAMS 0x00000006029f3c00, 0x0000000602800000| Untracked 
|   1|0x0000000602a00000, 0x0000000602c00000, 0x0000000602c00000|100%| O|  |TAMS 0x0000000602a00000, 0x0000000602a00000| Untracked 
|   2|0x0000000602c00000, 0x0000000602dfb200, 0x0000000602e00000| 99%| O|  |TAMS 0x0000000602c00000, 0x0000000602c00000| Untracked 
|   3|0x0000000602e00000, 0x0000000602e00000, 0x0000000603000000|  0%| F|  |TAMS 0x0000000602e00000, 0x0000000602e00000| Untracked 
|   4|0x0000000603000000, 0x0000000603000000, 0x0000000603200000|  0%| F|  |TAMS 0x0000000603000000, 0x0000000603000000| Untracked 
|   5|0x0000000603200000, 0x0000000603200000, 0x0000000603400000|  0%| F|  |TAMS 0x0000000603200000, 0x0000000603200000| Untracked 
|   6|0x0000000603400000, 0x0000000603400000, 0x0000000603600000|  0%| F|  |TAMS 0x0000000603400000, 0x0000000603400000| Untracked 
|   7|0x0000000603600000, 0x0000000603600000, 0x0000000603800000|  0%| F|  |TAMS 0x0000000603600000, 0x0000000603600000| Untracked 
|   8|0x0000000603800000, 0x0000000603800000, 0x0000000603a00000|  0%| F|  |TAMS 0x0000000603800000, 0x0000000603800000| Untracked 
|   9|0x0000000603a00000, 0x0000000603a00000, 0x0000000603c00000|  0%| F|  |TAMS 0x0000000603a00000, 0x0000000603a00000| Untracked 
|  10|0x0000000603c00000, 0x0000000603c00000, 0x0000000603e00000|  0%| F|  |TAMS 0x0000000603c00000, 0x0000000603c00000| Untracked 
|  11|0x0000000603e00000, 0x0000000604000000, 0x0000000604000000|100%|HS|  |TAMS 0x0000000603e00000, 0x0000000603e00000| Complete 
|  12|0x0000000604000000, 0x0000000604200000, 0x0000000604200000|100%|HC|  |TAMS 0x0000000604000000, 0x0000000604000000| Complete 
|  13|0x0000000604200000, 0x0000000604400000, 0x0000000604400000|100%|HC|  |TAMS 0x0000000604200000, 0x0000000604200000| Complete 
|  14|0x0000000604400000, 0x0000000604600000, 0x0000000604600000|100%|HC|  |TAMS 0x0000000604400000, 0x0000000604400000| Complete 
|  15|0x0000000604600000, 0x0000000604600000, 0x0000000604800000|  0%| F|  |TAMS 0x0000000604600000, 0x0000000604600000| Untracked 
|  16|0x0000000604800000, 0x0000000604800000, 0x0000000604a00000|  0%| F|  |TAMS 0x0000000604800000, 0x0000000604800000| Untracked 
|  17|0x0000000604a00000, 0x0000000604a00000, 0x0000000604c00000|  0%| F|  |TAMS 0x0000000604a00000, 0x0000000604a00000| Untracked 
|  18|0x0000000604c00000, 0x0000000604c00000, 0x0000000604e00000|  0%| F|  |TAMS 0x0000000604c00000, 0x0000000604c00000| Untracked 
|  19|0x0000000604e00000, 0x0000000604e00000, 0x0000000605000000|  0%| F|  |TAMS 0x0000000604e00000, 0x0000000604e00000| Untracked 
|  20|0x0000000605000000, 0x0000000605000000, 0x0000000605200000|  0%| F|  |TAMS 0x0000000605000000, 0x0000000605000000| Untracked 
|  21|0x0000000605200000, 0x0000000605200000, 0x0000000605400000|  0%| F|  |TAMS 0x0000000605200000, 0x0000000605200000| Untracked 
|  22|0x0000000605400000, 0x0000000605400000, 0x0000000605600000|  0%| F|  |TAMS 0x0000000605400000, 0x0000000605400000| Untracked 
|  23|0x0000000605600000, 0x0000000605600000, 0x0000000605800000|  0%| F|  |TAMS 0x0000000605600000, 0x0000000605600000| Untracked 
|  24|0x0000000605800000, 0x0000000605800000, 0x0000000605a00000|  0%| F|  |TAMS 0x0000000605800000, 0x0000000605800000| Untracked 
|  25|0x0000000605a00000, 0x0000000605a00000, 0x0000000605c00000|  0%| F|  |TAMS 0x0000000605a00000, 0x0000000605a00000| Untracked 
|  26|0x0000000605c00000, 0x0000000605c00000, 0x0000000605e00000|  0%| F|  |TAMS 0x0000000605c00000, 0x0000000605c00000| Untracked 
|  27|0x0000000605e00000, 0x0000000605e00000, 0x0000000606000000|  0%| F|  |TAMS 0x0000000605e00000, 0x0000000605e00000| Untracked 
|  28|0x0000000606000000, 0x0000000606000000, 0x0000000606200000|  0%| F|  |TAMS 0x0000000606000000, 0x0000000606000000| Untracked 
|  29|0x0000000606200000, 0x0000000606200000, 0x0000000606400000|  0%| F|  |TAMS 0x0000000606200000, 0x0000000606200000| Untracked 
|  30|0x0000000606400000, 0x0000000606400000, 0x0000000606600000|  0%| F|  |TAMS 0x0000000606400000, 0x0000000606400000| Untracked 
|  31|0x0000000606600000, 0x0000000606600000, 0x0000000606800000|  0%| F|  |TAMS 0x0000000606600000, 0x0000000606600000| Untracked 
|  32|0x0000000606800000, 0x0000000606800000, 0x0000000606a00000|  0%| F|  |TAMS 0x0000000606800000, 0x0000000606800000| Untracked 
|  33|0x0000000606a00000, 0x0000000606a00000, 0x0000000606c00000|  0%| F|  |TAMS 0x0000000606a00000, 0x0000000606a00000| Untracked 
|  34|0x0000000606c00000, 0x0000000606c00000, 0x0000000606e00000|  0%| F|  |TAMS 0x0000000606c00000, 0x0000000606c00000| Untracked 
|  35|0x0000000606e00000, 0x0000000606e00000, 0x0000000607000000|  0%| F|  |TAMS 0x0000000606e00000, 0x0000000606e00000| Untracked 
|  36|0x0000000607000000, 0x0000000607000000, 0x0000000607200000|  0%| F|  |TAMS 0x0000000607000000, 0x0000000607000000| Untracked 
|  37|0x0000000607200000, 0x0000000607200000, 0x0000000607400000|  0%| F|  |TAMS 0x0000000607200000, 0x0000000607200000| Untracked 
|  38|0x0000000607400000, 0x0000000607400000, 0x0000000607600000|  0%| F|  |TAMS 0x0000000607400000, 0x0000000607400000| Untracked 
|  39|0x0000000607600000, 0x0000000607600000, 0x0000000607800000|  0%| F|  |TAMS 0x0000000607600000, 0x0000000607600000| Untracked 
|  40|0x0000000607800000, 0x0000000607800000, 0x0000000607a00000|  0%| F|  |TAMS 0x0000000607800000, 0x0000000607800000| Untracked 
|  41|0x0000000607a00000, 0x0000000607a00000, 0x0000000607c00000|  0%| F|  |TAMS 0x0000000607a00000, 0x0000000607a00000| Untracked 
|  42|0x0000000607c00000, 0x0000000607c00000, 0x0000000607e00000|  0%| F|  |TAMS 0x0000000607c00000, 0x0000000607c00000| Untracked 
|  43|0x0000000607e00000, 0x0000000607e00000, 0x0000000608000000|  0%| F|  |TAMS 0x0000000607e00000, 0x0000000607e00000| Untracked 
|  44|0x0000000608000000, 0x0000000608000000, 0x0000000608200000|  0%| F|  |TAMS 0x0000000608000000, 0x0000000608000000| Untracked 
|  45|0x0000000608200000, 0x0000000608200000, 0x0000000608400000|  0%| F|  |TAMS 0x0000000608200000, 0x0000000608200000| Untracked 
|  46|0x0000000608400000, 0x0000000608400000, 0x0000000608600000|  0%| F|  |TAMS 0x0000000608400000, 0x0000000608400000| Untracked 
|  47|0x0000000608600000, 0x0000000608600000, 0x0000000608800000|  0%| F|  |TAMS 0x0000000608600000, 0x0000000608600000| Untracked 
|  48|0x0000000608800000, 0x0000000608800000, 0x0000000608a00000|  0%| F|  |TAMS 0x0000000608800000, 0x0000000608800000| Untracked 
|  49|0x0000000608a00000, 0x0000000608a00000, 0x0000000608c00000|  0%| F|  |TAMS 0x0000000608a00000, 0x0000000608a00000| Untracked 
|  50|0x0000000608c00000, 0x0000000608c00000, 0x0000000608e00000|  0%| F|  |TAMS 0x0000000608c00000, 0x0000000608c00000| Untracked 
|  51|0x0000000608e00000, 0x0000000608e00000, 0x0000000609000000|  0%| F|  |TAMS 0x0000000608e00000, 0x0000000608e00000| Untracked 
|  52|0x0000000609000000, 0x0000000609000000, 0x0000000609200000|  0%| F|  |TAMS 0x0000000609000000, 0x0000000609000000| Untracked 
|  53|0x0000000609200000, 0x0000000609200000, 0x0000000609400000|  0%| F|  |TAMS 0x0000000609200000, 0x0000000609200000| Untracked 
|  54|0x0000000609400000, 0x0000000609400000, 0x0000000609600000|  0%| F|  |TAMS 0x0000000609400000, 0x0000000609400000| Untracked 
|  55|0x0000000609600000, 0x0000000609600000, 0x0000000609800000|  0%| F|  |TAMS 0x0000000609600000, 0x0000000609600000| Untracked 
|  56|0x0000000609800000, 0x0000000609800000, 0x0000000609a00000|  0%| F|  |TAMS 0x0000000609800000, 0x0000000609800000| Untracked 
|  57|0x0000000609a00000, 0x0000000609a00000, 0x0000000609c00000|  0%| F|  |TAMS 0x0000000609a00000, 0x0000000609a00000| Untracked 
|  58|0x0000000609c00000, 0x0000000609c00000, 0x0000000609e00000|  0%| F|  |TAMS 0x0000000609c00000, 0x0000000609c00000| Untracked 
|  59|0x0000000609e00000, 0x0000000609e00000, 0x000000060a000000|  0%| F|  |TAMS 0x0000000609e00000, 0x0000000609e00000| Untracked 
|  60|0x000000060a000000, 0x000000060a000000, 0x000000060a200000|  0%| F|  |TAMS 0x000000060a000000, 0x000000060a000000| Untracked 
|  61|0x000000060a200000, 0x000000060a200000, 0x000000060a400000|  0%| F|  |TAMS 0x000000060a200000, 0x000000060a200000| Untracked 
|  62|0x000000060a400000, 0x000000060a400000, 0x000000060a600000|  0%| F|  |TAMS 0x000000060a400000, 0x000000060a400000| Untracked 
|  63|0x000000060a600000, 0x000000060a600000, 0x000000060a800000|  0%| F|  |TAMS 0x000000060a600000, 0x000000060a600000| Untracked 
|  64|0x000000060a800000, 0x000000060a800000, 0x000000060aa00000|  0%| F|  |TAMS 0x000000060a800000, 0x000000060a800000| Untracked 
|  65|0x000000060aa00000, 0x000000060aa00000, 0x000000060ac00000|  0%| F|  |TAMS 0x000000060aa00000, 0x000000060aa00000| Untracked 
|  66|0x000000060ac00000, 0x000000060ac00000, 0x000000060ae00000|  0%| F|  |TAMS 0x000000060ac00000, 0x000000060ac00000| Untracked 
|  67|0x000000060ae00000, 0x000000060ae00000, 0x000000060b000000|  0%| F|  |TAMS 0x000000060ae00000, 0x000000060ae00000| Untracked 
|  68|0x000000060b000000, 0x000000060b000000, 0x000000060b200000|  0%| F|  |TAMS 0x000000060b000000, 0x000000060b000000| Untracked 
|  69|0x000000060b200000, 0x000000060b200000, 0x000000060b400000|  0%| F|  |TAMS 0x000000060b200000, 0x000000060b200000| Untracked 
|  70|0x000000060b400000, 0x000000060b400000, 0x000000060b600000|  0%| F|  |TAMS 0x000000060b400000, 0x000000060b400000| Untracked 
|  71|0x000000060b600000, 0x000000060b600000, 0x000000060b800000|  0%| F|  |TAMS 0x000000060b600000, 0x000000060b600000| Untracked 
|  72|0x000000060b800000, 0x000000060b800000, 0x000000060ba00000|  0%| F|  |TAMS 0x000000060b800000, 0x000000060b800000| Untracked 
|  73|0x000000060ba00000, 0x000000060ba00000, 0x000000060bc00000|  0%| F|  |TAMS 0x000000060ba00000, 0x000000060ba00000| Untracked 
|  74|0x000000060bc00000, 0x000000060bc00000, 0x000000060be00000|  0%| F|  |TAMS 0x000000060bc00000, 0x000000060bc00000| Untracked 
|  75|0x000000060be00000, 0x000000060be00000, 0x000000060c000000|  0%| F|  |TAMS 0x000000060be00000, 0x000000060be00000| Untracked 
|  76|0x000000060c000000, 0x000000060c000000, 0x000000060c200000|  0%| F|  |TAMS 0x000000060c000000, 0x000000060c000000| Untracked 
|  77|0x000000060c200000, 0x000000060c200000, 0x000000060c400000|  0%| F|  |TAMS 0x000000060c200000, 0x000000060c200000| Untracked 
|  78|0x000000060c400000, 0x000000060c400000, 0x000000060c600000|  0%| F|  |TAMS 0x000000060c400000, 0x000000060c400000| Untracked 
|  79|0x000000060c600000, 0x000000060c600000, 0x000000060c800000|  0%| F|  |TAMS 0x000000060c600000, 0x000000060c600000| Untracked 
|  80|0x000000060c800000, 0x000000060c800000, 0x000000060ca00000|  0%| F|  |TAMS 0x000000060c800000, 0x000000060c800000| Untracked 
|  81|0x000000060ca00000, 0x000000060ca00000, 0x000000060cc00000|  0%| F|  |TAMS 0x000000060ca00000, 0x000000060ca00000| Untracked 
|  82|0x000000060cc00000, 0x000000060cc00000, 0x000000060ce00000|  0%| F|  |TAMS 0x000000060cc00000, 0x000000060cc00000| Untracked 
|  83|0x000000060ce00000, 0x000000060ce00000, 0x000000060d000000|  0%| F|  |TAMS 0x000000060ce00000, 0x000000060ce00000| Untracked 
|  84|0x000000060d000000, 0x000000060d000000, 0x000000060d200000|  0%| F|  |TAMS 0x000000060d000000, 0x000000060d000000| Untracked 
|  85|0x000000060d200000, 0x000000060d200000, 0x000000060d400000|  0%| F|  |TAMS 0x000000060d200000, 0x000000060d200000| Untracked 
|  86|0x000000060d400000, 0x000000060d400000, 0x000000060d600000|  0%| F|  |TAMS 0x000000060d400000, 0x000000060d400000| Untracked 
|  87|0x000000060d600000, 0x000000060d600000, 0x000000060d800000|  0%| F|  |TAMS 0x000000060d600000, 0x000000060d600000| Untracked 
|  88|0x000000060d800000, 0x000000060d800000, 0x000000060da00000|  0%| F|  |TAMS 0x000000060d800000, 0x000000060d800000| Untracked 
|  89|0x000000060da00000, 0x000000060da00000, 0x000000060dc00000|  0%| F|  |TAMS 0x000000060da00000, 0x000000060da00000| Untracked 
|  90|0x000000060dc00000, 0x000000060dc00000, 0x000000060de00000|  0%| F|  |TAMS 0x000000060dc00000, 0x000000060dc00000| Untracked 
|  91|0x000000060de00000, 0x000000060de00000, 0x000000060e000000|  0%| F|  |TAMS 0x000000060de00000, 0x000000060de00000| Untracked 
|  92|0x000000060e000000, 0x000000060e000000, 0x000000060e200000|  0%| F|  |TAMS 0x000000060e000000, 0x000000060e000000| Untracked 
|  93|0x000000060e200000, 0x000000060e200000, 0x000000060e400000|  0%| F|  |TAMS 0x000000060e200000, 0x000000060e200000| Untracked 
|  94|0x000000060e400000, 0x000000060e400000, 0x000000060e600000|  0%| F|  |TAMS 0x000000060e400000, 0x000000060e400000| Untracked 
|  95|0x000000060e600000, 0x000000060e600000, 0x000000060e800000|  0%| F|  |TAMS 0x000000060e600000, 0x000000060e600000| Untracked 
|  96|0x000000060e800000, 0x000000060e800000, 0x000000060ea00000|  0%| F|  |TAMS 0x000000060e800000, 0x000000060e800000| Untracked 
|  97|0x000000060ea00000, 0x000000060ea00000, 0x000000060ec00000|  0%| F|  |TAMS 0x000000060ea00000, 0x000000060ea00000| Untracked 
|  98|0x000000060ec00000, 0x000000060ec00000, 0x000000060ee00000|  0%| F|  |TAMS 0x000000060ec00000, 0x000000060ec00000| Untracked 
|  99|0x000000060ee00000, 0x000000060ee00000, 0x000000060f000000|  0%| F|  |TAMS 0x000000060ee00000, 0x000000060ee00000| Untracked 
| 100|0x000000060f000000, 0x000000060f000000, 0x000000060f200000|  0%| F|  |TAMS 0x000000060f000000, 0x000000060f000000| Untracked 
| 101|0x000000060f200000, 0x000000060f200000, 0x000000060f400000|  0%| F|  |TAMS 0x000000060f200000, 0x000000060f200000| Untracked 
| 102|0x000000060f400000, 0x000000060f400000, 0x000000060f600000|  0%| F|  |TAMS 0x000000060f400000, 0x000000060f400000| Untracked 
| 103|0x000000060f600000, 0x000000060f600000, 0x000000060f800000|  0%| F|  |TAMS 0x000000060f600000, 0x000000060f600000| Untracked 
| 104|0x000000060f800000, 0x000000060f800000, 0x000000060fa00000|  0%| F|  |TAMS 0x000000060f800000, 0x000000060f800000| Untracked 
| 105|0x000000060fa00000, 0x000000060fa00000, 0x000000060fc00000|  0%| F|  |TAMS 0x000000060fa00000, 0x000000060fa00000| Untracked 
| 106|0x000000060fc00000, 0x000000060fc00000, 0x000000060fe00000|  0%| F|  |TAMS 0x000000060fc00000, 0x000000060fc00000| Untracked 
| 107|0x000000060fe00000, 0x000000060fe00000, 0x0000000610000000|  0%| F|  |TAMS 0x000000060fe00000, 0x000000060fe00000| Untracked 
| 108|0x0000000610000000, 0x0000000610000000, 0x0000000610200000|  0%| F|  |TAMS 0x0000000610000000, 0x0000000610000000| Untracked 
| 109|0x0000000610200000, 0x0000000610200000, 0x0000000610400000|  0%| F|  |TAMS 0x0000000610200000, 0x0000000610200000| Untracked 
| 110|0x0000000610400000, 0x0000000610400000, 0x0000000610600000|  0%| F|  |TAMS 0x0000000610400000, 0x0000000610400000| Untracked 
| 111|0x0000000610600000, 0x0000000610600000, 0x0000000610800000|  0%| F|  |TAMS 0x0000000610600000, 0x0000000610600000| Untracked 
| 112|0x0000000610800000, 0x0000000610800000, 0x0000000610a00000|  0%| F|  |TAMS 0x0000000610800000, 0x0000000610800000| Untracked 
| 113|0x0000000610a00000, 0x0000000610a00000, 0x0000000610c00000|  0%| F|  |TAMS 0x0000000610a00000, 0x0000000610a00000| Untracked 
| 114|0x0000000610c00000, 0x0000000610c00000, 0x0000000610e00000|  0%| F|  |TAMS 0x0000000610c00000, 0x0000000610c00000| Untracked 
| 115|0x0000000610e00000, 0x0000000610e00000, 0x0000000611000000|  0%| F|  |TAMS 0x0000000610e00000, 0x0000000610e00000| Untracked 
| 116|0x0000000611000000, 0x0000000611000000, 0x0000000611200000|  0%| F|  |TAMS 0x0000000611000000, 0x0000000611000000| Untracked 
| 117|0x0000000611200000, 0x0000000611200000, 0x0000000611400000|  0%| F|  |TAMS 0x0000000611200000, 0x0000000611200000| Untracked 
| 118|0x0000000611400000, 0x0000000611400000, 0x0000000611600000|  0%| F|  |TAMS 0x0000000611400000, 0x0000000611400000| Untracked 
| 119|0x0000000611600000, 0x0000000611600000, 0x0000000611800000|  0%| F|  |TAMS 0x0000000611600000, 0x0000000611600000| Untracked 
| 120|0x0000000611800000, 0x0000000611800000, 0x0000000611a00000|  0%| F|  |TAMS 0x0000000611800000, 0x0000000611800000| Untracked 
| 121|0x0000000611a00000, 0x0000000611a00000, 0x0000000611c00000|  0%| F|  |TAMS 0x0000000611a00000, 0x0000000611a00000| Untracked 
| 122|0x0000000611c00000, 0x0000000611c00000, 0x0000000611e00000|  0%| F|  |TAMS 0x0000000611c00000, 0x0000000611c00000| Untracked 
| 123|0x0000000611e00000, 0x0000000611e00000, 0x0000000612000000|  0%| F|  |TAMS 0x0000000611e00000, 0x0000000611e00000| Untracked 
| 124|0x0000000612000000, 0x0000000612000000, 0x0000000612200000|  0%| F|  |TAMS 0x0000000612000000, 0x0000000612000000| Untracked 
| 125|0x0000000612200000, 0x0000000612200000, 0x0000000612400000|  0%| F|  |TAMS 0x0000000612200000, 0x0000000612200000| Untracked 
| 126|0x0000000612400000, 0x0000000612400000, 0x0000000612600000|  0%| F|  |TAMS 0x0000000612400000, 0x0000000612400000| Untracked 
| 127|0x0000000612600000, 0x0000000612600000, 0x0000000612800000|  0%| F|  |TAMS 0x0000000612600000, 0x0000000612600000| Untracked 
| 128|0x0000000612800000, 0x0000000612800000, 0x0000000612a00000|  0%| F|  |TAMS 0x0000000612800000, 0x0000000612800000| Untracked 
| 129|0x0000000612a00000, 0x0000000612a00000, 0x0000000612c00000|  0%| F|  |TAMS 0x0000000612a00000, 0x0000000612a00000| Untracked 
| 130|0x0000000612c00000, 0x0000000612c00000, 0x0000000612e00000|  0%| F|  |TAMS 0x0000000612c00000, 0x0000000612c00000| Untracked 
| 131|0x0000000612e00000, 0x0000000612e00000, 0x0000000613000000|  0%| F|  |TAMS 0x0000000612e00000, 0x0000000612e00000| Untracked 
| 132|0x0000000613000000, 0x0000000613000000, 0x0000000613200000|  0%| F|  |TAMS 0x0000000613000000, 0x0000000613000000| Untracked 
| 133|0x0000000613200000, 0x0000000613200000, 0x0000000613400000|  0%| F|  |TAMS 0x0000000613200000, 0x0000000613200000| Untracked 
| 134|0x0000000613400000, 0x0000000613400000, 0x0000000613600000|  0%| F|  |TAMS 0x0000000613400000, 0x0000000613400000| Untracked 
| 135|0x0000000613600000, 0x0000000613600000, 0x0000000613800000|  0%| F|  |TAMS 0x0000000613600000, 0x0000000613600000| Untracked 
| 136|0x0000000613800000, 0x0000000613800000, 0x0000000613a00000|  0%| F|  |TAMS 0x0000000613800000, 0x0000000613800000| Untracked 
| 137|0x0000000613a00000, 0x0000000613a00000, 0x0000000613c00000|  0%| F|  |TAMS 0x0000000613a00000, 0x0000000613a00000| Untracked 
| 138|0x0000000613c00000, 0x0000000613c00000, 0x0000000613e00000|  0%| F|  |TAMS 0x0000000613c00000, 0x0000000613c00000| Untracked 
| 139|0x0000000613e00000, 0x0000000613e00000, 0x0000000614000000|  0%| F|  |TAMS 0x0000000613e00000, 0x0000000613e00000| Untracked 
| 140|0x0000000614000000, 0x0000000614000000, 0x0000000614200000|  0%| F|  |TAMS 0x0000000614000000, 0x0000000614000000| Untracked 
| 141|0x0000000614200000, 0x0000000614200000, 0x0000000614400000|  0%| F|  |TAMS 0x0000000614200000, 0x0000000614200000| Untracked 
| 142|0x0000000614400000, 0x0000000614400000, 0x0000000614600000|  0%| F|  |TAMS 0x0000000614400000, 0x0000000614400000| Untracked 
| 143|0x0000000614600000, 0x0000000614600000, 0x0000000614800000|  0%| F|  |TAMS 0x0000000614600000, 0x0000000614600000| Untracked 
| 144|0x0000000614800000, 0x0000000614800000, 0x0000000614a00000|  0%| F|  |TAMS 0x0000000614800000, 0x0000000614800000| Untracked 
| 145|0x0000000614a00000, 0x0000000614a00000, 0x0000000614c00000|  0%| F|  |TAMS 0x0000000614a00000, 0x0000000614a00000| Untracked 
| 146|0x0000000614c00000, 0x0000000614c00000, 0x0000000614e00000|  0%| F|  |TAMS 0x0000000614c00000, 0x0000000614c00000| Untracked 
| 147|0x0000000614e00000, 0x0000000614e00000, 0x0000000615000000|  0%| F|  |TAMS 0x0000000614e00000, 0x0000000614e00000| Untracked 
| 148|0x0000000615000000, 0x0000000615000000, 0x0000000615200000|  0%| F|  |TAMS 0x0000000615000000, 0x0000000615000000| Untracked 
| 149|0x0000000615200000, 0x0000000615200000, 0x0000000615400000|  0%| F|  |TAMS 0x0000000615200000, 0x0000000615200000| Untracked 
| 150|0x0000000615400000, 0x0000000615400000, 0x0000000615600000|  0%| F|  |TAMS 0x0000000615400000, 0x0000000615400000| Untracked 
| 151|0x0000000615600000, 0x0000000615600000, 0x0000000615800000|  0%| F|  |TAMS 0x0000000615600000, 0x0000000615600000| Untracked 
| 152|0x0000000615800000, 0x0000000615800000, 0x0000000615a00000|  0%| F|  |TAMS 0x0000000615800000, 0x0000000615800000| Untracked 
| 153|0x0000000615a00000, 0x0000000615a00000, 0x0000000615c00000|  0%| F|  |TAMS 0x0000000615a00000, 0x0000000615a00000| Untracked 
| 154|0x0000000615c00000, 0x0000000615c00000, 0x0000000615e00000|  0%| F|  |TAMS 0x0000000615c00000, 0x0000000615c00000| Untracked 
| 155|0x0000000615e00000, 0x0000000615e00000, 0x0000000616000000|  0%| F|  |TAMS 0x0000000615e00000, 0x0000000615e00000| Untracked 
| 156|0x0000000616000000, 0x0000000616000000, 0x0000000616200000|  0%| F|  |TAMS 0x0000000616000000, 0x0000000616000000| Untracked 
| 157|0x0000000616200000, 0x0000000616200000, 0x0000000616400000|  0%| F|  |TAMS 0x0000000616200000, 0x0000000616200000| Untracked 
| 158|0x0000000616400000, 0x0000000616400000, 0x0000000616600000|  0%| F|  |TAMS 0x0000000616400000, 0x0000000616400000| Untracked 
| 159|0x0000000616600000, 0x0000000616600000, 0x0000000616800000|  0%| F|  |TAMS 0x0000000616600000, 0x0000000616600000| Untracked 
| 160|0x0000000616800000, 0x0000000616800000, 0x0000000616a00000|  0%| F|  |TAMS 0x0000000616800000, 0x0000000616800000| Untracked 
| 161|0x0000000616a00000, 0x0000000616a00000, 0x0000000616c00000|  0%| F|  |TAMS 0x0000000616a00000, 0x0000000616a00000| Untracked 
| 162|0x0000000616c00000, 0x0000000616c00000, 0x0000000616e00000|  0%| F|  |TAMS 0x0000000616c00000, 0x0000000616c00000| Untracked 
| 163|0x0000000616e00000, 0x0000000616e00000, 0x0000000617000000|  0%| F|  |TAMS 0x0000000616e00000, 0x0000000616e00000| Untracked 
| 164|0x0000000617000000, 0x0000000617000000, 0x0000000617200000|  0%| F|  |TAMS 0x0000000617000000, 0x0000000617000000| Untracked 
| 165|0x0000000617200000, 0x0000000617200000, 0x0000000617400000|  0%| F|  |TAMS 0x0000000617200000, 0x0000000617200000| Untracked 
| 166|0x0000000617400000, 0x0000000617400000, 0x0000000617600000|  0%| F|  |TAMS 0x0000000617400000, 0x0000000617400000| Untracked 
| 167|0x0000000617600000, 0x0000000617600000, 0x0000000617800000|  0%| F|  |TAMS 0x0000000617600000, 0x0000000617600000| Untracked 
| 168|0x0000000617800000, 0x0000000617800000, 0x0000000617a00000|  0%| F|  |TAMS 0x0000000617800000, 0x0000000617800000| Untracked 
| 169|0x0000000617a00000, 0x0000000617a00000, 0x0000000617c00000|  0%| F|  |TAMS 0x0000000617a00000, 0x0000000617a00000| Untracked 
| 170|0x0000000617c00000, 0x0000000617c00000, 0x0000000617e00000|  0%| F|  |TAMS 0x0000000617c00000, 0x0000000617c00000| Untracked 
| 171|0x0000000617e00000, 0x0000000617e00000, 0x0000000618000000|  0%| F|  |TAMS 0x0000000617e00000, 0x0000000617e00000| Untracked 
| 172|0x0000000618000000, 0x0000000618000000, 0x0000000618200000|  0%| F|  |TAMS 0x0000000618000000, 0x0000000618000000| Untracked 
| 173|0x0000000618200000, 0x0000000618200000, 0x0000000618400000|  0%| F|  |TAMS 0x0000000618200000, 0x0000000618200000| Untracked 
| 174|0x0000000618400000, 0x0000000618400000, 0x0000000618600000|  0%| F|  |TAMS 0x0000000618400000, 0x0000000618400000| Untracked 
| 175|0x0000000618600000, 0x0000000618600000, 0x0000000618800000|  0%| F|  |TAMS 0x0000000618600000, 0x0000000618600000| Untracked 
| 176|0x0000000618800000, 0x0000000618800000, 0x0000000618a00000|  0%| F|  |TAMS 0x0000000618800000, 0x0000000618800000| Untracked 
| 177|0x0000000618a00000, 0x0000000618a00000, 0x0000000618c00000|  0%| F|  |TAMS 0x0000000618a00000, 0x0000000618a00000| Untracked 
| 178|0x0000000618c00000, 0x0000000618c00000, 0x0000000618e00000|  0%| F|  |TAMS 0x0000000618c00000, 0x0000000618c00000| Untracked 
| 179|0x0000000618e00000, 0x0000000618e00000, 0x0000000619000000|  0%| F|  |TAMS 0x0000000618e00000, 0x0000000618e00000| Untracked 
| 180|0x0000000619000000, 0x0000000619000000, 0x0000000619200000|  0%| F|  |TAMS 0x0000000619000000, 0x0000000619000000| Untracked 
| 181|0x0000000619200000, 0x0000000619200000, 0x0000000619400000|  0%| F|  |TAMS 0x0000000619200000, 0x0000000619200000| Untracked 
| 182|0x0000000619400000, 0x0000000619400000, 0x0000000619600000|  0%| F|  |TAMS 0x0000000619400000, 0x0000000619400000| Untracked 
| 183|0x0000000619600000, 0x0000000619600000, 0x0000000619800000|  0%| F|  |TAMS 0x0000000619600000, 0x0000000619600000| Untracked 
| 184|0x0000000619800000, 0x0000000619800000, 0x0000000619a00000|  0%| F|  |TAMS 0x0000000619800000, 0x0000000619800000| Untracked 
| 185|0x0000000619a00000, 0x0000000619a00000, 0x0000000619c00000|  0%| F|  |TAMS 0x0000000619a00000, 0x0000000619a00000| Untracked 
| 186|0x0000000619c00000, 0x0000000619c00000, 0x0000000619e00000|  0%| F|  |TAMS 0x0000000619c00000, 0x0000000619c00000| Untracked 
| 187|0x0000000619e00000, 0x0000000619e00000, 0x000000061a000000|  0%| F|  |TAMS 0x0000000619e00000, 0x0000000619e00000| Untracked 
| 188|0x000000061a000000, 0x000000061a000000, 0x000000061a200000|  0%| F|  |TAMS 0x000000061a000000, 0x000000061a000000| Untracked 
| 189|0x000000061a200000, 0x000000061a200000, 0x000000061a400000|  0%| F|  |TAMS 0x000000061a200000, 0x000000061a200000| Untracked 
| 190|0x000000061a400000, 0x000000061a400000, 0x000000061a600000|  0%| F|  |TAMS 0x000000061a400000, 0x000000061a400000| Untracked 
| 191|0x000000061a600000, 0x000000061a600000, 0x000000061a800000|  0%| F|  |TAMS 0x000000061a600000, 0x000000061a600000| Untracked 
| 192|0x000000061a800000, 0x000000061a800000, 0x000000061aa00000|  0%| F|  |TAMS 0x000000061a800000, 0x000000061a800000| Untracked 
| 193|0x000000061aa00000, 0x000000061aa00000, 0x000000061ac00000|  0%| F|  |TAMS 0x000000061aa00000, 0x000000061aa00000| Untracked 
| 194|0x000000061ac00000, 0x000000061ac00000, 0x000000061ae00000|  0%| F|  |TAMS 0x000000061ac00000, 0x000000061ac00000| Untracked 
| 195|0x000000061ae00000, 0x000000061ae00000, 0x000000061b000000|  0%| F|  |TAMS 0x000000061ae00000, 0x000000061ae00000| Untracked 
| 196|0x000000061b000000, 0x000000061b000000, 0x000000061b200000|  0%| F|  |TAMS 0x000000061b000000, 0x000000061b000000| Untracked 
| 197|0x000000061b200000, 0x000000061b200000, 0x000000061b400000|  0%| F|  |TAMS 0x000000061b200000, 0x000000061b200000| Untracked 
| 198|0x000000061b400000, 0x000000061b400000, 0x000000061b600000|  0%| F|  |TAMS 0x000000061b400000, 0x000000061b400000| Untracked 
| 199|0x000000061b600000, 0x000000061b600000, 0x000000061b800000|  0%| F|  |TAMS 0x000000061b600000, 0x000000061b600000| Untracked 
| 200|0x000000061b800000, 0x000000061b800000, 0x000000061ba00000|  0%| F|  |TAMS 0x000000061b800000, 0x000000061b800000| Untracked 
| 201|0x000000061ba00000, 0x000000061ba00000, 0x000000061bc00000|  0%| F|  |TAMS 0x000000061ba00000, 0x000000061ba00000| Untracked 
| 202|0x000000061bc00000, 0x000000061bc00000, 0x000000061be00000|  0%| F|  |TAMS 0x000000061bc00000, 0x000000061bc00000| Untracked 
| 203|0x000000061be00000, 0x000000061be00000, 0x000000061c000000|  0%| F|  |TAMS 0x000000061be00000, 0x000000061be00000| Untracked 
| 204|0x000000061c000000, 0x000000061c000000, 0x000000061c200000|  0%| F|  |TAMS 0x000000061c000000, 0x000000061c000000| Untracked 
| 205|0x000000061c200000, 0x000000061c200000, 0x000000061c400000|  0%| F|  |TAMS 0x000000061c200000, 0x000000061c200000| Untracked 
| 206|0x000000061c400000, 0x000000061c400000, 0x000000061c600000|  0%| F|  |TAMS 0x000000061c400000, 0x000000061c400000| Untracked 
| 207|0x000000061c600000, 0x000000061c600000, 0x000000061c800000|  0%| F|  |TAMS 0x000000061c600000, 0x000000061c600000| Untracked 
| 208|0x000000061c800000, 0x000000061c800000, 0x000000061ca00000|  0%| F|  |TAMS 0x000000061c800000, 0x000000061c800000| Untracked 
| 209|0x000000061ca00000, 0x000000061ca00000, 0x000000061cc00000|  0%| F|  |TAMS 0x000000061ca00000, 0x000000061ca00000| Untracked 
| 210|0x000000061cc00000, 0x000000061cc00000, 0x000000061ce00000|  0%| F|  |TAMS 0x000000061cc00000, 0x000000061cc00000| Untracked 
| 211|0x000000061ce00000, 0x000000061ce00000, 0x000000061d000000|  0%| F|  |TAMS 0x000000061ce00000, 0x000000061ce00000| Untracked 
| 212|0x000000061d000000, 0x000000061d000000, 0x000000061d200000|  0%| F|  |TAMS 0x000000061d000000, 0x000000061d000000| Untracked 
| 213|0x000000061d200000, 0x000000061d200000, 0x000000061d400000|  0%| F|  |TAMS 0x000000061d200000, 0x000000061d200000| Untracked 
| 214|0x000000061d400000, 0x000000061d400000, 0x000000061d600000|  0%| F|  |TAMS 0x000000061d400000, 0x000000061d400000| Untracked 
| 215|0x000000061d600000, 0x000000061d600000, 0x000000061d800000|  0%| F|  |TAMS 0x000000061d600000, 0x000000061d600000| Untracked 
| 216|0x000000061d800000, 0x000000061d800000, 0x000000061da00000|  0%| F|  |TAMS 0x000000061d800000, 0x000000061d800000| Untracked 
| 217|0x000000061da00000, 0x000000061da00000, 0x000000061dc00000|  0%| F|  |TAMS 0x000000061da00000, 0x000000061da00000| Untracked 
| 218|0x000000061dc00000, 0x000000061dc00000, 0x000000061de00000|  0%| F|  |TAMS 0x000000061dc00000, 0x000000061dc00000| Untracked 
| 219|0x000000061de00000, 0x000000061de00000, 0x000000061e000000|  0%| F|  |TAMS 0x000000061de00000, 0x000000061de00000| Untracked 
| 220|0x000000061e000000, 0x000000061e000000, 0x000000061e200000|  0%| F|  |TAMS 0x000000061e000000, 0x000000061e000000| Untracked 
| 221|0x000000061e200000, 0x000000061e200000, 0x000000061e400000|  0%| F|  |TAMS 0x000000061e200000, 0x000000061e200000| Untracked 
| 222|0x000000061e400000, 0x000000061e400000, 0x000000061e600000|  0%| F|  |TAMS 0x000000061e400000, 0x000000061e400000| Untracked 
| 223|0x000000061e600000, 0x000000061e600000, 0x000000061e800000|  0%| F|  |TAMS 0x000000061e600000, 0x000000061e600000| Untracked 
| 224|0x000000061e800000, 0x000000061e800000, 0x000000061ea00000|  0%| F|  |TAMS 0x000000061e800000, 0x000000061e800000| Untracked 
| 225|0x000000061ea00000, 0x000000061ea00000, 0x000000061ec00000|  0%| F|  |TAMS 0x000000061ea00000, 0x000000061ea00000| Untracked 
| 226|0x000000061ec00000, 0x000000061eda9100, 0x000000061ee00000| 83%| S|CS|TAMS 0x000000061ec00000, 0x000000061ec00000| Complete 
| 227|0x000000061ee00000, 0x000000061f000000, 0x000000061f000000|100%| S|CS|TAMS 0x000000061ee00000, 0x000000061ee00000| Complete 
| 228|0x000000061f000000, 0x000000061f200000, 0x000000061f200000|100%| S|CS|TAMS 0x000000061f000000, 0x000000061f000000| Complete 
| 229|0x000000061f200000, 0x000000061f400000, 0x000000061f400000|100%| S|CS|TAMS 0x000000061f200000, 0x000000061f200000| Complete 
| 230|0x000000061f400000, 0x000000061f400000, 0x000000061f600000|  0%| F|  |TAMS 0x000000061f400000, 0x000000061f400000| Untracked 
| 231|0x000000061f600000, 0x000000061f600000, 0x000000061f800000|  0%| F|  |TAMS 0x000000061f600000, 0x000000061f600000| Untracked 
| 232|0x000000061f800000, 0x000000061f800000, 0x000000061fa00000|  0%| F|  |TAMS 0x000000061f800000, 0x000000061f800000| Untracked 
| 233|0x000000061fa00000, 0x000000061fa00000, 0x000000061fc00000|  0%| F|  |TAMS 0x000000061fa00000, 0x000000061fa00000| Untracked 
| 234|0x000000061fc00000, 0x000000061fc00000, 0x000000061fe00000|  0%| F|  |TAMS 0x000000061fc00000, 0x000000061fc00000| Untracked 
| 235|0x000000061fe00000, 0x000000061fe00000, 0x0000000620000000|  0%| F|  |TAMS 0x000000061fe00000, 0x000000061fe00000| Untracked 
| 236|0x0000000620000000, 0x0000000620000000, 0x0000000620200000|  0%| F|  |TAMS 0x0000000620000000, 0x0000000620000000| Untracked 
| 237|0x0000000620200000, 0x0000000620200000, 0x0000000620400000|  0%| F|  |TAMS 0x0000000620200000, 0x0000000620200000| Untracked 
| 238|0x0000000620400000, 0x0000000620400000, 0x0000000620600000|  0%| F|  |TAMS 0x0000000620400000, 0x0000000620400000| Untracked 
| 239|0x0000000620600000, 0x0000000620600000, 0x0000000620800000|  0%| F|  |TAMS 0x0000000620600000, 0x0000000620600000| Untracked 
| 240|0x0000000620800000, 0x0000000620800000, 0x0000000620a00000|  0%| F|  |TAMS 0x0000000620800000, 0x0000000620800000| Untracked 
| 241|0x0000000620a00000, 0x0000000620a00000, 0x0000000620c00000|  0%| F|  |TAMS 0x0000000620a00000, 0x0000000620a00000| Untracked 
| 242|0x0000000620c00000, 0x0000000620c00000, 0x0000000620e00000|  0%| F|  |TAMS 0x0000000620c00000, 0x0000000620c00000| Untracked 
| 243|0x0000000620e00000, 0x0000000620e00000, 0x0000000621000000|  0%| F|  |TAMS 0x0000000620e00000, 0x0000000620e00000| Untracked 
| 244|0x0000000621000000, 0x0000000621000000, 0x0000000621200000|  0%| F|  |TAMS 0x0000000621000000, 0x0000000621000000| Untracked 
| 245|0x0000000621200000, 0x0000000621200000, 0x0000000621400000|  0%| F|  |TAMS 0x0000000621200000, 0x0000000621200000| Untracked 
| 246|0x0000000621400000, 0x0000000621400000, 0x0000000621600000|  0%| F|  |TAMS 0x0000000621400000, 0x0000000621400000| Untracked 
| 247|0x0000000621600000, 0x0000000621600000, 0x0000000621800000|  0%| F|  |TAMS 0x0000000621600000, 0x0000000621600000| Untracked 
| 248|0x0000000621800000, 0x0000000621800000, 0x0000000621a00000|  0%| F|  |TAMS 0x0000000621800000, 0x0000000621800000| Untracked 
| 249|0x0000000621a00000, 0x0000000621a00000, 0x0000000621c00000|  0%| F|  |TAMS 0x0000000621a00000, 0x0000000621a00000| Untracked 
| 250|0x0000000621c00000, 0x0000000621c00000, 0x0000000621e00000|  0%| F|  |TAMS 0x0000000621c00000, 0x0000000621c00000| Untracked 
| 251|0x0000000621e00000, 0x0000000621f59800, 0x0000000622000000| 67%| E|  |TAMS 0x0000000621e00000, 0x0000000621e00000| Complete 
| 252|0x0000000622000000, 0x0000000622200000, 0x0000000622200000|100%| E|CS|TAMS 0x0000000622000000, 0x0000000622000000| Complete 
| 253|0x0000000622200000, 0x0000000622400000, 0x0000000622400000|100%| E|CS|TAMS 0x0000000622200000, 0x0000000622200000| Complete 
| 254|0x0000000622400000, 0x0000000622600000, 0x0000000622600000|100%| E|CS|TAMS 0x0000000622400000, 0x0000000622400000| Complete 

Card table byte_map: [0x000001cefb840000,0x000001cefc830000] _byte_map_base: 0x000001cef882c000

Marking Bits (Prev, Next): (CMBitMap*) 0x000001cef1ed4960, (CMBitMap*) 0x000001cef1ed4928
 Prev Bits: [0x000001ce96f60000, 0x000001ce9eec0000)
 Next Bits: [0x000001ce8f000000, 0x000001ce96f60000)

Polling page: 0x000001ceefdb0000

Metaspace:

Usage:
  Non-class:     30.21 MB capacity,    29.81 MB ( 99%) used,   334.39 KB (  1%) free+waste,    83.25 KB ( <1%) overhead. 
      Class:      4.03 MB capacity,     3.78 MB ( 94%) used,   223.20 KB (  5%) free+waste,    39.69 KB ( <1%) overhead. 
       Both:     34.25 MB capacity,    33.58 MB ( 98%) used,   557.59 KB (  2%) free+waste,   122.94 KB ( <1%) overhead. 

Virtual space:
  Non-class space:       32.00 MB reserved,      30.25 MB ( 95%) committed 
      Class space:        1.00 GB reserved,       4.13 MB ( <1%) committed 
             Both:        1.03 GB reserved,      34.38 MB (  3%) committed 

Chunk freelists:
   Non-Class:  4.63 KB
       Class:  0 bytes
        Both:  4.63 KB

CodeHeap 'non-profiled nmethods': size=120000Kb used=1569Kb max_used=1569Kb free=118431Kb
 bounds [0x000001ce87ad0000, 0x000001ce87d40000, 0x000001ce8f000000]
CodeHeap 'profiled nmethods': size=120000Kb used=8229Kb max_used=8229Kb free=111770Kb
 bounds [0x000001ce805a0000, 0x000001ce80db0000, 0x000001ce87ad0000]
CodeHeap 'non-nmethods': size=5760Kb used=1353Kb max_used=1384Kb free=4406Kb
 bounds [0x000001ce80000000, 0x000001ce80270000, 0x000001ce805a0000]
 total_blobs=4600 nmethods=3816 adapters=694
 compilation: enabled
              stopped_count=0, restarted_count=0
 full_count=0

Compilation events (10 events):
Event: 18.380 Thread 0x000001ce9feae800 3811   !   4       java.util.zip.InflaterInputStream::read (138 bytes)
Event: 18.386 Thread 0x000001ce9feae800 nmethod 3811 0x000001ce87c55c90 code [0x000001ce87c55e60, 0x000001ce87c568b8]
Event: 18.386 Thread 0x000001ce9feae800 3813   !   4       java.util.zip.Inflater::inflate (418 bytes)
Event: 18.390 Thread 0x000001ce9feae800 nmethod 3813 0x000001ce87c56e10 code [0x000001ce87c56fe0, 0x000001ce87c57738]
Event: 18.425 Thread 0x000001ce9feae800 3814       4       java.io.FilterInputStream::read (11 bytes)
Event: 18.426 Thread 0x000001ce9feae800 nmethod 3814 0x000001ce87c57d90 code [0x000001ce87c57f20, 0x000001ce87c57fe8]
Event: 18.450 Thread 0x000001ce9feae800 3815       4       java.io.FileOutputStream::write (20 bytes)
Event: 18.450 Thread 0x000001ce9feae800 nmethod 3815 0x000001ce87c58110 code [0x000001ce87c582a0, 0x000001ce87c58348]
Event: 18.507 Thread 0x000001ce9feb3000 3816       3       java.lang.ClassLoader::findNative (81 bytes)
Event: 18.508 Thread 0x000001ce9feb3000 nmethod 3816 0x000001ce80da8a90 code [0x000001ce80da8ce0, 0x000001ce80da9518]

GC Heap History (6 events):
Event: 0.798 GC heap before
{Heap before GC invocations=0 (full 0):
 garbage-first heap   total 522240K, used 22528K [0x0000000602800000, 0x0000000800000000)
  region size 2048K, 12 young (24576K), 0 survivors (0K)
 Metaspace       used 20609K, capacity 21112K, committed 21248K, reserved 1069056K
  class space    used 2226K, capacity 2470K, committed 2560K, reserved 1048576K
}
Event: 0.803 GC heap after
{Heap after GC invocations=1 (full 0):
 garbage-first heap   total 522240K, used 6095K [0x0000000602800000, 0x0000000800000000)
  region size 2048K, 2 young (4096K), 2 survivors (4096K)
 Metaspace       used 20609K, capacity 21112K, committed 21248K, reserved 1069056K
  class space    used 2226K, capacity 2470K, committed 2560K, reserved 1048576K
}
Event: 2.015 GC heap before
{Heap before GC invocations=2 (full 0):
 garbage-first heap   total 522240K, used 26575K [0x0000000602800000, 0x0000000800000000)
  region size 2048K, 12 young (24576K), 2 survivors (4096K)
 Metaspace       used 28577K, capacity 29117K, committed 29184K, reserved 1075200K
  class space    used 3291K, capacity 3532K, committed 3584K, reserved 1048576K
}
Event: 2.020 GC heap after
{Heap after GC invocations=3 (full 0):
 garbage-first heap   total 522240K, used 9377K [0x0000000602800000, 0x0000000800000000)
  region size 2048K, 2 young (4096K), 2 survivors (4096K)
 Metaspace       used 28577K, capacity 29117K, committed 29184K, reserved 1075200K
  class space    used 3291K, capacity 3532K, committed 3584K, reserved 1048576K
}
Event: 17.868 GC heap before
{Heap before GC invocations=3 (full 0):
 garbage-first heap   total 522240K, used 79009K [0x0000000602800000, 0x0000000800000000)
  region size 2048K, 25 young (51200K), 2 survivors (4096K)
 Metaspace       used 34176K, capacity 34860K, committed 35200K, reserved 1081344K
  class space    used 3843K, capacity 4123K, committed 4224K, reserved 1048576K
}
Event: 17.871 GC heap after
{Heap after GC invocations=4 (full 0):
 garbage-first heap   total 522240K, used 22160K [0x0000000602800000, 0x0000000800000000)
  region size 2048K, 4 young (8192K), 4 survivors (8192K)
 Metaspace       used 34176K, capacity 34860K, committed 35200K, reserved 1081344K
  class space    used 3843K, capacity 4123K, committed 4224K, reserved 1048576K
}

Deoptimization events (10 events):
Event: 17.837 Thread 0x000001cea9d1d800 Uncommon trap: reason=profile_predicate action=maybe_recompile pc=0x000001ce87c30d8c method=java.io.WinNTFileSystem.normalize(Ljava/lang/String;)Ljava/lang/String; @ 25 c2
Event: 17.837 Thread 0x000001cea9d1d800 Uncommon trap: reason=profile_predicate action=maybe_recompile pc=0x000001ce87c30d8c method=java.io.WinNTFileSystem.normalize(Ljava/lang/String;)Ljava/lang/String; @ 25 c2
Event: 17.837 Thread 0x000001cea9d1d800 Uncommon trap: reason=profile_predicate action=maybe_recompile pc=0x000001ce87c30d8c method=java.io.WinNTFileSystem.normalize(Ljava/lang/String;)Ljava/lang/String; @ 25 c2
Event: 17.841 Thread 0x000001cea9d1d800 Uncommon trap: reason=unstable_if action=reinterpret pc=0x000001ce87beb864 method=java.util.HashMap.removeNode(ILjava/lang/Object;Ljava/lang/Object;ZZ)Ljava/util/HashMap$Node; @ 58 c2
Event: 17.844 Thread 0x000001cea9d1d800 Uncommon trap: reason=profile_predicate action=maybe_recompile pc=0x000001ce87c30d8c method=java.io.WinNTFileSystem.normalize(Ljava/lang/String;)Ljava/lang/String; @ 25 c2
Event: 17.860 Thread 0x000001cea9d1d800 Uncommon trap: reason=unstable_if action=reinterpret pc=0x000001ce87be9b58 method=java.util.HashMap.removeNode(ILjava/lang/Object;Ljava/lang/Object;ZZ)Ljava/util/HashMap$Node; @ 58 c2
Event: 17.880 Thread 0x000001cea9d1d800 Uncommon trap: reason=unstable_if action=reinterpret pc=0x000001ce87c4343c method=java.util.jar.Manifest$FastInputStream.peek()B @ 23 c2
Event: 18.528 Thread 0x000001cea9d1d800 Uncommon trap: reason=unstable_if action=reinterpret pc=0x000001ce87c38a14 method=java.lang.ThreadLocal$ThreadLocalMap.getEntry(Ljava/lang/ThreadLocal;)Ljava/lang/ThreadLocal$ThreadLocalMap$Entry; @ 29 c2
Event: 18.528 Thread 0x000001cea9d1d800 Uncommon trap: reason=unstable_if action=reinterpret pc=0x000001ce87be234c method=java.security.AccessControlContext.optimize()Ljava/security/AccessControlContext; @ 220 c2
Event: 18.528 Thread 0x000001cea9d1d800 Uncommon trap: reason=unstable_if action=reinterpret pc=0x000001ce87c3b21c method=java.lang.ThreadLocal$ThreadLocalMap.getEntry(Ljava/lang/ThreadLocal;)Ljava/lang/ThreadLocal$ThreadLocalMap$Entry; @ 29 c2

Classes redefined (0 events):
No events

Internal exceptions (10 events):
Event: 17.770 Thread 0x000001cea9d1d800 Exception <a 'java/lang/ClassNotFoundException'{0x00000006201a6130}: org/apache/log4j/ConsoleAppenderBeanInfo> (0x00000006201a6130) thrown at [./open/src/hotspot/share/classfile/systemDictionary.cpp, line 228]
Event: 17.770 Thread 0x000001cea9d1d800 Exception <a 'java/lang/ClassNotFoundException'{0x00000006201afea8}: org/apache/log4j/WriterAppenderBeanInfo> (0x00000006201afea8) thrown at [./open/src/hotspot/share/classfile/systemDictionary.cpp, line 228]
Event: 17.771 Thread 0x000001cea9d1d800 Exception <a 'java/lang/ClassNotFoundException'{0x00000006201b9c20}: org/apache/log4j/AppenderSkeletonBeanInfo> (0x00000006201b9c20) thrown at [./open/src/hotspot/share/classfile/systemDictionary.cpp, line 228]
Event: 17.771 Thread 0x000001cea9d1d800 Exception <a 'java/lang/ClassNotFoundException'{0x00000006201c4238}: org/apache/log4j/AppenderSkeletonCustomizer> (0x00000006201c4238) thrown at [./open/src/hotspot/share/classfile/systemDictionary.cpp, line 228]
Event: 17.772 Thread 0x000001cea9d1d800 Exception <a 'java/lang/ClassNotFoundException'{0x00000006201db938}: org/apache/log4j/WriterAppenderCustomizer> (0x00000006201db938) thrown at [./open/src/hotspot/share/classfile/systemDictionary.cpp, line 228]
Event: 17.772 Thread 0x000001cea9d1d800 Exception <a 'java/lang/ClassNotFoundException'{0x00000006201ef290}: org/apache/log4j/ConsoleAppenderCustomizer> (0x00000006201ef290) thrown at [./open/src/hotspot/share/classfile/systemDictionary.cpp, line 228]
Event: 17.893 Thread 0x000001cea9d1d800 Exception <a 'java/lang/NoSuchMethodError'{0x0000000622178880}: java.lang.invoke.DirectMethodHandle$Holder.invokeStatic(Ljava/lang/Object;IIII)Ljava/lang/Object;> (0x0000000622178880) thrown at [./open/src/hotspot/share/interpreter/linkResolver.cpp, line 
Event: 17.893 Thread 0x000001cea9d1d800 Exception <a 'java/lang/NoSuchMethodError'{0x000000062217c438}: java.lang.invoke.DirectMethodHandle$Holder.invokeStaticInit(Ljava/lang/Object;IIII)Ljava/lang/Object;> (0x000000062217c438) thrown at [./open/src/hotspot/share/interpreter/linkResolver.cpp, l
Event: 18.374 Thread 0x000001cea9d1d800 Exception <a 'java/lang/NoSuchMethodError'{0x0000000621e62e98}: java.lang.invoke.DirectMethodHandle$Holder.invokeStatic(Ljava/lang/Object;Ljava/lang/Object;IIII)Ljava/lang/Object;> (0x0000000621e62e98) thrown at [./open/src/hotspot/share/interpreter/linkR
Event: 18.374 Thread 0x000001cea9d1d800 Exception <a 'java/lang/NoSuchMethodError'{0x0000000621e66c80}: java.lang.invoke.DirectMethodHandle$Holder.invokeStaticInit(Ljava/lang/Object;Ljava/lang/Object;IIII)Ljava/lang/Object;> (0x0000000621e66c80) thrown at [./open/src/hotspot/share/interpreter/l

Events (10 events):
Event: 18.510 loading class com/xuggle/xuggler/IContainerFormat done
Event: 18.528 Thread 0x000001cea9d1d800 Uncommon trap: trap_request=0xffffff4d fr.pc=0x000001ce87c38a14 relative=0x0000000000000154
Event: 18.528 Thread 0x000001cea9d1d800 DEOPT PACKING pc=0x000001ce87c38a14 sp=0x0000009ab94ee0f0
Event: 18.528 Thread 0x000001cea9d1d800 DEOPT UNPACKING pc=0x000001ce800268af sp=0x0000009ab94ee030 mode 2
Event: 18.528 Thread 0x000001cea9d1d800 Uncommon trap: trap_request=0xffffff4d fr.pc=0x000001ce87be234c relative=0x000000000000028c
Event: 18.528 Thread 0x000001cea9d1d800 DEOPT PACKING pc=0x000001ce87be234c sp=0x0000009ab94edec0
Event: 18.528 Thread 0x000001cea9d1d800 DEOPT UNPACKING pc=0x000001ce800268af sp=0x0000009ab94ede18 mode 2
Event: 18.528 Thread 0x000001cea9d1d800 Uncommon trap: trap_request=0xffffff4d fr.pc=0x000001ce87c3b21c relative=0x00000000000000fc
Event: 18.528 Thread 0x000001cea9d1d800 DEOPT PACKING pc=0x000001ce87c3b21c sp=0x0000009ab94ee040
Event: 18.528 Thread 0x000001cea9d1d800 DEOPT UNPACKING pc=0x000001ce800268af sp=0x0000009ab94edff8 mode 2


Dynamic libraries:
0x00007ff7d7f70000 - 0x00007ff7d7f7f000 	C:\Program Files\Java\jdk-11.0.11\bin\java.exe
0x00007ffbebcd0000 - 0x00007ffbebec5000 	C:\WINDOWS\SYSTEM32\ntdll.dll
0x00007ffbea5b0000 - 0x00007ffbea66d000 	C:\WINDOWS\System32\KERNEL32.DLL
0x00007ffbe95c0000 - 0x00007ffbe9889000 	C:\WINDOWS\System32\KERNELBASE.dll
0x00007ffbe94c0000 - 0x00007ffbe95c0000 	C:\WINDOWS\System32\ucrtbase.dll
0x00007ffbe3780000 - 0x00007ffbe3798000 	C:\Program Files\Java\jdk-11.0.11\bin\jli.dll
0x00007ffbe36c0000 - 0x00007ffbe36d5000 	C:\Program Files\Java\jdk-11.0.11\bin\VCRUNTIME140.dll
0x00007ffbea680000 - 0x00007ffbea72c000 	C:\WINDOWS\System32\ADVAPI32.dll
0x00007ffbebbf0000 - 0x00007ffbebc8e000 	C:\WINDOWS\System32\msvcrt.dll
0x00007ffbea2c0000 - 0x00007ffbea35b000 	C:\WINDOWS\System32\sechost.dll
0x00007ffbe9d40000 - 0x00007ffbe9e6a000 	C:\WINDOWS\System32\RPCRT4.dll
0x00007ffbeb8c0000 - 0x00007ffbeba60000 	C:\WINDOWS\System32\USER32.dll
0x00007ffbe99b0000 - 0x00007ffbe99d2000 	C:\WINDOWS\System32\win32u.dll
0x00007ffbea1e0000 - 0x00007ffbea20a000 	C:\WINDOWS\System32\GDI32.dll
0x00007ffbc8f80000 - 0x00007ffbc921a000 	C:\WINDOWS\WinSxS\amd64_microsoft.windows.common-controls_6595b64144ccf1df_6.0.19041.1052_none_60b8f8fd71f5e8cb\COMCTL32.dll
0x00007ffbe9c30000 - 0x00007ffbe9d3b000 	C:\WINDOWS\System32\gdi32full.dll
0x00007ffbe9b90000 - 0x00007ffbe9c2d000 	C:\WINDOWS\System32\msvcp_win.dll
0x00007ffbe8fa0000 - 0x00007ffbe8faa000 	C:\WINDOWS\SYSTEM32\VERSION.dll
0x00007ffbe9e70000 - 0x00007ffbe9ea0000 	C:\WINDOWS\System32\IMM32.DLL
0x00007ffbde560000 - 0x00007ffbde5fb000 	C:\Program Files\Java\jdk-11.0.11\bin\msvcp140.dll
0x00007ffba45b0000 - 0x00007ffba50ae000 	C:\Program Files\Java\jdk-11.0.11\bin\server\jvm.dll
0x00007ffbeaba0000 - 0x00007ffbeaba8000 	C:\WINDOWS\System32\PSAPI.DLL
0x00007ffbd6730000 - 0x00007ffbd6757000 	C:\WINDOWS\SYSTEM32\WINMM.dll
0x00007ffbd0930000 - 0x00007ffbd0939000 	C:\WINDOWS\SYSTEM32\WSOCK32.dll
0x00007ffbeac20000 - 0x00007ffbeac8b000 	C:\WINDOWS\System32\WS2_32.dll
0x00007ffbe72f0000 - 0x00007ffbe7302000 	C:\WINDOWS\SYSTEM32\kernel.appcore.dll
0x00007ffbe5350000 - 0x00007ffbe5360000 	C:\Program Files\Java\jdk-11.0.11\bin\verify.dll
0x00007ffbe27e0000 - 0x00007ffbe29c4000 	C:\WINDOWS\SYSTEM32\DBGHELP.DLL
0x00007ffbe22f0000 - 0x00007ffbe231c000 	C:\WINDOWS\SYSTEM32\dbgcore.DLL
0x00007ffbe9920000 - 0x00007ffbe99a3000 	C:\WINDOWS\System32\bcryptPrimitives.dll
0x00007ffbe3690000 - 0x00007ffbe36b8000 	C:\Program Files\Java\jdk-11.0.11\bin\java.dll
0x00007ffbe4820000 - 0x00007ffbe482a000 	C:\Program Files\Java\jdk-11.0.11\bin\jimage.dll
0x00007ffbe3660000 - 0x00007ffbe366e000 	C:\Program Files\Java\jdk-11.0.11\bin\instrument.dll
0x00007ffbe3670000 - 0x00007ffbe3686000 	C:\Program Files\Java\jdk-11.0.11\bin\zip.dll
0x00007ffbeb050000 - 0x00007ffbeb78f000 	C:\WINDOWS\System32\SHELL32.dll
0x00007ffbe74f0000 - 0x00007ffbe7c81000 	C:\WINDOWS\SYSTEM32\windows.storage.dll
0x00007ffbeacf0000 - 0x00007ffbeb045000 	C:\WINDOWS\System32\combase.dll
0x00007ffbe8e10000 - 0x00007ffbe8e3c000 	C:\WINDOWS\SYSTEM32\Wldp.dll
0x00007ffbe9f00000 - 0x00007ffbe9fae000 	C:\WINDOWS\System32\SHCORE.dll
0x00007ffbe9ea0000 - 0x00007ffbe9ef5000 	C:\WINDOWS\System32\shlwapi.dll
0x00007ffbe9350000 - 0x00007ffbe936f000 	C:\WINDOWS\SYSTEM32\profapi.dll
0x00007ffbe2390000 - 0x00007ffbe23a9000 	C:\Program Files\Java\jdk-11.0.11\bin\net.dll
0x00007ffbe2bd0000 - 0x00007ffbe2cda000 	C:\WINDOWS\SYSTEM32\WINHTTP.dll
0x00007ffbe8b70000 - 0x00007ffbe8bda000 	C:\WINDOWS\system32\mswsock.dll
0x00007ffbe1d30000 - 0x00007ffbe1d42000 	C:\Program Files\Java\jdk-11.0.11\bin\nio.dll
0x00007ffbe1bf0000 - 0x00007ffbe1c0a000 	D:\SoftWare\WorkTool\IDEA\IntelliJ IDEA 2020.3.2\bin\breakgen64.dll
0x00007ffba70f0000 - 0x00007ffba728a000 	C:\Program Files\Java\jdk-11.0.11\bin\awt.dll
0x00007ffbeb790000 - 0x00007ffbeb85d000 	C:\WINDOWS\System32\OLEAUT32.dll
0x00007ffbe6d30000 - 0x00007ffbe6dc0000 	C:\WINDOWS\SYSTEM32\apphelp.dll
0x00007ffbe7110000 - 0x00007ffbe713f000 	C:\WINDOWS\system32\DWMAPI.DLL
0x00007ffbe6e10000 - 0x00007ffbe6eae000 	C:\WINDOWS\system32\uxtheme.dll
0x00007ffbd0480000 - 0x00007ffbd05a5000 	C:\WINDOWS\system32\opengl32.dll
0x00007ffbe0030000 - 0x00007ffbe005c000 	C:\WINDOWS\SYSTEM32\GLU32.dll
0x00007ffbea490000 - 0x00007ffbea5a5000 	C:\WINDOWS\System32\MSCTF.dll
0x00007ffbea360000 - 0x00007ffbea48a000 	C:\WINDOWS\System32\ole32.dll
0x00007ffbdec00000 - 0x00007ffbdedce000 	C:\WINDOWS\system32\d3d9.dll
0x00007ffbe1c20000 - 0x00007ffbe1d25000 	C:\WINDOWS\System32\DriverStore\FileRepository\nv_dispi.inf_amd64_d67c20d727d4578c\nvldumdx.dll
0x00007ffbe8fb0000 - 0x00007ffbe8fc2000 	C:\WINDOWS\SYSTEM32\msasn1.dll
0x00007ffbe3930000 - 0x00007ffbe3961000 	C:\WINDOWS\SYSTEM32\cryptnet.dll
0x00007ffbe99e0000 - 0x00007ffbe9b3f000 	C:\WINDOWS\System32\CRYPT32.dll
0x00007ffbe8d50000 - 0x00007ffbe8d5c000 	C:\WINDOWS\SYSTEM32\cryptbase.dll
0x00007ffbe98c0000 - 0x00007ffbe9920000 	C:\WINDOWS\System32\WINTRUST.DLL
0x00007ffbea210000 - 0x00007ffbea22d000 	C:\WINDOWS\System32\imagehlp.dll
0x00007ffbe8d60000 - 0x00007ffbe8d78000 	C:\WINDOWS\SYSTEM32\CRYPTSP.dll
0x00007ffbe8440000 - 0x00007ffbe8474000 	C:\WINDOWS\system32\rsaenh.dll
0x00007ffbe9890000 - 0x00007ffbe98b7000 	C:\WINDOWS\System32\bcrypt.dll
0x00007ffb9fb60000 - 0x00007ffba17a8000 	C:\WINDOWS\System32\DriverStore\FileRepository\nv_dispi.inf_amd64_d67c20d727d4578c\nvd3dumx.dll
0x00007ffba53a0000 - 0x00007ffba5503000 	C:\WINDOWS\System32\DriverStore\FileRepository\iigd_dch.inf_amd64_a086f01cc7be643a\igdumdim64.dll
0x00007ffb8d6a0000 - 0x00007ffb910a4000 	C:\WINDOWS\System32\DriverStore\FileRepository\iigd_dch.inf_amd64_a086f01cc7be643a\igd9dxva64.dll
0x00007ffbea730000 - 0x00007ffbeab99000 	C:\WINDOWS\System32\SETUPAPI.dll
0x00007ffbe9b40000 - 0x00007ffbe9b8e000 	C:\WINDOWS\System32\cfgmgr32.dll
0x00007ffbd4320000 - 0x00007ffbd455f000 	C:\WINDOWS\System32\DriverStore\FileRepository\iigd_dch.inf_amd64_a086f01cc7be643a\igdgmm64.dll
0x00007ffbadc80000 - 0x00007ffbadf39000 	C:\WINDOWS\system32\nvspcap64.dll
0x00007ffbe80d0000 - 0x00007ffbe8103000 	C:\WINDOWS\SYSTEM32\ntmarta.dll
0x00007ffbe7ca0000 - 0x00007ffbe7cc3000 	C:\WINDOWS\SYSTEM32\gpapi.dll
0x00007ffbdb7d0000 - 0x00007ffbdb80b000 	C:\WINDOWS\SYSTEM32\dxcore.dll
0x00007ffbc3030000 - 0x00007ffbc30b5000 	C:\Program Files\Java\jdk-11.0.11\bin\freetype.dll
0x00007ffba5690000 - 0x00007ffba5782000 	C:\Program Files\Java\jdk-11.0.11\bin\harfbuzz.dll
0x00007ffbe1b40000 - 0x00007ffbe1b52000 	C:\Program Files\Java\jdk-11.0.11\bin\fontmanager.dll
0x00007ffbe1ed0000 - 0x00007ffbe1ed9000 	C:\Program Files\Java\jdk-11.0.11\bin\management.dll
0x00007ffbe1b60000 - 0x00007ffbe1b6b000 	C:\Program Files\Java\jdk-11.0.11\bin\management_ext.dll
0x00007ffbe92d0000 - 0x00007ffbe92fe000 	C:\WINDOWS\SYSTEM32\USERENV.dll
0x00007ffbe8810000 - 0x00007ffbe884b000 	C:\WINDOWS\SYSTEM32\IPHLPAPI.DLL
0x00007ffbeabb0000 - 0x00007ffbeabb8000 	C:\WINDOWS\System32\NSI.dll
0x00007ffbe33d0000 - 0x00007ffbe33e7000 	C:\WINDOWS\SYSTEM32\dhcpcsvc6.DLL
0x00007ffbe33b0000 - 0x00007ffbe33cd000 	C:\WINDOWS\SYSTEM32\dhcpcsvc.DLL
0x00007ffbe8860000 - 0x00007ffbe892c000 	C:\WINDOWS\SYSTEM32\DNSAPI.dll
0x00007ffbcf6c0000 - 0x00007ffbcf6d7000 	C:\WINDOWS\system32\napinsp.dll
0x00007ffbc9580000 - 0x00007ffbc959b000 	C:\WINDOWS\system32\pnrpnsp.dll
0x00007ffbe4930000 - 0x00007ffbe4945000 	C:\WINDOWS\system32\wshbth.dll
0x00007ffbe3620000 - 0x00007ffbe363d000 	C:\WINDOWS\system32\NLAapi.dll
0x00007ffbc9540000 - 0x00007ffbc9552000 	C:\WINDOWS\System32\winrnr.dll
0x00007ffbe3640000 - 0x00007ffbe364a000 	C:\Windows\System32\rasadhlp.dll
0x00007ffbe2410000 - 0x00007ffbe248f000 	C:\WINDOWS\System32\fwpuclnt.dll
0x00007ffbc5fc0000 - 0x00007ffbc6070000 	C:\WINDOWS\WinSxS\amd64_microsoft.windows.common-controls_6595b64144ccf1df_5.82.19041.844_none_423537bff6b9828c\comctl32.dll
0x00007ffbebb40000 - 0x00007ffbebbe9000 	C:\WINDOWS\System32\clbcatq.dll
0x00007ffbe1790000 - 0x00007ffbe17a7000 	C:\WINDOWS\system32\NetworkExplorer.dll
0x00007ffbe4fb0000 - 0x00007ffbe50a6000 	C:\WINDOWS\system32\PROPSYS.dll
0x00007ffbc1f80000 - 0x00007ffbc1f9d000 	C:\WINDOWS\SYSTEM32\MPR.dll
0x00007ffbe1780000 - 0x00007ffbe178b000 	C:\WINDOWS\System32\drprov.dll
0x00007ffbe84d0000 - 0x00007ffbe852a000 	C:\WINDOWS\System32\WINSTA.dll
0x00007ffbe07d0000 - 0x00007ffbe07e8000 	C:\WINDOWS\System32\ntlanman.dll
0x00007ffbe07b0000 - 0x00007ffbe07ce000 	C:\WINDOWS\System32\davclnt.dll
0x00007ffbe07a0000 - 0x00007ffbe07ad000 	C:\WINDOWS\System32\DAVHLPR.dll
0x00007ffbe85c0000 - 0x00007ffbe85d7000 	C:\WINDOWS\System32\wkscli.dll
0x00007ffbc5f20000 - 0x00007ffbc5f32000 	C:\WINDOWS\SYSTEM32\cscapi.dll
0x00007ffbe8850000 - 0x00007ffbe885c000 	C:\WINDOWS\System32\netutils.dll
0x00007ffbe1b70000 - 0x00007ffbe1bc8000 	C:\Windows\System32\dlnashext.dll
0x00007ffbe1ac0000 - 0x00007ffbe1b24000 	C:\Windows\System32\PlayToDevice.dll
0x00007ffbe2db0000 - 0x00007ffbe2dd0000 	C:\Windows\System32\DevDispItemProvider.dll
0x00007ffbe39e0000 - 0x00007ffbe3a65000 	C:\WINDOWS\System32\MMDevApi.dll
0x00007ffbe9170000 - 0x00007ffbe919c000 	C:\WINDOWS\System32\DEVOBJ.dll
0x00007ffba52f0000 - 0x00007ffba5393000 	C:\WINDOWS\system32\wpdshext.dll
0x00007ffbc6890000 - 0x00007ffbc6a3b000 	C:\WINDOWS\WinSxS\amd64_microsoft.windows.gdiplus_6595b64144ccf1df_1.1.19041.1081_none_91a70388cc8594fd\gdiplus.dll
0x00007ffbb2440000 - 0x00007ffbb24e3000 	C:\Windows\System32\PortableDeviceApi.dll
0x00007ffbbd9c0000 - 0x00007ffbbd9f7000 	C:\Windows\System32\EhStorShell.dll
0x00007ffbe17c0000 - 0x00007ffbe17e6000 	C:\Windows\System32\EhStorAPI.dll
0x00007ffbe3d40000 - 0x00007ffbe3d54000 	C:\Windows\System32\WTSAPI32.dll
0x00007ffbe23d0000 - 0x00007ffbe23dd000 	C:\WINDOWS\SYSTEM32\LINKINFO.dll
0x00007ffbdeff0000 - 0x00007ffbdf1a4000 	C:\WINDOWS\SYSTEM32\WindowsCodecs.dll
0x00007ffbc24c0000 - 0x00007ffbc24fe000 	C:\WINDOWS\system32\dataexchange.dll
0x00007ffbe5380000 - 0x00007ffbe55e4000 	C:\WINDOWS\system32\d3d11.dll
0x00007ffbe61a0000 - 0x00007ffbe6386000 	C:\WINDOWS\system32\dcomp.dll
0x00007ffbe7cd0000 - 0x00007ffbe7dc4000 	C:\WINDOWS\system32\dxgi.dll
0x00007ffbdf220000 - 0x00007ffbdf421000 	C:\WINDOWS\system32\twinapi.appcore.dll
0x00007ffbdf870000 - 0x00007ffbdf969000 	C:\WINDOWS\SYSTEM32\textinputframework.dll
0x00007ffbe6710000 - 0x00007ffbe6a6e000 	C:\WINDOWS\System32\CoreUIComponents.dll
0x00007ffbe6a70000 - 0x00007ffbe6b62000 	C:\WINDOWS\System32\CoreMessaging.dll

dbghelp: loaded successfully - version: 4.0.5 - missing functions: none
symbol engine: initialized successfully - sym options: 0x614 - pdb path: .;C:\Program Files\Java\jdk-11.0.11\bin;C:\WINDOWS\SYSTEM32;C:\WINDOWS\WinSxS\amd64_microsoft.windows.common-controls_6595b64144ccf1df_6.0.19041.1052_none_60b8f8fd71f5e8cb;C:\Program Files\Java\jdk-11.0.11\bin\server;D:\SoftWare\WorkTool\IDEA\IntelliJ IDEA 2020.3.2\bin;C:\WINDOWS\System32\DriverStore\FileRepository\nv_dispi.inf_amd64_d67c20d727d4578c;C:\WINDOWS\System32\DriverStore\FileRepository\iigd_dch.inf_amd64_a086f01cc7be643a;C:\WINDOWS\WinSxS\amd64_microsoft.windows.common-controls_6595b64144ccf1df_5.82.19041.844_none_423537bff6b9828c;C:\WINDOWS\WinSxS\amd64_microsoft.windows.gdiplus_6595b64144ccf1df_1.1.19041.1081_none_91a70388cc8594fd;D:\SoftWare\ComputerTool\SouGouInput\SogouInput\Components\SGSmartAssistant\1.0.0.30;D:\SoftWare\ComputerTool\SouGouInput\SogouInput\10.4.0.4620;D:\SoftWare\ComputerTool\SouGouInput\SogouInput\Components\PicFace\1.1.0.1879;C:\Users\MyZSY\AppData\Local\Temp\xuggle

VM Arguments:
jvm_args: -javaagent:D:\SoftWare\WorkTool\IDEA\IntelliJ IDEA 2020.3.2\lib\idea_rt.jar=12912:D:\SoftWare\WorkTool\IDEA\IntelliJ IDEA 2020.3.2\bin -Dfile.encoding=UTF-8 
java_command: cn.mypro.swing.StartGUIApp
java_class_path (initial): G:\WorkSpace\WorkSpaceForIDEA\TestProject\HSourcesGUI\target\classes;D:\SoftWare\WorkTool\Maven\mavenRepository\org\projectlombok\lombok\1.18.18\lombok-1.18.18.jar;D:\SoftWare\WorkTool\Maven\mavenRepository\org\slf4j\slf4j-api\1.7.25\slf4j-api-1.7.25.jar;D:\SoftWare\WorkTool\Maven\mavenRepository\org\slf4j\slf4j-log4j12\1.7.25\slf4j-log4j12-1.7.25.jar;D:\SoftWare\WorkTool\Maven\mavenRepository\log4j\log4j\1.2.17\log4j-1.2.17.jar;D:\SoftWare\WorkTool\Maven\mavenRepository\com\sun\jna\jna\5.2.0\jna-5.2.0.jar;D:\SoftWare\WorkTool\Maven\mavenRepository\cn\com\jit\pki\netcert\main\jit-pkitool\2.3.0.25-beta2\jit-pkitool-2.3.0.25-beta2.jar;D:\SoftWare\WorkTool\Maven\mavenRepository\com\jdsm3\jdsm3\2.0.0\jdsm3-2.0.0.jar;D:\SoftWare\WorkTool\Maven\mavenRepository\dom4j\dom4j\1.6.1\dom4j-1.6.1.jar;D:\SoftWare\WorkTool\Maven\mavenRepository\xml-apis\xml-apis\1.0.b2\xml-apis-1.0.b2.jar;D:\SoftWare\WorkTool\Maven\mavenRepository\org\bouncycastle\bcprov-jdk15-143\143\bcprov-jdk15-143-143.jar;D:\SoftWare\WorkTool\Maven\mavenRepository\com\sansec\crypto\0.1.0\crypto-0.1.0.jar;D:\SoftWare\WorkTool\Maven\mavenRepository\com\sansec\SwxaJCE\0.1.0\SwxaJCE-0.1.0.jar;D:\SoftWare\WorkTool\Maven\mavenRepository\com\sansec\Sm2DecZJB\0.1.0\Sm2DecZJB-0.1.0.jar;D:\SoftWare\WorkTool\Maven\mavenRepository\com\oracle\ojdbc7\12.1.0.2\ojdbc7-12.1.0.2.jar;D:\SoftWare\WorkTool\Maven\mavenRepository\xuggle\xuggle-xuggler\5.4\xuggle-xuggler-5.4.jar;D:\SoftWare\WorkTool\Maven\mavenRepository\com\alibaba\fastjson\1.2.54\fastjson-1.2.54.jar;D:\SoftWare\WorkTool\Maven\mavenRepository\javax\xml\bind\jaxb-api\2.3.0\jaxb-api-2.3.0.jar;D:\SoftWare\WorkTool\Maven\mavenRepository\us\codecraft\webmagic-core\0.7.4\webmagic-core-0.7.4.jar;D:\SoftWare\WorkTool\Maven\mavenRepository\org\apache\httpcomponents\httpclient\4.5.13\httpclient-4.5.13.jar;D:\SoftWare\WorkTool\Maven\mavenRepository\org\apache\httpcomponents\httpcore\4.4.13\httpcore-4.4.13.jar;D:\SoftWare\WorkTool\Maven\mavenReposit
Launcher Type: SUN_STANDARD

[Global flags]
     intx CICompilerCount                          = 4                                         {product} {ergonomic}
     uint ConcGCThreads                            = 3                                         {product} {ergonomic}
     uint G1ConcRefinementThreads                  = 10                                        {product} {ergonomic}
   size_t G1HeapRegionSize                         = 2097152                                   {product} {ergonomic}
    uintx GCDrainStackTargetSize                   = 64                                        {product} {ergonomic}
   size_t InitialHeapSize                          = 534773760                                 {product} {ergonomic}
   size_t MarkStackSize                            = 4194304                                   {product} {ergonomic}
   size_t MaxHeapSize                              = 8547991552                                {product} {ergonomic}
   size_t MaxNewSize                               = 5127536640                                {product} {ergonomic}
   size_t MinHeapDeltaBytes                        = 2097152                                   {product} {ergonomic}
    uintx NonNMethodCodeHeapSize                   = 5836300                                {pd product} {ergonomic}
    uintx NonProfiledCodeHeapSize                  = 122910970                              {pd product} {ergonomic}
    uintx ProfiledCodeHeapSize                     = 122910970                              {pd product} {ergonomic}
    uintx ReservedCodeCacheSize                    = 251658240                              {pd product} {ergonomic}
     bool SegmentedCodeCache                       = true                                      {product} {ergonomic}
     bool UseCompressedClassPointers               = true                                 {lp64_product} {ergonomic}
     bool UseCompressedOops                        = true                                 {lp64_product} {ergonomic}
     bool UseG1GC                                  = true                                      {product} {ergonomic}
     bool UseLargePagesIndividualAllocation        = false                                  {pd product} {ergonomic}

Logging:
Log output configuration:
 #0: stdout all=warning uptime,level,tags
 #1: stderr all=off uptime,level,tags

Environment Variables:
JAVA_HOME=C:\Program Files\Java\jdk1.8.0_241
CLASSPATH=.;C:\Program Files\Java\jdk1.8.0_241\lib\dt.jar;C:\Program Files\Java\jdk1.8.0_241\lib\tools.jar
PATH=C:\Program Files\Common Files\Oracle\Java\javapath;D:\SoftWare\WorkTool\SecureCRT\;D:\SoftWare\DataBase\Oracle\product\11.2.0\client_1\bin;D:\SoftWare\DataBase\Oracle\product\11.2.0\dbhome_1\bin;C:\Program Files (x86)\Common Files\Oracle\Java\javapath;C:\Windows\system32;C:\Windows;C:\Windows\System32\Wbem;C:\Windows\System32\WindowsPowerShell\v1.0\;C:\Windows\System32\OpenSSH\;C:\Program Files (x86)\NVIDIA Corporation\PhysX\Common;C:\Program Files\Java\jdk1.8.0_241\bin;C:\Program Files\Java\jdk1.8.0_241\jre\bin;D:\SoftWare\ComputerTool\PuTTY\;C:\Program Files\NVIDIA Corporation\NVIDIA NvDLISR;D:\SoftWare\WorkTool\Git\Git\cmd;C:\Users\MyZSY\AppData\Local\Programs\Python\Python39\;D:\SoftWare\WorkTool\Maven\maven-3.5.3\bin;;C:\WINDOWS\system32;C:\WINDOWS;C:\WINDOWS\System32\Wbem;C:\WINDOWS\System32\WindowsPowerShell\v1.0\;C:\WINDOWS\System32\OpenSSH\;C:\Users\MyZSY\AppData\Local\Programs\Python\Python39\Scripts\;C:\Users\MyZSY\AppData\Local\Programs\Python\Python39\;C:\Users\MyZSY\AppData\Local\Microsoft\WindowsApps;
USERNAME=MyZSY
OS=Windows_NT
PROCESSOR_IDENTIFIER=Intel64 Family 6 Model 165 Stepping 5, GenuineIntel



---------------  S Y S T E M  ---------------

OS: Windows 10 , 64 bit Build 19041 (10.0.19041.1023)

CPU:total 12 (initial active 12) (6 cores per cpu, 2 threads per core) family 6 model 165 stepping 5 microcode 0xc8, cmov, cx8, fxsr, mmx, sse, sse2, sse3, ssse3, sse4.1, sse4.2, popcnt, avx, avx2, aes, clmul, erms, 3dnowpref, lzcnt, ht, tsc, tscinvbit, bmi1, bmi2, adx, fma

Memory: 4k page, system-wide physical 32606M (17460M free)
TotalPageFile size 38238M (AvailPageFile size 16501M)
current process WorkingSet (physical memory assigned to process): 279M, peak: 279M
current process commit charge ("private bytes"): 773M, peak: 775M

vm_info: Java HotSpot(TM) 64-Bit Server VM (11.0.11+9-LTS-194) for windows-amd64 JRE (11.0.11+9-LTS-194), built on Mar 18 2021 18:46:53 by "mach5one" with MS VC++ 15.9 (VS2017)

END.
