#
# A fatal error has been detected by the Java Runtime Environment:
#
#  EXCEPTION_ACCESS_VIOLATION (0xc0000005) at pc=0x000000006ee76520, pid=3736, tid=14776
#
# JRE version: Java(TM) SE Runtime Environment 18.9 (11.0.11+9) (build 11.0.11+9-LTS-194)
# Java VM: Java HotSpot(TM) 64-Bit Server VM 18.9 (11.0.11+9-LTS-194, mixed mode, tiered, compressed oops, g1 gc, windows-amd64)
# Problematic frame:
# C  0x000000006ee76520
#
# No core dump will be written. Minidumps are not enabled by default on client versions of Windows
#
# If you would like to submit a bug report, please visit:
#   https://bugreport.java.com/bugreport/crash.jsp
# The crash happened outside the Java Virtual Machine in native code.
# See problematic frame for where to report the bug.
#

---------------  S U M M A R Y ------------

Command Line: -javaagent:D:\SoftWare\WorkTool\IDEA\IntelliJ IDEA 2020.3.2\lib\idea_rt.jar=11790:D:\SoftWare\WorkTool\IDEA\IntelliJ IDEA 2020.3.2\bin -Dfile.encoding=UTF-8 cn.mypro.swing.StartGUIApp

Host: Intel(R) Core(TM) i5-10400 CPU @ 2.90GHz, 12 cores, 31G,  Windows 10 , 64 bit Build 19041 (10.0.19041.1023)
Time: Fri Jul  9 23:37:51 2021 中国标准时间 elapsed time: 18.979761 seconds (0d 0h 0m 18s)

---------------  T H R E A D  ---------------

Current thread (0x00000236b82f0000):  JavaThread "AWT-EventQueue-0" [_thread_in_native, id=14776, stack(0x0000007a06700000,0x0000007a06800000)]

Stack: [0x0000007a06700000,0x0000007a06800000],  sp=0x0000007a067ee140,  free space=952k
Native frames: (J=compiled Java code, j=interpreted, Vv=VM code, C=native code)
C  0x000000006ee76520

Java frames: (J=compiled Java code, j=interpreted, Vv=VM code)
j  com.xuggle.xuggler.XugglerJNI.IContainer_open__SWIG_0(JLcom/xuggle/xuggler/IContainer;Ljava/lang/String;IJLcom/xuggle/xuggler/IContainerFormat;)I+0
j  com.xuggle.xuggler.IContainer.open(Ljava/lang/String;Lcom/xuggle/xuggler/IContainer$Type;Lcom/xuggle/xuggler/IContainerFormat;)I+15
j  cn.mypro.swing.util.VideoAnalyticalUtil.analyticalWithXuggler(Ljava/lang/String;)Ljava/util/Map;+24
j  cn.mypro.swing.childtab.childview.HVAJapanAVMView$34.actionPerformed(Ljava/awt/event/ActionEvent;)V+73
j  javax.swing.AbstractButton.fireActionPerformed(Ljava/awt/event/ActionEvent;)V+83 java.desktop@11.0.11
j  javax.swing.AbstractButton$Handler.actionPerformed(Ljava/awt/event/ActionEvent;)V+5 java.desktop@11.0.11
j  javax.swing.DefaultButtonModel.fireActionPerformed(Ljava/awt/event/ActionEvent;)V+34 java.desktop@11.0.11
j  javax.swing.DefaultButtonModel.setPressed(Z)V+117 java.desktop@11.0.11
j  javax.swing.plaf.basic.BasicButtonListener.mouseReleased(Ljava/awt/event/MouseEvent;)V+35 java.desktop@11.0.11
J 3750 c1 java.awt.Component.processMouseEvent(Ljava/awt/event/MouseEvent;)V java.desktop@11.0.11 (100 bytes) @ 0x000002369104841c [0x0000023691047fa0+0x000000000000047c]
j  javax.swing.JComponent.processMouseEvent(Ljava/awt/event/MouseEvent;)V+23 java.desktop@11.0.11
J 2979 c1 java.awt.Component.processEvent(Ljava/awt/AWTEvent;)V java.desktop@11.0.11 (220 bytes) @ 0x0000023690e998d4 [0x0000023690e99280+0x0000000000000654]
J 2962 c1 java.awt.Container.processEvent(Ljava/awt/AWTEvent;)V java.desktop@11.0.11 (22 bytes) @ 0x0000023690e8bf3c [0x0000023690e8bbe0+0x000000000000035c]
J 2921 c1 java.awt.Component.dispatchEventImpl(Ljava/awt/AWTEvent;)V java.desktop@11.0.11 (777 bytes) @ 0x0000023690e69c44 [0x0000023690e65c40+0x0000000000004004]
J 3640 c1 java.awt.Container.dispatchEventImpl(Ljava/awt/AWTEvent;)V java.desktop@11.0.11 (129 bytes) @ 0x00000236910109ec [0x00000236910108c0+0x000000000000012c]
J 3256 c2 java.awt.LightweightDispatcher.retargetMouseEvent(Ljava/awt/Component;ILjava/awt/event/MouseEvent;)V java.desktop@11.0.11 (372 bytes) @ 0x0000023697f011c8 [0x0000023697f00b20+0x00000000000006a8]
J 2968 c1 java.awt.LightweightDispatcher.processMouseEvent(Ljava/awt/event/MouseEvent;)Z java.desktop@11.0.11 (265 bytes) @ 0x0000023690e8f194 [0x0000023690e8e140+0x0000000000001054]
J 2930 c1 java.awt.LightweightDispatcher.dispatchEvent(Ljava/awt/AWTEvent;)Z java.desktop@11.0.11 (73 bytes) @ 0x0000023690e746ec [0x0000023690e74280+0x000000000000046c]
J 3640 c1 java.awt.Container.dispatchEventImpl(Ljava/awt/AWTEvent;)V java.desktop@11.0.11 (129 bytes) @ 0x000002369101098c [0x00000236910108c0+0x00000000000000cc]
J 2953 c1 java.awt.Window.dispatchEventImpl(Ljava/awt/AWTEvent;)V java.desktop@11.0.11 (23 bytes) @ 0x0000023690e8552c [0x0000023690e84f00+0x000000000000062c]
J 2884 c1 java.awt.EventQueue.dispatchEventImpl(Ljava/awt/AWTEvent;Ljava/lang/Object;)V java.desktop@11.0.11 (136 bytes) @ 0x0000023690e3a00c [0x0000023690e39b20+0x00000000000004ec]
J 2883 c1 java.awt.EventQueue$4.run()Ljava/lang/Void; java.desktop@11.0.11 (60 bytes) @ 0x0000023690e39444 [0x0000023690e39300+0x0000000000000144]
j  java.awt.EventQueue$4.run()Ljava/lang/Object;+1 java.desktop@11.0.11
v  ~StubRoutines::call_stub
J 1954  java.security.AccessController.doPrivileged(Ljava/security/PrivilegedAction;Ljava/security/AccessControlContext;)Ljava/lang/Object; java.base@11.0.11 (0 bytes) @ 0x0000023697e6c9b6 [0x0000023697e6c940+0x0000000000000076]
J 2933 c1 java.awt.EventQueue$5.run()Ljava/lang/Object; java.desktop@11.0.11 (5 bytes) @ 0x0000023690e75d9c [0x0000023690e75a40+0x000000000000035c]
v  ~StubRoutines::call_stub
J 1954  java.security.AccessController.doPrivileged(Ljava/security/PrivilegedAction;Ljava/security/AccessControlContext;)Ljava/lang/Object; java.base@11.0.11 (0 bytes) @ 0x0000023697e6c9b6 [0x0000023697e6c940+0x0000000000000076]
J 3605 c2 java.awt.EventQueue.dispatchEvent(Ljava/awt/AWTEvent;)V java.desktop@11.0.11 (80 bytes) @ 0x0000023697f33b2c [0x0000023697f335e0+0x000000000000054c]
J 3734 c2 java.awt.EventDispatchThread.pumpOneEventForFilters(I)V java.desktop@11.0.11 (113 bytes) @ 0x0000023697f659e0 [0x0000023697f656e0+0x0000000000000300]
j  java.awt.EventDispatchThread.pumpEventsForFilter(ILjava/awt/Conditional;Ljava/awt/EventFilter;)V+35 java.desktop@11.0.11
j  java.awt.EventDispatchThread.pumpEventsForFilter(Ljava/awt/Conditional;Ljava/awt/EventFilter;)V+4 java.desktop@11.0.11
j  java.awt.WaitDispatchSupport$2.run()V+59 java.desktop@11.0.11
j  java.awt.WaitDispatchSupport$4.run()Ljava/lang/Void;+4 java.desktop@11.0.11
j  java.awt.WaitDispatchSupport$4.run()Ljava/lang/Object;+1 java.desktop@11.0.11
v  ~StubRoutines::call_stub
J 754  java.security.AccessController.doPrivileged(Ljava/security/PrivilegedAction;)Ljava/lang/Object; java.base@11.0.11 (0 bytes) @ 0x0000023697df7022 [0x0000023697df6fc0+0x0000000000000062]
j  java.awt.WaitDispatchSupport.enter()Z+260 java.desktop@11.0.11
j  java.awt.Dialog.show()V+224 java.desktop@11.0.11
j  java.awt.Component.show(Z)V+5 java.desktop@11.0.11
j  java.awt.Component.setVisible(Z)V+2 java.desktop@11.0.11
j  java.awt.Window.setVisible(Z)V+2 java.desktop@11.0.11
j  java.awt.Dialog.setVisible(Z)V+2 java.desktop@11.0.11
j  cn.mypro.swing.childtab.childview.HVAJapanAVMView.showSourcesAddDialog()V+930
j  cn.mypro.swing.childtab.childview.HVAJapanAVMView$30.actionPerformed(Ljava/awt/event/ActionEvent;)V+4
j  javax.swing.AbstractButton.fireActionPerformed(Ljava/awt/event/ActionEvent;)V+83 java.desktop@11.0.11
j  javax.swing.AbstractButton$Handler.actionPerformed(Ljava/awt/event/ActionEvent;)V+5 java.desktop@11.0.11
j  javax.swing.DefaultButtonModel.fireActionPerformed(Ljava/awt/event/ActionEvent;)V+34 java.desktop@11.0.11
j  javax.swing.DefaultButtonModel.setPressed(Z)V+117 java.desktop@11.0.11
j  javax.swing.plaf.basic.BasicButtonListener.mouseReleased(Ljava/awt/event/MouseEvent;)V+35 java.desktop@11.0.11
j  java.awt.Component.processMouseEvent(Ljava/awt/event/MouseEvent;)V+64 java.desktop@11.0.11
j  javax.swing.JComponent.processMouseEvent(Ljava/awt/event/MouseEvent;)V+23 java.desktop@11.0.11
J 2979 c1 java.awt.Component.processEvent(Ljava/awt/AWTEvent;)V java.desktop@11.0.11 (220 bytes) @ 0x0000023690e998d4 [0x0000023690e99280+0x0000000000000654]
J 2962 c1 java.awt.Container.processEvent(Ljava/awt/AWTEvent;)V java.desktop@11.0.11 (22 bytes) @ 0x0000023690e8bf3c [0x0000023690e8bbe0+0x000000000000035c]
J 2921 c1 java.awt.Component.dispatchEventImpl(Ljava/awt/AWTEvent;)V java.desktop@11.0.11 (777 bytes) @ 0x0000023690e69c44 [0x0000023690e65c40+0x0000000000004004]
J 3640 c1 java.awt.Container.dispatchEventImpl(Ljava/awt/AWTEvent;)V java.desktop@11.0.11 (129 bytes) @ 0x00000236910109ec [0x00000236910108c0+0x000000000000012c]
J 3256 c2 java.awt.LightweightDispatcher.retargetMouseEvent(Ljava/awt/Component;ILjava/awt/event/MouseEvent;)V java.desktop@11.0.11 (372 bytes) @ 0x0000023697f011c8 [0x0000023697f00b20+0x00000000000006a8]
J 2968 c1 java.awt.LightweightDispatcher.processMouseEvent(Ljava/awt/event/MouseEvent;)Z java.desktop@11.0.11 (265 bytes) @ 0x0000023690e8f194 [0x0000023690e8e140+0x0000000000001054]
J 2930 c1 java.awt.LightweightDispatcher.dispatchEvent(Ljava/awt/AWTEvent;)Z java.desktop@11.0.11 (73 bytes) @ 0x0000023690e746ec [0x0000023690e74280+0x000000000000046c]
J 3640 c1 java.awt.Container.dispatchEventImpl(Ljava/awt/AWTEvent;)V java.desktop@11.0.11 (129 bytes) @ 0x000002369101098c [0x00000236910108c0+0x00000000000000cc]
J 2953 c1 java.awt.Window.dispatchEventImpl(Ljava/awt/AWTEvent;)V java.desktop@11.0.11 (23 bytes) @ 0x0000023690e8552c [0x0000023690e84f00+0x000000000000062c]
J 3637 c2 java.awt.EventQueue$4.run()Ljava/lang/Object; java.desktop@11.0.11 (5 bytes) @ 0x0000023697f4be40 [0x0000023697f4b940+0x0000000000000500]
v  ~StubRoutines::call_stub
J 1954  java.security.AccessController.doPrivileged(Ljava/security/PrivilegedAction;Ljava/security/AccessControlContext;)Ljava/lang/Object; java.base@11.0.11 (0 bytes) @ 0x0000023697e6c9b6 [0x0000023697e6c940+0x0000000000000076]
J 2933 c1 java.awt.EventQueue$5.run()Ljava/lang/Object; java.desktop@11.0.11 (5 bytes) @ 0x0000023690e75d9c [0x0000023690e75a40+0x000000000000035c]
v  ~StubRoutines::call_stub
J 1954  java.security.AccessController.doPrivileged(Ljava/security/PrivilegedAction;Ljava/security/AccessControlContext;)Ljava/lang/Object; java.base@11.0.11 (0 bytes) @ 0x0000023697e6c9b6 [0x0000023697e6c940+0x0000000000000076]
J 3605 c2 java.awt.EventQueue.dispatchEvent(Ljava/awt/AWTEvent;)V java.desktop@11.0.11 (80 bytes) @ 0x0000023697f33b2c [0x0000023697f335e0+0x000000000000054c]
J 2838 c1 java.awt.EventDispatchThread.pumpOneEventForFilters(I)V java.desktop@11.0.11 (113 bytes) @ 0x0000023690e1a004 [0x0000023690e198a0+0x0000000000000764]
j  java.awt.EventDispatchThread.pumpEventsForFilter(ILjava/awt/Conditional;Ljava/awt/EventFilter;)V+35 java.desktop@11.0.11
j  java.awt.EventDispatchThread.pumpEventsForFilter(Ljava/awt/Conditional;Ljava/awt/EventFilter;)V+4 java.desktop@11.0.11
j  java.awt.WaitDispatchSupport$2.run()V+59 java.desktop@11.0.11
j  java.awt.WaitDispatchSupport$4.run()Ljava/lang/Void;+4 java.desktop@11.0.11
j  java.awt.WaitDispatchSupport$4.run()Ljava/lang/Object;+1 java.desktop@11.0.11
v  ~StubRoutines::call_stub
J 754  java.security.AccessController.doPrivileged(Ljava/security/PrivilegedAction;)Ljava/lang/Object; java.base@11.0.11 (0 bytes) @ 0x0000023697df7022 [0x0000023697df6fc0+0x0000000000000062]
j  java.awt.WaitDispatchSupport.enter()Z+260 java.desktop@11.0.11
j  java.awt.Dialog.show()V+224 java.desktop@11.0.11
j  java.awt.Component.show(Z)V+5 java.desktop@11.0.11
j  java.awt.Component.setVisible(Z)V+2 java.desktop@11.0.11
j  java.awt.Window.setVisible(Z)V+2 java.desktop@11.0.11
j  java.awt.Dialog.setVisible(Z)V+2 java.desktop@11.0.11
j  cn.mypro.swing.childtab.childview.HVAJapanAVMView.showSourcesDialog()V+375
j  cn.mypro.swing.childtab.childview.HVAJapanAVMView$15.actionPerformed(Ljava/awt/event/ActionEvent;)V+4
j  javax.swing.AbstractButton.fireActionPerformed(Ljava/awt/event/ActionEvent;)V+83 java.desktop@11.0.11
j  javax.swing.AbstractButton$Handler.actionPerformed(Ljava/awt/event/ActionEvent;)V+5 java.desktop@11.0.11
j  javax.swing.DefaultButtonModel.fireActionPerformed(Ljava/awt/event/ActionEvent;)V+34 java.desktop@11.0.11
j  javax.swing.DefaultButtonModel.setPressed(Z)V+117 java.desktop@11.0.11
j  javax.swing.plaf.basic.BasicButtonListener.mouseReleased(Ljava/awt/event/MouseEvent;)V+35 java.desktop@11.0.11
j  java.awt.Component.processMouseEvent(Ljava/awt/event/MouseEvent;)V+64 java.desktop@11.0.11
j  javax.swing.JComponent.processMouseEvent(Ljava/awt/event/MouseEvent;)V+23 java.desktop@11.0.11
J 2979 c1 java.awt.Component.processEvent(Ljava/awt/AWTEvent;)V java.desktop@11.0.11 (220 bytes) @ 0x0000023690e998d4 [0x0000023690e99280+0x0000000000000654]
J 2962 c1 java.awt.Container.processEvent(Ljava/awt/AWTEvent;)V java.desktop@11.0.11 (22 bytes) @ 0x0000023690e8bf3c [0x0000023690e8bbe0+0x000000000000035c]
J 2921 c1 java.awt.Component.dispatchEventImpl(Ljava/awt/AWTEvent;)V java.desktop@11.0.11 (777 bytes) @ 0x0000023690e69c44 [0x0000023690e65c40+0x0000000000004004]
j  java.awt.Container.dispatchEventImpl(Ljava/awt/AWTEvent;)V+42 java.desktop@11.0.11
J 3256 c2 java.awt.LightweightDispatcher.retargetMouseEvent(Ljava/awt/Component;ILjava/awt/event/MouseEvent;)V java.desktop@11.0.11 (372 bytes) @ 0x0000023697f011c8 [0x0000023697f00b20+0x00000000000006a8]
J 2968 c1 java.awt.LightweightDispatcher.processMouseEvent(Ljava/awt/event/MouseEvent;)Z java.desktop@11.0.11 (265 bytes) @ 0x0000023690e8f194 [0x0000023690e8e140+0x0000000000001054]
J 2930 c1 java.awt.LightweightDispatcher.dispatchEvent(Ljava/awt/AWTEvent;)Z java.desktop@11.0.11 (73 bytes) @ 0x0000023690e746ec [0x0000023690e74280+0x000000000000046c]
j  java.awt.Container.dispatchEventImpl(Ljava/awt/AWTEvent;)V+12 java.desktop@11.0.11
J 2953 c1 java.awt.Window.dispatchEventImpl(Ljava/awt/AWTEvent;)V java.desktop@11.0.11 (23 bytes) @ 0x0000023690e8552c [0x0000023690e84f00+0x000000000000062c]
J 3609 c2 java.awt.EventQueue$4.run()Ljava/lang/Object; java.desktop@11.0.11 (5 bytes) @ 0x0000023697f35a6c [0x0000023697f355a0+0x00000000000004cc]
v  ~StubRoutines::call_stub
J 1954  java.security.AccessController.doPrivileged(Ljava/security/PrivilegedAction;Ljava/security/AccessControlContext;)Ljava/lang/Object; java.base@11.0.11 (0 bytes) @ 0x0000023697e6c9b6 [0x0000023697e6c940+0x0000000000000076]
J 2933 c1 java.awt.EventQueue$5.run()Ljava/lang/Object; java.desktop@11.0.11 (5 bytes) @ 0x0000023690e75d9c [0x0000023690e75a40+0x000000000000035c]
v  ~StubRoutines::call_stub
J 1954  java.security.AccessController.doPrivileged(Ljava/security/PrivilegedAction;Ljava/security/AccessControlContext;)Ljava/lang/Object; java.base@11.0.11 (0 bytes) @ 0x0000023697e6c9b6 [0x0000023697e6c940+0x0000000000000076]
J 3605 c2 java.awt.EventQueue.dispatchEvent(Ljava/awt/AWTEvent;)V java.desktop@11.0.11 (80 bytes) @ 0x0000023697f33b2c [0x0000023697f335e0+0x000000000000054c]
J 2838 c1 java.awt.EventDispatchThread.pumpOneEventForFilters(I)V java.desktop@11.0.11 (113 bytes) @ 0x0000023690e1a004 [0x0000023690e198a0+0x0000000000000764]
j  java.awt.EventDispatchThread.pumpEventsForFilter(ILjava/awt/Conditional;Ljava/awt/EventFilter;)V+35 java.desktop@11.0.11
j  java.awt.EventDispatchThread.pumpEventsForHierarchy(ILjava/awt/Conditional;Ljava/awt/Component;)V+11 java.desktop@11.0.11
j  java.awt.EventDispatchThread.pumpEvents(ILjava/awt/Conditional;)V+4 java.desktop@11.0.11
j  java.awt.EventDispatchThread.pumpEvents(Ljava/awt/Conditional;)V+3 java.desktop@11.0.11
j  java.awt.EventDispatchThread.run()V+9 java.desktop@11.0.11
v  ~StubRoutines::call_stub

siginfo: EXCEPTION_ACCESS_VIOLATION (0xc0000005), reading address 0xffffffffffffffff


Register to memory mapping:

RIP=0x000000006ee76520 points into unknown readable memory: c5 fc 28 51 40 c5 fc 28
RAX=0x00000236bec96410 points into unknown readable memory: 00 00 00 00 00 00 00 80
RBX=0x00000236c84af5d0 points into unknown readable memory: 00 00 00 00 00 00 00 00
RCX=0x00000236bec96410 points into unknown readable memory: 00 00 00 00 00 00 00 80
RDX=0x0000000000000009 is an unknown value
RSP=0x0000007a067ee140 is pointing into the stack for thread: 0x00000236b82f0000
RBP=0x00000236bec95b50 points into unknown readable memory: 30 5c 7c bc 36 02 00 00
RSI=0x00000236bec97410 points into unknown readable memory: 09 00 00 00 01 00 00 00
RDI=0x0000000000000004 is an unknown value
R8 =0x000000006ee77580 points into unknown readable memory: e8 bb ff ff ff 48 81 c1
R9 =0x000000006ee76490 points into unknown readable memory: c5 fc 28 01 c5 fc 28 49
R10=0x00000236bec999b0 points into unknown readable memory: 04 00 84 01 c4 00 64 01
R11=0x00000236bc7dfe30 points into unknown readable memory: 2d f3 b4 bc bb 64 b4 bc
R12=0x00000236bc7e0630 points into unknown readable memory: b8 16 b5 bc 9e a4 b5 bc
R13=0x0000000000000004 is an unknown value
R14=0x0000000000000184 is an unknown value
R15=0x000000006fab8f20 points into unknown readable memory: 88 0f c9 3b b6 c9 96 3c


Registers:
RAX=0x00000236bec96410, RBX=0x00000236c84af5d0, RCX=0x00000236bec96410, RDX=0x0000000000000009
RSP=0x0000007a067ee140, RBP=0x00000236bec95b50, RSI=0x00000236bec97410, RDI=0x0000000000000004
R8 =0x000000006ee77580, R9 =0x000000006ee76490, R10=0x00000236bec999b0, R11=0x00000236bc7dfe30
R12=0x00000236bc7e0630, R13=0x0000000000000004, R14=0x0000000000000184, R15=0x000000006fab8f20
RIP=0x000000006ee76520, EFLAGS=0x0000000000010202

Top of Stack: (sp=0x0000007a067ee140)
0x0000007a067ee140:   000000006ee76665 000000006ee774c5
0x0000007a067ee150:   000000006ee77505 000000006ee77545
0x0000007a067ee160:   000000006ee77585 000000006ee79426
0x0000007a067ee170:   000000006fa67a80 00000236bec96410
0x0000007a067ee180:   00000236c84b1a90 000000060601f730
0x0000007a067ee190:   3fe0000000000000 0000000000000000
0x0000007a067ee1a0:   40c7760000000000 0000000000000000
0x0000007a067ee1b0:   3fe0000000000000 0000000000000001
0x0000007a067ee1c0:   00000236c84b2a90 000000006ea45d24
0x0000007a067ee1d0:   3f40624dd2f1a9fc 0000000000000000
0x0000007a067ee1e0:   00000006208b9f80 0000000000000000
0x0000007a067ee1f0:   00000000c054d2a8 0000000000000000
0x0000007a067ee200:   00000236c84bb990 000000006fab7320
0x0000007a067ee210:   00000000000000d8 00000236c84af530
0x0000007a067ee220:   0000000000000001 00000236bec95b50
0x0000007a067ee230:   00000236bec95bd0 0000000000000000 

Instructions: (pc=0x000000006ee76520)
0x000000006ee76500:   c4 e3 5d 0c c0 55 c5 e4 5c c8 c5 e4 58 c0 c5 fc
0x000000006ee76510:   29 01 c5 fc 29 49 20 c3 0f 1f 84 00 00 00 00 00
0x000000006ee76520:   c5 fc 28 51 40 c5 fc 28 59 60 c5 ec 5c fb c5 ec
0x000000006ee76530:   58 d3 c5 c4 57 3d 26 41 84 00 c5 ec c6 df be c5 


Stack slot to memory mapping:
stack at sp + 0 slots: 0x000000006ee76665 points into unknown readable memory: c5 fc 28
stack at sp + 1 slots: 0x000000006ee774c5 points into unknown readable memory: 48 81 c1
stack at sp + 2 slots: 0x000000006ee77505 points into unknown readable memory: 48 81 c1
stack at sp + 3 slots: 0x000000006ee77545 points into unknown readable memory: 48 81 c1
stack at sp + 4 slots: 0x000000006ee77585 points into unknown readable memory: 48 81 c1
stack at sp + 5 slots: 0x000000006ee79426 points into unknown readable memory: 8b 4e
stack at sp + 6 slots: 0x000000006fa67a80 points into unknown readable memory: 47 b1 37 38 89 e0 f8 38
stack at sp + 7 slots: 0x00000236bec96410 points into unknown readable memory: 00 00 00 00 00 00 00 80


---------------  P R O C E S S  ---------------

Threads class SMR info:
_java_thread_list=0x00000236b7e6c2e0, length=19, elements={
0x00000236b64ec000, 0x00000236b6515800, 0x00000236b6578800, 0x00000236b657a800,
0x00000236b657e000, 0x00000236b6588000, 0x00000236b6598800, 0x00000236b5bca000,
0x00000236b69e2000, 0x00000236b69e3000, 0x00000236b6e1b000, 0x00000236b6e07000,
0x00000236b7c41000, 0x00000236b8755800, 0x00000236b82f0000, 0x00000236b86c6800,
0x0000023686651000, 0x00000236bff3c000, 0x00000236b8606000
}

Java Threads: ( => current thread )
  0x00000236b64ec000 JavaThread "Reference Handler" daemon [_thread_blocked, id=11916, stack(0x0000007a04800000,0x0000007a04900000)]
  0x00000236b6515800 JavaThread "Finalizer" daemon [_thread_blocked, id=20168, stack(0x0000007a04900000,0x0000007a04a00000)]
  0x00000236b6578800 JavaThread "Signal Dispatcher" daemon [_thread_blocked, id=20060, stack(0x0000007a04a00000,0x0000007a04b00000)]
  0x00000236b657a800 JavaThread "Attach Listener" daemon [_thread_blocked, id=13544, stack(0x0000007a04b00000,0x0000007a04c00000)]
  0x00000236b657e000 JavaThread "C2 CompilerThread0" daemon [_thread_blocked, id=18764, stack(0x0000007a04c00000,0x0000007a04d00000)]
  0x00000236b6588000 JavaThread "C1 CompilerThread0" daemon [_thread_blocked, id=18288, stack(0x0000007a04d00000,0x0000007a04e00000)]
  0x00000236b6598800 JavaThread "Sweeper thread" daemon [_thread_blocked, id=18988, stack(0x0000007a04e00000,0x0000007a04f00000)]
  0x00000236b5bca000 JavaThread "Common-Cleaner" daemon [_thread_blocked, id=19132, stack(0x0000007a04f00000,0x0000007a05000000)]
  0x00000236b69e2000 JavaThread "Monitor Ctrl-Break" daemon [_thread_in_native, id=8288, stack(0x0000007a05100000,0x0000007a05200000)]
  0x00000236b69e3000 JavaThread "Service Thread" daemon [_thread_blocked, id=16324, stack(0x0000007a05200000,0x0000007a05300000)]
  0x00000236b6e1b000 JavaThread "Java2D Disposer" daemon [_thread_blocked, id=3984, stack(0x0000007a05400000,0x0000007a05500000)]
  0x00000236b6e07000 JavaThread "AWT-Windows" daemon [_thread_in_native, id=18024, stack(0x0000007a05600000,0x0000007a05700000)]
  0x00000236b7c41000 JavaThread "oracle.jdbc.driver.BlockSource.ThreadedCachingBlockSource.BlockReleaser" daemon [_thread_blocked, id=18088, stack(0x0000007a05a00000,0x0000007a05b00000)]
  0x00000236b8755800 JavaThread "AWT-Shutdown" [_thread_blocked, id=19672, stack(0x0000007a05500000,0x0000007a05600000)]
=>0x00000236b82f0000 JavaThread "AWT-EventQueue-0" [_thread_in_native, id=14776, stack(0x0000007a06700000,0x0000007a06800000)]
  0x00000236b86c6800 JavaThread "Swing-Shell" daemon [_thread_blocked, id=1228, stack(0x0000007a06800000,0x0000007a06900000)]
  0x0000023686651000 JavaThread "DestroyJavaVM" [_thread_blocked, id=6720, stack(0x0000007a04100000,0x0000007a04200000)]
  0x00000236bff3c000 JavaThread "D3D Screen Updater" daemon [_thread_blocked, id=19528, stack(0x0000007a06e00000,0x0000007a06f00000)]
  0x00000236b8606000 JavaThread "TimerQueue" daemon [_thread_blocked, id=6368, stack(0x0000007a05000000,0x0000007a05100000)]

Other Threads:
  0x00000236b64eb000 VMThread "VM Thread" [stack: 0x0000007a04700000,0x0000007a04800000] [id=15256]
  0x00000236b6ada800 WatcherThread [stack: 0x0000007a05300000,0x0000007a05400000] [id=20180]
  0x0000023686666000 GCTaskThread "GC Thread#0" [stack: 0x0000007a04200000,0x0000007a04300000] [id=4248]
  0x00000236b7cf3800 GCTaskThread "GC Thread#1" [stack: 0x0000007a05c00000,0x0000007a05d00000] [id=14216]
  0x00000236b7cf4000 GCTaskThread "GC Thread#2" [stack: 0x0000007a05d00000,0x0000007a05e00000] [id=19744]
  0x00000236b819a000 GCTaskThread "GC Thread#3" [stack: 0x0000007a05e00000,0x0000007a05f00000] [id=1424]
  0x00000236b819a800 GCTaskThread "GC Thread#4" [stack: 0x0000007a05f00000,0x0000007a06000000] [id=13604]
  0x00000236b80ee000 GCTaskThread "GC Thread#5" [stack: 0x0000007a06000000,0x0000007a06100000] [id=1840]
  0x00000236b80ee800 GCTaskThread "GC Thread#6" [stack: 0x0000007a06100000,0x0000007a06200000] [id=11392]
  0x00000236b835f800 GCTaskThread "GC Thread#7" [stack: 0x0000007a06200000,0x0000007a06300000] [id=19460]
  0x00000236b819f800 GCTaskThread "GC Thread#8" [stack: 0x0000007a06300000,0x0000007a06400000] [id=6036]
  0x00000236b81a1000 GCTaskThread "GC Thread#9" [stack: 0x0000007a06400000,0x0000007a06500000] [id=11540]
  0x00000236866e7800 ConcurrentGCThread "G1 Main Marker" [stack: 0x0000007a04300000,0x0000007a04400000] [id=15440]
  0x00000236866e8800 ConcurrentGCThread "G1 Conc#0" [stack: 0x0000007a04400000,0x0000007a04500000] [id=19240]
  0x00000236b8299000 ConcurrentGCThread "G1 Conc#1" [stack: 0x0000007a06500000,0x0000007a06600000] [id=15876]
  0x00000236bfe0c800 ConcurrentGCThread "G1 Conc#2" [stack: 0x0000007a06600000,0x0000007a06700000] [id=15604]
  0x00000236b5b45000 ConcurrentGCThread "G1 Refine#0" [stack: 0x0000007a04500000,0x0000007a04600000] [id=11776]
  0x00000236b5b48000 ConcurrentGCThread "G1 Young RemSet Sampling" [stack: 0x0000007a04600000,0x0000007a04700000] [id=18064]

Threads with active compile tasks:

VM state:not at safepoint (normal execution)

VM Mutex/Monitor currently owned by a thread: None

Heap address: 0x0000000602800000, size: 8152 MB, Compressed Oops mode: Zero based, Oop shift amount: 3
Narrow klass base: 0x0000000800000000, Narrow klass shift: 0
Compressed class space size: 1073741824 Address: 0x0000000800000000

Heap:
 garbage-first heap   total 96256K, used 36040K [0x0000000602800000, 0x0000000800000000)
  region size 2048K, 10 young (20480K), 0 survivors (0K)
 Metaspace       used 34855K, capacity 35552K, committed 35712K, reserved 1081344K
  class space    used 3904K, capacity 4208K, committed 4224K, reserved 1048576K
Heap Regions: E=young(eden), S=young(survivor), O=old, HS=humongous(starts), HC=humongous(continues), CS=collection set, F=free, A=archive, TAMS=top-at-mark-start (previous, next)
|   0|0x0000000602800000, 0x00000006029e39f8, 0x0000000602a00000| 94%| O|  |TAMS 0x0000000602800000, 0x0000000602800000| Untracked 
|   1|0x0000000602a00000, 0x0000000602bf9448, 0x0000000602c00000| 98%| O|  |TAMS 0x0000000602a00000, 0x0000000602a00000| Untracked 
|   2|0x0000000602c00000, 0x0000000602dea818, 0x0000000602e00000| 95%| O|  |TAMS 0x0000000602c00000, 0x0000000602c00000| Untracked 
|   3|0x0000000602e00000, 0x0000000602e451e0, 0x0000000603000000| 13%| O|  |TAMS 0x0000000602e00000, 0x0000000602e00000| Untracked 
|   4|0x0000000603000000, 0x0000000603000000, 0x0000000603200000|  0%| F|  |TAMS 0x0000000603000000, 0x0000000603000000| Untracked 
|   5|0x0000000603200000, 0x0000000603200000, 0x0000000603400000|  0%| F|  |TAMS 0x0000000603200000, 0x0000000603200000| Untracked 
|   6|0x0000000603400000, 0x0000000603400000, 0x0000000603600000|  0%| F|  |TAMS 0x0000000603400000, 0x0000000603400000| Untracked 
|   7|0x0000000603600000, 0x0000000603600000, 0x0000000603800000|  0%| F|  |TAMS 0x0000000603600000, 0x0000000603600000| Untracked 
|   8|0x0000000603800000, 0x0000000603800000, 0x0000000603a00000|  0%| F|  |TAMS 0x0000000603800000, 0x0000000603800000| Untracked 
|   9|0x0000000603a00000, 0x0000000603a00000, 0x0000000603c00000|  0%| F|  |TAMS 0x0000000603a00000, 0x0000000603a00000| Untracked 
|  10|0x0000000603c00000, 0x0000000603c00000, 0x0000000603e00000|  0%| F|  |TAMS 0x0000000603c00000, 0x0000000603c00000| Untracked 
|  11|0x0000000603e00000, 0x0000000603e00000, 0x0000000604000000|  0%| F|  |TAMS 0x0000000603e00000, 0x0000000603e00000| Untracked 
|  12|0x0000000604000000, 0x0000000604000000, 0x0000000604200000|  0%| F|  |TAMS 0x0000000604000000, 0x0000000604000000| Untracked 
|  13|0x0000000604200000, 0x0000000604200000, 0x0000000604400000|  0%| F|  |TAMS 0x0000000604200000, 0x0000000604200000| Untracked 
|  14|0x0000000604400000, 0x0000000604600000, 0x0000000604600000|100%|HS|  |TAMS 0x0000000604400000, 0x0000000604400000| Untracked 
|  15|0x0000000604600000, 0x0000000604800000, 0x0000000604800000|100%|HC|  |TAMS 0x0000000604600000, 0x0000000604600000| Untracked 
|  16|0x0000000604800000, 0x0000000604a00000, 0x0000000604a00000|100%|HC|  |TAMS 0x0000000604800000, 0x0000000604800000| Untracked 
|  17|0x0000000604a00000, 0x0000000604c00000, 0x0000000604c00000|100%|HC|  |TAMS 0x0000000604a00000, 0x0000000604a00000| Untracked 
|  18|0x0000000604c00000, 0x0000000604c00000, 0x0000000604e00000|  0%| F|  |TAMS 0x0000000604c00000, 0x0000000604c00000| Untracked 
|  19|0x0000000604e00000, 0x0000000604e00000, 0x0000000605000000|  0%| F|  |TAMS 0x0000000604e00000, 0x0000000604e00000| Untracked 
|  20|0x0000000605000000, 0x0000000605000000, 0x0000000605200000|  0%| F|  |TAMS 0x0000000605000000, 0x0000000605000000| Untracked 
|  21|0x0000000605200000, 0x0000000605200000, 0x0000000605400000|  0%| F|  |TAMS 0x0000000605200000, 0x0000000605200000| Untracked 
|  22|0x0000000605400000, 0x00000006054ba918, 0x0000000605600000| 36%| O|  |TAMS 0x0000000605400000, 0x0000000605400000| Untracked 
|  23|0x0000000605600000, 0x00000006056965d8, 0x0000000605800000| 29%| O|  |TAMS 0x0000000605600000, 0x0000000605600000| Untracked 
|  24|0x0000000605800000, 0x0000000605800000, 0x0000000605a00000|  0%| F|  |TAMS 0x0000000605800000, 0x0000000605800000| Untracked 
|  25|0x0000000605a00000, 0x0000000605b072f0, 0x0000000605c00000| 51%| O|  |TAMS 0x0000000605a00000, 0x0000000605a00000| Untracked 
|  26|0x0000000605c00000, 0x0000000605c69b58, 0x0000000605e00000| 20%| O|  |TAMS 0x0000000605c00000, 0x0000000605c00000| Untracked 
|  27|0x0000000605e00000, 0x0000000605e81e50, 0x0000000606000000| 25%| O|  |TAMS 0x0000000605e00000, 0x0000000605e00000| Untracked 
|  28|0x0000000606000000, 0x00000006061e1e60, 0x0000000606200000| 94%| O|  |TAMS 0x0000000606000000, 0x0000000606000000| Untracked 
|  29|0x0000000606200000, 0x0000000606200000, 0x0000000606400000|  0%| F|  |TAMS 0x0000000606200000, 0x0000000606200000| Untracked 
|  30|0x0000000606400000, 0x0000000606400000, 0x0000000606600000|  0%| F|  |TAMS 0x0000000606400000, 0x0000000606400000| Untracked 
|  31|0x0000000606600000, 0x0000000606600000, 0x0000000606800000|  0%| F|  |TAMS 0x0000000606600000, 0x0000000606600000| Untracked 
|  32|0x0000000606800000, 0x0000000606800000, 0x0000000606a00000|  0%| F|  |TAMS 0x0000000606800000, 0x0000000606800000| Untracked 
|  33|0x0000000606a00000, 0x0000000606a00000, 0x0000000606c00000|  0%| F|  |TAMS 0x0000000606a00000, 0x0000000606a00000| Untracked 
|  34|0x0000000606c00000, 0x0000000606c00000, 0x0000000606e00000|  0%| F|  |TAMS 0x0000000606c00000, 0x0000000606c00000| Untracked 
|  35|0x0000000606e00000, 0x0000000606e00000, 0x0000000607000000|  0%| F|  |TAMS 0x0000000606e00000, 0x0000000606e00000| Untracked 
|  36|0x0000000607000000, 0x0000000607000000, 0x0000000607200000|  0%| F|  |TAMS 0x0000000607000000, 0x0000000607000000| Untracked 
|  37|0x0000000607200000, 0x00000006072ad518, 0x0000000607400000| 33%| E|  |TAMS 0x0000000607200000, 0x0000000607200000| Complete 
|  38|0x0000000607400000, 0x0000000607600000, 0x0000000607600000|100%| E|CS|TAMS 0x0000000607400000, 0x0000000607400000| Complete 
|  39|0x0000000607600000, 0x0000000607800000, 0x0000000607800000|100%| E|CS|TAMS 0x0000000607600000, 0x0000000607600000| Complete 
|  40|0x0000000607800000, 0x0000000607a00000, 0x0000000607a00000|100%| E|  |TAMS 0x0000000607800000, 0x0000000607800000| Complete 
|  41|0x0000000607a00000, 0x0000000607c00000, 0x0000000607c00000|100%| E|CS|TAMS 0x0000000607a00000, 0x0000000607a00000| Complete 
|  42|0x0000000607c00000, 0x0000000607e00000, 0x0000000607e00000|100%| E|CS|TAMS 0x0000000607c00000, 0x0000000607c00000| Complete 
|  43|0x0000000607e00000, 0x0000000608000000, 0x0000000608000000|100%| E|CS|TAMS 0x0000000607e00000, 0x0000000607e00000| Complete 
|  44|0x0000000608000000, 0x0000000608200000, 0x0000000608200000|100%| E|CS|TAMS 0x0000000608000000, 0x0000000608000000| Complete 
|  45|0x0000000608200000, 0x0000000608400000, 0x0000000608400000|100%| E|CS|TAMS 0x0000000608200000, 0x0000000608200000| Complete 
|  46|0x0000000608400000, 0x0000000608600000, 0x0000000608600000|100%| E|CS|TAMS 0x0000000608400000, 0x0000000608400000| Complete 

Card table byte_map: [0x00000236a0f80000,0x00000236a1f70000] _byte_map_base: 0x000002369df6c000

Marking Bits (Prev, Next): (CMBitMap*) 0x00000236866d6980, (CMBitMap*) 0x00000236866d6948
 Prev Bits: [0x00000236aaec0000, 0x00000236b2e20000)
 Next Bits: [0x00000236a2f60000, 0x00000236aaec0000)

Polling page: 0x0000023686730000

Metaspace:

Usage:
  Non-class:     30.61 MB capacity,    30.23 MB ( 99%) used,   308.54 KB ( <1%) free+waste,    84.94 KB ( <1%) overhead. 
      Class:      4.11 MB capacity,     3.81 MB ( 93%) used,   262.77 KB (  6%) free+waste,    40.69 KB ( <1%) overhead. 
       Both:     34.72 MB capacity,    34.04 MB ( 98%) used,   571.30 KB (  2%) free+waste,   125.63 KB ( <1%) overhead. 

Virtual space:
  Non-class space:       32.00 MB reserved,      30.75 MB ( 96%) committed 
      Class space:        1.00 GB reserved,       4.13 MB ( <1%) committed 
             Both:        1.03 GB reserved,      34.88 MB (  3%) committed 

Chunk freelists:
   Non-Class:  2.00 KB
       Class:  2.00 KB
        Both:  4.00 KB

CodeHeap 'non-profiled nmethods': size=120000Kb used=1950Kb max_used=1950Kb free=118049Kb
 bounds [0x0000023697dc0000, 0x0000023698030000, 0x000002369f2f0000]
CodeHeap 'profiled nmethods': size=120000Kb used=8683Kb max_used=8683Kb free=111316Kb
 bounds [0x0000023690890000, 0x0000023691110000, 0x0000023697dc0000]
CodeHeap 'non-nmethods': size=5760Kb used=1360Kb max_used=1391Kb free=4399Kb
 bounds [0x00000236902f0000, 0x0000023690560000, 0x0000023690890000]
 total_blobs=4845 nmethods=4060 adapters=693
 compilation: enabled
              stopped_count=0, restarted_count=0
 full_count=0

Compilation events (10 events):
Event: 18.818 Thread 0x00000236b657e000 4057       4       java.io.FilterInputStream::read (11 bytes)
Event: 18.818 Thread 0x00000236b657e000 nmethod 4057 0x0000023697fa6990 code [0x0000023697fa6b20, 0x0000023697fa6be8]
Event: 18.843 Thread 0x00000236b657e000 4058       4       java.io.FileOutputStream::write (20 bytes)
Event: 18.844 Thread 0x00000236b657e000 nmethod 4058 0x0000023697fa6d10 code [0x0000023697fa6ea0, 0x0000023697fa6f48]
Event: 18.922 Thread 0x00000236b657e000 4059   !   4       java.awt.event.InputEvent::canAccessSystemClipboard (57 bytes)
Event: 18.922 Thread 0x00000236b657e000 nmethod 4059 0x0000023697fa7010 code [0x0000023697fa71a0, 0x0000023697fa7258]
Event: 18.935 Thread 0x00000236b657e000 4060       4       java.lang.String::lastIndexOf (29 bytes)
Event: 18.937 Thread 0x00000236b657e000 nmethod 4060 0x0000023697fa7390 code [0x0000023697fa7520, 0x0000023697fa7758]
Event: 18.938 Thread 0x00000236b6588000 4061       3       java.lang.ClassLoader::findNative (81 bytes)
Event: 18.938 Thread 0x00000236b6588000 nmethod 4061 0x000002369110a110 code [0x000002369110a360, 0x000002369110ab98]

GC Heap History (8 events):
Event: 1.071 GC heap before
{Heap before GC invocations=0 (full 0):
 garbage-first heap   total 522240K, used 20480K [0x0000000602800000, 0x0000000800000000)
  region size 2048K, 12 young (24576K), 0 survivors (0K)
 Metaspace       used 20616K, capacity 21111K, committed 21248K, reserved 1069056K
  class space    used 2223K, capacity 2470K, committed 2560K, reserved 1048576K
}
Event: 1.077 GC heap after
{Heap after GC invocations=1 (full 0):
 garbage-first heap   total 522240K, used 6255K [0x0000000602800000, 0x0000000800000000)
  region size 2048K, 2 young (4096K), 2 survivors (4096K)
 Metaspace       used 20616K, capacity 21111K, committed 21248K, reserved 1069056K
  class space    used 2223K, capacity 2470K, committed 2560K, reserved 1048576K
}
Event: 2.037 GC heap before
{Heap before GC invocations=2 (full 0):
 garbage-first heap   total 522240K, used 26735K [0x0000000602800000, 0x0000000800000000)
  region size 2048K, 12 young (24576K), 2 survivors (4096K)
 Metaspace       used 28586K, capacity 29114K, committed 29184K, reserved 1075200K
  class space    used 3292K, capacity 3531K, committed 3584K, reserved 1048576K
}
Event: 2.041 GC heap after
{Heap after GC invocations=3 (full 0):
 garbage-first heap   total 522240K, used 8852K [0x0000000602800000, 0x0000000800000000)
  region size 2048K, 2 young (4096K), 2 survivors (4096K)
 Metaspace       used 28586K, capacity 29114K, committed 29184K, reserved 1075200K
  class space    used 3292K, capacity 3531K, committed 3584K, reserved 1048576K
}
Event: 8.535 GC heap before
{Heap before GC invocations=3 (full 0):
 garbage-first heap   total 522240K, used 90772K [0x0000000602800000, 0x0000000800000000)
  region size 2048K, 27 young (55296K), 2 survivors (4096K)
 Metaspace       used 31970K, capacity 32662K, committed 32896K, reserved 1079296K
  class space    used 3627K, capacity 3926K, committed 3968K, reserved 1048576K
}
Event: 8.538 GC heap after
{Heap after GC invocations=4 (full 0):
 garbage-first heap   total 522240K, used 13483K [0x0000000602800000, 0x0000000800000000)
  region size 2048K, 3 young (6144K), 3 survivors (6144K)
 Metaspace       used 31970K, capacity 32662K, committed 32896K, reserved 1079296K
  class space    used 3627K, capacity 3926K, committed 3968K, reserved 1048576K
}
Event: 18.125 GC heap before
{Heap before GC invocations=4 (full 0):
 garbage-first heap   total 522240K, used 72875K [0x0000000602800000, 0x0000000800000000)
  region size 2048K, 20 young (40960K), 3 survivors (6144K)
 Metaspace       used 33192K, capacity 33836K, committed 34048K, reserved 1079296K
  class space    used 3760K, capacity 4040K, committed 4096K, reserved 1048576K
}
Event: 18.144 GC heap after
{Heap after GC invocations=5 (full 1):
 garbage-first heap   total 96256K, used 19656K [0x0000000602800000, 0x0000000800000000)
  region size 2048K, 0 young (0K), 0 survivors (0K)
 Metaspace       used 33192K, capacity 33836K, committed 34048K, reserved 1079296K
  class space    used 3760K, capacity 4040K, committed 4096K, reserved 1048576K
}

Deoptimization events (10 events):
Event: 18.222 Thread 0x00000236b82f0000 Uncommon trap: reason=unstable_if action=reinterpret pc=0x0000023697f03468 method=java.util.HashMap.removeNode(ILjava/lang/Object;Ljava/lang/Object;ZZ)Ljava/util/HashMap$Node; @ 58 c2
Event: 18.224 Thread 0x00000236b82f0000 Uncommon trap: reason=speculate_class_check action=maybe_recompile pc=0x0000023697f8d7bc method=java.util.Hashtable.addEntry(ILjava/lang/Object;Ljava/lang/Object;I)V @ 18 c2
Event: 18.224 Thread 0x00000236b82f0000 Uncommon trap: reason=speculate_class_check action=maybe_recompile pc=0x0000023697f8d7bc method=java.util.Hashtable.addEntry(ILjava/lang/Object;Ljava/lang/Object;I)V @ 18 c2
Event: 18.224 Thread 0x00000236b82f0000 Uncommon trap: reason=speculate_class_check action=maybe_recompile pc=0x0000023697f8d7bc method=java.util.Hashtable.addEntry(ILjava/lang/Object;Ljava/lang/Object;I)V @ 18 c2
Event: 18.224 Thread 0x00000236b82f0000 Uncommon trap: reason=speculate_class_check action=maybe_recompile pc=0x0000023697f8d7bc method=java.util.Hashtable.addEntry(ILjava/lang/Object;Ljava/lang/Object;I)V @ 18 c2
Event: 18.242 Thread 0x00000236b82f0000 Uncommon trap: reason=unstable_if action=reinterpret pc=0x0000023697ed78e4 method=java.util.HashMap.removeNode(ILjava/lang/Object;Ljava/lang/Object;ZZ)Ljava/util/HashMap$Node; @ 58 c2
Event: 18.258 Thread 0x00000236b82f0000 Uncommon trap: reason=unstable_if action=reinterpret pc=0x0000023697f91dbc method=java.util.jar.Manifest$FastInputStream.peek()B @ 23 c2
Event: 18.954 Thread 0x00000236b82f0000 Uncommon trap: reason=unstable_if action=reinterpret pc=0x0000023697f95014 method=java.lang.ThreadLocal$ThreadLocalMap.getEntry(Ljava/lang/ThreadLocal;)Ljava/lang/ThreadLocal$ThreadLocalMap$Entry; @ 29 c2
Event: 18.954 Thread 0x00000236b82f0000 Uncommon trap: reason=unstable_if action=reinterpret pc=0x0000023697f1e3c4 method=java.security.AccessControlContext.optimize()Ljava/security/AccessControlContext; @ 220 c2
Event: 18.954 Thread 0x00000236b82f0000 Uncommon trap: reason=unstable_if action=reinterpret pc=0x0000023697f94b1c method=java.lang.ThreadLocal$ThreadLocalMap.getEntry(Ljava/lang/ThreadLocal;)Ljava/lang/ThreadLocal$ThreadLocalMap$Entry; @ 29 c2

Classes redefined (0 events):
No events

Internal exceptions (10 events):
Event: 2.547 Thread 0x0000023686651000 Exception <a 'java/lang/NoSuchMethodError'{0x0000000621e03340}: java.lang.invoke.Invokers$Holder.linkToTargetMethod(Ljava/lang/Object;ILjava/lang/Object;)Ljava/lang/Object;> (0x0000000621e03340) thrown at [./open/src/hotspot/share/interpreter/linkResolver
Event: 2.622 Thread 0x0000023686651000 Exception <a 'java/lang/NoSuchMethodError'{0x0000000621efc2f0}: java.lang.invoke.DirectMethodHandle$Holder.invokeSpecial(Ljava/lang/Object;Ljava/lang/Object;IIILjava/lang/Object;Ljava/lang/Object;Ljava/lang/Object;Ljava/lang/Object;)Ljava/lang/Object;> (0
Event: 2.622 Thread 0x0000023686651000 Exception <a 'java/lang/NoSuchMethodError'{0x0000000621effaa0}: java.lang.invoke.DelegatingMethodHandle$Holder.reinvoke_L(Ljava/lang/Object;IIILjava/lang/Object;Ljava/lang/Object;Ljava/lang/Object;Ljava/lang/Object;)Ljava/lang/Object;> (0x0000000621effaa0
Event: 2.624 Thread 0x0000023686651000 Exception <a 'java/lang/NoSuchMethodError'{0x0000000621f3f6e8}: java.lang.invoke.DirectMethodHandle$Holder.invokeStatic(Ljava/lang/Object;Ljava/lang/Object;Ljava/lang/Object;Ljava/lang/Object;Ljava/lang/Object;Ljava/lang/Object;Ljava/lang/Object;Ljava/lan
Event: 9.327 Thread 0x00000236b82f0000 Implicit null exception at 0x0000023697e8a750 to 0x0000023697e8a7af
Event: 17.764 Thread 0x00000236b82f0000 Exception <a 'java/lang/NoSuchMethodError'{0x00000006204e5458}: java.lang.invoke.DirectMethodHandle$Holder.invokeSpecial(Ljava/lang/Object;Ljava/lang/Object;Ljava/lang/Object;Ljava/lang/Object;Ljava/lang/Object;)V> (0x00000006204e5458) thrown at [./open/s
Event: 18.271 Thread 0x00000236b82f0000 Exception <a 'java/lang/NoSuchMethodError'{0x000000060755e0f0}: java.lang.invoke.DirectMethodHandle$Holder.invokeStatic(Ljava/lang/Object;IIII)Ljava/lang/Object;> (0x000000060755e0f0) thrown at [./open/src/hotspot/share/interpreter/linkResolver.cpp, line 
Event: 18.272 Thread 0x00000236b82f0000 Exception <a 'java/lang/NoSuchMethodError'{0x0000000607561ca8}: java.lang.invoke.DirectMethodHandle$Holder.invokeStaticInit(Ljava/lang/Object;IIII)Ljava/lang/Object;> (0x0000000607561ca8) thrown at [./open/src/hotspot/share/interpreter/linkResolver.cpp, l
Event: 18.764 Thread 0x00000236b82f0000 Exception <a 'java/lang/NoSuchMethodError'{0x0000000607230bd8}: java.lang.invoke.DirectMethodHandle$Holder.invokeStatic(Ljava/lang/Object;Ljava/lang/Object;IIII)Ljava/lang/Object;> (0x0000000607230bd8) thrown at [./open/src/hotspot/share/interpreter/linkR
Event: 18.764 Thread 0x00000236b82f0000 Exception <a 'java/lang/NoSuchMethodError'{0x00000006072349c0}: java.lang.invoke.DirectMethodHandle$Holder.invokeStaticInit(Ljava/lang/Object;Ljava/lang/Object;IIII)Ljava/lang/Object;> (0x00000006072349c0) thrown at [./open/src/hotspot/share/interpreter/l

Events (10 events):
Event: 18.940 loading class com/xuggle/xuggler/IContainerFormat done
Event: 18.954 Thread 0x00000236b82f0000 Uncommon trap: trap_request=0xffffff4d fr.pc=0x0000023697f95014 relative=0x0000000000000154
Event: 18.954 Thread 0x00000236b82f0000 DEOPT PACKING pc=0x0000023697f95014 sp=0x0000007a067ed880
Event: 18.954 Thread 0x00000236b82f0000 DEOPT UNPACKING pc=0x00000236903168af sp=0x0000007a067ed7c0 mode 2
Event: 18.954 Thread 0x00000236b82f0000 Uncommon trap: trap_request=0xffffff4d fr.pc=0x0000023697f1e3c4 relative=0x0000000000000304
Event: 18.954 Thread 0x00000236b82f0000 DEOPT PACKING pc=0x0000023697f1e3c4 sp=0x0000007a067ed6b0
Event: 18.954 Thread 0x00000236b82f0000 DEOPT UNPACKING pc=0x00000236903168af sp=0x0000007a067ed5a8 mode 2
Event: 18.954 Thread 0x00000236b82f0000 Uncommon trap: trap_request=0xffffff4d fr.pc=0x0000023697f94b1c relative=0x00000000000000fc
Event: 18.954 Thread 0x00000236b82f0000 DEOPT PACKING pc=0x0000023697f94b1c sp=0x0000007a067ed7d0
Event: 18.954 Thread 0x00000236b82f0000 DEOPT UNPACKING pc=0x00000236903168af sp=0x0000007a067ed788 mode 2


Dynamic libraries:
0x00007ff7ad550000 - 0x00007ff7ad55f000 	C:\Program Files\Java\jdk-11.0.11\bin\java.exe
0x00007ffe7ff70000 - 0x00007ffe80165000 	C:\WINDOWS\SYSTEM32\ntdll.dll
0x00007ffe7e220000 - 0x00007ffe7e2dd000 	C:\WINDOWS\System32\KERNEL32.DLL
0x00007ffe7db50000 - 0x00007ffe7de19000 	C:\WINDOWS\System32\KERNELBASE.dll
0x00007ffe7de20000 - 0x00007ffe7df20000 	C:\WINDOWS\System32\ucrtbase.dll
0x00007ffe612c0000 - 0x00007ffe612d5000 	C:\Program Files\Java\jdk-11.0.11\bin\VCRUNTIME140.dll
0x00007ffe61110000 - 0x00007ffe61128000 	C:\Program Files\Java\jdk-11.0.11\bin\jli.dll
0x00007ffe7ed90000 - 0x00007ffe7ee3c000 	C:\WINDOWS\System32\ADVAPI32.dll
0x00007ffe7ec30000 - 0x00007ffe7ecce000 	C:\WINDOWS\System32\msvcrt.dll
0x00007ffe7e180000 - 0x00007ffe7e21b000 	C:\WINDOWS\System32\sechost.dll
0x00007ffe7f070000 - 0x00007ffe7f19a000 	C:\WINDOWS\System32\RPCRT4.dll
0x00007ffe7dfe0000 - 0x00007ffe7e180000 	C:\WINDOWS\System32\USER32.dll
0x00007ffe7db20000 - 0x00007ffe7db42000 	C:\WINDOWS\System32\win32u.dll
0x00007ffe70760000 - 0x00007ffe709fa000 	C:\WINDOWS\WinSxS\amd64_microsoft.windows.common-controls_6595b64144ccf1df_6.0.19041.1052_none_60b8f8fd71f5e8cb\COMCTL32.dll
0x00007ffe7f2a0000 - 0x00007ffe7f2ca000 	C:\WINDOWS\System32\GDI32.dll
0x00007ffe7d960000 - 0x00007ffe7da6b000 	C:\WINDOWS\System32\gdi32full.dll
0x00007ffe7d810000 - 0x00007ffe7d8ad000 	C:\WINDOWS\System32\msvcp_win.dll
0x00007ffe7d240000 - 0x00007ffe7d24a000 	C:\WINDOWS\SYSTEM32\VERSION.dll
0x00007ffe7fd70000 - 0x00007ffe7fda0000 	C:\WINDOWS\System32\IMM32.DLL
0x00007ffe3dc70000 - 0x00007ffe3dd0b000 	C:\Program Files\Java\jdk-11.0.11\bin\msvcp140.dll
0x00007ffe1cf10000 - 0x00007ffe1da0e000 	C:\Program Files\Java\jdk-11.0.11\bin\server\jvm.dll
0x00007ffe7f270000 - 0x00007ffe7f278000 	C:\WINDOWS\System32\PSAPI.DLL
0x00007ffe52bd0000 - 0x00007ffe52bd9000 	C:\WINDOWS\SYSTEM32\WSOCK32.dll
0x00007ffe74f80000 - 0x00007ffe74fa7000 	C:\WINDOWS\SYSTEM32\WINMM.dll
0x00007ffe7f200000 - 0x00007ffe7f26b000 	C:\WINDOWS\System32\WS2_32.dll
0x00007ffe7b590000 - 0x00007ffe7b5a2000 	C:\WINDOWS\SYSTEM32\kernel.appcore.dll
0x00007ffe62580000 - 0x00007ffe62590000 	C:\Program Files\Java\jdk-11.0.11\bin\verify.dll
0x00007ffe5f1a0000 - 0x00007ffe5f384000 	C:\WINDOWS\SYSTEM32\DBGHELP.DLL
0x00007ffe5f150000 - 0x00007ffe5f17c000 	C:\WINDOWS\SYSTEM32\dbgcore.DLL
0x00007ffe7df50000 - 0x00007ffe7dfd3000 	C:\WINDOWS\System32\bcryptPrimitives.dll
0x00007ffe610e0000 - 0x00007ffe61108000 	C:\Program Files\Java\jdk-11.0.11\bin\java.dll
0x00007ffe62540000 - 0x00007ffe6254a000 	C:\Program Files\Java\jdk-11.0.11\bin\jimage.dll
0x00007ffe616c0000 - 0x00007ffe616ce000 	C:\Program Files\Java\jdk-11.0.11\bin\instrument.dll
0x00007ffe60f20000 - 0x00007ffe60f36000 	C:\Program Files\Java\jdk-11.0.11\bin\zip.dll
0x00007ffe7f480000 - 0x00007ffe7fbbf000 	C:\WINDOWS\System32\SHELL32.dll
0x00007ffe7b790000 - 0x00007ffe7bf21000 	C:\WINDOWS\SYSTEM32\windows.storage.dll
0x00007ffe7e2e0000 - 0x00007ffe7e635000 	C:\WINDOWS\System32\combase.dll
0x00007ffe7d0b0000 - 0x00007ffe7d0dc000 	C:\WINDOWS\SYSTEM32\Wldp.dll
0x00007ffe7ece0000 - 0x00007ffe7ed8e000 	C:\WINDOWS\System32\SHCORE.dll
0x00007ffe7fed0000 - 0x00007ffe7ff25000 	C:\WINDOWS\System32\shlwapi.dll
0x00007ffe7d5f0000 - 0x00007ffe7d60f000 	C:\WINDOWS\SYSTEM32\profapi.dll
0x00007ffe60ed0000 - 0x00007ffe60ee9000 	C:\Program Files\Java\jdk-11.0.11\bin\net.dll
0x00007ffe75040000 - 0x00007ffe7514a000 	C:\WINDOWS\SYSTEM32\WINHTTP.dll
0x00007ffe7ce10000 - 0x00007ffe7ce7a000 	C:\WINDOWS\system32\mswsock.dll
0x00007ffe60eb0000 - 0x00007ffe60ec2000 	C:\Program Files\Java\jdk-11.0.11\bin\nio.dll
0x00007ffe60e90000 - 0x00007ffe60eaa000 	D:\SoftWare\WorkTool\IDEA\IntelliJ IDEA 2020.3.2\bin\breakgen64.dll
0x00007ffe3c7d0000 - 0x00007ffe3c96a000 	C:\Program Files\Java\jdk-11.0.11\bin\awt.dll
0x00007ffe7efa0000 - 0x00007ffe7f06d000 	C:\WINDOWS\System32\OLEAUT32.dll
0x00007ffe7afd0000 - 0x00007ffe7b060000 	C:\WINDOWS\SYSTEM32\apphelp.dll
0x00007ffe7b2a0000 - 0x00007ffe7b2cf000 	C:\WINDOWS\system32\DWMAPI.DLL
0x00007ffe7b0b0000 - 0x00007ffe7b14e000 	C:\WINDOWS\system32\uxtheme.dll
0x00007ffe59450000 - 0x00007ffe59575000 	C:\WINDOWS\system32\opengl32.dll
0x00007ffe593d0000 - 0x00007ffe593fc000 	C:\WINDOWS\SYSTEM32\GLU32.dll
0x00007ffe7f360000 - 0x00007ffe7f475000 	C:\WINDOWS\System32\MSCTF.dll
0x00007ffe7fda0000 - 0x00007ffe7feca000 	C:\WINDOWS\System32\ole32.dll
0x00007ffe74550000 - 0x00007ffe7471e000 	C:\WINDOWS\system32\d3d9.dll
0x00007ffe75b90000 - 0x00007ffe75c95000 	C:\WINDOWS\System32\DriverStore\FileRepository\nv_dispi.inf_amd64_d67c20d727d4578c\nvldumdx.dll
0x00007ffe7d250000 - 0x00007ffe7d262000 	C:\WINDOWS\SYSTEM32\msasn1.dll
0x00007ffe76550000 - 0x00007ffe76581000 	C:\WINDOWS\SYSTEM32\cryptnet.dll
0x00007ffe7d6b0000 - 0x00007ffe7d80f000 	C:\WINDOWS\System32\CRYPT32.dll
0x00007ffe7d010000 - 0x00007ffe7d01c000 	C:\WINDOWS\SYSTEM32\cryptbase.dll
0x00007ffe7dac0000 - 0x00007ffe7db20000 	C:\WINDOWS\System32\WINTRUST.DLL
0x00007ffe7f280000 - 0x00007ffe7f29d000 	C:\WINDOWS\System32\imagehlp.dll
0x00007ffe7cff0000 - 0x00007ffe7d008000 	C:\WINDOWS\SYSTEM32\CRYPTSP.dll
0x00007ffe7c6e0000 - 0x00007ffe7c714000 	C:\WINDOWS\system32\rsaenh.dll
0x00007ffe7df20000 - 0x00007ffe7df47000 	C:\WINDOWS\System32\bcrypt.dll
0x00007ffe16a40000 - 0x00007ffe18688000 	C:\WINDOWS\System32\DriverStore\FileRepository\nv_dispi.inf_amd64_d67c20d727d4578c\nvd3dumx.dll
0x00007ffe3d360000 - 0x00007ffe3d4c3000 	C:\WINDOWS\System32\DriverStore\FileRepository\iigd_dch.inf_amd64_a086f01cc7be643a\igdumdim64.dll
0x00007ffe13030000 - 0x00007ffe16a34000 	C:\WINDOWS\System32\DriverStore\FileRepository\iigd_dch.inf_amd64_a086f01cc7be643a\igd9dxva64.dll
0x00007ffe7e640000 - 0x00007ffe7eaa9000 	C:\WINDOWS\System32\SETUPAPI.dll
0x00007ffe7da70000 - 0x00007ffe7dabe000 	C:\WINDOWS\System32\cfgmgr32.dll
0x00007ffe71da0000 - 0x00007ffe71fdf000 	C:\WINDOWS\System32\DriverStore\FileRepository\iigd_dch.inf_amd64_a086f01cc7be643a\igdgmm64.dll
0x00007ffe36910000 - 0x00007ffe36bc9000 	C:\WINDOWS\system32\nvspcap64.dll
0x00007ffe7c370000 - 0x00007ffe7c3a3000 	C:\WINDOWS\SYSTEM32\ntmarta.dll
0x00007ffe7bf40000 - 0x00007ffe7bf63000 	C:\WINDOWS\SYSTEM32\gpapi.dll
0x00007ffe76620000 - 0x00007ffe7665b000 	C:\WINDOWS\SYSTEM32\dxcore.dll
0x00007ffe3c740000 - 0x00007ffe3c7c5000 	C:\Program Files\Java\jdk-11.0.11\bin\freetype.dll
0x00007ffe3c640000 - 0x00007ffe3c732000 	C:\Program Files\Java\jdk-11.0.11\bin\harfbuzz.dll
0x00007ffe60e70000 - 0x00007ffe60e82000 	C:\Program Files\Java\jdk-11.0.11\bin\fontmanager.dll
0x00007ffe61550000 - 0x00007ffe61559000 	C:\Program Files\Java\jdk-11.0.11\bin\management.dll
0x00007ffe610d0000 - 0x00007ffe610db000 	C:\Program Files\Java\jdk-11.0.11\bin\management_ext.dll
0x00007ffe7d570000 - 0x00007ffe7d59e000 	C:\WINDOWS\SYSTEM32\USERENV.dll
0x00007ffe7cab0000 - 0x00007ffe7caeb000 	C:\WINDOWS\SYSTEM32\IPHLPAPI.DLL
0x00007ffe7eab0000 - 0x00007ffe7eab8000 	C:\WINDOWS\System32\NSI.dll
0x00007ffe76680000 - 0x00007ffe76697000 	C:\WINDOWS\SYSTEM32\dhcpcsvc6.DLL
0x00007ffe76660000 - 0x00007ffe7667d000 	C:\WINDOWS\SYSTEM32\dhcpcsvc.DLL
0x00007ffe7cb00000 - 0x00007ffe7cbcc000 	C:\WINDOWS\SYSTEM32\DNSAPI.dll
0x00007ffe592b0000 - 0x00007ffe592c7000 	C:\WINDOWS\system32\napinsp.dll
0x00007ffe518c0000 - 0x00007ffe518db000 	C:\WINDOWS\system32\pnrpnsp.dll
0x00007ffe78660000 - 0x00007ffe78675000 	C:\WINDOWS\system32\wshbth.dll
0x00007ffe79090000 - 0x00007ffe790ad000 	C:\WINDOWS\system32\NLAapi.dll
0x00007ffe51830000 - 0x00007ffe51842000 	C:\WINDOWS\System32\winrnr.dll
0x00007ffe766b0000 - 0x00007ffe766ba000 	C:\Windows\System32\rasadhlp.dll
0x00007ffe70080000 - 0x00007ffe700ff000 	C:\WINDOWS\System32\fwpuclnt.dll
0x00007ffe706b0000 - 0x00007ffe70760000 	C:\WINDOWS\WinSxS\amd64_microsoft.windows.common-controls_6595b64144ccf1df_5.82.19041.844_none_423537bff6b9828c\comctl32.dll
0x00007ffe7eac0000 - 0x00007ffe7eb69000 	C:\WINDOWS\System32\clbcatq.dll
0x00007ffe33ed0000 - 0x00007ffe33ee7000 	C:\WINDOWS\system32\NetworkExplorer.dll
0x00007ffe79260000 - 0x00007ffe79356000 	C:\WINDOWS\system32\PROPSYS.dll
0x00007ffe67a10000 - 0x00007ffe67a2d000 	C:\WINDOWS\SYSTEM32\MPR.dll
0x00007ffe60e60000 - 0x00007ffe60e6b000 	C:\WINDOWS\System32\drprov.dll
0x00007ffe7c820000 - 0x00007ffe7c87a000 	C:\WINDOWS\System32\WINSTA.dll
0x00007ffe60d80000 - 0x00007ffe60d98000 	C:\WINDOWS\System32\ntlanman.dll
0x00007ffe60d60000 - 0x00007ffe60d7e000 	C:\WINDOWS\System32\davclnt.dll
0x00007ffe60d50000 - 0x00007ffe60d5d000 	C:\WINDOWS\System32\DAVHLPR.dll
0x00007ffe7c800000 - 0x00007ffe7c817000 	C:\WINDOWS\System32\wkscli.dll
0x00007ffe4c830000 - 0x00007ffe4c842000 	C:\WINDOWS\SYSTEM32\cscapi.dll
0x00007ffe7caf0000 - 0x00007ffe7cafc000 	C:\WINDOWS\System32\netutils.dll
0x00007ffe51700000 - 0x00007ffe51758000 	C:\Windows\System32\dlnashext.dll
0x00007ffe3fe30000 - 0x00007ffe3fe94000 	C:\Windows\System32\PlayToDevice.dll
0x00007ffe5f180000 - 0x00007ffe5f1a0000 	C:\Windows\System32\DevDispItemProvider.dll
0x00007ffe768a0000 - 0x00007ffe76925000 	C:\WINDOWS\System32\MMDevApi.dll
0x00007ffe7d410000 - 0x00007ffe7d43c000 	C:\WINDOWS\System32\DEVOBJ.dll
0x00007ffe3a6a0000 - 0x00007ffe3a743000 	C:\WINDOWS\system32\wpdshext.dll
0x00007ffe70a00000 - 0x00007ffe70bab000 	C:\WINDOWS\WinSxS\amd64_microsoft.windows.gdiplus_6595b64144ccf1df_1.1.19041.1081_none_91a70388cc8594fd\gdiplus.dll
0x00007ffe76e70000 - 0x00007ffe76f13000 	C:\Windows\System32\PortableDeviceApi.dll
0x00007ffe46a80000 - 0x00007ffe46ab7000 	C:\Windows\System32\EhStorShell.dll
0x00007ffe56fc0000 - 0x00007ffe56fe6000 	C:\Windows\System32\EhStorAPI.dll
0x00007ffe793c0000 - 0x00007ffe793d4000 	C:\Windows\System32\WTSAPI32.dll
0x00007ffe58f70000 - 0x00007ffe58f7d000 	C:\WINDOWS\SYSTEM32\LINKINFO.dll
0x00007ffe77bd0000 - 0x00007ffe77d84000 	C:\WINDOWS\SYSTEM32\WindowsCodecs.dll
0x00007ffe4ac10000 - 0x00007ffe4ac4e000 	C:\WINDOWS\system32\dataexchange.dll
0x00007ffe79540000 - 0x00007ffe797a4000 	C:\WINDOWS\system32\d3d11.dll
0x00007ffe7a360000 - 0x00007ffe7a546000 	C:\WINDOWS\system32\dcomp.dll
0x00007ffe7bf70000 - 0x00007ffe7c064000 	C:\WINDOWS\system32\dxgi.dll
0x00007ffe77d90000 - 0x00007ffe77f91000 	C:\WINDOWS\system32\twinapi.appcore.dll
0x00007ffe66720000 - 0x00007ffe66819000 	C:\WINDOWS\SYSTEM32\textinputframework.dll
0x00007ffe7a8d0000 - 0x00007ffe7ac2e000 	C:\WINDOWS\System32\CoreUIComponents.dll
0x00007ffe7ac30000 - 0x00007ffe7ad22000 	C:\WINDOWS\System32\CoreMessaging.dll

dbghelp: loaded successfully - version: 4.0.5 - missing functions: none
symbol engine: initialized successfully - sym options: 0x614 - pdb path: .;C:\Program Files\Java\jdk-11.0.11\bin;C:\WINDOWS\SYSTEM32;C:\WINDOWS\WinSxS\amd64_microsoft.windows.common-controls_6595b64144ccf1df_6.0.19041.1052_none_60b8f8fd71f5e8cb;C:\Program Files\Java\jdk-11.0.11\bin\server;D:\SoftWare\WorkTool\IDEA\IntelliJ IDEA 2020.3.2\bin;C:\WINDOWS\System32\DriverStore\FileRepository\nv_dispi.inf_amd64_d67c20d727d4578c;C:\WINDOWS\System32\DriverStore\FileRepository\iigd_dch.inf_amd64_a086f01cc7be643a;C:\WINDOWS\WinSxS\amd64_microsoft.windows.common-controls_6595b64144ccf1df_5.82.19041.844_none_423537bff6b9828c;C:\WINDOWS\WinSxS\amd64_microsoft.windows.gdiplus_6595b64144ccf1df_1.1.19041.1081_none_91a70388cc8594fd;D:\SoftWare\ComputerTool\SouGouInput\SogouInput\Components\SGSmartAssistant\1.0.0.30;D:\SoftWare\ComputerTool\SouGouInput\SogouInput\10.5.0.4737;D:\SoftWare\ComputerTool\SouGouInput\SogouInput\Components\PicFace\1.1.0.1880;C:\Users\MyZSY\AppData\Local\Temp\xuggle

VM Arguments:
jvm_args: -javaagent:D:\SoftWare\WorkTool\IDEA\IntelliJ IDEA 2020.3.2\lib\idea_rt.jar=11790:D:\SoftWare\WorkTool\IDEA\IntelliJ IDEA 2020.3.2\bin -Dfile.encoding=UTF-8 
java_command: cn.mypro.swing.StartGUIApp
java_class_path (initial): G:\WorkSpace\WorkSpaceForIDEA\TestProject\HSourcesGUI\target\classes;D:\SoftWare\WorkTool\Maven\mavenRepository\org\projectlombok\lombok\1.18.18\lombok-1.18.18.jar;D:\SoftWare\WorkTool\Maven\mavenRepository\org\slf4j\slf4j-api\1.7.25\slf4j-api-1.7.25.jar;D:\SoftWare\WorkTool\Maven\mavenRepository\org\slf4j\slf4j-log4j12\1.7.25\slf4j-log4j12-1.7.25.jar;D:\SoftWare\WorkTool\Maven\mavenRepository\log4j\log4j\1.2.17\log4j-1.2.17.jar;D:\SoftWare\WorkTool\Maven\mavenRepository\com\sun\jna\jna\5.2.0\jna-5.2.0.jar;D:\SoftWare\WorkTool\Maven\mavenRepository\cn\com\jit\pki\netcert\main\jit-pkitool\2.3.0.25-beta2\jit-pkitool-2.3.0.25-beta2.jar;D:\SoftWare\WorkTool\Maven\mavenRepository\com\jdsm3\jdsm3\2.0.0\jdsm3-2.0.0.jar;D:\SoftWare\WorkTool\Maven\mavenRepository\dom4j\dom4j\1.6.1\dom4j-1.6.1.jar;D:\SoftWare\WorkTool\Maven\mavenRepository\xml-apis\xml-apis\1.0.b2\xml-apis-1.0.b2.jar;D:\SoftWare\WorkTool\Maven\mavenRepository\org\bouncycastle\bcprov-jdk15-143\143\bcprov-jdk15-143-143.jar;D:\SoftWare\WorkTool\Maven\mavenRepository\com\sansec\crypto\0.1.0\crypto-0.1.0.jar;D:\SoftWare\WorkTool\Maven\mavenRepository\com\sansec\SwxaJCE\0.1.0\SwxaJCE-0.1.0.jar;D:\SoftWare\WorkTool\Maven\mavenRepository\com\sansec\Sm2DecZJB\0.1.0\Sm2DecZJB-0.1.0.jar;D:\SoftWare\WorkTool\Maven\mavenRepository\com\oracle\ojdbc7\12.1.0.2\ojdbc7-12.1.0.2.jar;D:\SoftWare\WorkTool\Maven\mavenRepository\oro\oro\2.0.8\oro-2.0.8.jar;D:\SoftWare\WorkTool\Maven\mavenRepository\com\github\dadiyang\jave\1.0.4\jave-1.0.4.jar;D:\SoftWare\WorkTool\Maven\mavenRepository\xuggle\xuggle-xuggler\5.4\xuggle-xuggler-5.4.jar;D:\SoftWare\WorkTool\Maven\mavenRepository\com\alibaba\fastjson\1.2.54\fastjson-1.2.54.jar;D:\SoftWare\WorkTool\Maven\mavenRepository\javax\xml\bind\jaxb-api\2.3.0\jaxb-api-2.3.0.jar;D:\SoftWare\WorkTool\Maven\mavenRepository\us\codecraft\webmagic-core\0.7.4\webmagic-core-0.7.4.jar;D:\SoftWare\WorkTool\Maven\mavenRepository\org\apache\httpcomponents\httpclient\4.5.13\httpcl
Launcher Type: SUN_STANDARD

[Global flags]
     intx CICompilerCount                          = 4                                         {product} {ergonomic}
     uint ConcGCThreads                            = 3                                         {product} {ergonomic}
     uint G1ConcRefinementThreads                  = 10                                        {product} {ergonomic}
   size_t G1HeapRegionSize                         = 2097152                                   {product} {ergonomic}
    uintx GCDrainStackTargetSize                   = 64                                        {product} {ergonomic}
   size_t InitialHeapSize                          = 534773760                                 {product} {ergonomic}
   size_t MarkStackSize                            = 4194304                                   {product} {ergonomic}
   size_t MaxHeapSize                              = 8547991552                                {product} {ergonomic}
   size_t MaxNewSize                               = 5127536640                                {product} {ergonomic}
   size_t MinHeapDeltaBytes                        = 2097152                                   {product} {ergonomic}
    uintx NonNMethodCodeHeapSize                   = 5836300                                {pd product} {ergonomic}
    uintx NonProfiledCodeHeapSize                  = 122910970                              {pd product} {ergonomic}
    uintx ProfiledCodeHeapSize                     = 122910970                              {pd product} {ergonomic}
    uintx ReservedCodeCacheSize                    = 251658240                              {pd product} {ergonomic}
     bool SegmentedCodeCache                       = true                                      {product} {ergonomic}
     bool UseCompressedClassPointers               = true                                 {lp64_product} {ergonomic}
     bool UseCompressedOops                        = true                                 {lp64_product} {ergonomic}
     bool UseG1GC                                  = true                                      {product} {ergonomic}
     bool UseLargePagesIndividualAllocation        = false                                  {pd product} {ergonomic}

Logging:
Log output configuration:
 #0: stdout all=warning uptime,level,tags
 #1: stderr all=off uptime,level,tags

Environment Variables:
JAVA_HOME=C:\Program Files\Java\jdk1.8.0_241
CLASSPATH=.;C:\Program Files\Java\jdk1.8.0_241\lib\dt.jar;C:\Program Files\Java\jdk1.8.0_241\lib\tools.jar
PATH=C:\Program Files\Common Files\Oracle\Java\javapath;D:\SoftWare\WorkTool\SecureCRT\;D:\SoftWare\DataBase\Oracle\product\11.2.0\client_1\bin;D:\SoftWare\DataBase\Oracle\product\11.2.0\dbhome_1\bin;C:\Program Files (x86)\Common Files\Oracle\Java\javapath;C:\Windows\system32;C:\Windows;C:\Windows\System32\Wbem;C:\Windows\System32\WindowsPowerShell\v1.0\;C:\Windows\System32\OpenSSH\;C:\Program Files (x86)\NVIDIA Corporation\PhysX\Common;C:\Program Files\Java\jdk1.8.0_241\bin;C:\Program Files\Java\jdk1.8.0_241\jre\bin;D:\SoftWare\ComputerTool\PuTTY\;C:\Program Files\NVIDIA Corporation\NVIDIA NvDLISR;D:\SoftWare\WorkTool\Git\Git\cmd;C:\Users\MyZSY\AppData\Local\Programs\Python\Python39\;D:\SoftWare\WorkTool\Maven\maven-3.8.1\bin;C:\WINDOWS\system32;C:\WINDOWS;C:\WINDOWS\System32\Wbem;C:\WINDOWS\System32\WindowsPowerShell\v1.0\;C:\WINDOWS\System32\OpenSSH\;D:\SoftWare\WorkTool\Maven\maven-3.8.1\bin;C:\Users\MyZSY\AppData\Local\Programs\Python\Python39\Scripts\;C:\Users\MyZSY\AppData\Local\Programs\Python\Python39\;C:\Users\MyZSY\AppData\Local\Microsoft\WindowsApps;
USERNAME=MyZSY
OS=Windows_NT
PROCESSOR_IDENTIFIER=Intel64 Family 6 Model 165 Stepping 5, GenuineIntel



---------------  S Y S T E M  ---------------

OS: Windows 10 , 64 bit Build 19041 (10.0.19041.1023)

CPU:total 12 (initial active 12) (6 cores per cpu, 2 threads per core) family 6 model 165 stepping 5 microcode 0xc8, cmov, cx8, fxsr, mmx, sse, sse2, sse3, ssse3, sse4.1, sse4.2, popcnt, avx, avx2, aes, clmul, erms, 3dnowpref, lzcnt, ht, tsc, tscinvbit, bmi1, bmi2, adx, fma

Memory: 4k page, system-wide physical 32606M (20421M free)
TotalPageFile size 34654M (AvailPageFile size 14415M)
current process WorkingSet (physical memory assigned to process): 238M, peak: 282M
current process commit charge ("private bytes"): 332M, peak: 768M

vm_info: Java HotSpot(TM) 64-Bit Server VM (11.0.11+9-LTS-194) for windows-amd64 JRE (11.0.11+9-LTS-194), built on Mar 18 2021 18:46:53 by "mach5one" with MS VC++ 15.9 (VS2017)

END.
